2025-02-18 11:35:42,367 - INFO - MODEL=lorenz63 | FILTER=KDE | ENSEMBLE SIZE=100
2025-02-18 11:35:42,367 - DEBUG - Reference Initial State: [ 7.07143333 11.0771997  17.64386577]
2025-02-18 11:35:42,369 - INFO - PREDICT (step=1)
2025-02-18 11:35:42,370 - DEBUG - Making prediction for time 200 -> 200.1
2025-02-18 11:35:42,383 - INFO - UPDATE (step=1)
2025-02-18 11:35:42,383 - DEBUG - First state in ensemble: [ 9.76904082 14.69889278 21.11037384]
2025-02-18 11:35:42,383 - DEBUG - Observation: [ 9.4318693  15.49057949 18.73056358]
2025-02-18 11:35:42,470 - INFO - PREDICT (step=2)
2025-02-18 11:35:42,470 - DEBUG - Making prediction for time 200.1 -> 200.2
2025-02-18 11:35:42,479 - INFO - UPDATE (step=2)
2025-02-18 11:35:42,479 - DEBUG - First state in ensemble: [ 8.87142353 14.31871809 21.97014414]
2025-02-18 11:35:42,479 - DEBUG - Observation: [11.52581263 17.17414864 27.82682255]
2025-02-18 11:35:42,564 - INFO - PREDICT (step=3)
2025-02-18 11:35:42,564 - DEBUG - Making prediction for time 200.2 -> 200.29999999999998
2025-02-18 11:35:42,573 - INFO - UPDATE (step=3)
2025-02-18 11:35:42,573 - DEBUG - First state in ensemble: [14.9343099  21.89946844 39.21181503]
2025-02-18 11:35:42,573 - DEBUG - Observation: [14.27781695 12.86897829 32.13542009]
2025-02-18 11:35:42,657 - INFO - PREDICT (step=4)
2025-02-18 11:35:42,658 - DEBUG - Making prediction for time 200.29999999999998 -> 200.39999999999998
2025-02-18 11:35:42,667 - INFO - UPDATE (step=4)
2025-02-18 11:35:42,667 - DEBUG - First state in ensemble: [10.46141195 11.87969361 30.43710124]
2025-02-18 11:35:42,667 - DEBUG - Observation: [ 9.78482186 10.71306226 40.56365153]
2025-02-18 11:35:42,752 - INFO - PREDICT (step=5)
2025-02-18 11:35:42,752 - DEBUG - Making prediction for time 200.39999999999998 -> 200.49999999999997
2025-02-18 11:35:42,761 - INFO - UPDATE (step=5)
2025-02-18 11:35:42,761 - DEBUG - First state in ensemble: [11.04603437 10.18488016 30.4606583 ]
2025-02-18 11:35:42,761 - DEBUG - Observation: [13.79508052  4.5343313  36.81243177]
2025-02-18 11:35:42,847 - INFO - PREDICT (step=6)
2025-02-18 11:35:42,847 - DEBUG - Making prediction for time 200.49999999999997 -> 200.59999999999997
2025-02-18 11:35:42,856 - INFO - UPDATE (step=6)
2025-02-18 11:35:42,856 - DEBUG - First state in ensemble: [ 5.07143525  1.34063021 29.54957327]
2025-02-18 11:35:42,856 - DEBUG - Observation: [ 6.93544005  4.48649722 33.02065371]
2025-02-18 11:35:42,941 - INFO - PREDICT (step=7)
2025-02-18 11:35:42,941 - DEBUG - Making prediction for time 200.59999999999997 -> 200.69999999999996
2025-02-18 11:35:42,950 - INFO - UPDATE (step=7)
2025-02-18 11:35:42,950 - DEBUG - First state in ensemble: [ 7.79211904  5.89421588 31.52613107]
2025-02-18 11:35:42,950 - DEBUG - Observation: [ 3.82881489  2.14892782 28.36116127]
2025-02-18 11:35:43,035 - INFO - PREDICT (step=8)
2025-02-18 11:35:43,035 - DEBUG - Making prediction for time 200.69999999999996 -> 200.79999999999995
2025-02-18 11:35:43,044 - INFO - UPDATE (step=8)
2025-02-18 11:35:43,044 - DEBUG - First state in ensemble: [ 3.37168618  1.65069301 34.13397721]
2025-02-18 11:35:43,044 - DEBUG - Observation: [ 3.01278887  0.18749211 26.14305606]
2025-02-18 11:35:43,130 - INFO - PREDICT (step=9)
2025-02-18 11:35:43,130 - DEBUG - Making prediction for time 200.79999999999995 -> 200.89999999999995
2025-02-18 11:35:43,139 - INFO - UPDATE (step=9)
2025-02-18 11:35:43,139 - DEBUG - First state in ensemble: [ 3.85611957  5.44688087 21.7417619 ]
2025-02-18 11:35:43,139 - DEBUG - Observation: [ 3.16432356  0.29445615 23.89706196]
2025-02-18 11:35:43,225 - INFO - PREDICT (step=10)
2025-02-18 11:35:43,225 - DEBUG - Making prediction for time 200.89999999999995 -> 200.99999999999994
2025-02-18 11:35:43,234 - INFO - UPDATE (step=10)
2025-02-18 11:35:43,234 - DEBUG - First state in ensemble: [ 7.90102033 13.58278376 26.96223379]
2025-02-18 11:35:43,235 - DEBUG - Observation: [ 4.17771141  1.89622527 19.3812592 ]
2025-02-18 11:35:43,335 - INFO - PREDICT (step=11)
2025-02-18 11:35:43,335 - DEBUG - Making prediction for time 200.99999999999994 -> 201.09999999999994
2025-02-18 11:35:43,345 - INFO - UPDATE (step=11)
2025-02-18 11:35:43,345 - DEBUG - First state in ensemble: [ 3.81299553  9.86227281 17.65745397]
2025-02-18 11:35:43,345 - DEBUG - Observation: [ 1.02810129  2.84788838 16.93565433]
2025-02-18 11:35:43,431 - INFO - PREDICT (step=12)
2025-02-18 11:35:43,432 - DEBUG - Making prediction for time 201.09999999999994 -> 201.19999999999993
2025-02-18 11:35:43,442 - INFO - UPDATE (step=12)
2025-02-18 11:35:43,442 - DEBUG - First state in ensemble: [-0.42920617 -0.60099028 10.09090117]
2025-02-18 11:35:43,442 - DEBUG - Observation: [ 2.77035847  4.77195041 17.08334877]
2025-02-18 11:35:43,530 - INFO - PREDICT (step=13)
2025-02-18 11:35:43,530 - DEBUG - Making prediction for time 201.19999999999993 -> 201.29999999999993
2025-02-18 11:35:43,540 - INFO - UPDATE (step=13)
2025-02-18 11:35:43,540 - DEBUG - First state in ensemble: [ 4.55855187  5.66445484 11.26691408]
2025-02-18 11:35:43,540 - DEBUG - Observation: [ 8.74533087  3.08130091 16.22139997]
2025-02-18 11:35:43,626 - INFO - PREDICT (step=14)
2025-02-18 11:35:43,627 - DEBUG - Making prediction for time 201.29999999999993 -> 201.39999999999992
2025-02-18 11:35:43,636 - INFO - UPDATE (step=14)
2025-02-18 11:35:43,636 - DEBUG - First state in ensemble: [ 6.99160938 11.14611318 11.81679566]
2025-02-18 11:35:43,636 - DEBUG - Observation: [ 8.62130992  4.90991695 14.42360284]
2025-02-18 11:35:43,723 - INFO - PREDICT (step=15)
2025-02-18 11:35:43,723 - DEBUG - Making prediction for time 201.39999999999992 -> 201.49999999999991
2025-02-18 11:35:43,731 - INFO - UPDATE (step=15)
2025-02-18 11:35:43,732 - DEBUG - First state in ensemble: [ 6.66266059 11.48120038 17.38122664]
2025-02-18 11:35:43,732 - DEBUG - Observation: [ 7.97677855 12.21156763 11.99679166]
2025-02-18 11:35:43,818 - INFO - PREDICT (step=16)
2025-02-18 11:35:43,819 - DEBUG - Making prediction for time 201.49999999999991 -> 201.5999999999999
2025-02-18 11:35:43,827 - INFO - UPDATE (step=16)
2025-02-18 11:35:43,827 - DEBUG - First state in ensemble: [ 8.62660425 17.43841126  9.46550683]
2025-02-18 11:35:43,827 - DEBUG - Observation: [ 8.40070687 16.94622679 21.29543545]
2025-02-18 11:35:43,912 - INFO - PREDICT (step=17)
2025-02-18 11:35:43,912 - DEBUG - Making prediction for time 201.5999999999999 -> 201.6999999999999
2025-02-18 11:35:43,921 - INFO - UPDATE (step=17)
2025-02-18 11:35:43,921 - DEBUG - First state in ensemble: [15.75097305 23.64026884 22.57731856]
2025-02-18 11:35:43,921 - DEBUG - Observation: [ 8.72713541 17.94889999 22.29944849]
2025-02-18 11:35:44,005 - INFO - PREDICT (step=18)
2025-02-18 11:35:44,005 - DEBUG - Making prediction for time 201.6999999999999 -> 201.7999999999999
2025-02-18 11:35:44,013 - INFO - UPDATE (step=18)
2025-02-18 11:35:44,014 - DEBUG - First state in ensemble: [13.63031586 19.07285891 31.33313527]
2025-02-18 11:35:44,014 - DEBUG - Observation: [13.4297783  14.89499309 35.39026032]
2025-02-18 11:35:44,099 - INFO - PREDICT (step=19)
2025-02-18 11:35:44,099 - DEBUG - Making prediction for time 201.7999999999999 -> 201.8999999999999
2025-02-18 11:35:44,109 - INFO - UPDATE (step=19)
2025-02-18 11:35:44,109 - DEBUG - First state in ensemble: [10.71143856 16.36115813 30.33396409]
2025-02-18 11:35:44,109 - DEBUG - Observation: [12.57059693 13.86987188 36.23733048]
2025-02-18 11:35:44,194 - INFO - PREDICT (step=20)
2025-02-18 11:35:44,194 - DEBUG - Making prediction for time 201.8999999999999 -> 201.9999999999999
2025-02-18 11:35:44,203 - INFO - UPDATE (step=20)
2025-02-18 11:35:44,203 - DEBUG - First state in ensemble: [12.9219196  12.90183454 35.30351721]
2025-02-18 11:35:44,203 - DEBUG - Observation: [10.65051865  3.58891156 33.059879  ]
2025-02-18 11:35:44,286 - INFO - PREDICT (step=21)
2025-02-18 11:35:44,286 - DEBUG - Making prediction for time 201.9999999999999 -> 202.09999999999988
2025-02-18 11:35:44,295 - INFO - UPDATE (step=21)
2025-02-18 11:35:44,295 - DEBUG - First state in ensemble: [ 6.94625225 -2.05533626 22.25230383]
2025-02-18 11:35:44,295 - DEBUG - Observation: [11.65297915  2.81733299 33.15243654]
2025-02-18 11:35:44,379 - INFO - PREDICT (step=22)
2025-02-18 11:35:44,379 - DEBUG - Making prediction for time 202.09999999999988 -> 202.19999999999987
2025-02-18 11:35:44,388 - INFO - UPDATE (step=22)
2025-02-18 11:35:44,389 - DEBUG - First state in ensemble: [ 7.01916602  2.85490562 27.2208159 ]
2025-02-18 11:35:44,389 - DEBUG - Observation: [ 5.35137082 -1.03633225 26.22465888]
2025-02-18 11:35:44,474 - INFO - PREDICT (step=23)
2025-02-18 11:35:44,474 - DEBUG - Making prediction for time 202.19999999999987 -> 202.29999999999987
2025-02-18 11:35:44,483 - INFO - UPDATE (step=23)
2025-02-18 11:35:44,483 - DEBUG - First state in ensemble: [ 3.85403695  2.44601767 22.57857837]
2025-02-18 11:35:44,483 - DEBUG - Observation: [ 1.73147648  2.34301868 24.79121206]
2025-02-18 11:35:44,569 - INFO - PREDICT (step=24)
2025-02-18 11:35:44,569 - DEBUG - Making prediction for time 202.29999999999987 -> 202.39999999999986
2025-02-18 11:35:44,579 - INFO - UPDATE (step=24)
2025-02-18 11:35:44,579 - DEBUG - First state in ensemble: [ 2.52046354  1.682298   24.60547947]
2025-02-18 11:35:44,579 - DEBUG - Observation: [-1.24898497  0.11229689 20.64312701]
2025-02-18 11:35:44,664 - INFO - PREDICT (step=25)
2025-02-18 11:35:44,664 - DEBUG - Making prediction for time 202.39999999999986 -> 202.49999999999986
2025-02-18 11:35:44,673 - INFO - UPDATE (step=25)
2025-02-18 11:35:44,674 - DEBUG - First state in ensemble: [-0.74755376  6.81682589 23.09443905]
2025-02-18 11:35:44,674 - DEBUG - Observation: [ 0.33036869  1.48757423 21.0901742 ]
2025-02-18 11:35:44,759 - INFO - PREDICT (step=26)
2025-02-18 11:35:44,760 - DEBUG - Making prediction for time 202.49999999999986 -> 202.59999999999985
2025-02-18 11:35:44,770 - INFO - UPDATE (step=26)
2025-02-18 11:35:44,770 - DEBUG - First state in ensemble: [ 4.23688102  2.99382225 15.71547042]
2025-02-18 11:35:44,770 - DEBUG - Observation: [ 2.13867251  0.89748334 16.77442167]
2025-02-18 11:35:44,856 - INFO - PREDICT (step=27)
2025-02-18 11:35:44,856 - DEBUG - Making prediction for time 202.59999999999985 -> 202.69999999999985
2025-02-18 11:35:44,866 - INFO - UPDATE (step=27)
2025-02-18 11:35:44,866 - DEBUG - First state in ensemble: [ 0.28631453  1.11359038 19.45794651]
2025-02-18 11:35:44,866 - DEBUG - Observation: [-4.6530183   4.54884386 14.66154952]
2025-02-18 11:35:44,952 - INFO - PREDICT (step=28)
2025-02-18 11:35:44,952 - DEBUG - Making prediction for time 202.69999999999985 -> 202.79999999999984
2025-02-18 11:35:44,962 - INFO - UPDATE (step=28)
2025-02-18 11:35:44,963 - DEBUG - First state in ensemble: [ 1.3551394   2.53851943 10.66764487]
2025-02-18 11:35:44,963 - DEBUG - Observation: [-0.53187611  2.4735351  11.30583428]
2025-02-18 11:35:45,048 - INFO - PREDICT (step=29)
2025-02-18 11:35:45,048 - DEBUG - Making prediction for time 202.79999999999984 -> 202.89999999999984
2025-02-18 11:35:45,058 - INFO - UPDATE (step=29)
2025-02-18 11:35:45,058 - DEBUG - First state in ensemble: [-0.85008353 -1.66736268  8.29493179]
2025-02-18 11:35:45,058 - DEBUG - Observation: [ 3.92763119  6.86035336 12.65074158]
2025-02-18 11:35:45,143 - INFO - PREDICT (step=30)
2025-02-18 11:35:45,143 - DEBUG - Making prediction for time 202.89999999999984 -> 202.99999999999983
2025-02-18 11:35:45,153 - INFO - UPDATE (step=30)
2025-02-18 11:35:45,153 - DEBUG - First state in ensemble: [3.53574149 7.66396328 7.11028823]
2025-02-18 11:35:45,153 - DEBUG - Observation: [ 5.10159619  9.12060854 10.46351541]
2025-02-18 11:35:45,238 - INFO - PREDICT (step=31)
2025-02-18 11:35:45,238 - DEBUG - Making prediction for time 202.99999999999983 -> 203.09999999999982
2025-02-18 11:35:45,247 - INFO - UPDATE (step=31)
2025-02-18 11:35:45,247 - DEBUG - First state in ensemble: [11.0918867  17.35658319 20.15294795]
2025-02-18 11:35:45,247 - DEBUG - Observation: [ 7.22752127 15.0843323  11.99120196]
2025-02-18 11:35:45,332 - INFO - PREDICT (step=32)
2025-02-18 11:35:45,332 - DEBUG - Making prediction for time 203.09999999999982 -> 203.19999999999982
2025-02-18 11:35:45,342 - INFO - UPDATE (step=32)
2025-02-18 11:35:45,342 - DEBUG - First state in ensemble: [21.90379802 29.5569122  14.06895649]
2025-02-18 11:35:45,342 - DEBUG - Observation: [10.21962825 15.99441616 14.21557926]
2025-02-18 11:35:45,426 - INFO - PREDICT (step=33)
2025-02-18 11:35:45,427 - DEBUG - Making prediction for time 203.19999999999982 -> 203.2999999999998
2025-02-18 11:35:45,435 - INFO - UPDATE (step=33)
2025-02-18 11:35:45,436 - DEBUG - First state in ensemble: [11.70866347 20.62619443 17.5524649 ]
2025-02-18 11:35:45,436 - DEBUG - Observation: [14.66786962 21.55398901 19.45193003]
2025-02-18 11:35:45,520 - INFO - PREDICT (step=34)
2025-02-18 11:35:45,520 - DEBUG - Making prediction for time 203.2999999999998 -> 203.3999999999998
2025-02-18 11:35:45,530 - INFO - UPDATE (step=34)
2025-02-18 11:35:45,530 - DEBUG - First state in ensemble: [16.18372112 21.47853807 30.8399475 ]
2025-02-18 11:35:45,530 - DEBUG - Observation: [17.83061094 17.39120308 32.27494945]
2025-02-18 11:35:45,612 - INFO - PREDICT (step=35)
2025-02-18 11:35:45,612 - DEBUG - Making prediction for time 203.3999999999998 -> 203.4999999999998
2025-02-18 11:35:45,621 - INFO - UPDATE (step=35)
2025-02-18 11:35:45,622 - DEBUG - First state in ensemble: [17.73547206 13.0858712  43.16754617]
2025-02-18 11:35:45,622 - DEBUG - Observation: [15.53528642 10.05476114 36.80891221]
2025-02-18 11:35:45,705 - INFO - PREDICT (step=36)
2025-02-18 11:35:45,705 - DEBUG - Making prediction for time 203.4999999999998 -> 203.5999999999998
2025-02-18 11:35:45,714 - INFO - UPDATE (step=36)
2025-02-18 11:35:45,714 - DEBUG - First state in ensemble: [12.08940992  6.52004062 35.32721087]
2025-02-18 11:35:45,714 - DEBUG - Observation: [11.18642743  1.47498685 39.82937286]
2025-02-18 11:35:45,799 - INFO - PREDICT (step=37)
2025-02-18 11:35:45,799 - DEBUG - Making prediction for time 203.5999999999998 -> 203.6999999999998
2025-02-18 11:35:45,808 - INFO - UPDATE (step=37)
2025-02-18 11:35:45,808 - DEBUG - First state in ensemble: [ 7.93034869  0.12454401 33.28407716]
2025-02-18 11:35:45,808 - DEBUG - Observation: [ 9.4512731  -2.74399047 36.55464779]
2025-02-18 11:35:45,892 - INFO - PREDICT (step=38)
2025-02-18 11:35:45,893 - DEBUG - Making prediction for time 203.6999999999998 -> 203.79999999999978
2025-02-18 11:35:45,902 - INFO - UPDATE (step=38)
2025-02-18 11:35:45,902 - DEBUG - First state in ensemble: [ -3.00093399 -12.44168551  35.52563817]
2025-02-18 11:35:45,902 - DEBUG - Observation: [ 4.05227749 -3.98457303 29.25270089]
2025-02-18 11:35:45,987 - INFO - PREDICT (step=39)
2025-02-18 11:35:45,987 - DEBUG - Making prediction for time 203.79999999999978 -> 203.89999999999978
2025-02-18 11:35:45,996 - INFO - UPDATE (step=39)
2025-02-18 11:35:45,997 - DEBUG - First state in ensemble: [-0.57657122 -2.04357939 21.9669702 ]
2025-02-18 11:35:45,997 - DEBUG - Observation: [ 2.1970613  -2.27192381 26.35681591]
2025-02-18 11:35:46,080 - INFO - PREDICT (step=40)
2025-02-18 11:35:46,081 - DEBUG - Making prediction for time 203.89999999999978 -> 203.99999999999977
2025-02-18 11:35:46,090 - INFO - UPDATE (step=40)
2025-02-18 11:35:46,090 - DEBUG - First state in ensemble: [-1.24475453 -0.3474406  11.37676196]
2025-02-18 11:35:46,091 - DEBUG - Observation: [-2.13349477 -4.00950524 24.78544673]
2025-02-18 11:35:46,174 - INFO - PREDICT (step=41)
2025-02-18 11:35:46,174 - DEBUG - Making prediction for time 203.99999999999977 -> 204.09999999999977
2025-02-18 11:35:46,184 - INFO - UPDATE (step=41)
2025-02-18 11:35:46,184 - DEBUG - First state in ensemble: [-1.00434119 -2.65769373 15.77466344]
2025-02-18 11:35:46,184 - DEBUG - Observation: [-4.68583189 -4.66025746 19.20330011]
2025-02-18 11:35:46,268 - INFO - PREDICT (step=42)
2025-02-18 11:35:46,269 - DEBUG - Making prediction for time 204.09999999999977 -> 204.19999999999976
2025-02-18 11:35:46,278 - INFO - UPDATE (step=42)
2025-02-18 11:35:46,279 - DEBUG - First state in ensemble: [-14.50076636 -23.22125247  23.57884606]
2025-02-18 11:35:46,279 - DEBUG - Observation: [ 0.33625424 -3.77043749 17.09079158]
2025-02-18 11:35:46,363 - INFO - PREDICT (step=43)
2025-02-18 11:35:46,363 - DEBUG - Making prediction for time 204.19999999999976 -> 204.29999999999976
2025-02-18 11:35:46,372 - INFO - UPDATE (step=43)
2025-02-18 11:35:46,373 - DEBUG - First state in ensemble: [ 0.15869158  0.71280939 18.61090817]
2025-02-18 11:35:46,373 - DEBUG - Observation: [-0.08259252 -5.9662731  17.02521526]
2025-02-18 11:35:46,457 - INFO - PREDICT (step=44)
2025-02-18 11:35:46,457 - DEBUG - Making prediction for time 204.29999999999976 -> 204.39999999999975
2025-02-18 11:35:46,467 - INFO - UPDATE (step=44)
2025-02-18 11:35:46,467 - DEBUG - First state in ensemble: [3.68486624 7.03620888 9.71694623]
2025-02-18 11:35:46,467 - DEBUG - Observation: [-3.39146552 -5.32067557 12.87682236]
2025-02-18 11:35:46,550 - INFO - PREDICT (step=45)
2025-02-18 11:35:46,551 - DEBUG - Making prediction for time 204.39999999999975 -> 204.49999999999974
2025-02-18 11:35:46,560 - INFO - UPDATE (step=45)
2025-02-18 11:35:46,560 - DEBUG - First state in ensemble: [-1.08715384 -2.25590344 10.72194479]
2025-02-18 11:35:46,560 - DEBUG - Observation: [-4.38968239 -8.36958851 13.26507806]
2025-02-18 11:35:46,644 - INFO - PREDICT (step=46)
2025-02-18 11:35:46,645 - DEBUG - Making prediction for time 204.49999999999974 -> 204.59999999999974
2025-02-18 11:35:46,654 - INFO - UPDATE (step=46)
2025-02-18 11:35:46,654 - DEBUG - First state in ensemble: [ -8.50675252 -13.68580735  18.8748714 ]
2025-02-18 11:35:46,654 - DEBUG - Observation: [-10.05350121 -14.50906255  16.84645201]
2025-02-18 11:35:46,737 - INFO - PREDICT (step=47)
2025-02-18 11:35:46,737 - DEBUG - Making prediction for time 204.59999999999974 -> 204.69999999999973
2025-02-18 11:35:46,746 - INFO - UPDATE (step=47)
2025-02-18 11:35:46,746 - DEBUG - First state in ensemble: [-11.29281812 -18.39691083  19.00978042]
2025-02-18 11:35:46,747 - DEBUG - Observation: [-10.0888949  -19.10336888  21.50650989]
2025-02-18 11:35:46,830 - INFO - PREDICT (step=48)
2025-02-18 11:35:46,830 - DEBUG - Making prediction for time 204.69999999999973 -> 204.79999999999973
2025-02-18 11:35:46,839 - INFO - UPDATE (step=48)
2025-02-18 11:35:46,839 - DEBUG - First state in ensemble: [-12.79652786 -16.25082504  28.90981884]
2025-02-18 11:35:46,839 - DEBUG - Observation: [-12.54742284 -16.00900825  28.32823774]
2025-02-18 11:35:46,923 - INFO - PREDICT (step=49)
2025-02-18 11:35:46,923 - DEBUG - Making prediction for time 204.79999999999973 -> 204.89999999999972
2025-02-18 11:35:46,932 - INFO - UPDATE (step=49)
2025-02-18 11:35:46,932 - DEBUG - First state in ensemble: [-12.22299486 -14.49848186  33.52090943]
2025-02-18 11:35:46,932 - DEBUG - Observation: [-14.99206543 -13.31558455  35.72955762]
2025-02-18 11:35:47,018 - INFO - PREDICT (step=50)
2025-02-18 11:35:47,018 - DEBUG - Making prediction for time 204.89999999999972 -> 204.99999999999972
2025-02-18 11:35:47,026 - INFO - UPDATE (step=50)
2025-02-18 11:35:47,026 - DEBUG - First state in ensemble: [-15.03156702 -19.7359323   33.50992226]
2025-02-18 11:35:47,027 - DEBUG - Observation: [-13.03351614  -7.10663293  39.67905674]
2025-02-18 11:35:47,112 - INFO - PREDICT (step=51)
2025-02-18 11:35:47,112 - DEBUG - Making prediction for time 204.99999999999972 -> 205.0999999999997
2025-02-18 11:35:47,121 - INFO - UPDATE (step=51)
2025-02-18 11:35:47,121 - DEBUG - First state in ensemble: [-9.88449094 -1.04827352 39.47223144]
2025-02-18 11:35:47,121 - DEBUG - Observation: [-10.72610836  -2.93841867  36.3293741 ]
2025-02-18 11:35:47,206 - INFO - PREDICT (step=52)
2025-02-18 11:35:47,206 - DEBUG - Making prediction for time 205.0999999999997 -> 205.1999999999997
2025-02-18 11:35:47,216 - INFO - UPDATE (step=52)
2025-02-18 11:35:47,216 - DEBUG - First state in ensemble: [-8.6645878  -5.96556409 30.70018764]
2025-02-18 11:35:47,216 - DEBUG - Observation: [-9.04887073  5.58769179 29.28236739]
2025-02-18 11:35:47,300 - INFO - PREDICT (step=53)
2025-02-18 11:35:47,300 - DEBUG - Making prediction for time 205.1999999999997 -> 205.2999999999997
2025-02-18 11:35:47,309 - INFO - UPDATE (step=53)
2025-02-18 11:35:47,309 - DEBUG - First state in ensemble: [-5.05287448 -4.18405191 27.54484472]
2025-02-18 11:35:47,309 - DEBUG - Observation: [-1.46918724  0.63482292 27.22463016]
2025-02-18 11:35:47,394 - INFO - PREDICT (step=54)
2025-02-18 11:35:47,394 - DEBUG - Making prediction for time 205.2999999999997 -> 205.3999999999997
2025-02-18 11:35:47,404 - INFO - UPDATE (step=54)
2025-02-18 11:35:47,404 - DEBUG - First state in ensemble: [ 2.52897973  3.34036311 18.46565958]
2025-02-18 11:35:47,404 - DEBUG - Observation: [-1.07806423 -1.52745588 26.49941213]
2025-02-18 11:35:47,487 - INFO - PREDICT (step=55)
2025-02-18 11:35:47,487 - DEBUG - Making prediction for time 205.3999999999997 -> 205.4999999999997
2025-02-18 11:35:47,497 - INFO - UPDATE (step=55)
2025-02-18 11:35:47,497 - DEBUG - First state in ensemble: [-0.49205807  1.50467694 23.2886963 ]
2025-02-18 11:35:47,497 - DEBUG - Observation: [-2.77584516  2.04806963 20.1454647 ]
2025-02-18 11:35:47,582 - INFO - PREDICT (step=56)
2025-02-18 11:35:47,582 - DEBUG - Making prediction for time 205.4999999999997 -> 205.59999999999968
2025-02-18 11:35:47,592 - INFO - UPDATE (step=56)
2025-02-18 11:35:47,592 - DEBUG - First state in ensemble: [ 3.69688487 -0.52940685 18.98340851]
2025-02-18 11:35:47,592 - DEBUG - Observation: [-2.4734146   1.86756662 20.54744652]
2025-02-18 11:35:47,677 - INFO - PREDICT (step=57)
2025-02-18 11:35:47,677 - DEBUG - Making prediction for time 205.59999999999968 -> 205.69999999999968
2025-02-18 11:35:47,686 - INFO - UPDATE (step=57)
2025-02-18 11:35:47,686 - DEBUG - First state in ensemble: [ 2.06146933  3.08447501 14.24296286]
2025-02-18 11:35:47,686 - DEBUG - Observation: [-4.89421296  1.40289946 17.6579083 ]
2025-02-18 11:35:47,771 - INFO - PREDICT (step=58)
2025-02-18 11:35:47,771 - DEBUG - Making prediction for time 205.69999999999968 -> 205.79999999999967
2025-02-18 11:35:47,781 - INFO - UPDATE (step=58)
2025-02-18 11:35:47,781 - DEBUG - First state in ensemble: [ 5.00871119  5.63898696 15.36911483]
2025-02-18 11:35:47,781 - DEBUG - Observation: [-2.21712353  1.58511944 14.7607951 ]
2025-02-18 11:35:47,865 - INFO - PREDICT (step=59)
2025-02-18 11:35:47,865 - DEBUG - Making prediction for time 205.79999999999967 -> 205.89999999999966
2025-02-18 11:35:47,875 - INFO - UPDATE (step=59)
2025-02-18 11:35:47,875 - DEBUG - First state in ensemble: [-5.4010709  -6.43693275 21.44680264]
2025-02-18 11:35:47,876 - DEBUG - Observation: [-0.73986969 -2.65461178 10.08652967]
2025-02-18 11:35:47,987 - INFO - PREDICT (step=60)
2025-02-18 11:35:47,988 - DEBUG - Making prediction for time 205.89999999999966 -> 205.99999999999966
2025-02-18 11:35:47,998 - INFO - UPDATE (step=60)
2025-02-18 11:35:47,998 - DEBUG - First state in ensemble: [-4.52494576 -8.23868144  8.36061833]
2025-02-18 11:35:47,998 - DEBUG - Observation: [ 0.80719115 -2.13478293 11.36236055]
2025-02-18 11:35:48,084 - INFO - PREDICT (step=61)
2025-02-18 11:35:48,084 - DEBUG - Making prediction for time 205.99999999999966 -> 206.09999999999965
2025-02-18 11:35:48,094 - INFO - UPDATE (step=61)
2025-02-18 11:35:48,094 - DEBUG - First state in ensemble: [4.4957578  2.46446575 3.69660591]
2025-02-18 11:35:48,094 - DEBUG - Observation: [-3.79942795 -7.55567037 10.03788005]
2025-02-18 11:35:48,179 - INFO - PREDICT (step=62)
2025-02-18 11:35:48,179 - DEBUG - Making prediction for time 206.09999999999965 -> 206.19999999999965
2025-02-18 11:35:48,189 - INFO - UPDATE (step=62)
2025-02-18 11:35:48,189 - DEBUG - First state in ensemble: [0.2370733  0.1460238  5.48099872]
2025-02-18 11:35:48,189 - DEBUG - Observation: [ 0.18503965 -6.05087225  7.44836033]
2025-02-18 11:35:48,275 - INFO - PREDICT (step=63)
2025-02-18 11:35:48,275 - DEBUG - Making prediction for time 206.19999999999965 -> 206.29999999999964
2025-02-18 11:35:48,284 - INFO - UPDATE (step=63)
2025-02-18 11:35:48,284 - DEBUG - First state in ensemble: [-3.68840365 -7.87292018  6.33332868]
2025-02-18 11:35:48,284 - DEBUG - Observation: [ -5.43452512 -12.05141379   9.52286616]
2025-02-18 11:35:48,368 - INFO - PREDICT (step=64)
2025-02-18 11:35:48,369 - DEBUG - Making prediction for time 206.29999999999964 -> 206.39999999999964
2025-02-18 11:35:48,379 - INFO - UPDATE (step=64)
2025-02-18 11:35:48,379 - DEBUG - First state in ensemble: [ -8.23847206 -16.04581772   9.38764231]
2025-02-18 11:35:48,379 - DEBUG - Observation: [ -8.13373764 -18.42183786  14.81085736]
2025-02-18 11:35:48,465 - INFO - PREDICT (step=65)
2025-02-18 11:35:48,466 - DEBUG - Making prediction for time 206.39999999999964 -> 206.49999999999963
2025-02-18 11:35:48,474 - INFO - UPDATE (step=65)
2025-02-18 11:35:48,474 - DEBUG - First state in ensemble: [-15.22623213 -25.45043386  22.40483702]
2025-02-18 11:35:48,474 - DEBUG - Observation: [-13.03581439 -20.27023738  24.19177815]
2025-02-18 11:35:48,562 - INFO - PREDICT (step=66)
2025-02-18 11:35:48,562 - DEBUG - Making prediction for time 206.49999999999963 -> 206.59999999999962
2025-02-18 11:35:48,572 - INFO - UPDATE (step=66)
2025-02-18 11:35:48,572 - DEBUG - First state in ensemble: [-14.79738084 -22.17597405  26.34019692]
2025-02-18 11:35:48,572 - DEBUG - Observation: [-15.6110115  -17.27300946  37.37087056]
2025-02-18 11:35:48,658 - INFO - PREDICT (step=67)
2025-02-18 11:35:48,658 - DEBUG - Making prediction for time 206.59999999999962 -> 206.69999999999962
2025-02-18 11:35:48,667 - INFO - UPDATE (step=67)
2025-02-18 11:35:48,667 - DEBUG - First state in ensemble: [-16.75712232 -14.63493453  39.55220475]
2025-02-18 11:35:48,667 - DEBUG - Observation: [-15.48209101  -7.71881454  39.02128586]
2025-02-18 11:35:48,753 - INFO - PREDICT (step=68)
2025-02-18 11:35:48,753 - DEBUG - Making prediction for time 206.69999999999962 -> 206.7999999999996
2025-02-18 11:35:48,763 - INFO - UPDATE (step=68)
2025-02-18 11:35:48,763 - DEBUG - First state in ensemble: [-7.3041539  -6.95723572 40.78332099]
2025-02-18 11:35:48,763 - DEBUG - Observation: [-9.71731756  2.68812542 38.88009676]
2025-02-18 11:35:48,847 - INFO - PREDICT (step=69)
2025-02-18 11:35:48,847 - DEBUG - Making prediction for time 206.7999999999996 -> 206.8999999999996
2025-02-18 11:35:48,857 - INFO - UPDATE (step=69)
2025-02-18 11:35:48,857 - DEBUG - First state in ensemble: [-5.10508553  1.66106868 30.22781232]
2025-02-18 11:35:48,857 - DEBUG - Observation: [-6.77414363 -3.3745214  36.08153362]
2025-02-18 11:35:48,941 - INFO - PREDICT (step=70)
2025-02-18 11:35:48,941 - DEBUG - Making prediction for time 206.8999999999996 -> 206.9999999999996
2025-02-18 11:35:48,950 - INFO - UPDATE (step=70)
2025-02-18 11:35:48,950 - DEBUG - First state in ensemble: [ 1.92588614  3.93821031 20.79549715]
2025-02-18 11:35:48,950 - DEBUG - Observation: [-1.72380318  2.45542645 28.33634393]
2025-02-18 11:35:49,035 - INFO - PREDICT (step=71)
2025-02-18 11:35:49,035 - DEBUG - Making prediction for time 206.9999999999996 -> 207.0999999999996
2025-02-18 11:35:49,044 - INFO - UPDATE (step=71)
2025-02-18 11:35:49,044 - DEBUG - First state in ensemble: [-7.22099069 -9.5880336  20.73430127]
2025-02-18 11:35:49,045 - DEBUG - Observation: [ 1.62045508  4.85370893 23.81175814]
2025-02-18 11:35:49,128 - INFO - PREDICT (step=72)
2025-02-18 11:35:49,129 - DEBUG - Making prediction for time 207.0999999999996 -> 207.1999999999996
2025-02-18 11:35:49,138 - INFO - UPDATE (step=72)
2025-02-18 11:35:49,139 - DEBUG - First state in ensemble: [ 3.06420113  2.99081718 23.54247863]
2025-02-18 11:35:49,139 - DEBUG - Observation: [ 0.28291391  2.46775254 22.9353592 ]
2025-02-18 11:35:49,222 - INFO - PREDICT (step=73)
2025-02-18 11:35:49,222 - DEBUG - Making prediction for time 207.1999999999996 -> 207.29999999999959
2025-02-18 11:35:49,231 - INFO - UPDATE (step=73)
2025-02-18 11:35:49,231 - DEBUG - First state in ensemble: [ 0.8376105   0.1443449  26.65725234]
2025-02-18 11:35:49,231 - DEBUG - Observation: [ 6.90767921  4.98959644 17.67421228]
2025-02-18 11:35:49,315 - INFO - PREDICT (step=74)
2025-02-18 11:35:49,316 - DEBUG - Making prediction for time 207.29999999999959 -> 207.39999999999958
2025-02-18 11:35:49,325 - INFO - UPDATE (step=74)
2025-02-18 11:35:49,325 - DEBUG - First state in ensemble: [ 2.17319517  0.42517015 16.50393638]
2025-02-18 11:35:49,325 - DEBUG - Observation: [ 4.37489017  5.0624359  17.36063865]
2025-02-18 11:35:49,410 - INFO - PREDICT (step=75)
2025-02-18 11:35:49,410 - DEBUG - Making prediction for time 207.39999999999958 -> 207.49999999999957
2025-02-18 11:35:49,419 - INFO - UPDATE (step=75)
2025-02-18 11:35:49,419 - DEBUG - First state in ensemble: [ 3.94775593  5.42332971 17.14640117]
2025-02-18 11:35:49,419 - DEBUG - Observation: [ 2.31143377  6.56617136 14.36498811]
2025-02-18 11:35:49,504 - INFO - PREDICT (step=76)
2025-02-18 11:35:49,504 - DEBUG - Making prediction for time 207.49999999999957 -> 207.59999999999957
2025-02-18 11:35:49,514 - INFO - UPDATE (step=76)
2025-02-18 11:35:49,514 - DEBUG - First state in ensemble: [ 2.98948375  7.07217155 12.33070932]
2025-02-18 11:35:49,514 - DEBUG - Observation: [ 6.48637546  9.15260076 18.85497696]
2025-02-18 11:35:49,599 - INFO - PREDICT (step=77)
2025-02-18 11:35:49,599 - DEBUG - Making prediction for time 207.59999999999957 -> 207.69999999999956
2025-02-18 11:35:49,607 - INFO - UPDATE (step=77)
2025-02-18 11:35:49,608 - DEBUG - First state in ensemble: [11.0147155  13.08179807 30.04859704]
2025-02-18 11:35:49,608 - DEBUG - Observation: [ 6.06005036 11.5124276  16.55718184]
2025-02-18 11:35:49,692 - INFO - PREDICT (step=78)
2025-02-18 11:35:49,692 - DEBUG - Making prediction for time 207.69999999999956 -> 207.79999999999956
2025-02-18 11:35:49,701 - INFO - UPDATE (step=78)
2025-02-18 11:35:49,701 - DEBUG - First state in ensemble: [3.23009623 1.3337599  5.22285491]
2025-02-18 11:35:49,702 - DEBUG - Observation: [11.74633446 15.55299824 17.48687875]
2025-02-18 11:35:49,786 - INFO - PREDICT (step=79)
2025-02-18 11:35:49,786 - DEBUG - Making prediction for time 207.79999999999956 -> 207.89999999999955
2025-02-18 11:35:49,795 - INFO - UPDATE (step=79)
2025-02-18 11:35:49,795 - DEBUG - First state in ensemble: [10.92961351 18.53653664 19.93286943]
2025-02-18 11:35:49,795 - DEBUG - Observation: [15.95202039 20.3857381  25.67768928]
2025-02-18 11:35:49,879 - INFO - PREDICT (step=80)
2025-02-18 11:35:49,879 - DEBUG - Making prediction for time 207.89999999999955 -> 207.99999999999955
2025-02-18 11:35:49,889 - INFO - UPDATE (step=80)
2025-02-18 11:35:49,889 - DEBUG - First state in ensemble: [14.90530628  9.44999083 40.2822798 ]
2025-02-18 11:35:49,889 - DEBUG - Observation: [12.73836223 16.29563686 32.38632635]
2025-02-18 11:35:49,973 - INFO - PREDICT (step=81)
2025-02-18 11:35:49,974 - DEBUG - Making prediction for time 207.99999999999955 -> 208.09999999999954
2025-02-18 11:35:49,982 - INFO - UPDATE (step=81)
2025-02-18 11:35:49,982 - DEBUG - First state in ensemble: [14.86890946 10.93332783 40.97335673]
2025-02-18 11:35:49,983 - DEBUG - Observation: [11.61142385  8.53537584 34.43901982]
2025-02-18 11:35:50,066 - INFO - PREDICT (step=82)
2025-02-18 11:35:50,067 - DEBUG - Making prediction for time 208.09999999999954 -> 208.19999999999953
2025-02-18 11:35:50,076 - INFO - UPDATE (step=82)
2025-02-18 11:35:50,076 - DEBUG - First state in ensemble: [12.25127614  4.33176509 34.61700611]
2025-02-18 11:35:50,076 - DEBUG - Observation: [ 9.50140888  1.21662153 36.59621215]
2025-02-18 11:35:50,160 - INFO - PREDICT (step=83)
2025-02-18 11:35:50,160 - DEBUG - Making prediction for time 208.19999999999953 -> 208.29999999999953
2025-02-18 11:35:50,170 - INFO - UPDATE (step=83)
2025-02-18 11:35:50,170 - DEBUG - First state in ensemble: [11.96436096 10.71066492 30.35605208]
2025-02-18 11:35:50,170 - DEBUG - Observation: [ 7.41774834  0.44135896 32.74548473]
2025-02-18 11:35:50,254 - INFO - PREDICT (step=84)
2025-02-18 11:35:50,255 - DEBUG - Making prediction for time 208.29999999999953 -> 208.39999999999952
2025-02-18 11:35:50,264 - INFO - UPDATE (step=84)
2025-02-18 11:35:50,265 - DEBUG - First state in ensemble: [ -3.7278216  -13.68392552  19.25691992]
2025-02-18 11:35:50,265 - DEBUG - Observation: [ 6.59454754  1.64563842 26.70286944]
2025-02-18 11:35:50,347 - INFO - PREDICT (step=85)
2025-02-18 11:35:50,347 - DEBUG - Making prediction for time 208.39999999999952 -> 208.49999999999952
2025-02-18 11:35:50,356 - INFO - UPDATE (step=85)
2025-02-18 11:35:50,356 - DEBUG - First state in ensemble: [ 0.3782206  -5.07425992 17.0500646 ]
2025-02-18 11:35:50,357 - DEBUG - Observation: [ 4.53558956 -0.18025525 24.26606815]
2025-02-18 11:35:50,441 - INFO - PREDICT (step=86)
2025-02-18 11:35:50,441 - DEBUG - Making prediction for time 208.49999999999952 -> 208.5999999999995
2025-02-18 11:35:50,451 - INFO - UPDATE (step=86)
2025-02-18 11:35:50,451 - DEBUG - First state in ensemble: [ 3.75312758  2.05954066 22.98565536]
2025-02-18 11:35:50,451 - DEBUG - Observation: [ 0.8445307   0.76104449 20.6503692 ]
2025-02-18 11:35:50,535 - INFO - PREDICT (step=87)
2025-02-18 11:35:50,536 - DEBUG - Making prediction for time 208.5999999999995 -> 208.6999999999995
2025-02-18 11:35:50,545 - INFO - UPDATE (step=87)
2025-02-18 11:35:50,545 - DEBUG - First state in ensemble: [ 2.20707696  0.98758949 21.07055716]
2025-02-18 11:35:50,545 - DEBUG - Observation: [ 1.25120262  1.85505214 19.21538381]
2025-02-18 11:35:50,629 - INFO - PREDICT (step=88)
2025-02-18 11:35:50,630 - DEBUG - Making prediction for time 208.6999999999995 -> 208.7999999999995
2025-02-18 11:35:50,640 - INFO - UPDATE (step=88)
2025-02-18 11:35:50,640 - DEBUG - First state in ensemble: [ 3.64631272  5.11360385 15.71173647]
2025-02-18 11:35:50,640 - DEBUG - Observation: [-0.42995107 -1.78209646 15.3785387 ]
2025-02-18 11:35:50,725 - INFO - PREDICT (step=89)
2025-02-18 11:35:50,725 - DEBUG - Making prediction for time 208.7999999999995 -> 208.8999999999995
2025-02-18 11:35:50,735 - INFO - UPDATE (step=89)
2025-02-18 11:35:50,736 - DEBUG - First state in ensemble: [-3.71402913 -4.36394499 16.83712104]
2025-02-18 11:35:50,736 - DEBUG - Observation: [-0.9151449  -0.32691402 12.42966415]
2025-02-18 11:35:50,820 - INFO - PREDICT (step=90)
2025-02-18 11:35:50,820 - DEBUG - Making prediction for time 208.8999999999995 -> 208.9999999999995
2025-02-18 11:35:50,830 - INFO - UPDATE (step=90)
2025-02-18 11:35:50,831 - DEBUG - First state in ensemble: [5.9000758  7.86069401 6.1118729 ]
2025-02-18 11:35:50,831 - DEBUG - Observation: [ 3.75891049  3.98177474 13.56355684]
2025-02-18 11:35:50,914 - INFO - PREDICT (step=91)
2025-02-18 11:35:50,914 - DEBUG - Making prediction for time 208.9999999999995 -> 209.09999999999948
2025-02-18 11:35:50,924 - INFO - UPDATE (step=91)
2025-02-18 11:35:50,924 - DEBUG - First state in ensemble: [0.96060206 2.20633113 7.6568529 ]
2025-02-18 11:35:50,924 - DEBUG - Observation: [ 3.66378467  3.71888212 12.81339708]
2025-02-18 11:35:51,007 - INFO - PREDICT (step=92)
2025-02-18 11:35:51,008 - DEBUG - Making prediction for time 209.09999999999948 -> 209.19999999999948
2025-02-18 11:35:51,017 - INFO - UPDATE (step=92)
2025-02-18 11:35:51,017 - DEBUG - First state in ensemble: [3.55845501 6.2437411  7.31189617]
2025-02-18 11:35:51,017 - DEBUG - Observation: [ 2.55257001  6.77743147 11.06677489]
2025-02-18 11:35:51,104 - INFO - PREDICT (step=93)
2025-02-18 11:35:51,104 - DEBUG - Making prediction for time 209.19999999999948 -> 209.29999999999947
2025-02-18 11:35:51,113 - INFO - UPDATE (step=93)
2025-02-18 11:35:51,113 - DEBUG - First state in ensemble: [ 6.00399657 11.36713823 10.5231994 ]
2025-02-18 11:35:51,113 - DEBUG - Observation: [ 5.51021589 10.0305421  11.24829059]
2025-02-18 11:35:51,199 - INFO - PREDICT (step=94)
2025-02-18 11:35:51,199 - DEBUG - Making prediction for time 209.29999999999947 -> 209.39999999999947
2025-02-18 11:35:51,209 - INFO - UPDATE (step=94)
2025-02-18 11:35:51,209 - DEBUG - First state in ensemble: [ 5.43551938  7.80013947 16.06447913]
2025-02-18 11:35:51,209 - DEBUG - Observation: [ 8.34632457 12.78402674 10.33994462]
2025-02-18 11:35:51,293 - INFO - PREDICT (step=95)
2025-02-18 11:35:51,293 - DEBUG - Making prediction for time 209.39999999999947 -> 209.49999999999946
2025-02-18 11:35:51,302 - INFO - UPDATE (step=95)
2025-02-18 11:35:51,302 - DEBUG - First state in ensemble: [10.18234431 19.66858231 13.98628148]
2025-02-18 11:35:51,302 - DEBUG - Observation: [13.5068733  22.03990998 22.42203738]
2025-02-18 11:35:51,387 - INFO - PREDICT (step=96)
2025-02-18 11:35:51,387 - DEBUG - Making prediction for time 209.49999999999946 -> 209.59999999999945
2025-02-18 11:35:51,397 - INFO - UPDATE (step=96)
2025-02-18 11:35:51,397 - DEBUG - First state in ensemble: [17.51701158 27.97025398 26.46389522]
2025-02-18 11:35:51,397 - DEBUG - Observation: [12.49079566 21.36642763 29.7021638 ]
2025-02-18 11:35:51,480 - INFO - PREDICT (step=97)
2025-02-18 11:35:51,481 - DEBUG - Making prediction for time 209.59999999999945 -> 209.69999999999945
2025-02-18 11:35:51,490 - INFO - UPDATE (step=97)
2025-02-18 11:35:51,490 - DEBUG - First state in ensemble: [11.2369565  18.93473268 39.65717776]
2025-02-18 11:35:51,490 - DEBUG - Observation: [13.64369524 14.91457928 36.22531192]
2025-02-18 11:35:51,576 - INFO - PREDICT (step=98)
2025-02-18 11:35:51,576 - DEBUG - Making prediction for time 209.69999999999945 -> 209.79999999999944
2025-02-18 11:35:51,585 - INFO - UPDATE (step=98)
2025-02-18 11:35:51,585 - DEBUG - First state in ensemble: [10.64704083  6.30368611 35.1411726 ]
2025-02-18 11:35:51,585 - DEBUG - Observation: [12.37030098  5.20844694 38.22733129]
2025-02-18 11:35:51,685 - INFO - PREDICT (step=99)
2025-02-18 11:35:51,686 - DEBUG - Making prediction for time 209.79999999999944 -> 209.89999999999944
2025-02-18 11:35:51,695 - INFO - UPDATE (step=99)
2025-02-18 11:35:51,695 - DEBUG - First state in ensemble: [ 6.91753189  5.20492375 25.36301344]
2025-02-18 11:35:51,695 - DEBUG - Observation: [ 7.93922157 -1.4590733  33.6171356 ]
2025-02-18 11:35:51,780 - INFO - PREDICT (step=100)
2025-02-18 11:35:51,780 - DEBUG - Making prediction for time 209.89999999999944 -> 209.99999999999943
2025-02-18 11:35:51,790 - INFO - UPDATE (step=100)
2025-02-18 11:35:51,790 - DEBUG - First state in ensemble: [ 4.47318215 -1.73599426 33.93422975]
2025-02-18 11:35:51,790 - DEBUG - Observation: [ 4.6816794  -4.81988594 32.98379784]
2025-02-18 11:35:51,874 - INFO - PREDICT (step=101)
2025-02-18 11:35:51,874 - DEBUG - Making prediction for time 209.99999999999943 -> 210.09999999999943
2025-02-18 11:35:51,883 - INFO - UPDATE (step=101)
2025-02-18 11:35:51,884 - DEBUG - First state in ensemble: [ 1.83601871 -2.54447318 26.52192316]
2025-02-18 11:35:51,884 - DEBUG - Observation: [ 0.39804743 -1.49636587 25.94322149]
2025-02-18 11:35:51,967 - INFO - PREDICT (step=102)
2025-02-18 11:35:51,968 - DEBUG - Making prediction for time 210.09999999999943 -> 210.19999999999942
2025-02-18 11:35:51,977 - INFO - UPDATE (step=102)
2025-02-18 11:35:51,977 - DEBUG - First state in ensemble: [-0.63673497 -4.86894673 22.42152708]
2025-02-18 11:35:51,977 - DEBUG - Observation: [ 1.53542074 -1.59415975 21.72569609]
2025-02-18 11:35:52,063 - INFO - PREDICT (step=103)
2025-02-18 11:35:52,063 - DEBUG - Making prediction for time 210.19999999999942 -> 210.29999999999941
2025-02-18 11:35:52,073 - INFO - UPDATE (step=103)
2025-02-18 11:35:52,073 - DEBUG - First state in ensemble: [-1.07826938 -1.6030871  23.00238078]
2025-02-18 11:35:52,073 - DEBUG - Observation: [-0.70272165 -2.6739801  23.72115309]
2025-02-18 11:35:52,159 - INFO - PREDICT (step=104)
2025-02-18 11:35:52,159 - DEBUG - Making prediction for time 210.29999999999941 -> 210.3999999999994
2025-02-18 11:35:52,169 - INFO - UPDATE (step=104)
2025-02-18 11:35:52,169 - DEBUG - First state in ensemble: [ 3.68527264  3.78454768 17.43428728]
2025-02-18 11:35:52,169 - DEBUG - Observation: [ 1.30171375 -5.63075167 18.60960981]
2025-02-18 11:35:52,254 - INFO - PREDICT (step=105)
2025-02-18 11:35:52,254 - DEBUG - Making prediction for time 210.3999999999994 -> 210.4999999999994
2025-02-18 11:35:52,264 - INFO - UPDATE (step=105)
2025-02-18 11:35:52,264 - DEBUG - First state in ensemble: [ 0.57476452  2.59022785 14.30475771]
2025-02-18 11:35:52,264 - DEBUG - Observation: [-0.31476162 -2.51935858 16.07442072]
2025-02-18 11:35:52,350 - INFO - PREDICT (step=106)
2025-02-18 11:35:52,350 - DEBUG - Making prediction for time 210.4999999999994 -> 210.5999999999994
2025-02-18 11:35:52,361 - INFO - UPDATE (step=106)
2025-02-18 11:35:52,361 - DEBUG - First state in ensemble: [-3.1451105  -3.69191729 14.98256032]
2025-02-18 11:35:52,361 - DEBUG - Observation: [-2.84397411 -8.94171177 12.98757796]
2025-02-18 11:35:52,445 - INFO - PREDICT (step=107)
2025-02-18 11:35:52,445 - DEBUG - Making prediction for time 210.5999999999994 -> 210.6999999999994
2025-02-18 11:35:52,454 - INFO - UPDATE (step=107)
2025-02-18 11:35:52,454 - DEBUG - First state in ensemble: [ -7.36106592 -15.09778299  14.99675824]
2025-02-18 11:35:52,454 - DEBUG - Observation: [-0.49664829 -6.15577432 12.97974772]
2025-02-18 11:35:52,538 - INFO - PREDICT (step=108)
2025-02-18 11:35:52,538 - DEBUG - Making prediction for time 210.6999999999994 -> 210.7999999999994
2025-02-18 11:35:52,548 - INFO - UPDATE (step=108)
2025-02-18 11:35:52,548 - DEBUG - First state in ensemble: [-4.0605309  -8.04977318 11.22653544]
2025-02-18 11:35:52,548 - DEBUG - Observation: [-2.34887451 -9.95882973 16.6886109 ]
2025-02-18 11:35:52,632 - INFO - PREDICT (step=109)
2025-02-18 11:35:52,632 - DEBUG - Making prediction for time 210.7999999999994 -> 210.89999999999938
2025-02-18 11:35:52,641 - INFO - UPDATE (step=109)
2025-02-18 11:35:52,642 - DEBUG - First state in ensemble: [ -8.65097558 -14.91398586  15.18640203]
2025-02-18 11:35:52,642 - DEBUG - Observation: [ -7.30245756 -14.45890061  13.23603342]
2025-02-18 11:35:52,726 - INFO - PREDICT (step=110)
2025-02-18 11:35:52,726 - DEBUG - Making prediction for time 210.89999999999938 -> 210.99999999999937
2025-02-18 11:35:52,735 - INFO - UPDATE (step=110)
2025-02-18 11:35:52,735 - DEBUG - First state in ensemble: [-13.03059878 -19.69470323  24.21176264]
2025-02-18 11:35:52,735 - DEBUG - Observation: [-11.46442236 -18.40814425  23.06936647]
2025-02-18 11:35:52,823 - INFO - PREDICT (step=111)
2025-02-18 11:35:52,823 - DEBUG - Making prediction for time 210.99999999999937 -> 211.09999999999937
2025-02-18 11:35:52,832 - INFO - UPDATE (step=111)
2025-02-18 11:35:52,832 - DEBUG - First state in ensemble: [-15.18825809 -22.04694202  28.87917225]
2025-02-18 11:35:52,832 - DEBUG - Observation: [-12.35627409 -19.91206617  27.20861063]
2025-02-18 11:35:52,917 - INFO - PREDICT (step=112)
2025-02-18 11:35:52,917 - DEBUG - Making prediction for time 211.09999999999937 -> 211.19999999999936
2025-02-18 11:35:52,926 - INFO - UPDATE (step=112)
2025-02-18 11:35:52,926 - DEBUG - First state in ensemble: [-13.64175661 -15.3487383   33.1406987 ]
2025-02-18 11:35:52,927 - DEBUG - Observation: [-15.87043356 -14.6397883   35.96847665]
2025-02-18 11:35:53,012 - INFO - PREDICT (step=113)
2025-02-18 11:35:53,012 - DEBUG - Making prediction for time 211.19999999999936 -> 211.29999999999936
2025-02-18 11:35:53,021 - INFO - UPDATE (step=113)
2025-02-18 11:35:53,021 - DEBUG - First state in ensemble: [-11.6207383    9.574039    50.99848788]
2025-02-18 11:35:53,021 - DEBUG - Observation: [-12.07288982  -4.90421343  38.61198297]
2025-02-18 11:35:53,105 - INFO - PREDICT (step=114)
2025-02-18 11:35:53,106 - DEBUG - Making prediction for time 211.29999999999936 -> 211.39999999999935
2025-02-18 11:35:53,115 - INFO - UPDATE (step=114)
2025-02-18 11:35:53,115 - DEBUG - First state in ensemble: [-10.91401506  -0.3365855   38.00414825]
2025-02-18 11:35:53,115 - DEBUG - Observation: [-9.67653289e+00 -2.03588993e-02  3.32769863e+01]
2025-02-18 11:35:53,201 - INFO - PREDICT (step=115)
2025-02-18 11:35:53,201 - DEBUG - Making prediction for time 211.39999999999935 -> 211.49999999999935
2025-02-18 11:35:53,211 - INFO - UPDATE (step=115)
2025-02-18 11:35:53,211 - DEBUG - First state in ensemble: [-6.76366914  4.01537199 37.58596209]
2025-02-18 11:35:53,211 - DEBUG - Observation: [-2.67713541  2.68885215 29.48572712]
2025-02-18 11:35:53,299 - INFO - PREDICT (step=116)
2025-02-18 11:35:53,299 - DEBUG - Making prediction for time 211.49999999999935 -> 211.59999999999934
2025-02-18 11:35:53,309 - INFO - UPDATE (step=116)
2025-02-18 11:35:53,309 - DEBUG - First state in ensemble: [-3.19603068  7.96156403 28.4685541 ]
2025-02-18 11:35:53,309 - DEBUG - Observation: [-4.23612029  4.97682807 25.79133076]
2025-02-18 11:35:53,393 - INFO - PREDICT (step=117)
2025-02-18 11:35:53,393 - DEBUG - Making prediction for time 211.59999999999934 -> 211.69999999999933
2025-02-18 11:35:53,402 - INFO - UPDATE (step=117)
2025-02-18 11:35:53,402 - DEBUG - First state in ensemble: [-1.5861403   0.65929204 24.35945839]
2025-02-18 11:35:53,402 - DEBUG - Observation: [-1.18196728  2.82814349 24.59912523]
2025-02-18 11:35:53,486 - INFO - PREDICT (step=118)
2025-02-18 11:35:53,487 - DEBUG - Making prediction for time 211.69999999999933 -> 211.79999999999933
2025-02-18 11:35:53,497 - INFO - UPDATE (step=118)
2025-02-18 11:35:53,497 - DEBUG - First state in ensemble: [-3.49910016 -3.28914755 20.13614617]
2025-02-18 11:35:53,497 - DEBUG - Observation: [ 2.03798005  0.16622266 17.59618983]
2025-02-18 11:35:53,583 - INFO - PREDICT (step=119)
2025-02-18 11:35:53,583 - DEBUG - Making prediction for time 211.79999999999933 -> 211.89999999999932
2025-02-18 11:35:53,593 - INFO - UPDATE (step=119)
2025-02-18 11:35:53,593 - DEBUG - First state in ensemble: [-3.61915729 -5.3451253  11.73796257]
2025-02-18 11:35:53,593 - DEBUG - Observation: [-2.31635791  0.7043358  20.36855225]
2025-02-18 11:35:53,678 - INFO - PREDICT (step=120)
2025-02-18 11:35:53,678 - DEBUG - Making prediction for time 211.89999999999932 -> 211.99999999999932
2025-02-18 11:35:53,688 - INFO - UPDATE (step=120)
2025-02-18 11:35:53,688 - DEBUG - First state in ensemble: [ 0.55116614  3.66358228 15.81037726]
2025-02-18 11:35:53,688 - DEBUG - Observation: [ 0.08978873 -0.07262908 14.77409206]
2025-02-18 11:35:53,773 - INFO - PREDICT (step=121)
2025-02-18 11:35:53,773 - DEBUG - Making prediction for time 211.99999999999932 -> 212.0999999999993
2025-02-18 11:35:53,783 - INFO - UPDATE (step=121)
2025-02-18 11:35:53,783 - DEBUG - First state in ensemble: [-1.12288345 -3.30775032 11.93748913]
2025-02-18 11:35:53,783 - DEBUG - Observation: [-1.4137505   2.45638039 14.73222013]
2025-02-18 11:35:53,867 - INFO - PREDICT (step=122)
2025-02-18 11:35:53,868 - DEBUG - Making prediction for time 212.0999999999993 -> 212.1999999999993
2025-02-18 11:35:53,878 - INFO - UPDATE (step=122)
2025-02-18 11:35:53,878 - DEBUG - First state in ensemble: [ 1.87808409  4.83907427 12.79730371]
2025-02-18 11:35:53,878 - DEBUG - Observation: [ 1.83269224  1.67953175 11.60714161]
2025-02-18 11:35:53,964 - INFO - PREDICT (step=123)
2025-02-18 11:35:53,964 - DEBUG - Making prediction for time 212.1999999999993 -> 212.2999999999993
2025-02-18 11:35:53,974 - INFO - UPDATE (step=123)
2025-02-18 11:35:53,974 - DEBUG - First state in ensemble: [ 0.64752997  4.25998146 10.40746119]
2025-02-18 11:35:53,974 - DEBUG - Observation: [-1.02342211  0.74950834  9.77473693]
2025-02-18 11:35:54,059 - INFO - PREDICT (step=124)
2025-02-18 11:35:54,059 - DEBUG - Making prediction for time 212.2999999999993 -> 212.3999999999993
2025-02-18 11:35:54,070 - INFO - UPDATE (step=124)
2025-02-18 11:35:54,070 - DEBUG - First state in ensemble: [ 9.09232359 20.3658841   2.33003083]
2025-02-18 11:35:54,070 - DEBUG - Observation: [ 2.8436432   2.68691777 11.74137125]
2025-02-18 11:35:54,154 - INFO - PREDICT (step=125)
2025-02-18 11:35:54,154 - DEBUG - Making prediction for time 212.3999999999993 -> 212.4999999999993
2025-02-18 11:35:54,164 - INFO - UPDATE (step=125)
2025-02-18 11:35:54,164 - DEBUG - First state in ensemble: [-0.45803259 -2.58589898 11.14292024]
2025-02-18 11:35:54,164 - DEBUG - Observation: [ 6.30528752 10.02165817  7.15228695]
2025-02-18 11:35:54,249 - INFO - PREDICT (step=126)
2025-02-18 11:35:54,249 - DEBUG - Making prediction for time 212.4999999999993 -> 212.59999999999928
2025-02-18 11:35:54,259 - INFO - UPDATE (step=126)
2025-02-18 11:35:54,259 - DEBUG - First state in ensemble: [ 7.43186841 13.53216435 10.40332819]
2025-02-18 11:35:54,259 - DEBUG - Observation: [ 3.8467046  15.59886035  9.95273203]
2025-02-18 11:35:54,344 - INFO - PREDICT (step=127)
2025-02-18 11:35:54,345 - DEBUG - Making prediction for time 212.59999999999928 -> 212.69999999999928
2025-02-18 11:35:54,354 - INFO - UPDATE (step=127)
2025-02-18 11:35:54,354 - DEBUG - First state in ensemble: [11.24503911 16.86944822 15.45958149]
2025-02-18 11:35:54,354 - DEBUG - Observation: [ 7.28708455 17.9864258  13.68761731]
2025-02-18 11:35:54,440 - INFO - PREDICT (step=128)
2025-02-18 11:35:54,441 - DEBUG - Making prediction for time 212.69999999999928 -> 212.79999999999927
2025-02-18 11:35:54,450 - INFO - UPDATE (step=128)
2025-02-18 11:35:54,450 - DEBUG - First state in ensemble: [15.15989114 21.72517981 25.66300408]
2025-02-18 11:35:54,450 - DEBUG - Observation: [11.51849146 20.22376161 22.78097759]
2025-02-18 11:35:54,535 - INFO - PREDICT (step=129)
2025-02-18 11:35:54,536 - DEBUG - Making prediction for time 212.79999999999927 -> 212.89999999999927
2025-02-18 11:35:54,545 - INFO - UPDATE (step=129)
2025-02-18 11:35:54,545 - DEBUG - First state in ensemble: [14.71446939 17.66359874 33.00367243]
2025-02-18 11:35:54,545 - DEBUG - Observation: [17.67456001 19.2134394  38.41843277]
2025-02-18 11:35:54,630 - INFO - PREDICT (step=130)
2025-02-18 11:35:54,630 - DEBUG - Making prediction for time 212.89999999999927 -> 212.99999999999926
2025-02-18 11:35:54,640 - INFO - UPDATE (step=130)
2025-02-18 11:35:54,640 - DEBUG - First state in ensemble: [18.34142646  5.76097226 45.41253369]
2025-02-18 11:35:54,640 - DEBUG - Observation: [13.37933354  8.12310321 39.76558091]
2025-02-18 11:35:54,725 - INFO - PREDICT (step=131)
2025-02-18 11:35:54,725 - DEBUG - Making prediction for time 212.99999999999926 -> 213.09999999999926
2025-02-18 11:35:54,735 - INFO - UPDATE (step=131)
2025-02-18 11:35:54,735 - DEBUG - First state in ensemble: [11.50915089 -3.27465726 42.05380415]
2025-02-18 11:35:54,735 - DEBUG - Observation: [13.46957223 -1.88744948 39.18184645]
2025-02-18 11:35:54,819 - INFO - PREDICT (step=132)
2025-02-18 11:35:54,820 - DEBUG - Making prediction for time 213.09999999999926 -> 213.19999999999925
2025-02-18 11:35:54,830 - INFO - UPDATE (step=132)
2025-02-18 11:35:54,830 - DEBUG - First state in ensemble: [ 3.58470931 -4.81658234 33.84984722]
2025-02-18 11:35:54,830 - DEBUG - Observation: [ 5.10650681 -4.96663635 34.76216287]
2025-02-18 11:35:54,914 - INFO - PREDICT (step=133)
2025-02-18 11:35:54,914 - DEBUG - Making prediction for time 213.19999999999925 -> 213.29999999999924
2025-02-18 11:35:54,923 - INFO - UPDATE (step=133)
2025-02-18 11:35:54,923 - DEBUG - First state in ensemble: [ 0.12371337 -5.08947042 24.04481555]
2025-02-18 11:35:54,923 - DEBUG - Observation: [ 0.70044203 -4.49691229 29.84020381]
2025-02-18 11:35:55,007 - INFO - PREDICT (step=134)
2025-02-18 11:35:55,008 - DEBUG - Making prediction for time 213.29999999999924 -> 213.39999999999924
2025-02-18 11:35:55,018 - INFO - UPDATE (step=134)
2025-02-18 11:35:55,018 - DEBUG - First state in ensemble: [ 1.92445103 -0.56923234 22.72195525]
2025-02-18 11:35:55,018 - DEBUG - Observation: [-0.24497516 -2.05857967 25.68409116]
2025-02-18 11:35:55,101 - INFO - PREDICT (step=135)
2025-02-18 11:35:55,101 - DEBUG - Making prediction for time 213.39999999999924 -> 213.49999999999923
2025-02-18 11:35:55,111 - INFO - UPDATE (step=135)
2025-02-18 11:35:55,111 - DEBUG - First state in ensemble: [-3.15216489 -3.57946023 18.20704983]
2025-02-18 11:35:55,111 - DEBUG - Observation: [ 0.65442309 -4.49770604 20.18850036]
2025-02-18 11:35:55,195 - INFO - PREDICT (step=136)
2025-02-18 11:35:55,195 - DEBUG - Making prediction for time 213.49999999999923 -> 213.59999999999923
2025-02-18 11:35:55,205 - INFO - UPDATE (step=136)
2025-02-18 11:35:55,206 - DEBUG - First state in ensemble: [-0.88882593 -0.94658574 15.57154445]
2025-02-18 11:35:55,206 - DEBUG - Observation: [ -2.05958612 -10.61790574  18.55429696]
2025-02-18 11:35:55,291 - INFO - PREDICT (step=137)
2025-02-18 11:35:55,291 - DEBUG - Making prediction for time 213.59999999999923 -> 213.69999999999922
2025-02-18 11:35:55,300 - INFO - UPDATE (step=137)
2025-02-18 11:35:55,300 - DEBUG - First state in ensemble: [-9.49425445 -5.60364806 23.51721025]
2025-02-18 11:35:55,300 - DEBUG - Observation: [-6.66915737 -5.43259335 16.97357782]
2025-02-18 11:35:55,386 - INFO - PREDICT (step=138)
2025-02-18 11:35:55,386 - DEBUG - Making prediction for time 213.69999999999922 -> 213.79999999999922
2025-02-18 11:35:55,396 - INFO - UPDATE (step=138)
2025-02-18 11:35:55,396 - DEBUG - First state in ensemble: [ -7.51176159 -12.00951449  16.11206249]
2025-02-18 11:35:55,396 - DEBUG - Observation: [-5.26775906 -8.35905451 15.68312653]
2025-02-18 11:35:55,480 - INFO - PREDICT (step=139)
2025-02-18 11:35:55,480 - DEBUG - Making prediction for time 213.79999999999922 -> 213.8999999999992
2025-02-18 11:35:55,489 - INFO - UPDATE (step=139)
2025-02-18 11:35:55,490 - DEBUG - First state in ensemble: [ -6.61671497 -12.97551989  12.43472647]
2025-02-18 11:35:55,490 - DEBUG - Observation: [ -9.13830244 -13.76156759  14.68259349]
2025-02-18 11:35:55,573 - INFO - PREDICT (step=140)
2025-02-18 11:35:55,573 - DEBUG - Making prediction for time 213.8999999999992 -> 213.9999999999992
2025-02-18 11:35:55,582 - INFO - UPDATE (step=140)
2025-02-18 11:35:55,582 - DEBUG - First state in ensemble: [-14.92061437 -20.21447984  25.6963142 ]
2025-02-18 11:35:55,582 - DEBUG - Observation: [ -9.34640836 -12.26491389  22.22392048]
2025-02-18 11:35:55,668 - INFO - PREDICT (step=141)
2025-02-18 11:35:55,668 - DEBUG - Making prediction for time 213.9999999999992 -> 214.0999999999992
2025-02-18 11:35:55,677 - INFO - UPDATE (step=141)
2025-02-18 11:35:55,677 - DEBUG - First state in ensemble: [-11.6259715  -16.09219721  24.12151673]
2025-02-18 11:35:55,677 - DEBUG - Observation: [-10.33553084 -17.51740025  23.49211294]
2025-02-18 11:35:55,762 - INFO - PREDICT (step=142)
2025-02-18 11:35:55,763 - DEBUG - Making prediction for time 214.0999999999992 -> 214.1999999999992
2025-02-18 11:35:55,771 - INFO - UPDATE (step=142)
2025-02-18 11:35:55,771 - DEBUG - First state in ensemble: [-12.87161581 -15.08990053  26.96378482]
2025-02-18 11:35:55,771 - DEBUG - Observation: [-12.22049814 -13.94787661  31.14021024]
2025-02-18 11:35:55,857 - INFO - PREDICT (step=143)
2025-02-18 11:35:55,857 - DEBUG - Making prediction for time 214.1999999999992 -> 214.2999999999992
2025-02-18 11:35:55,865 - INFO - UPDATE (step=143)
2025-02-18 11:35:55,865 - DEBUG - First state in ensemble: [-11.90387726 -13.03848564  27.36816695]
2025-02-18 11:35:55,865 - DEBUG - Observation: [-11.26092863 -10.40579582  35.61471774]
2025-02-18 11:35:55,951 - INFO - PREDICT (step=144)
2025-02-18 11:35:55,952 - DEBUG - Making prediction for time 214.2999999999992 -> 214.39999999999918
2025-02-18 11:35:55,961 - INFO - UPDATE (step=144)
2025-02-18 11:35:55,961 - DEBUG - First state in ensemble: [-0.18689958  3.52762667 42.72927853]
2025-02-18 11:35:55,961 - DEBUG - Observation: [-10.90750196  -6.53971693  33.80017256]
2025-02-18 11:35:56,046 - INFO - PREDICT (step=145)
2025-02-18 11:35:56,046 - DEBUG - Making prediction for time 214.39999999999918 -> 214.49999999999918
2025-02-18 11:35:56,055 - INFO - UPDATE (step=145)
2025-02-18 11:35:56,055 - DEBUG - First state in ensemble: [-7.1204284  -2.76244585 27.31905507]
2025-02-18 11:35:56,055 - DEBUG - Observation: [-10.45044514  -3.82588571  30.14249832]
2025-02-18 11:35:56,141 - INFO - PREDICT (step=146)
2025-02-18 11:35:56,141 - DEBUG - Making prediction for time 214.49999999999918 -> 214.59999999999917
2025-02-18 11:35:56,150 - INFO - UPDATE (step=146)
2025-02-18 11:35:56,150 - DEBUG - First state in ensemble: [-11.12388346  -2.04896172  28.05006475]
2025-02-18 11:35:56,150 - DEBUG - Observation: [-5.1325127  -5.31485309 28.92443797]
2025-02-18 11:35:56,236 - INFO - PREDICT (step=147)
2025-02-18 11:35:56,236 - DEBUG - Making prediction for time 214.59999999999917 -> 214.69999999999916
2025-02-18 11:35:56,245 - INFO - UPDATE (step=147)
2025-02-18 11:35:56,245 - DEBUG - First state in ensemble: [-9.03351571 -5.78243935 23.57417519]
2025-02-18 11:35:56,245 - DEBUG - Observation: [-2.75243009 -2.62177125 23.94393646]
2025-02-18 11:35:56,332 - INFO - PREDICT (step=148)
2025-02-18 11:35:56,332 - DEBUG - Making prediction for time 214.69999999999916 -> 214.79999999999916
2025-02-18 11:35:56,341 - INFO - UPDATE (step=148)
2025-02-18 11:35:56,341 - DEBUG - First state in ensemble: [-0.87186815  0.8107987  17.33229393]
2025-02-18 11:35:56,341 - DEBUG - Observation: [-2.05011295  0.69219789 22.37534777]
2025-02-18 11:35:56,425 - INFO - PREDICT (step=149)
2025-02-18 11:35:56,425 - DEBUG - Making prediction for time 214.79999999999916 -> 214.89999999999915
2025-02-18 11:35:56,435 - INFO - UPDATE (step=149)
2025-02-18 11:35:56,435 - DEBUG - First state in ensemble: [-1.3821923  -2.10129921 21.5594447 ]
2025-02-18 11:35:56,435 - DEBUG - Observation: [-3.12973429 -6.62409504 21.68187371]
2025-02-18 11:35:56,518 - INFO - PREDICT (step=150)
2025-02-18 11:35:56,519 - DEBUG - Making prediction for time 214.89999999999915 -> 214.99999999999915
2025-02-18 11:35:56,528 - INFO - UPDATE (step=150)
2025-02-18 11:35:56,528 - DEBUG - First state in ensemble: [-2.57510749  4.92590284 31.5817594 ]
2025-02-18 11:35:56,528 - DEBUG - Observation: [-7.54308854 -4.65035929 18.61022205]
2025-02-18 11:35:56,614 - INFO - PREDICT (step=151)
2025-02-18 11:35:56,614 - DEBUG - Making prediction for time 214.99999999999915 -> 215.09999999999914
2025-02-18 11:35:56,623 - INFO - UPDATE (step=151)
2025-02-18 11:35:56,624 - DEBUG - First state in ensemble: [-4.3339048  -6.29410154 14.21615057]
2025-02-18 11:35:56,624 - DEBUG - Observation: [-4.41224423 -6.80847118 16.6037967 ]
2025-02-18 11:35:56,709 - INFO - PREDICT (step=152)
2025-02-18 11:35:56,710 - DEBUG - Making prediction for time 215.09999999999914 -> 215.19999999999914
2025-02-18 11:35:56,719 - INFO - UPDATE (step=152)
2025-02-18 11:35:56,719 - DEBUG - First state in ensemble: [-5.98850683 -7.74992318 17.7742111 ]
2025-02-18 11:35:56,719 - DEBUG - Observation: [-6.01960943 -8.25787047 18.14216995]
2025-02-18 11:35:56,805 - INFO - PREDICT (step=153)
2025-02-18 11:35:56,805 - DEBUG - Making prediction for time 215.19999999999914 -> 215.29999999999913
2025-02-18 11:35:56,814 - INFO - UPDATE (step=153)
2025-02-18 11:35:56,814 - DEBUG - First state in ensemble: [ -6.31887577 -11.68549589  12.68615084]
2025-02-18 11:35:56,814 - DEBUG - Observation: [ -7.67284612 -12.85986439  17.74862766]
2025-02-18 11:35:56,899 - INFO - PREDICT (step=154)
2025-02-18 11:35:56,900 - DEBUG - Making prediction for time 215.29999999999913 -> 215.39999999999912
2025-02-18 11:35:56,909 - INFO - UPDATE (step=154)
2025-02-18 11:35:56,909 - DEBUG - First state in ensemble: [-6.54483234 -7.59820613 18.89269857]
2025-02-18 11:35:56,909 - DEBUG - Observation: [ -8.82907167 -12.54117067  21.67916027]
2025-02-18 11:35:56,993 - INFO - PREDICT (step=155)
2025-02-18 11:35:56,993 - DEBUG - Making prediction for time 215.39999999999912 -> 215.49999999999912
2025-02-18 11:35:57,001 - INFO - UPDATE (step=155)
2025-02-18 11:35:57,002 - DEBUG - First state in ensemble: [-11.51884702 -13.13528909  28.67507974]
2025-02-18 11:35:57,002 - DEBUG - Observation: [-11.0314837  -18.53083836  30.28166186]
2025-02-18 11:35:57,086 - INFO - PREDICT (step=156)
2025-02-18 11:35:57,086 - DEBUG - Making prediction for time 215.49999999999912 -> 215.5999999999991
2025-02-18 11:35:57,096 - INFO - UPDATE (step=156)
2025-02-18 11:35:57,096 - DEBUG - First state in ensemble: [-13.10695309 -15.74869005  29.92560253]
2025-02-18 11:35:57,096 - DEBUG - Observation: [-14.14606377 -13.54753798  33.50260216]
2025-02-18 11:35:57,180 - INFO - PREDICT (step=157)
2025-02-18 11:35:57,181 - DEBUG - Making prediction for time 215.5999999999991 -> 215.6999999999991
2025-02-18 11:35:57,189 - INFO - UPDATE (step=157)
2025-02-18 11:35:57,189 - DEBUG - First state in ensemble: [ -9.7274387  -12.37199927  30.09806454]
2025-02-18 11:35:57,189 - DEBUG - Observation: [-13.04688808 -10.09281186  37.68725142]
2025-02-18 11:35:57,274 - INFO - PREDICT (step=158)
2025-02-18 11:35:57,274 - DEBUG - Making prediction for time 215.6999999999991 -> 215.7999999999991
2025-02-18 11:35:57,283 - INFO - UPDATE (step=158)
2025-02-18 11:35:57,283 - DEBUG - First state in ensemble: [-9.79601202 -4.61113064 37.56956771]
2025-02-18 11:35:57,283 - DEBUG - Observation: [-9.07520573 -2.38363972 31.33681571]
2025-02-18 11:35:57,368 - INFO - PREDICT (step=159)
2025-02-18 11:35:57,368 - DEBUG - Making prediction for time 215.7999999999991 -> 215.8999999999991
2025-02-18 11:35:57,377 - INFO - UPDATE (step=159)
2025-02-18 11:35:57,377 - DEBUG - First state in ensemble: [-9.7032492  -6.63538763 31.95040383]
2025-02-18 11:35:57,377 - DEBUG - Observation: [-8.34214968  0.2427388  29.60297422]
2025-02-18 11:35:57,461 - INFO - PREDICT (step=160)
2025-02-18 11:35:57,462 - DEBUG - Making prediction for time 215.8999999999991 -> 215.9999999999991
2025-02-18 11:35:57,471 - INFO - UPDATE (step=160)
2025-02-18 11:35:57,471 - DEBUG - First state in ensemble: [-2.62863211 -1.58753659 21.71532886]
2025-02-18 11:35:57,471 - DEBUG - Observation: [-2.99840863 -0.56567975 29.48367853]
2025-02-18 11:35:57,556 - INFO - PREDICT (step=161)
2025-02-18 11:35:57,556 - DEBUG - Making prediction for time 215.9999999999991 -> 216.09999999999908
2025-02-18 11:35:57,565 - INFO - UPDATE (step=161)
2025-02-18 11:35:57,565 - DEBUG - First state in ensemble: [-3.23089888 -2.48613695 23.19223565]
2025-02-18 11:35:57,565 - DEBUG - Observation: [-1.45391296 -1.62201934 24.43569618]
2025-02-18 11:35:57,649 - INFO - PREDICT (step=162)
2025-02-18 11:35:57,649 - DEBUG - Making prediction for time 216.09999999999908 -> 216.19999999999908
2025-02-18 11:35:57,658 - INFO - UPDATE (step=162)
2025-02-18 11:35:57,658 - DEBUG - First state in ensemble: [-7.85873319 -5.67080647 20.73033206]
2025-02-18 11:35:57,658 - DEBUG - Observation: [-5.71423483 -3.5789015  20.33860149]
2025-02-18 11:35:57,756 - INFO - PREDICT (step=163)
2025-02-18 11:35:57,756 - DEBUG - Making prediction for time 216.19999999999908 -> 216.29999999999907
2025-02-18 11:35:57,765 - INFO - UPDATE (step=163)
2025-02-18 11:35:57,765 - DEBUG - First state in ensemble: [-2.84648092 -2.9250788  20.36394941]
2025-02-18 11:35:57,765 - DEBUG - Observation: [-1.83942206 -1.86913102 18.53928962]
2025-02-18 11:35:57,849 - INFO - PREDICT (step=164)
2025-02-18 11:35:57,849 - DEBUG - Making prediction for time 216.29999999999907 -> 216.39999999999907
2025-02-18 11:35:57,860 - INFO - UPDATE (step=164)
2025-02-18 11:35:57,860 - DEBUG - First state in ensemble: [-1.38421448 -4.96791805 15.79141817]
2025-02-18 11:35:57,860 - DEBUG - Observation: [-4.23494035 -2.46550275 15.92358014]
2025-02-18 11:35:57,945 - INFO - PREDICT (step=165)
2025-02-18 11:35:57,945 - DEBUG - Making prediction for time 216.39999999999907 -> 216.49999999999906
2025-02-18 11:35:57,954 - INFO - UPDATE (step=165)
2025-02-18 11:35:57,954 - DEBUG - First state in ensemble: [0.08692028 2.97106827 9.99878942]
2025-02-18 11:35:57,954 - DEBUG - Observation: [-5.76719604 -3.17294727 16.56701393]
2025-02-18 11:35:58,039 - INFO - PREDICT (step=166)
2025-02-18 11:35:58,039 - DEBUG - Making prediction for time 216.49999999999906 -> 216.59999999999906
2025-02-18 11:35:58,049 - INFO - UPDATE (step=166)
2025-02-18 11:35:58,049 - DEBUG - First state in ensemble: [ -3.90647014 -11.68974081  -5.72101258]
2025-02-18 11:35:58,049 - DEBUG - Observation: [-4.81385092 -8.3733816  13.26701622]
2025-02-18 11:35:58,132 - INFO - PREDICT (step=167)
2025-02-18 11:35:58,132 - DEBUG - Making prediction for time 216.59999999999906 -> 216.69999999999905
2025-02-18 11:35:58,142 - INFO - UPDATE (step=167)
2025-02-18 11:35:58,142 - DEBUG - First state in ensemble: [ -6.84918262 -12.33461624  11.44461883]
2025-02-18 11:35:58,142 - DEBUG - Observation: [-5.5675798  -8.03637802 15.71581968]
2025-02-18 11:35:58,225 - INFO - PREDICT (step=168)
2025-02-18 11:35:58,226 - DEBUG - Making prediction for time 216.69999999999905 -> 216.79999999999905
2025-02-18 11:35:58,235 - INFO - UPDATE (step=168)
2025-02-18 11:35:58,235 - DEBUG - First state in ensemble: [-15.75072774 -18.03644845  33.73981825]
2025-02-18 11:35:58,235 - DEBUG - Observation: [ -7.93431933 -17.01885527  20.08888966]
2025-02-18 11:35:58,319 - INFO - PREDICT (step=169)
2025-02-18 11:35:58,319 - DEBUG - Making prediction for time 216.79999999999905 -> 216.89999999999904
2025-02-18 11:35:58,328 - INFO - UPDATE (step=169)
2025-02-18 11:35:58,328 - DEBUG - First state in ensemble: [-11.34553364 -16.03387509  21.24073918]
2025-02-18 11:35:58,328 - DEBUG - Observation: [-13.88710001 -13.43584226  21.53016326]
2025-02-18 11:35:58,412 - INFO - PREDICT (step=170)
2025-02-18 11:35:58,413 - DEBUG - Making prediction for time 216.89999999999904 -> 216.99999999999903
2025-02-18 11:35:58,421 - INFO - UPDATE (step=170)
2025-02-18 11:35:58,422 - DEBUG - First state in ensemble: [-19.0965973  -18.04938375  37.05227414]
2025-02-18 11:35:58,422 - DEBUG - Observation: [-13.04662225 -14.29780171  29.92749219]
2025-02-18 11:35:58,506 - INFO - PREDICT (step=171)
2025-02-18 11:35:58,506 - DEBUG - Making prediction for time 216.99999999999903 -> 217.09999999999903
2025-02-18 11:35:58,515 - INFO - UPDATE (step=171)
2025-02-18 11:35:58,515 - DEBUG - First state in ensemble: [-14.08564567 -12.82206926  35.21012565]
2025-02-18 11:35:58,515 - DEBUG - Observation: [-14.08754276 -10.39236863  37.4039614 ]
2025-02-18 11:35:58,599 - INFO - PREDICT (step=172)
2025-02-18 11:35:58,599 - DEBUG - Making prediction for time 217.09999999999903 -> 217.19999999999902
2025-02-18 11:35:58,609 - INFO - UPDATE (step=172)
2025-02-18 11:35:58,609 - DEBUG - First state in ensemble: [-11.95761342  -6.62841881  37.05275401]
2025-02-18 11:35:58,609 - DEBUG - Observation: [-11.51708541  -7.48809443  34.49313485]
2025-02-18 11:35:58,692 - INFO - PREDICT (step=173)
2025-02-18 11:35:58,692 - DEBUG - Making prediction for time 217.19999999999902 -> 217.29999999999902
2025-02-18 11:35:58,701 - INFO - UPDATE (step=173)
2025-02-18 11:35:58,701 - DEBUG - First state in ensemble: [-8.15020182 -7.84967602 36.32306674]
2025-02-18 11:35:58,701 - DEBUG - Observation: [-9.47438902 -7.77703234 34.64085554]
2025-02-18 11:35:58,784 - INFO - PREDICT (step=174)
2025-02-18 11:35:58,785 - DEBUG - Making prediction for time 217.29999999999902 -> 217.399999999999
2025-02-18 11:35:58,794 - INFO - UPDATE (step=174)
2025-02-18 11:35:58,794 - DEBUG - First state in ensemble: [-8.87069826 -8.887842   27.14955376]
2025-02-18 11:35:58,794 - DEBUG - Observation: [-4.80751416 -4.80964837 28.7828284 ]
2025-02-18 11:35:58,880 - INFO - PREDICT (step=175)
2025-02-18 11:35:58,881 - DEBUG - Making prediction for time 217.399999999999 -> 217.499999999999
2025-02-18 11:35:58,889 - INFO - UPDATE (step=175)
2025-02-18 11:35:58,889 - DEBUG - First state in ensemble: [-4.16926515 -1.96985219 25.84110729]
2025-02-18 11:35:58,889 - DEBUG - Observation: [-2.91014134  4.92420117 24.22536383]
2025-02-18 11:35:58,975 - INFO - PREDICT (step=176)
2025-02-18 11:35:58,976 - DEBUG - Making prediction for time 217.499999999999 -> 217.599999999999
2025-02-18 11:35:58,986 - INFO - UPDATE (step=176)
2025-02-18 11:35:58,986 - DEBUG - First state in ensemble: [11.44788152 16.02983492 24.79394963]
2025-02-18 11:35:58,986 - DEBUG - Observation: [ 0.40783446 -4.52307305 24.49901489]
2025-02-18 11:35:59,070 - INFO - PREDICT (step=177)
2025-02-18 11:35:59,070 - DEBUG - Making prediction for time 217.599999999999 -> 217.699999999999
2025-02-18 11:35:59,079 - INFO - UPDATE (step=177)
2025-02-18 11:35:59,079 - DEBUG - First state in ensemble: [-2.13134314 -0.81006928 19.8781076 ]
2025-02-18 11:35:59,079 - DEBUG - Observation: [-4.45599221 -1.14066907 21.94976112]
2025-02-18 11:35:59,163 - INFO - PREDICT (step=178)
2025-02-18 11:35:59,164 - DEBUG - Making prediction for time 217.699999999999 -> 217.799999999999
2025-02-18 11:35:59,173 - INFO - UPDATE (step=178)
2025-02-18 11:35:59,174 - DEBUG - First state in ensemble: [-10.18827567 -13.41070701  10.84160011]
2025-02-18 11:35:59,174 - DEBUG - Observation: [-0.9929102  -0.70449743 17.69692259]
2025-02-18 11:35:59,259 - INFO - PREDICT (step=179)
2025-02-18 11:35:59,259 - DEBUG - Making prediction for time 217.799999999999 -> 217.89999999999898
2025-02-18 11:35:59,268 - INFO - UPDATE (step=179)
2025-02-18 11:35:59,268 - DEBUG - First state in ensemble: [-1.29663583 -1.28115817 15.65568155]
2025-02-18 11:35:59,268 - DEBUG - Observation: [ 1.09295676 -1.9627938  14.14937266]
2025-02-18 11:35:59,353 - INFO - PREDICT (step=180)
2025-02-18 11:35:59,354 - DEBUG - Making prediction for time 217.89999999999898 -> 217.99999999999898
2025-02-18 11:35:59,364 - INFO - UPDATE (step=180)
2025-02-18 11:35:59,364 - DEBUG - First state in ensemble: [-4.76865736e-01 -2.38613036e-03  1.50199520e+01]
2025-02-18 11:35:59,364 - DEBUG - Observation: [-2.96629554 -2.67630113 13.52601   ]
2025-02-18 11:35:59,450 - INFO - PREDICT (step=181)
2025-02-18 11:35:59,451 - DEBUG - Making prediction for time 217.99999999999898 -> 218.09999999999897
2025-02-18 11:35:59,460 - INFO - UPDATE (step=181)
2025-02-18 11:35:59,460 - DEBUG - First state in ensemble: [-6.08661838 -8.60718304 12.80355763]
2025-02-18 11:35:59,460 - DEBUG - Observation: [-3.58324097 -8.00621518 13.78360649]
2025-02-18 11:35:59,546 - INFO - PREDICT (step=182)
2025-02-18 11:35:59,546 - DEBUG - Making prediction for time 218.09999999999897 -> 218.19999999999897
2025-02-18 11:35:59,555 - INFO - UPDATE (step=182)
2025-02-18 11:35:59,555 - DEBUG - First state in ensemble: [-2.47013024 -5.041012   13.17832049]
2025-02-18 11:35:59,555 - DEBUG - Observation: [ -8.22245723 -10.62286659  14.97041   ]
2025-02-18 11:35:59,654 - INFO - PREDICT (step=183)
2025-02-18 11:35:59,654 - DEBUG - Making prediction for time 218.19999999999897 -> 218.29999999999896
2025-02-18 11:35:59,664 - INFO - UPDATE (step=183)
2025-02-18 11:35:59,664 - DEBUG - First state in ensemble: [-1.60969484 -9.9667633  10.23961249]
2025-02-18 11:35:59,664 - DEBUG - Observation: [ -6.30883353 -16.05004008  14.74699368]
2025-02-18 11:35:59,747 - INFO - PREDICT (step=184)
2025-02-18 11:35:59,747 - DEBUG - Making prediction for time 218.29999999999896 -> 218.39999999999895
2025-02-18 11:35:59,756 - INFO - UPDATE (step=184)
2025-02-18 11:35:59,756 - DEBUG - First state in ensemble: [-11.65519929 -21.40718463  19.11224998]
2025-02-18 11:35:59,756 - DEBUG - Observation: [-11.84328688 -18.24859079  22.03573975]
2025-02-18 11:35:59,841 - INFO - PREDICT (step=185)
2025-02-18 11:35:59,841 - DEBUG - Making prediction for time 218.39999999999895 -> 218.49999999999895
2025-02-18 11:35:59,849 - INFO - UPDATE (step=185)
2025-02-18 11:35:59,849 - DEBUG - First state in ensemble: [-15.358004   -20.87407006  30.5371554 ]
2025-02-18 11:35:59,849 - DEBUG - Observation: [-16.89130099 -18.23519783  28.9261866 ]
2025-02-18 11:35:59,934 - INFO - PREDICT (step=186)
2025-02-18 11:35:59,934 - DEBUG - Making prediction for time 218.49999999999895 -> 218.59999999999894
2025-02-18 11:35:59,943 - INFO - UPDATE (step=186)
2025-02-18 11:35:59,944 - DEBUG - First state in ensemble: [-14.74176028 -13.10842505  38.89749738]
2025-02-18 11:35:59,944 - DEBUG - Observation: [-15.77401215 -13.48361296  38.02514897]
2025-02-18 11:36:00,028 - INFO - PREDICT (step=187)
2025-02-18 11:36:00,028 - DEBUG - Making prediction for time 218.59999999999894 -> 218.69999999999894
2025-02-18 11:36:00,037 - INFO - UPDATE (step=187)
2025-02-18 11:36:00,037 - DEBUG - First state in ensemble: [-13.8289968  -15.72389835  35.70172882]
2025-02-18 11:36:00,037 - DEBUG - Observation: [-12.49709479 -10.10757331  33.9129917 ]
2025-02-18 11:36:00,122 - INFO - PREDICT (step=188)
2025-02-18 11:36:00,122 - DEBUG - Making prediction for time 218.69999999999894 -> 218.79999999999893
2025-02-18 11:36:00,131 - INFO - UPDATE (step=188)
2025-02-18 11:36:00,131 - DEBUG - First state in ensemble: [-13.04126457 -11.62952954  41.67106653]
2025-02-18 11:36:00,131 - DEBUG - Observation: [-7.77973881 -0.91504024 34.97656869]
2025-02-18 11:36:00,217 - INFO - PREDICT (step=189)
2025-02-18 11:36:00,217 - DEBUG - Making prediction for time 218.79999999999893 -> 218.89999999999893
2025-02-18 11:36:00,225 - INFO - UPDATE (step=189)
2025-02-18 11:36:00,225 - DEBUG - First state in ensemble: [ 9.48181719 -3.52718918 38.88757351]
2025-02-18 11:36:00,225 - DEBUG - Observation: [-1.66887402  3.67079179 29.49323728]
2025-02-18 11:36:00,311 - INFO - PREDICT (step=190)
2025-02-18 11:36:00,311 - DEBUG - Making prediction for time 218.89999999999893 -> 218.99999999999892
2025-02-18 11:36:00,320 - INFO - UPDATE (step=190)
2025-02-18 11:36:00,320 - DEBUG - First state in ensemble: [-0.35894015  4.52637313 23.88533011]
2025-02-18 11:36:00,320 - DEBUG - Observation: [-5.06422403  4.02815335 24.85409412]
2025-02-18 11:36:00,405 - INFO - PREDICT (step=191)
2025-02-18 11:36:00,405 - DEBUG - Making prediction for time 218.99999999999892 -> 219.09999999999891
2025-02-18 11:36:00,415 - INFO - UPDATE (step=191)
2025-02-18 11:36:00,415 - DEBUG - First state in ensemble: [-8.98207548 -4.35958711 20.59124832]
2025-02-18 11:36:00,415 - DEBUG - Observation: [ 1.52373942  1.98682875 25.00378633]
2025-02-18 11:36:00,503 - INFO - PREDICT (step=192)
2025-02-18 11:36:00,503 - DEBUG - Making prediction for time 219.09999999999891 -> 219.1999999999989
2025-02-18 11:36:00,514 - INFO - UPDATE (step=192)
2025-02-18 11:36:00,514 - DEBUG - First state in ensemble: [-1.27650588 -1.06576304 19.1473402 ]
2025-02-18 11:36:00,514 - DEBUG - Observation: [ 2.40729683 -0.9525014  19.91526022]
2025-02-18 11:36:00,601 - INFO - PREDICT (step=193)
2025-02-18 11:36:00,601 - DEBUG - Making prediction for time 219.1999999999989 -> 219.2999999999989
2025-02-18 11:36:00,611 - INFO - UPDATE (step=193)
2025-02-18 11:36:00,611 - DEBUG - First state in ensemble: [-2.46565331 -7.78547718 11.22290229]
2025-02-18 11:36:00,611 - DEBUG - Observation: [ 5.04408254 -0.541727   17.32241477]
2025-02-18 11:36:00,698 - INFO - PREDICT (step=194)
2025-02-18 11:36:00,698 - DEBUG - Making prediction for time 219.2999999999989 -> 219.3999999999989
2025-02-18 11:36:00,708 - INFO - UPDATE (step=194)
2025-02-18 11:36:00,708 - DEBUG - First state in ensemble: [ 1.3413087  -1.16609093 12.53274846]
2025-02-18 11:36:00,708 - DEBUG - Observation: [ 2.4767231   0.75655816 16.9329891 ]
2025-02-18 11:36:00,793 - INFO - PREDICT (step=195)
2025-02-18 11:36:00,793 - DEBUG - Making prediction for time 219.3999999999989 -> 219.4999999999989
2025-02-18 11:36:00,803 - INFO - UPDATE (step=195)
2025-02-18 11:36:00,803 - DEBUG - First state in ensemble: [-1.12939803e+00 -5.94808750e-03  1.42941932e+01]
2025-02-18 11:36:00,803 - DEBUG - Observation: [-0.27817097  3.40966813 11.5057204 ]
2025-02-18 11:36:00,887 - INFO - PREDICT (step=196)
2025-02-18 11:36:00,888 - DEBUG - Making prediction for time 219.4999999999989 -> 219.5999999999989
2025-02-18 11:36:00,898 - INFO - UPDATE (step=196)
2025-02-18 11:36:00,899 - DEBUG - First state in ensemble: [-1.58724496 -1.35018757 11.11294022]
2025-02-18 11:36:00,899 - DEBUG - Observation: [0.6487466  3.38101181 9.08285274]
2025-02-18 11:36:00,983 - INFO - PREDICT (step=197)
2025-02-18 11:36:00,983 - DEBUG - Making prediction for time 219.5999999999989 -> 219.69999999999888
2025-02-18 11:36:00,993 - INFO - UPDATE (step=197)
2025-02-18 11:36:00,993 - DEBUG - First state in ensemble: [2.17369264 2.76419331 5.45199427]
2025-02-18 11:36:00,993 - DEBUG - Observation: [ 2.73010863  3.98624847 12.37869803]
2025-02-18 11:36:01,079 - INFO - PREDICT (step=198)
2025-02-18 11:36:01,079 - DEBUG - Making prediction for time 219.69999999999888 -> 219.79999999999887
2025-02-18 11:36:01,089 - INFO - UPDATE (step=198)
2025-02-18 11:36:01,090 - DEBUG - First state in ensemble: [ 0.23402335  7.69650145 12.74115741]
2025-02-18 11:36:01,090 - DEBUG - Observation: [ 2.37586562 12.03391084 10.19999346]
2025-02-18 11:36:01,173 - INFO - PREDICT (step=199)
2025-02-18 11:36:01,174 - DEBUG - Making prediction for time 219.79999999999887 -> 219.89999999999887
2025-02-18 11:36:01,183 - INFO - UPDATE (step=199)
2025-02-18 11:36:01,183 - DEBUG - First state in ensemble: [ 8.74917142 14.42031883 16.41343495]
2025-02-18 11:36:01,183 - DEBUG - Observation: [ 3.79962612 11.68529005 13.64537193]
2025-02-18 11:36:01,267 - INFO - PREDICT (step=200)
2025-02-18 11:36:01,268 - DEBUG - Making prediction for time 219.89999999999887 -> 219.99999999999886
2025-02-18 11:36:01,277 - INFO - UPDATE (step=200)
2025-02-18 11:36:01,277 - DEBUG - First state in ensemble: [3.52954042 7.64605321 8.90394067]
2025-02-18 11:36:01,277 - DEBUG - Observation: [14.6637575  15.40451941 17.24129616]
2025-02-18 11:36:01,365 - INFO - FINISHED
