2025-02-18 11:11:34,673 - INFO - MODEL=lorenz63 | FILTER=KDE | ENSEMBLE SIZE=20
2025-02-18 11:11:34,673 - DEBUG - Reference Initial State: [ 7.07143333 11.0771997  17.64386577]
2025-02-18 11:11:34,675 - INFO - PREDICT (step=1)
2025-02-18 11:11:34,675 - DEBUG - Making prediction for time 200 -> 200.1
2025-02-18 11:11:34,678 - INFO - UPDATE (step=1)
2025-02-18 11:11:34,678 - DEBUG - First state in ensemble: [ 9.46813776 14.41665096 20.50428155]
2025-02-18 11:11:34,678 - DEBUG - Observation: [ 9.4318693  15.49057949 18.73056358]
2025-02-18 11:11:34,693 - INFO - PREDICT (step=2)
2025-02-18 11:11:34,693 - DEBUG - Making prediction for time 200.1 -> 200.2
2025-02-18 11:11:34,696 - INFO - UPDATE (step=2)
2025-02-18 11:11:34,696 - DEBUG - First state in ensemble: [13.12405548 21.50865045 26.70824117]
2025-02-18 11:11:34,696 - DEBUG - Observation: [11.52581263 17.17414864 27.82682255]
2025-02-18 11:11:34,711 - INFO - PREDICT (step=3)
2025-02-18 11:11:34,711 - DEBUG - Making prediction for time 200.2 -> 200.29999999999998
2025-02-18 11:11:34,712 - INFO - UPDATE (step=3)
2025-02-18 11:11:34,712 - DEBUG - First state in ensemble: [11.15401676 12.18209591 31.0624704 ]
2025-02-18 11:11:34,712 - DEBUG - Observation: [14.27781695 12.86897829 32.13542009]
2025-02-18 11:11:34,726 - INFO - PREDICT (step=4)
2025-02-18 11:11:34,726 - DEBUG - Making prediction for time 200.29999999999998 -> 200.39999999999998
2025-02-18 11:11:34,728 - INFO - UPDATE (step=4)
2025-02-18 11:11:34,728 - DEBUG - First state in ensemble: [15.65575016 16.77164835 42.01465846]
2025-02-18 11:11:34,728 - DEBUG - Observation: [ 9.78482186 10.71306226 40.56365153]
2025-02-18 11:11:34,742 - INFO - PREDICT (step=5)
2025-02-18 11:11:34,742 - DEBUG - Making prediction for time 200.39999999999998 -> 200.49999999999997
2025-02-18 11:11:34,744 - INFO - UPDATE (step=5)
2025-02-18 11:11:34,744 - DEBUG - First state in ensemble: [13.9869533   3.96818936 44.84209206]
2025-02-18 11:11:34,744 - DEBUG - Observation: [13.79508052  4.5343313  36.81243177]
2025-02-18 11:11:34,757 - INFO - PREDICT (step=6)
2025-02-18 11:11:34,757 - DEBUG - Making prediction for time 200.49999999999997 -> 200.59999999999997
2025-02-18 11:11:34,759 - INFO - UPDATE (step=6)
2025-02-18 11:11:34,759 - DEBUG - First state in ensemble: [ 9.02868566  9.3792063  23.54254317]
2025-02-18 11:11:34,759 - DEBUG - Observation: [ 6.93544005  4.48649722 33.02065371]
2025-02-18 11:11:34,772 - INFO - PREDICT (step=7)
2025-02-18 11:11:34,772 - DEBUG - Making prediction for time 200.59999999999997 -> 200.69999999999996
2025-02-18 11:11:34,774 - INFO - UPDATE (step=7)
2025-02-18 11:11:34,774 - DEBUG - First state in ensemble: [ 5.23219932  0.78469587 30.80960587]
2025-02-18 11:11:34,774 - DEBUG - Observation: [ 3.82881489  2.14892782 28.36116127]
2025-02-18 11:11:34,788 - INFO - PREDICT (step=8)
2025-02-18 11:11:34,788 - DEBUG - Making prediction for time 200.69999999999996 -> 200.79999999999995
2025-02-18 11:11:34,791 - INFO - UPDATE (step=8)
2025-02-18 11:11:34,791 - DEBUG - First state in ensemble: [ 8.69178059  8.70938438 35.22043291]
2025-02-18 11:11:34,791 - DEBUG - Observation: [ 3.01278887  0.18749211 26.14305606]
2025-02-18 11:11:34,805 - INFO - PREDICT (step=9)
2025-02-18 11:11:34,805 - DEBUG - Making prediction for time 200.79999999999995 -> 200.89999999999995
2025-02-18 11:11:34,807 - INFO - UPDATE (step=9)
2025-02-18 11:11:34,807 - DEBUG - First state in ensemble: [ 0.76239183 -1.63998887 21.1006313 ]
2025-02-18 11:11:34,807 - DEBUG - Observation: [ 3.16432356  0.29445615 23.89706196]
2025-02-18 11:11:34,821 - INFO - PREDICT (step=10)
2025-02-18 11:11:34,821 - DEBUG - Making prediction for time 200.89999999999995 -> 200.99999999999994
2025-02-18 11:11:34,823 - INFO - UPDATE (step=10)
2025-02-18 11:11:34,823 - DEBUG - First state in ensemble: [-5.32206112 -0.02351544 13.94214841]
2025-02-18 11:11:34,823 - DEBUG - Observation: [ 4.17771141  1.89622527 19.3812592 ]
2025-02-18 11:11:34,837 - INFO - PREDICT (step=11)
2025-02-18 11:11:34,837 - DEBUG - Making prediction for time 200.99999999999994 -> 201.09999999999994
2025-02-18 11:11:34,839 - INFO - UPDATE (step=11)
2025-02-18 11:11:34,839 - DEBUG - First state in ensemble: [ 2.22795957  3.76992539 21.21287654]
2025-02-18 11:11:34,839 - DEBUG - Observation: [ 1.02810129  2.84788838 16.93565433]
2025-02-18 11:11:34,853 - INFO - PREDICT (step=12)
2025-02-18 11:11:34,853 - DEBUG - Making prediction for time 201.09999999999994 -> 201.19999999999993
2025-02-18 11:11:34,855 - INFO - UPDATE (step=12)
2025-02-18 11:11:34,855 - DEBUG - First state in ensemble: [ 5.03059061  5.8005184  25.7009893 ]
2025-02-18 11:11:34,855 - DEBUG - Observation: [ 2.77035847  4.77195041 17.08334877]
2025-02-18 11:11:34,869 - INFO - PREDICT (step=13)
2025-02-18 11:11:34,869 - DEBUG - Making prediction for time 201.19999999999993 -> 201.29999999999993
2025-02-18 11:11:34,871 - INFO - UPDATE (step=13)
2025-02-18 11:11:34,871 - DEBUG - First state in ensemble: [ 3.38407179  9.26623535 19.17257322]
2025-02-18 11:11:34,871 - DEBUG - Observation: [ 8.74533087  3.08130091 16.22139997]
2025-02-18 11:11:34,885 - INFO - PREDICT (step=14)
2025-02-18 11:11:34,885 - DEBUG - Making prediction for time 201.29999999999993 -> 201.39999999999992
2025-02-18 11:11:34,887 - INFO - UPDATE (step=14)
2025-02-18 11:11:34,887 - DEBUG - First state in ensemble: [ 5.62877179  8.54315617 15.14336824]
2025-02-18 11:11:34,887 - DEBUG - Observation: [ 8.62130992  4.90991695 14.42360284]
2025-02-18 11:11:34,901 - INFO - PREDICT (step=15)
2025-02-18 11:11:34,901 - DEBUG - Making prediction for time 201.39999999999992 -> 201.49999999999991
2025-02-18 11:11:34,904 - INFO - UPDATE (step=15)
2025-02-18 11:11:34,904 - DEBUG - First state in ensemble: [27.49716893 15.05977743 49.36654851]
2025-02-18 11:11:34,904 - DEBUG - Observation: [ 7.97677855 12.21156763 11.99679166]
2025-02-18 11:11:34,918 - INFO - PREDICT (step=16)
2025-02-18 11:11:34,919 - DEBUG - Making prediction for time 201.49999999999991 -> 201.5999999999999
2025-02-18 11:11:34,920 - INFO - UPDATE (step=16)
2025-02-18 11:11:34,920 - DEBUG - First state in ensemble: [ 9.94075611 17.34201534 17.86678331]
2025-02-18 11:11:34,920 - DEBUG - Observation: [ 8.40070687 16.94622679 21.29543545]
2025-02-18 11:11:34,934 - INFO - PREDICT (step=17)
2025-02-18 11:11:34,934 - DEBUG - Making prediction for time 201.5999999999999 -> 201.6999999999999
2025-02-18 11:11:34,936 - INFO - UPDATE (step=17)
2025-02-18 11:11:34,936 - DEBUG - First state in ensemble: [13.41761878 16.48646397 28.79362296]
2025-02-18 11:11:34,937 - DEBUG - Observation: [ 8.72713541 17.94889999 22.29944849]
2025-02-18 11:11:34,950 - INFO - PREDICT (step=18)
2025-02-18 11:11:34,950 - DEBUG - Making prediction for time 201.6999999999999 -> 201.7999999999999
2025-02-18 11:11:34,952 - INFO - UPDATE (step=18)
2025-02-18 11:11:34,952 - DEBUG - First state in ensemble: [13.53287595 18.36296336 28.08321792]
2025-02-18 11:11:34,952 - DEBUG - Observation: [13.4297783  14.89499309 35.39026032]
2025-02-18 11:11:34,967 - INFO - PREDICT (step=19)
2025-02-18 11:11:34,967 - DEBUG - Making prediction for time 201.7999999999999 -> 201.8999999999999
2025-02-18 11:11:34,968 - INFO - UPDATE (step=19)
2025-02-18 11:11:34,969 - DEBUG - First state in ensemble: [13.29924174 11.71302768 36.13774769]
2025-02-18 11:11:34,969 - DEBUG - Observation: [12.57059693 13.86987188 36.23733048]
2025-02-18 11:11:34,982 - INFO - PREDICT (step=20)
2025-02-18 11:11:34,982 - DEBUG - Making prediction for time 201.8999999999999 -> 201.9999999999999
2025-02-18 11:11:34,984 - INFO - UPDATE (step=20)
2025-02-18 11:11:34,984 - DEBUG - First state in ensemble: [11.55594235  8.12999932 48.34418132]
2025-02-18 11:11:34,984 - DEBUG - Observation: [10.65051865  3.58891156 33.059879  ]
2025-02-18 11:11:34,997 - INFO - PREDICT (step=21)
2025-02-18 11:11:34,997 - DEBUG - Making prediction for time 201.9999999999999 -> 202.09999999999988
2025-02-18 11:11:35,000 - INFO - UPDATE (step=21)
2025-02-18 11:11:35,000 - DEBUG - First state in ensemble: [ 4.43464165  0.47533068 30.15149089]
2025-02-18 11:11:35,000 - DEBUG - Observation: [11.65297915  2.81733299 33.15243654]
2025-02-18 11:11:35,013 - INFO - PREDICT (step=22)
2025-02-18 11:11:35,013 - DEBUG - Making prediction for time 202.09999999999988 -> 202.19999999999987
2025-02-18 11:11:35,017 - INFO - UPDATE (step=22)
2025-02-18 11:11:35,017 - DEBUG - First state in ensemble: [ 4.42407898 -0.454713   28.52235711]
2025-02-18 11:11:35,017 - DEBUG - Observation: [ 5.35137082 -1.03633225 26.22465888]
2025-02-18 11:11:35,031 - INFO - PREDICT (step=23)
2025-02-18 11:11:35,031 - DEBUG - Making prediction for time 202.19999999999987 -> 202.29999999999987
2025-02-18 11:11:35,033 - INFO - UPDATE (step=23)
2025-02-18 11:11:35,033 - DEBUG - First state in ensemble: [ 8.365764    6.59742361 26.65559419]
2025-02-18 11:11:35,033 - DEBUG - Observation: [ 1.73147648  2.34301868 24.79121206]
2025-02-18 11:11:35,047 - INFO - PREDICT (step=24)
2025-02-18 11:11:35,047 - DEBUG - Making prediction for time 202.29999999999987 -> 202.39999999999986
2025-02-18 11:11:35,049 - INFO - UPDATE (step=24)
2025-02-18 11:11:35,049 - DEBUG - First state in ensemble: [29.62937471 11.01867728 52.22846352]
2025-02-18 11:11:35,049 - DEBUG - Observation: [-1.24898497  0.11229689 20.64312701]
2025-02-18 11:11:35,063 - INFO - PREDICT (step=25)
2025-02-18 11:11:35,063 - DEBUG - Making prediction for time 202.39999999999986 -> 202.49999999999986
2025-02-18 11:11:35,065 - INFO - UPDATE (step=25)
2025-02-18 11:11:35,065 - DEBUG - First state in ensemble: [-2.38910025 -3.50722219 18.94367335]
2025-02-18 11:11:35,065 - DEBUG - Observation: [ 0.33036869  1.48757423 21.0901742 ]
2025-02-18 11:11:35,078 - INFO - PREDICT (step=26)
2025-02-18 11:11:35,078 - DEBUG - Making prediction for time 202.49999999999986 -> 202.59999999999985
2025-02-18 11:11:35,080 - INFO - UPDATE (step=26)
2025-02-18 11:11:35,080 - DEBUG - First state in ensemble: [ 3.36726206  3.50999071 18.17438162]
2025-02-18 11:11:35,080 - DEBUG - Observation: [ 2.13867251  0.89748334 16.77442167]
2025-02-18 11:11:35,094 - INFO - PREDICT (step=27)
2025-02-18 11:11:35,094 - DEBUG - Making prediction for time 202.59999999999985 -> 202.69999999999985
2025-02-18 11:11:35,096 - INFO - UPDATE (step=27)
2025-02-18 11:11:35,096 - DEBUG - First state in ensemble: [ 0.92243791 -3.59603327 16.76925063]
2025-02-18 11:11:35,096 - DEBUG - Observation: [-4.6530183   4.54884386 14.66154952]
2025-02-18 11:11:35,110 - INFO - PREDICT (step=28)
2025-02-18 11:11:35,110 - DEBUG - Making prediction for time 202.69999999999985 -> 202.79999999999984
2025-02-18 11:11:35,112 - INFO - UPDATE (step=28)
2025-02-18 11:11:35,112 - DEBUG - First state in ensemble: [-0.79606968 -0.57097414 13.9304973 ]
2025-02-18 11:11:35,112 - DEBUG - Observation: [-0.53187611  2.4735351  11.30583428]
2025-02-18 11:11:35,126 - INFO - PREDICT (step=29)
2025-02-18 11:11:35,126 - DEBUG - Making prediction for time 202.79999999999984 -> 202.89999999999984
2025-02-18 11:11:35,130 - INFO - UPDATE (step=29)
2025-02-18 11:11:35,130 - DEBUG - First state in ensemble: [ 3.33797516  6.25123478 12.74052537]
2025-02-18 11:11:35,130 - DEBUG - Observation: [ 3.92763119  6.86035336 12.65074158]
2025-02-18 11:11:35,143 - INFO - PREDICT (step=30)
2025-02-18 11:11:35,143 - DEBUG - Making prediction for time 202.89999999999984 -> 202.99999999999983
2025-02-18 11:11:35,145 - INFO - UPDATE (step=30)
2025-02-18 11:11:35,145 - DEBUG - First state in ensemble: [ 6.83350283 12.8564701  13.47191   ]
2025-02-18 11:11:35,145 - DEBUG - Observation: [ 5.10159619  9.12060854 10.46351541]
2025-02-18 11:11:35,159 - INFO - PREDICT (step=31)
2025-02-18 11:11:35,159 - DEBUG - Making prediction for time 202.99999999999983 -> 203.09999999999982
2025-02-18 11:11:35,161 - INFO - UPDATE (step=31)
2025-02-18 11:11:35,161 - DEBUG - First state in ensemble: [-0.62111684 -0.62953836 10.6922215 ]
2025-02-18 11:11:35,161 - DEBUG - Observation: [ 7.22752127 15.0843323  11.99120196]
2025-02-18 11:11:35,174 - INFO - PREDICT (step=32)
2025-02-18 11:11:35,174 - DEBUG - Making prediction for time 203.09999999999982 -> 203.19999999999982
2025-02-18 11:11:35,176 - INFO - UPDATE (step=32)
2025-02-18 11:11:35,176 - DEBUG - First state in ensemble: [ 9.66497286 15.80970519 18.36090174]
2025-02-18 11:11:35,176 - DEBUG - Observation: [10.21962825 15.99441616 14.21557926]
2025-02-18 11:11:35,190 - INFO - PREDICT (step=33)
2025-02-18 11:11:35,190 - DEBUG - Making prediction for time 203.19999999999982 -> 203.2999999999998
2025-02-18 11:11:35,192 - INFO - UPDATE (step=33)
2025-02-18 11:11:35,192 - DEBUG - First state in ensemble: [15.26399582 18.88333654 31.16302   ]
2025-02-18 11:11:35,192 - DEBUG - Observation: [14.66786962 21.55398901 19.45193003]
2025-02-18 11:11:35,206 - INFO - PREDICT (step=34)
2025-02-18 11:11:35,206 - DEBUG - Making prediction for time 203.2999999999998 -> 203.3999999999998
2025-02-18 11:11:35,208 - INFO - UPDATE (step=34)
2025-02-18 11:11:35,208 - DEBUG - First state in ensemble: [16.80084841 18.76379083 34.83813047]
2025-02-18 11:11:35,208 - DEBUG - Observation: [17.83061094 17.39120308 32.27494945]
2025-02-18 11:11:35,221 - INFO - PREDICT (step=35)
2025-02-18 11:11:35,221 - DEBUG - Making prediction for time 203.3999999999998 -> 203.4999999999998
2025-02-18 11:11:35,223 - INFO - UPDATE (step=35)
2025-02-18 11:11:35,223 - DEBUG - First state in ensemble: [14.31772516 14.88727869 35.43979579]
2025-02-18 11:11:35,223 - DEBUG - Observation: [15.53528642 10.05476114 36.80891221]
2025-02-18 11:11:35,237 - INFO - PREDICT (step=36)
2025-02-18 11:11:35,237 - DEBUG - Making prediction for time 203.4999999999998 -> 203.5999999999998
2025-02-18 11:11:35,240 - INFO - UPDATE (step=36)
2025-02-18 11:11:35,240 - DEBUG - First state in ensemble: [12.98319836 18.88215009 27.18852798]
2025-02-18 11:11:35,240 - DEBUG - Observation: [11.18642743  1.47498685 39.82937286]
2025-02-18 11:11:35,267 - INFO - PREDICT (step=37)
2025-02-18 11:11:35,267 - DEBUG - Making prediction for time 203.5999999999998 -> 203.6999999999998
2025-02-18 11:11:35,269 - INFO - UPDATE (step=37)
2025-02-18 11:11:35,269 - DEBUG - First state in ensemble: [ 6.83846463 -0.20558907 37.11638073]
2025-02-18 11:11:35,269 - DEBUG - Observation: [ 9.4512731  -2.74399047 36.55464779]
2025-02-18 11:11:35,286 - INFO - PREDICT (step=38)
2025-02-18 11:11:35,286 - DEBUG - Making prediction for time 203.6999999999998 -> 203.79999999999978
2025-02-18 11:11:35,288 - INFO - UPDATE (step=38)
2025-02-18 11:11:35,288 - DEBUG - First state in ensemble: [ 2.69036214 -0.71364662 29.45468603]
2025-02-18 11:11:35,288 - DEBUG - Observation: [ 4.05227749 -3.98457303 29.25270089]
2025-02-18 11:11:35,301 - INFO - PREDICT (step=39)
2025-02-18 11:11:35,302 - DEBUG - Making prediction for time 203.79999999999978 -> 203.89999999999978
2025-02-18 11:11:35,303 - INFO - UPDATE (step=39)
2025-02-18 11:11:35,303 - DEBUG - First state in ensemble: [ 0.60975092 -1.84626168 28.7592553 ]
2025-02-18 11:11:35,303 - DEBUG - Observation: [ 2.1970613  -2.27192381 26.35681591]
2025-02-18 11:11:35,317 - INFO - PREDICT (step=40)
2025-02-18 11:11:35,317 - DEBUG - Making prediction for time 203.89999999999978 -> 203.99999999999977
2025-02-18 11:11:35,319 - INFO - UPDATE (step=40)
2025-02-18 11:11:35,319 - DEBUG - First state in ensemble: [ 2.26423503  0.55011636 12.52560159]
2025-02-18 11:11:35,319 - DEBUG - Observation: [-2.13349477 -4.00950524 24.78544673]
2025-02-18 11:11:35,333 - INFO - PREDICT (step=41)
2025-02-18 11:11:35,333 - DEBUG - Making prediction for time 203.99999999999977 -> 204.09999999999977
2025-02-18 11:11:35,335 - INFO - UPDATE (step=41)
2025-02-18 11:11:35,335 - DEBUG - First state in ensemble: [-3.0216271  -6.1507592  20.49560775]
2025-02-18 11:11:35,335 - DEBUG - Observation: [-4.68583189 -4.66025746 19.20330011]
2025-02-18 11:11:35,349 - INFO - PREDICT (step=42)
2025-02-18 11:11:35,349 - DEBUG - Making prediction for time 204.09999999999977 -> 204.19999999999976
2025-02-18 11:11:35,351 - INFO - UPDATE (step=42)
2025-02-18 11:11:35,351 - DEBUG - First state in ensemble: [ -7.07671696 -10.85352423  13.94111172]
2025-02-18 11:11:35,351 - DEBUG - Observation: [ 0.33625424 -3.77043749 17.09079158]
2025-02-18 11:11:35,365 - INFO - PREDICT (step=43)
2025-02-18 11:11:35,365 - DEBUG - Making prediction for time 204.19999999999976 -> 204.29999999999976
2025-02-18 11:11:35,368 - INFO - UPDATE (step=43)
2025-02-18 11:11:35,369 - DEBUG - First state in ensemble: [-1.1091858  -2.06378021 14.11863306]
2025-02-18 11:11:35,369 - DEBUG - Observation: [-0.08259252 -5.9662731  17.02521526]
2025-02-18 11:11:35,383 - INFO - PREDICT (step=44)
2025-02-18 11:11:35,383 - DEBUG - Making prediction for time 204.29999999999976 -> 204.39999999999975
2025-02-18 11:11:35,385 - INFO - UPDATE (step=44)
2025-02-18 11:11:35,385 - DEBUG - First state in ensemble: [ 4.18950977  6.96434483 13.19832642]
2025-02-18 11:11:35,385 - DEBUG - Observation: [-3.39146552 -5.32067557 12.87682236]
2025-02-18 11:11:35,398 - INFO - PREDICT (step=45)
2025-02-18 11:11:35,398 - DEBUG - Making prediction for time 204.39999999999975 -> 204.49999999999974
2025-02-18 11:11:35,401 - INFO - UPDATE (step=45)
2025-02-18 11:11:35,401 - DEBUG - First state in ensemble: [-2.77591377 -7.52197746 10.80006416]
2025-02-18 11:11:35,401 - DEBUG - Observation: [-4.38968239 -8.36958851 13.26507806]
2025-02-18 11:11:35,414 - INFO - PREDICT (step=46)
2025-02-18 11:11:35,414 - DEBUG - Making prediction for time 204.49999999999974 -> 204.59999999999974
2025-02-18 11:11:35,416 - INFO - UPDATE (step=46)
2025-02-18 11:11:35,416 - DEBUG - First state in ensemble: [ -9.52479964 -15.68626125  15.58845442]
2025-02-18 11:11:35,417 - DEBUG - Observation: [-10.05350121 -14.50906255  16.84645201]
2025-02-18 11:11:35,430 - INFO - PREDICT (step=47)
2025-02-18 11:11:35,430 - DEBUG - Making prediction for time 204.59999999999974 -> 204.69999999999973
2025-02-18 11:11:35,432 - INFO - UPDATE (step=47)
2025-02-18 11:11:35,432 - DEBUG - First state in ensemble: [-12.662183   -20.34916998  23.40591106]
2025-02-18 11:11:35,432 - DEBUG - Observation: [-10.0888949  -19.10336888  21.50650989]
2025-02-18 11:11:35,445 - INFO - PREDICT (step=48)
2025-02-18 11:11:35,445 - DEBUG - Making prediction for time 204.69999999999973 -> 204.79999999999973
2025-02-18 11:11:35,447 - INFO - UPDATE (step=48)
2025-02-18 11:11:35,447 - DEBUG - First state in ensemble: [-12.64740547 -20.09811784  21.78257258]
2025-02-18 11:11:35,447 - DEBUG - Observation: [-12.54742284 -16.00900825  28.32823774]
2025-02-18 11:11:35,461 - INFO - PREDICT (step=49)
2025-02-18 11:11:35,461 - DEBUG - Making prediction for time 204.79999999999973 -> 204.89999999999972
2025-02-18 11:11:35,462 - INFO - UPDATE (step=49)
2025-02-18 11:11:35,462 - DEBUG - First state in ensemble: [-12.87994292 -17.97194715  28.37979974]
2025-02-18 11:11:35,462 - DEBUG - Observation: [-14.99206543 -13.31558455  35.72955762]
2025-02-18 11:11:35,476 - INFO - PREDICT (step=50)
2025-02-18 11:11:35,476 - DEBUG - Making prediction for time 204.89999999999972 -> 204.99999999999972
2025-02-18 11:11:35,479 - INFO - UPDATE (step=50)
2025-02-18 11:11:35,480 - DEBUG - First state in ensemble: [-11.30960153 -11.27103782  33.77519338]
2025-02-18 11:11:35,480 - DEBUG - Observation: [-13.03351614  -7.10663293  39.67905674]
2025-02-18 11:11:35,493 - INFO - PREDICT (step=51)
2025-02-18 11:11:35,493 - DEBUG - Making prediction for time 204.99999999999972 -> 205.0999999999997
2025-02-18 11:11:35,495 - INFO - UPDATE (step=51)
2025-02-18 11:11:35,495 - DEBUG - First state in ensemble: [-8.68204011 -1.88907421 33.89653979]
2025-02-18 11:11:35,495 - DEBUG - Observation: [-10.72610836  -2.93841867  36.3293741 ]
2025-02-18 11:11:35,508 - INFO - PREDICT (step=52)
2025-02-18 11:11:35,508 - DEBUG - Making prediction for time 205.0999999999997 -> 205.1999999999997
2025-02-18 11:11:35,510 - INFO - UPDATE (step=52)
2025-02-18 11:11:35,510 - DEBUG - First state in ensemble: [ 2.07520199  5.28281757 34.90679965]
2025-02-18 11:11:35,511 - DEBUG - Observation: [-9.04887073  5.58769179 29.28236739]
2025-02-18 11:11:35,524 - INFO - PREDICT (step=53)
2025-02-18 11:11:35,524 - DEBUG - Making prediction for time 205.1999999999997 -> 205.2999999999997
2025-02-18 11:11:35,526 - INFO - UPDATE (step=53)
2025-02-18 11:11:35,526 - DEBUG - First state in ensemble: [-2.01444549e-02  1.32770748e+01  3.27708231e+01]
2025-02-18 11:11:35,526 - DEBUG - Observation: [-1.46918724  0.63482292 27.22463016]
2025-02-18 11:11:35,540 - INFO - PREDICT (step=54)
2025-02-18 11:11:35,540 - DEBUG - Making prediction for time 205.2999999999997 -> 205.3999999999997
2025-02-18 11:11:35,542 - INFO - UPDATE (step=54)
2025-02-18 11:11:35,542 - DEBUG - First state in ensemble: [ 0.03378549  2.48879457 22.30979292]
2025-02-18 11:11:35,542 - DEBUG - Observation: [-1.07806423 -1.52745588 26.49941213]
2025-02-18 11:11:35,556 - INFO - PREDICT (step=55)
2025-02-18 11:11:35,556 - DEBUG - Making prediction for time 205.3999999999997 -> 205.4999999999997
2025-02-18 11:11:35,558 - INFO - UPDATE (step=55)
2025-02-18 11:11:35,558 - DEBUG - First state in ensemble: [-18.21286842 -34.98716173  -2.4574929 ]
2025-02-18 11:11:35,559 - DEBUG - Observation: [-2.77584516  2.04806963 20.1454647 ]
2025-02-18 11:11:35,572 - INFO - PREDICT (step=56)
2025-02-18 11:11:35,572 - DEBUG - Making prediction for time 205.4999999999997 -> 205.59999999999968
2025-02-18 11:11:35,574 - INFO - UPDATE (step=56)
2025-02-18 11:11:35,574 - DEBUG - First state in ensemble: [-6.93608604 -9.56395228 15.59532347]
2025-02-18 11:11:35,574 - DEBUG - Observation: [-2.4734146   1.86756662 20.54744652]
2025-02-18 11:11:35,588 - INFO - PREDICT (step=57)
2025-02-18 11:11:35,588 - DEBUG - Making prediction for time 205.59999999999968 -> 205.69999999999968
2025-02-18 11:11:35,591 - INFO - UPDATE (step=57)
2025-02-18 11:11:35,592 - DEBUG - First state in ensemble: [-2.37847345 -3.87492097 18.43942948]
2025-02-18 11:11:35,592 - DEBUG - Observation: [-4.89421296  1.40289946 17.6579083 ]
2025-02-18 11:11:35,606 - INFO - PREDICT (step=58)
2025-02-18 11:11:35,606 - DEBUG - Making prediction for time 205.69999999999968 -> 205.79999999999967
2025-02-18 11:11:35,608 - INFO - UPDATE (step=58)
2025-02-18 11:11:35,609 - DEBUG - First state in ensemble: [24.61509856 49.24337024  7.55155008]
2025-02-18 11:11:35,609 - DEBUG - Observation: [-2.21712353  1.58511944 14.7607951 ]
2025-02-18 11:11:35,623 - INFO - PREDICT (step=59)
2025-02-18 11:11:35,623 - DEBUG - Making prediction for time 205.79999999999967 -> 205.89999999999966
2025-02-18 11:11:35,625 - INFO - UPDATE (step=59)
2025-02-18 11:11:35,625 - DEBUG - First state in ensemble: [ 1.70194787  3.25513292 12.43956024]
2025-02-18 11:11:35,625 - DEBUG - Observation: [-0.73986969 -2.65461178 10.08652967]
2025-02-18 11:11:35,639 - INFO - PREDICT (step=60)
2025-02-18 11:11:35,639 - DEBUG - Making prediction for time 205.89999999999966 -> 205.99999999999966
2025-02-18 11:11:35,641 - INFO - UPDATE (step=60)
2025-02-18 11:11:35,641 - DEBUG - First state in ensemble: [ 1.03987217  1.62311801 11.99103384]
2025-02-18 11:11:35,641 - DEBUG - Observation: [ 0.80719115 -2.13478293 11.36236055]
2025-02-18 11:11:35,655 - INFO - PREDICT (step=61)
2025-02-18 11:11:35,655 - DEBUG - Making prediction for time 205.99999999999966 -> 206.09999999999965
2025-02-18 11:11:35,657 - INFO - UPDATE (step=61)
2025-02-18 11:11:35,657 - DEBUG - First state in ensemble: [-1.11391319  0.29524025  9.35335406]
2025-02-18 11:11:35,657 - DEBUG - Observation: [-3.79942795 -7.55567037 10.03788005]
2025-02-18 11:11:35,671 - INFO - PREDICT (step=62)
2025-02-18 11:11:35,671 - DEBUG - Making prediction for time 206.09999999999965 -> 206.19999999999965
2025-02-18 11:11:35,673 - INFO - UPDATE (step=62)
2025-02-18 11:11:35,673 - DEBUG - First state in ensemble: [ 8.76049628 22.88507399 12.19190646]
2025-02-18 11:11:35,673 - DEBUG - Observation: [ 0.18503965 -6.05087225  7.44836033]
2025-02-18 11:11:35,687 - INFO - PREDICT (step=63)
2025-02-18 11:11:35,687 - DEBUG - Making prediction for time 206.19999999999965 -> 206.29999999999964
2025-02-18 11:11:35,689 - INFO - UPDATE (step=63)
2025-02-18 11:11:35,689 - DEBUG - First state in ensemble: [-2.253771   -5.82827351  2.47281184]
2025-02-18 11:11:35,689 - DEBUG - Observation: [ -5.43452512 -12.05141379   9.52286616]
2025-02-18 11:11:35,704 - INFO - PREDICT (step=64)
2025-02-18 11:11:35,704 - DEBUG - Making prediction for time 206.29999999999964 -> 206.39999999999964
2025-02-18 11:11:35,707 - INFO - UPDATE (step=64)
2025-02-18 11:11:35,707 - DEBUG - First state in ensemble: [-17.84645795 -34.1868615    9.59390715]
2025-02-18 11:11:35,707 - DEBUG - Observation: [ -8.13373764 -18.42183786  14.81085736]
2025-02-18 11:11:35,720 - INFO - PREDICT (step=65)
2025-02-18 11:11:35,720 - DEBUG - Making prediction for time 206.39999999999964 -> 206.49999999999963
2025-02-18 11:11:35,722 - INFO - UPDATE (step=65)
2025-02-18 11:11:35,722 - DEBUG - First state in ensemble: [-10.4501685  -18.03967457  19.20847338]
2025-02-18 11:11:35,722 - DEBUG - Observation: [-13.03581439 -20.27023738  24.19177815]
2025-02-18 11:11:35,736 - INFO - PREDICT (step=66)
2025-02-18 11:11:35,736 - DEBUG - Making prediction for time 206.49999999999963 -> 206.59999999999962
2025-02-18 11:11:35,738 - INFO - UPDATE (step=66)
2025-02-18 11:11:35,738 - DEBUG - First state in ensemble: [-20.96884178 -13.98883525  50.01552641]
2025-02-18 11:11:35,738 - DEBUG - Observation: [-15.6110115  -17.27300946  37.37087056]
2025-02-18 11:11:35,752 - INFO - PREDICT (step=67)
2025-02-18 11:11:35,752 - DEBUG - Making prediction for time 206.59999999999962 -> 206.69999999999962
2025-02-18 11:11:35,754 - INFO - UPDATE (step=67)
2025-02-18 11:11:35,754 - DEBUG - First state in ensemble: [-15.50518262  -3.74777411  44.87483767]
2025-02-18 11:11:35,754 - DEBUG - Observation: [-15.48209101  -7.71881454  39.02128586]
2025-02-18 11:11:35,769 - INFO - PREDICT (step=68)
2025-02-18 11:11:35,769 - DEBUG - Making prediction for time 206.69999999999962 -> 206.7999999999996
2025-02-18 11:11:35,771 - INFO - UPDATE (step=68)
2025-02-18 11:11:35,771 - DEBUG - First state in ensemble: [-12.59881684  -5.19424786  39.16791086]
2025-02-18 11:11:35,771 - DEBUG - Observation: [-9.71731756  2.68812542 38.88009676]
2025-02-18 11:11:35,784 - INFO - PREDICT (step=69)
2025-02-18 11:11:35,784 - DEBUG - Making prediction for time 206.7999999999996 -> 206.8999999999996
2025-02-18 11:11:35,786 - INFO - UPDATE (step=69)
2025-02-18 11:11:35,786 - DEBUG - First state in ensemble: [-2.81321045  5.60478286 32.98562158]
2025-02-18 11:11:35,786 - DEBUG - Observation: [-6.77414363 -3.3745214  36.08153362]
2025-02-18 11:11:35,799 - INFO - PREDICT (step=70)
2025-02-18 11:11:35,799 - DEBUG - Making prediction for time 206.8999999999996 -> 206.9999999999996
2025-02-18 11:11:35,802 - INFO - UPDATE (step=70)
2025-02-18 11:11:35,802 - DEBUG - First state in ensemble: [-3.06548375 -5.40533954 36.41704891]
2025-02-18 11:11:35,802 - DEBUG - Observation: [-1.72380318  2.45542645 28.33634393]
2025-02-18 11:11:35,816 - INFO - PREDICT (step=71)
2025-02-18 11:11:35,816 - DEBUG - Making prediction for time 206.9999999999996 -> 207.0999999999996
2025-02-18 11:11:35,819 - INFO - UPDATE (step=71)
2025-02-18 11:11:35,819 - DEBUG - First state in ensemble: [ 1.29428539  3.97273148 25.89217636]
2025-02-18 11:11:35,819 - DEBUG - Observation: [ 1.62045508  4.85370893 23.81175814]
2025-02-18 11:11:35,833 - INFO - PREDICT (step=72)
2025-02-18 11:11:35,833 - DEBUG - Making prediction for time 207.0999999999996 -> 207.1999999999996
2025-02-18 11:11:35,835 - INFO - UPDATE (step=72)
2025-02-18 11:11:35,835 - DEBUG - First state in ensemble: [ 1.49931216  5.84603472 23.37197452]
2025-02-18 11:11:35,835 - DEBUG - Observation: [ 0.28291391  2.46775254 22.9353592 ]
2025-02-18 11:11:35,849 - INFO - PREDICT (step=73)
2025-02-18 11:11:35,849 - DEBUG - Making prediction for time 207.1999999999996 -> 207.29999999999959
2025-02-18 11:11:35,851 - INFO - UPDATE (step=73)
2025-02-18 11:11:35,851 - DEBUG - First state in ensemble: [ 3.626115    6.26901103 20.88728981]
2025-02-18 11:11:35,851 - DEBUG - Observation: [ 6.90767921  4.98959644 17.67421228]
2025-02-18 11:11:35,865 - INFO - PREDICT (step=74)
2025-02-18 11:11:35,865 - DEBUG - Making prediction for time 207.29999999999959 -> 207.39999999999958
2025-02-18 11:11:35,867 - INFO - UPDATE (step=74)
2025-02-18 11:11:35,867 - DEBUG - First state in ensemble: [ 2.62829939  5.46755065 15.06377412]
2025-02-18 11:11:35,867 - DEBUG - Observation: [ 4.37489017  5.0624359  17.36063865]
2025-02-18 11:11:35,880 - INFO - PREDICT (step=75)
2025-02-18 11:11:35,880 - DEBUG - Making prediction for time 207.39999999999958 -> 207.49999999999957
2025-02-18 11:11:35,882 - INFO - UPDATE (step=75)
2025-02-18 11:11:35,882 - DEBUG - First state in ensemble: [ 0.48107037  1.55516769 17.53213063]
2025-02-18 11:11:35,882 - DEBUG - Observation: [ 2.31143377  6.56617136 14.36498811]
2025-02-18 11:11:35,896 - INFO - PREDICT (step=76)
2025-02-18 11:11:35,896 - DEBUG - Making prediction for time 207.49999999999957 -> 207.59999999999957
2025-02-18 11:11:35,898 - INFO - UPDATE (step=76)
2025-02-18 11:11:35,898 - DEBUG - First state in ensemble: [ 3.78010441  5.82111863 14.39690919]
2025-02-18 11:11:35,898 - DEBUG - Observation: [ 6.48637546  9.15260076 18.85497696]
2025-02-18 11:11:35,912 - INFO - PREDICT (step=77)
2025-02-18 11:11:35,912 - DEBUG - Making prediction for time 207.59999999999957 -> 207.69999999999956
2025-02-18 11:11:35,914 - INFO - UPDATE (step=77)
2025-02-18 11:11:35,914 - DEBUG - First state in ensemble: [ 7.84115511 13.26904515 17.32862936]
2025-02-18 11:11:35,914 - DEBUG - Observation: [ 6.06005036 11.5124276  16.55718184]
2025-02-18 11:11:35,928 - INFO - PREDICT (step=78)
2025-02-18 11:11:35,928 - DEBUG - Making prediction for time 207.69999999999956 -> 207.79999999999956
2025-02-18 11:11:35,931 - INFO - UPDATE (step=78)
2025-02-18 11:11:35,931 - DEBUG - First state in ensemble: [ 8.77198633 14.38496389 18.60956453]
2025-02-18 11:11:35,931 - DEBUG - Observation: [11.74633446 15.55299824 17.48687875]
2025-02-18 11:11:35,945 - INFO - PREDICT (step=79)
2025-02-18 11:11:35,945 - DEBUG - Making prediction for time 207.79999999999956 -> 207.89999999999955
2025-02-18 11:11:35,947 - INFO - UPDATE (step=79)
2025-02-18 11:11:35,947 - DEBUG - First state in ensemble: [ 8.05068864  5.93029433 26.65041347]
2025-02-18 11:11:35,947 - DEBUG - Observation: [15.95202039 20.3857381  25.67768928]
2025-02-18 11:11:35,960 - INFO - PREDICT (step=80)
2025-02-18 11:11:35,960 - DEBUG - Making prediction for time 207.89999999999955 -> 207.99999999999955
2025-02-18 11:11:35,962 - INFO - UPDATE (step=80)
2025-02-18 11:11:35,962 - DEBUG - First state in ensemble: [14.79084018 15.36643971 34.29883968]
2025-02-18 11:11:35,962 - DEBUG - Observation: [12.73836223 16.29563686 32.38632635]
2025-02-18 11:11:35,976 - INFO - PREDICT (step=81)
2025-02-18 11:11:35,976 - DEBUG - Making prediction for time 207.99999999999955 -> 208.09999999999954
2025-02-18 11:11:35,978 - INFO - UPDATE (step=81)
2025-02-18 11:11:35,978 - DEBUG - First state in ensemble: [20.72286386 14.12919523 55.078696  ]
2025-02-18 11:11:35,978 - DEBUG - Observation: [11.61142385  8.53537584 34.43901982]
2025-02-18 11:11:35,992 - INFO - PREDICT (step=82)
2025-02-18 11:11:35,992 - DEBUG - Making prediction for time 208.09999999999954 -> 208.19999999999953
2025-02-18 11:11:35,994 - INFO - UPDATE (step=82)
2025-02-18 11:11:35,994 - DEBUG - First state in ensemble: [ 7.74395167  4.09832257 32.56647295]
2025-02-18 11:11:35,994 - DEBUG - Observation: [ 9.50140888  1.21662153 36.59621215]
2025-02-18 11:11:36,007 - INFO - PREDICT (step=83)
2025-02-18 11:11:36,007 - DEBUG - Making prediction for time 208.19999999999953 -> 208.29999999999953
2025-02-18 11:11:36,009 - INFO - UPDATE (step=83)
2025-02-18 11:11:36,009 - DEBUG - First state in ensemble: [ 5.31591466  1.39880954 37.11377389]
2025-02-18 11:11:36,009 - DEBUG - Observation: [ 7.41774834  0.44135896 32.74548473]
2025-02-18 11:11:36,023 - INFO - PREDICT (step=84)
2025-02-18 11:11:36,023 - DEBUG - Making prediction for time 208.29999999999953 -> 208.39999999999952
2025-02-18 11:11:36,025 - INFO - UPDATE (step=84)
2025-02-18 11:11:36,025 - DEBUG - First state in ensemble: [ 5.49287208  3.56264683 27.70669774]
2025-02-18 11:11:36,025 - DEBUG - Observation: [ 6.59454754  1.64563842 26.70286944]
2025-02-18 11:11:36,039 - INFO - PREDICT (step=85)
2025-02-18 11:11:36,039 - DEBUG - Making prediction for time 208.39999999999952 -> 208.49999999999952
2025-02-18 11:11:36,042 - INFO - UPDATE (step=85)
2025-02-18 11:11:36,043 - DEBUG - First state in ensemble: [ 9.63988381 16.2810051  25.60897679]
2025-02-18 11:11:36,043 - DEBUG - Observation: [ 4.53558956 -0.18025525 24.26606815]
2025-02-18 11:11:36,056 - INFO - PREDICT (step=86)
2025-02-18 11:11:36,057 - DEBUG - Making prediction for time 208.49999999999952 -> 208.5999999999995
2025-02-18 11:11:36,058 - INFO - UPDATE (step=86)
2025-02-18 11:11:36,059 - DEBUG - First state in ensemble: [10.30600496  7.44308543 25.66691204]
2025-02-18 11:11:36,059 - DEBUG - Observation: [ 0.8445307   0.76104449 20.6503692 ]
2025-02-18 11:11:36,072 - INFO - PREDICT (step=87)
2025-02-18 11:11:36,072 - DEBUG - Making prediction for time 208.5999999999995 -> 208.6999999999995
2025-02-18 11:11:36,074 - INFO - UPDATE (step=87)
2025-02-18 11:11:36,074 - DEBUG - First state in ensemble: [1.64639298 7.67213315 7.01298337]
2025-02-18 11:11:36,074 - DEBUG - Observation: [ 1.25120262  1.85505214 19.21538381]
2025-02-18 11:11:36,088 - INFO - PREDICT (step=88)
2025-02-18 11:11:36,088 - DEBUG - Making prediction for time 208.6999999999995 -> 208.7999999999995
2025-02-18 11:11:36,090 - INFO - UPDATE (step=88)
2025-02-18 11:11:36,090 - DEBUG - First state in ensemble: [ 3.96244998 -6.0025287  18.7976925 ]
2025-02-18 11:11:36,090 - DEBUG - Observation: [-0.42995107 -1.78209646 15.3785387 ]
2025-02-18 11:11:36,104 - INFO - PREDICT (step=89)
2025-02-18 11:11:36,104 - DEBUG - Making prediction for time 208.7999999999995 -> 208.8999999999995
2025-02-18 11:11:36,106 - INFO - UPDATE (step=89)
2025-02-18 11:11:36,106 - DEBUG - First state in ensemble: [ 0.55619524  0.71250391 14.30848322]
2025-02-18 11:11:36,106 - DEBUG - Observation: [-0.9151449  -0.32691402 12.42966415]
2025-02-18 11:11:36,120 - INFO - PREDICT (step=90)
2025-02-18 11:11:36,120 - DEBUG - Making prediction for time 208.8999999999995 -> 208.9999999999995
2025-02-18 11:11:36,122 - INFO - UPDATE (step=90)
2025-02-18 11:11:36,122 - DEBUG - First state in ensemble: [ 1.26428844  6.2959073  21.14965096]
2025-02-18 11:11:36,122 - DEBUG - Observation: [ 3.75891049  3.98177474 13.56355684]
2025-02-18 11:11:36,136 - INFO - PREDICT (step=91)
2025-02-18 11:11:36,136 - DEBUG - Making prediction for time 208.9999999999995 -> 209.09999999999948
2025-02-18 11:11:36,138 - INFO - UPDATE (step=91)
2025-02-18 11:11:36,138 - DEBUG - First state in ensemble: [ 3.26728792  1.19481982 11.70274245]
2025-02-18 11:11:36,138 - DEBUG - Observation: [ 3.66378467  3.71888212 12.81339708]
2025-02-18 11:11:36,152 - INFO - PREDICT (step=92)
2025-02-18 11:11:36,152 - DEBUG - Making prediction for time 209.09999999999948 -> 209.19999999999948
2025-02-18 11:11:36,156 - INFO - UPDATE (step=92)
2025-02-18 11:11:36,156 - DEBUG - First state in ensemble: [ 3.76731436  4.95306293 10.38298387]
2025-02-18 11:11:36,156 - DEBUG - Observation: [ 2.55257001  6.77743147 11.06677489]
2025-02-18 11:11:36,170 - INFO - PREDICT (step=93)
2025-02-18 11:11:36,170 - DEBUG - Making prediction for time 209.19999999999948 -> 209.29999999999947
2025-02-18 11:11:36,172 - INFO - UPDATE (step=93)
2025-02-18 11:11:36,172 - DEBUG - First state in ensemble: [23.18503704 21.17143606 24.00060091]
2025-02-18 11:11:36,172 - DEBUG - Observation: [ 5.51021589 10.0305421  11.24829059]
2025-02-18 11:11:36,185 - INFO - PREDICT (step=94)
2025-02-18 11:11:36,185 - DEBUG - Making prediction for time 209.29999999999947 -> 209.39999999999947
2025-02-18 11:11:36,188 - INFO - UPDATE (step=94)
2025-02-18 11:11:36,188 - DEBUG - First state in ensemble: [ 6.10001627 11.25870913 13.18379712]
2025-02-18 11:11:36,188 - DEBUG - Observation: [ 8.34632457 12.78402674 10.33994462]
2025-02-18 11:11:36,201 - INFO - PREDICT (step=95)
2025-02-18 11:11:36,201 - DEBUG - Making prediction for time 209.39999999999947 -> 209.49999999999946
2025-02-18 11:11:36,203 - INFO - UPDATE (step=95)
2025-02-18 11:11:36,203 - DEBUG - First state in ensemble: [13.07018692 19.99036444 21.56663074]
2025-02-18 11:11:36,203 - DEBUG - Observation: [13.5068733  22.03990998 22.42203738]
2025-02-18 11:11:36,217 - INFO - PREDICT (step=96)
2025-02-18 11:11:36,217 - DEBUG - Making prediction for time 209.49999999999946 -> 209.59999999999945
2025-02-18 11:11:36,219 - INFO - UPDATE (step=96)
2025-02-18 11:11:36,219 - DEBUG - First state in ensemble: [13.75033364 16.76681811 30.25110416]
2025-02-18 11:11:36,219 - DEBUG - Observation: [12.49079566 21.36642763 29.7021638 ]
2025-02-18 11:11:36,234 - INFO - PREDICT (step=97)
2025-02-18 11:11:36,235 - DEBUG - Making prediction for time 209.59999999999945 -> 209.69999999999945
2025-02-18 11:11:36,237 - INFO - UPDATE (step=97)
2025-02-18 11:11:36,237 - DEBUG - First state in ensemble: [13.29462382 -1.53138324 45.69170245]
2025-02-18 11:11:36,237 - DEBUG - Observation: [13.64369524 14.91457928 36.22531192]
2025-02-18 11:11:36,253 - INFO - PREDICT (step=98)
2025-02-18 11:11:36,253 - DEBUG - Making prediction for time 209.69999999999945 -> 209.79999999999944
2025-02-18 11:11:36,255 - INFO - UPDATE (step=98)
2025-02-18 11:11:36,255 - DEBUG - First state in ensemble: [ 6.15032751  0.80177633 22.25386576]
2025-02-18 11:11:36,255 - DEBUG - Observation: [12.37030098  5.20844694 38.22733129]
2025-02-18 11:11:36,270 - INFO - PREDICT (step=99)
2025-02-18 11:11:36,270 - DEBUG - Making prediction for time 209.79999999999944 -> 209.89999999999944
2025-02-18 11:11:36,274 - INFO - UPDATE (step=99)
2025-02-18 11:11:36,274 - DEBUG - First state in ensemble: [ 9.35284159  2.5773778  35.40250428]
2025-02-18 11:11:36,274 - DEBUG - Observation: [ 7.93922157 -1.4590733  33.6171356 ]
2025-02-18 11:11:36,290 - INFO - PREDICT (step=100)
2025-02-18 11:11:36,290 - DEBUG - Making prediction for time 209.89999999999944 -> 209.99999999999943
2025-02-18 11:11:36,292 - INFO - UPDATE (step=100)
2025-02-18 11:11:36,292 - DEBUG - First state in ensemble: [ 4.62243544  0.78540698 27.88639969]
2025-02-18 11:11:36,292 - DEBUG - Observation: [ 4.6816794  -4.81988594 32.98379784]
2025-02-18 11:11:36,307 - INFO - PREDICT (step=101)
2025-02-18 11:11:36,308 - DEBUG - Making prediction for time 209.99999999999943 -> 210.09999999999943
2025-02-18 11:11:36,310 - INFO - UPDATE (step=101)
2025-02-18 11:11:36,310 - DEBUG - First state in ensemble: [ 3.74922502 -4.01674723 21.84138032]
2025-02-18 11:11:36,310 - DEBUG - Observation: [ 0.39804743 -1.49636587 25.94322149]
2025-02-18 11:11:36,326 - INFO - PREDICT (step=102)
2025-02-18 11:11:36,326 - DEBUG - Making prediction for time 210.09999999999943 -> 210.19999999999942
2025-02-18 11:11:36,328 - INFO - UPDATE (step=102)
2025-02-18 11:11:36,328 - DEBUG - First state in ensemble: [ 3.02528968  1.35298187 21.2567616 ]
2025-02-18 11:11:36,328 - DEBUG - Observation: [ 1.53542074 -1.59415975 21.72569609]
2025-02-18 11:11:36,343 - INFO - PREDICT (step=103)
2025-02-18 11:11:36,343 - DEBUG - Making prediction for time 210.19999999999942 -> 210.29999999999941
2025-02-18 11:11:36,346 - INFO - UPDATE (step=103)
2025-02-18 11:11:36,346 - DEBUG - First state in ensemble: [-21.67427146 -11.58883472  28.41870285]
2025-02-18 11:11:36,346 - DEBUG - Observation: [-0.70272165 -2.6739801  23.72115309]
2025-02-18 11:11:36,360 - INFO - PREDICT (step=104)
2025-02-18 11:11:36,360 - DEBUG - Making prediction for time 210.29999999999941 -> 210.3999999999994
2025-02-18 11:11:36,363 - INFO - UPDATE (step=104)
2025-02-18 11:11:36,363 - DEBUG - First state in ensemble: [-6.96291017 -5.18539506 26.42594815]
2025-02-18 11:11:36,363 - DEBUG - Observation: [ 1.30171375 -5.63075167 18.60960981]
2025-02-18 11:11:36,378 - INFO - PREDICT (step=105)
2025-02-18 11:11:36,378 - DEBUG - Making prediction for time 210.3999999999994 -> 210.4999999999994
2025-02-18 11:11:36,380 - INFO - UPDATE (step=105)
2025-02-18 11:11:36,380 - DEBUG - First state in ensemble: [ 1.77658819  0.66158694 18.2811928 ]
2025-02-18 11:11:36,380 - DEBUG - Observation: [-0.31476162 -2.51935858 16.07442072]
2025-02-18 11:11:36,395 - INFO - PREDICT (step=106)
2025-02-18 11:11:36,396 - DEBUG - Making prediction for time 210.4999999999994 -> 210.5999999999994
2025-02-18 11:11:36,399 - INFO - UPDATE (step=106)
2025-02-18 11:11:36,400 - DEBUG - First state in ensemble: [-4.65927751 -7.50552964 15.70329134]
2025-02-18 11:11:36,400 - DEBUG - Observation: [-2.84397411 -8.94171177 12.98757796]
2025-02-18 11:11:36,414 - INFO - PREDICT (step=107)
2025-02-18 11:11:36,414 - DEBUG - Making prediction for time 210.5999999999994 -> 210.6999999999994
2025-02-18 11:11:36,416 - INFO - UPDATE (step=107)
2025-02-18 11:11:36,416 - DEBUG - First state in ensemble: [-14.76617055 -25.54921844  26.48510118]
2025-02-18 11:11:36,416 - DEBUG - Observation: [-0.49664829 -6.15577432 12.97974772]
2025-02-18 11:11:36,430 - INFO - PREDICT (step=108)
2025-02-18 11:11:36,430 - DEBUG - Making prediction for time 210.6999999999994 -> 210.7999999999994
2025-02-18 11:11:36,432 - INFO - UPDATE (step=108)
2025-02-18 11:11:36,432 - DEBUG - First state in ensemble: [ -8.60987421 -13.05294634  18.82416854]
2025-02-18 11:11:36,432 - DEBUG - Observation: [-2.34887451 -9.95882973 16.6886109 ]
2025-02-18 11:11:36,448 - INFO - PREDICT (step=109)
2025-02-18 11:11:36,448 - DEBUG - Making prediction for time 210.7999999999994 -> 210.89999999999938
2025-02-18 11:11:36,449 - INFO - UPDATE (step=109)
2025-02-18 11:11:36,450 - DEBUG - First state in ensemble: [ -9.11191235 -14.52857489  18.73829419]
2025-02-18 11:11:36,450 - DEBUG - Observation: [ -7.30245756 -14.45890061  13.23603342]
2025-02-18 11:11:36,465 - INFO - PREDICT (step=110)
2025-02-18 11:11:36,465 - DEBUG - Making prediction for time 210.89999999999938 -> 210.99999999999937
2025-02-18 11:11:36,467 - INFO - UPDATE (step=110)
2025-02-18 11:11:36,467 - DEBUG - First state in ensemble: [-24.00833323 -18.7703541   37.31082976]
2025-02-18 11:11:36,467 - DEBUG - Observation: [-11.46442236 -18.40814425  23.06936647]
2025-02-18 11:11:36,482 - INFO - PREDICT (step=111)
2025-02-18 11:11:36,482 - DEBUG - Making prediction for time 210.99999999999937 -> 211.09999999999937
2025-02-18 11:11:36,484 - INFO - UPDATE (step=111)
2025-02-18 11:11:36,485 - DEBUG - First state in ensemble: [-14.80978713 -18.95181591  28.98807875]
2025-02-18 11:11:36,485 - DEBUG - Observation: [-12.35627409 -19.91206617  27.20861063]
2025-02-18 11:11:36,499 - INFO - PREDICT (step=112)
2025-02-18 11:11:36,499 - DEBUG - Making prediction for time 211.09999999999937 -> 211.19999999999936
2025-02-18 11:11:36,503 - INFO - UPDATE (step=112)
2025-02-18 11:11:36,503 - DEBUG - First state in ensemble: [-14.13038704 -16.37553989  31.42529935]
2025-02-18 11:11:36,503 - DEBUG - Observation: [-15.87043356 -14.6397883   35.96847665]
2025-02-18 11:11:36,517 - INFO - PREDICT (step=113)
2025-02-18 11:11:36,517 - DEBUG - Making prediction for time 211.19999999999936 -> 211.29999999999936
2025-02-18 11:11:36,518 - INFO - UPDATE (step=113)
2025-02-18 11:11:36,518 - DEBUG - First state in ensemble: [-10.22586997  -6.30513053  31.60492311]
2025-02-18 11:11:36,518 - DEBUG - Observation: [-12.07288982  -4.90421343  38.61198297]
2025-02-18 11:11:36,532 - INFO - PREDICT (step=114)
2025-02-18 11:11:36,533 - DEBUG - Making prediction for time 211.29999999999936 -> 211.39999999999935
2025-02-18 11:11:36,535 - INFO - UPDATE (step=114)
2025-02-18 11:11:36,535 - DEBUG - First state in ensemble: [-3.64895427 -2.90484522 30.28308419]
2025-02-18 11:11:36,535 - DEBUG - Observation: [-9.67653289e+00 -2.03588993e-02  3.32769863e+01]
2025-02-18 11:11:36,549 - INFO - PREDICT (step=115)
2025-02-18 11:11:36,549 - DEBUG - Making prediction for time 211.39999999999935 -> 211.49999999999935
2025-02-18 11:11:36,551 - INFO - UPDATE (step=115)
2025-02-18 11:11:36,551 - DEBUG - First state in ensemble: [-3.57906325  3.2554058  30.58644971]
2025-02-18 11:11:36,551 - DEBUG - Observation: [-2.67713541  2.68885215 29.48572712]
2025-02-18 11:11:36,564 - INFO - PREDICT (step=116)
2025-02-18 11:11:36,564 - DEBUG - Making prediction for time 211.49999999999935 -> 211.59999999999934
2025-02-18 11:11:36,566 - INFO - UPDATE (step=116)
2025-02-18 11:11:36,566 - DEBUG - First state in ensemble: [ 3.76039506  5.61748098 29.5194899 ]
2025-02-18 11:11:36,566 - DEBUG - Observation: [-4.23612029  4.97682807 25.79133076]
2025-02-18 11:11:36,579 - INFO - PREDICT (step=117)
2025-02-18 11:11:36,579 - DEBUG - Making prediction for time 211.59999999999934 -> 211.69999999999933
2025-02-18 11:11:36,581 - INFO - UPDATE (step=117)
2025-02-18 11:11:36,581 - DEBUG - First state in ensemble: [ 5.56111796  8.84831505 25.30845055]
2025-02-18 11:11:36,581 - DEBUG - Observation: [-1.18196728  2.82814349 24.59912523]
2025-02-18 11:11:36,594 - INFO - PREDICT (step=118)
2025-02-18 11:11:36,594 - DEBUG - Making prediction for time 211.69999999999933 -> 211.79999999999933
2025-02-18 11:11:36,596 - INFO - UPDATE (step=118)
2025-02-18 11:11:36,596 - DEBUG - First state in ensemble: [4.5112524  3.70136545 2.05236083]
2025-02-18 11:11:36,596 - DEBUG - Observation: [ 2.03798005  0.16622266 17.59618983]
2025-02-18 11:11:36,610 - INFO - PREDICT (step=119)
2025-02-18 11:11:36,610 - DEBUG - Making prediction for time 211.79999999999933 -> 211.89999999999932
2025-02-18 11:11:36,613 - INFO - UPDATE (step=119)
2025-02-18 11:11:36,613 - DEBUG - First state in ensemble: [ 3.15326684  4.39554189 18.06084951]
2025-02-18 11:11:36,613 - DEBUG - Observation: [-2.31635791  0.7043358  20.36855225]
2025-02-18 11:11:36,627 - INFO - PREDICT (step=120)
2025-02-18 11:11:36,627 - DEBUG - Making prediction for time 211.89999999999932 -> 211.99999999999932
2025-02-18 11:11:36,629 - INFO - UPDATE (step=120)
2025-02-18 11:11:36,629 - DEBUG - First state in ensemble: [-5.24282066 -2.4337163  14.03506474]
2025-02-18 11:11:36,629 - DEBUG - Observation: [ 0.08978873 -0.07262908 14.77409206]
2025-02-18 11:11:36,642 - INFO - PREDICT (step=121)
2025-02-18 11:11:36,642 - DEBUG - Making prediction for time 211.99999999999932 -> 212.0999999999993
2025-02-18 11:11:36,644 - INFO - UPDATE (step=121)
2025-02-18 11:11:36,644 - DEBUG - First state in ensemble: [-3.5970342  -4.04450478 16.37426336]
2025-02-18 11:11:36,644 - DEBUG - Observation: [-1.4137505   2.45638039 14.73222013]
2025-02-18 11:11:36,657 - INFO - PREDICT (step=122)
2025-02-18 11:11:36,657 - DEBUG - Making prediction for time 212.0999999999993 -> 212.1999999999993
2025-02-18 11:11:36,659 - INFO - UPDATE (step=122)
2025-02-18 11:11:36,659 - DEBUG - First state in ensemble: [-1.10899163 -1.38593743  9.76232366]
2025-02-18 11:11:36,659 - DEBUG - Observation: [ 1.83269224  1.67953175 11.60714161]
2025-02-18 11:11:36,672 - INFO - PREDICT (step=123)
2025-02-18 11:11:36,672 - DEBUG - Making prediction for time 212.1999999999993 -> 212.2999999999993
2025-02-18 11:11:36,674 - INFO - UPDATE (step=123)
2025-02-18 11:11:36,674 - DEBUG - First state in ensemble: [-0.77636005  0.4690689  10.04587346]
2025-02-18 11:11:36,674 - DEBUG - Observation: [-1.02342211  0.74950834  9.77473693]
2025-02-18 11:11:36,687 - INFO - PREDICT (step=124)
2025-02-18 11:11:36,688 - DEBUG - Making prediction for time 212.2999999999993 -> 212.3999999999993
2025-02-18 11:11:36,689 - INFO - UPDATE (step=124)
2025-02-18 11:11:36,690 - DEBUG - First state in ensemble: [-3.18062928 -0.56914305  4.67785632]
2025-02-18 11:11:36,690 - DEBUG - Observation: [ 2.8436432   2.68691777 11.74137125]
2025-02-18 11:11:36,703 - INFO - PREDICT (step=125)
2025-02-18 11:11:36,703 - DEBUG - Making prediction for time 212.3999999999993 -> 212.4999999999993
2025-02-18 11:11:36,705 - INFO - UPDATE (step=125)
2025-02-18 11:11:36,705 - DEBUG - First state in ensemble: [-1.41087923 -1.64818944 14.5269219 ]
2025-02-18 11:11:36,705 - DEBUG - Observation: [ 6.30528752 10.02165817  7.15228695]
2025-02-18 11:11:36,718 - INFO - PREDICT (step=126)
2025-02-18 11:11:36,718 - DEBUG - Making prediction for time 212.4999999999993 -> 212.59999999999928
2025-02-18 11:11:36,722 - INFO - UPDATE (step=126)
2025-02-18 11:11:36,722 - DEBUG - First state in ensemble: [-15.712503   -10.24139433  24.61929089]
2025-02-18 11:11:36,722 - DEBUG - Observation: [ 3.8467046  15.59886035  9.95273203]
2025-02-18 11:11:36,736 - INFO - PREDICT (step=127)
2025-02-18 11:11:36,736 - DEBUG - Making prediction for time 212.59999999999928 -> 212.69999999999928
2025-02-18 11:11:36,737 - INFO - UPDATE (step=127)
2025-02-18 11:11:36,737 - DEBUG - First state in ensemble: [10.97432943 20.80909979 16.02129196]
2025-02-18 11:11:36,737 - DEBUG - Observation: [ 7.28708455 17.9864258  13.68761731]
2025-02-18 11:11:36,752 - INFO - PREDICT (step=128)
2025-02-18 11:11:36,752 - DEBUG - Making prediction for time 212.69999999999928 -> 212.79999999999927
2025-02-18 11:11:36,754 - INFO - UPDATE (step=128)
2025-02-18 11:11:36,754 - DEBUG - First state in ensemble: [16.55827624 20.37730256 33.20793007]
2025-02-18 11:11:36,754 - DEBUG - Observation: [11.51849146 20.22376161 22.78097759]
2025-02-18 11:11:36,768 - INFO - PREDICT (step=129)
2025-02-18 11:11:36,768 - DEBUG - Making prediction for time 212.79999999999927 -> 212.89999999999927
2025-02-18 11:11:36,769 - INFO - UPDATE (step=129)
2025-02-18 11:11:36,769 - DEBUG - First state in ensemble: [16.97809853 15.18891329 39.71313253]
2025-02-18 11:11:36,769 - DEBUG - Observation: [17.67456001 19.2134394  38.41843277]
2025-02-18 11:11:36,783 - INFO - PREDICT (step=130)
2025-02-18 11:11:36,783 - DEBUG - Making prediction for time 212.89999999999927 -> 212.99999999999926
2025-02-18 11:11:36,785 - INFO - UPDATE (step=130)
2025-02-18 11:11:36,786 - DEBUG - First state in ensemble: [24.45621046 -7.56062734 31.62135868]
2025-02-18 11:11:36,786 - DEBUG - Observation: [13.37933354  8.12310321 39.76558091]
2025-02-18 11:11:36,800 - INFO - PREDICT (step=131)
2025-02-18 11:11:36,800 - DEBUG - Making prediction for time 212.99999999999926 -> 213.09999999999926
2025-02-18 11:11:36,802 - INFO - UPDATE (step=131)
2025-02-18 11:11:36,802 - DEBUG - First state in ensemble: [ 9.5698701  -1.138316   39.96595268]
2025-02-18 11:11:36,802 - DEBUG - Observation: [13.46957223 -1.88744948 39.18184645]
2025-02-18 11:11:36,816 - INFO - PREDICT (step=132)
2025-02-18 11:11:36,816 - DEBUG - Making prediction for time 213.09999999999926 -> 213.19999999999925
2025-02-18 11:11:36,818 - INFO - UPDATE (step=132)
2025-02-18 11:11:36,818 - DEBUG - First state in ensemble: [ 3.83417095 -3.5447394  34.43831603]
2025-02-18 11:11:36,818 - DEBUG - Observation: [ 5.10650681 -4.96663635 34.76216287]
2025-02-18 11:11:36,833 - INFO - PREDICT (step=133)
2025-02-18 11:11:36,833 - DEBUG - Making prediction for time 213.19999999999925 -> 213.29999999999924
2025-02-18 11:11:36,836 - INFO - UPDATE (step=133)
2025-02-18 11:11:36,836 - DEBUG - First state in ensemble: [-0.87544924 -8.07821251 34.02081656]
2025-02-18 11:11:36,836 - DEBUG - Observation: [ 0.70044203 -4.49691229 29.84020381]
2025-02-18 11:11:36,850 - INFO - PREDICT (step=134)
2025-02-18 11:11:36,850 - DEBUG - Making prediction for time 213.29999999999924 -> 213.39999999999924
2025-02-18 11:11:36,852 - INFO - UPDATE (step=134)
2025-02-18 11:11:36,852 - DEBUG - First state in ensemble: [ 1.31809236 -7.50810836 23.21899608]
2025-02-18 11:11:36,852 - DEBUG - Observation: [-0.24497516 -2.05857967 25.68409116]
2025-02-18 11:11:36,865 - INFO - PREDICT (step=135)
2025-02-18 11:11:36,865 - DEBUG - Making prediction for time 213.39999999999924 -> 213.49999999999923
2025-02-18 11:11:36,867 - INFO - UPDATE (step=135)
2025-02-18 11:11:36,867 - DEBUG - First state in ensemble: [ 0.55352011 -4.28350524 20.59983433]
2025-02-18 11:11:36,867 - DEBUG - Observation: [ 0.65442309 -4.49770604 20.18850036]
2025-02-18 11:11:36,880 - INFO - PREDICT (step=136)
2025-02-18 11:11:36,880 - DEBUG - Making prediction for time 213.49999999999923 -> 213.59999999999923
2025-02-18 11:11:36,882 - INFO - UPDATE (step=136)
2025-02-18 11:11:36,882 - DEBUG - First state in ensemble: [-2.67227855 -2.40282643 21.80103684]
2025-02-18 11:11:36,883 - DEBUG - Observation: [ -2.05958612 -10.61790574  18.55429696]
2025-02-18 11:11:36,896 - INFO - PREDICT (step=137)
2025-02-18 11:11:36,896 - DEBUG - Making prediction for time 213.59999999999923 -> 213.69999999999922
2025-02-18 11:11:36,897 - INFO - UPDATE (step=137)
2025-02-18 11:11:36,897 - DEBUG - First state in ensemble: [-1.94727498 -5.75785581 15.2559974 ]
2025-02-18 11:11:36,897 - DEBUG - Observation: [-6.66915737 -5.43259335 16.97357782]
2025-02-18 11:11:36,910 - INFO - PREDICT (step=138)
2025-02-18 11:11:36,910 - DEBUG - Making prediction for time 213.69999999999922 -> 213.79999999999922
2025-02-18 11:11:36,912 - INFO - UPDATE (step=138)
2025-02-18 11:11:36,912 - DEBUG - First state in ensemble: [ 0.96427518 -8.18886418 20.38684628]
2025-02-18 11:11:36,912 - DEBUG - Observation: [-5.26775906 -8.35905451 15.68312653]
2025-02-18 11:11:36,926 - INFO - PREDICT (step=139)
2025-02-18 11:11:36,926 - DEBUG - Making prediction for time 213.79999999999922 -> 213.8999999999992
2025-02-18 11:11:36,927 - INFO - UPDATE (step=139)
2025-02-18 11:11:36,927 - DEBUG - First state in ensemble: [ -8.57599657 -13.14178446  18.54030109]
2025-02-18 11:11:36,927 - DEBUG - Observation: [ -9.13830244 -13.76156759  14.68259349]
2025-02-18 11:11:36,941 - INFO - PREDICT (step=140)
2025-02-18 11:11:36,941 - DEBUG - Making prediction for time 213.8999999999992 -> 213.9999999999992
2025-02-18 11:11:36,944 - INFO - UPDATE (step=140)
2025-02-18 11:11:36,944 - DEBUG - First state in ensemble: [-9.59562895 -4.36922371 23.35170447]
2025-02-18 11:11:36,944 - DEBUG - Observation: [ -9.34640836 -12.26491389  22.22392048]
2025-02-18 11:11:36,958 - INFO - PREDICT (step=141)
2025-02-18 11:11:36,958 - DEBUG - Making prediction for time 213.9999999999992 -> 214.0999999999992
2025-02-18 11:11:36,960 - INFO - UPDATE (step=141)
2025-02-18 11:11:36,960 - DEBUG - First state in ensemble: [-10.42601492 -12.88674591  24.48192904]
2025-02-18 11:11:36,960 - DEBUG - Observation: [-10.33553084 -17.51740025  23.49211294]
2025-02-18 11:11:36,974 - INFO - PREDICT (step=142)
2025-02-18 11:11:36,974 - DEBUG - Making prediction for time 214.0999999999992 -> 214.1999999999992
2025-02-18 11:11:36,976 - INFO - UPDATE (step=142)
2025-02-18 11:11:36,976 - DEBUG - First state in ensemble: [ -9.89713976 -13.52572763  25.10050158]
2025-02-18 11:11:36,976 - DEBUG - Observation: [-12.22049814 -13.94787661  31.14021024]
2025-02-18 11:11:36,989 - INFO - PREDICT (step=143)
2025-02-18 11:11:36,989 - DEBUG - Making prediction for time 214.1999999999992 -> 214.2999999999992
2025-02-18 11:11:36,991 - INFO - UPDATE (step=143)
2025-02-18 11:11:36,991 - DEBUG - First state in ensemble: [-3.68337884  0.09592691 37.10061702]
2025-02-18 11:11:36,992 - DEBUG - Observation: [-11.26092863 -10.40579582  35.61471774]
2025-02-18 11:11:37,005 - INFO - PREDICT (step=144)
2025-02-18 11:11:37,005 - DEBUG - Making prediction for time 214.2999999999992 -> 214.39999999999918
2025-02-18 11:11:37,006 - INFO - UPDATE (step=144)
2025-02-18 11:11:37,006 - DEBUG - First state in ensemble: [-13.05369635  -7.11574229  42.47633541]
2025-02-18 11:11:37,006 - DEBUG - Observation: [-10.90750196  -6.53971693  33.80017256]
2025-02-18 11:11:37,020 - INFO - PREDICT (step=145)
2025-02-18 11:11:37,020 - DEBUG - Making prediction for time 214.39999999999918 -> 214.49999999999918
2025-02-18 11:11:37,021 - INFO - UPDATE (step=145)
2025-02-18 11:11:37,021 - DEBUG - First state in ensemble: [-10.84207603  -3.55523756  30.08997834]
2025-02-18 11:11:37,021 - DEBUG - Observation: [-10.45044514  -3.82588571  30.14249832]
2025-02-18 11:11:37,035 - INFO - PREDICT (step=146)
2025-02-18 11:11:37,035 - DEBUG - Making prediction for time 214.49999999999918 -> 214.59999999999917
2025-02-18 11:11:37,036 - INFO - UPDATE (step=146)
2025-02-18 11:11:37,036 - DEBUG - First state in ensemble: [-3.72525421 -0.68923404 27.23025298]
2025-02-18 11:11:37,036 - DEBUG - Observation: [-5.1325127  -5.31485309 28.92443797]
2025-02-18 11:11:37,050 - INFO - PREDICT (step=147)
2025-02-18 11:11:37,050 - DEBUG - Making prediction for time 214.59999999999917 -> 214.69999999999916
2025-02-18 11:11:37,053 - INFO - UPDATE (step=147)
2025-02-18 11:11:37,053 - DEBUG - First state in ensemble: [ -0.59562226 -16.07796372  12.99659997]
2025-02-18 11:11:37,053 - DEBUG - Observation: [-2.75243009 -2.62177125 23.94393646]
2025-02-18 11:11:37,066 - INFO - PREDICT (step=148)
2025-02-18 11:11:37,066 - DEBUG - Making prediction for time 214.69999999999916 -> 214.79999999999916
2025-02-18 11:11:37,068 - INFO - UPDATE (step=148)
2025-02-18 11:11:37,068 - DEBUG - First state in ensemble: [-3.92018101 -3.91699619 31.07843474]
2025-02-18 11:11:37,068 - DEBUG - Observation: [-2.05011295  0.69219789 22.37534777]
2025-02-18 11:11:37,082 - INFO - PREDICT (step=149)
2025-02-18 11:11:37,082 - DEBUG - Making prediction for time 214.79999999999916 -> 214.89999999999915
2025-02-18 11:11:37,084 - INFO - UPDATE (step=149)
2025-02-18 11:11:37,084 - DEBUG - First state in ensemble: [14.52743034 20.87423038 30.71089569]
2025-02-18 11:11:37,084 - DEBUG - Observation: [-3.12973429 -6.62409504 21.68187371]
2025-02-18 11:11:37,098 - INFO - PREDICT (step=150)
2025-02-18 11:11:37,098 - DEBUG - Making prediction for time 214.89999999999915 -> 214.99999999999915
2025-02-18 11:11:37,099 - INFO - UPDATE (step=150)
2025-02-18 11:11:37,099 - DEBUG - First state in ensemble: [ -8.01683384 -10.23465729  17.53272281]
2025-02-18 11:11:37,100 - DEBUG - Observation: [-7.54308854 -4.65035929 18.61022205]
2025-02-18 11:11:37,114 - INFO - PREDICT (step=151)
2025-02-18 11:11:37,114 - DEBUG - Making prediction for time 214.99999999999915 -> 215.09999999999914
2025-02-18 11:11:37,115 - INFO - UPDATE (step=151)
2025-02-18 11:11:37,115 - DEBUG - First state in ensemble: [-3.67801887 -5.04553108 16.4809164 ]
2025-02-18 11:11:37,115 - DEBUG - Observation: [-4.41224423 -6.80847118 16.6037967 ]
2025-02-18 11:11:37,129 - INFO - PREDICT (step=152)
2025-02-18 11:11:37,129 - DEBUG - Making prediction for time 215.09999999999914 -> 215.19999999999914
2025-02-18 11:11:37,131 - INFO - UPDATE (step=152)
2025-02-18 11:11:37,131 - DEBUG - First state in ensemble: [-15.51887039 -17.52546896  24.3507877 ]
2025-02-18 11:11:37,131 - DEBUG - Observation: [-6.01960943 -8.25787047 18.14216995]
2025-02-18 11:11:37,145 - INFO - PREDICT (step=153)
2025-02-18 11:11:37,145 - DEBUG - Making prediction for time 215.19999999999914 -> 215.29999999999913
2025-02-18 11:11:37,147 - INFO - UPDATE (step=153)
2025-02-18 11:11:37,147 - DEBUG - First state in ensemble: [-6.41831683 -9.82600514 17.41237465]
2025-02-18 11:11:37,147 - DEBUG - Observation: [ -7.67284612 -12.85986439  17.74862766]
2025-02-18 11:11:37,161 - INFO - PREDICT (step=154)
2025-02-18 11:11:37,161 - DEBUG - Making prediction for time 215.29999999999913 -> 215.39999999999912
2025-02-18 11:11:37,165 - INFO - UPDATE (step=154)
2025-02-18 11:11:37,165 - DEBUG - First state in ensemble: [ 0.47511784  6.21782341 11.90886579]
2025-02-18 11:11:37,165 - DEBUG - Observation: [ -8.82907167 -12.54117067  21.67916027]
2025-02-18 11:11:37,178 - INFO - PREDICT (step=155)
2025-02-18 11:11:37,178 - DEBUG - Making prediction for time 215.39999999999912 -> 215.49999999999912
2025-02-18 11:11:37,180 - INFO - UPDATE (step=155)
2025-02-18 11:11:37,180 - DEBUG - First state in ensemble: [-11.81507017 -15.04338789  27.59713521]
2025-02-18 11:11:37,181 - DEBUG - Observation: [-11.0314837  -18.53083836  30.28166186]
2025-02-18 11:11:37,195 - INFO - PREDICT (step=156)
2025-02-18 11:11:37,195 - DEBUG - Making prediction for time 215.49999999999912 -> 215.5999999999991
2025-02-18 11:11:37,197 - INFO - UPDATE (step=156)
2025-02-18 11:11:37,197 - DEBUG - First state in ensemble: [-13.59619579 -15.87797808  31.80978176]
2025-02-18 11:11:37,197 - DEBUG - Observation: [-14.14606377 -13.54753798  33.50260216]
2025-02-18 11:11:37,212 - INFO - PREDICT (step=157)
2025-02-18 11:11:37,212 - DEBUG - Making prediction for time 215.5999999999991 -> 215.6999999999991
2025-02-18 11:11:37,214 - INFO - UPDATE (step=157)
2025-02-18 11:11:37,214 - DEBUG - First state in ensemble: [-17.57227821 -15.62776807  45.12533705]
2025-02-18 11:11:37,214 - DEBUG - Observation: [-13.04688808 -10.09281186  37.68725142]
2025-02-18 11:11:37,227 - INFO - PREDICT (step=158)
2025-02-18 11:11:37,227 - DEBUG - Making prediction for time 215.6999999999991 -> 215.7999999999991
2025-02-18 11:11:37,229 - INFO - UPDATE (step=158)
2025-02-18 11:11:37,229 - DEBUG - First state in ensemble: [-11.73886202  -5.05929679  36.0379942 ]
2025-02-18 11:11:37,229 - DEBUG - Observation: [-9.07520573 -2.38363972 31.33681571]
2025-02-18 11:11:37,242 - INFO - PREDICT (step=159)
2025-02-18 11:11:37,242 - DEBUG - Making prediction for time 215.7999999999991 -> 215.8999999999991
2025-02-18 11:11:37,244 - INFO - UPDATE (step=159)
2025-02-18 11:11:37,244 - DEBUG - First state in ensemble: [-7.53880549 -1.29067158 32.34772982]
2025-02-18 11:11:37,244 - DEBUG - Observation: [-8.34214968  0.2427388  29.60297422]
2025-02-18 11:11:37,257 - INFO - PREDICT (step=160)
2025-02-18 11:11:37,257 - DEBUG - Making prediction for time 215.8999999999991 -> 215.9999999999991
2025-02-18 11:11:37,259 - INFO - UPDATE (step=160)
2025-02-18 11:11:37,259 - DEBUG - First state in ensemble: [-5.51104177 -0.31234082 27.48947063]
2025-02-18 11:11:37,259 - DEBUG - Observation: [-2.99840863 -0.56567975 29.48367853]
2025-02-18 11:11:37,272 - INFO - PREDICT (step=161)
2025-02-18 11:11:37,272 - DEBUG - Making prediction for time 215.9999999999991 -> 216.09999999999908
2025-02-18 11:11:37,275 - INFO - UPDATE (step=161)
2025-02-18 11:11:37,275 - DEBUG - First state in ensemble: [-6.06691479 -5.48651972  5.88582044]
2025-02-18 11:11:37,275 - DEBUG - Observation: [-1.45391296 -1.62201934 24.43569618]
2025-02-18 11:11:37,289 - INFO - PREDICT (step=162)
2025-02-18 11:11:37,289 - DEBUG - Making prediction for time 216.09999999999908 -> 216.19999999999908
2025-02-18 11:11:37,291 - INFO - UPDATE (step=162)
2025-02-18 11:11:37,291 - DEBUG - First state in ensemble: [-2.1143926  -0.85928156 20.37928867]
2025-02-18 11:11:37,291 - DEBUG - Observation: [-5.71423483 -3.5789015  20.33860149]
2025-02-18 11:11:37,305 - INFO - PREDICT (step=163)
2025-02-18 11:11:37,305 - DEBUG - Making prediction for time 216.19999999999908 -> 216.29999999999907
2025-02-18 11:11:37,307 - INFO - UPDATE (step=163)
2025-02-18 11:11:37,307 - DEBUG - First state in ensemble: [ -8.22654005 -12.14040456  17.95508773]
2025-02-18 11:11:37,307 - DEBUG - Observation: [-1.83942206 -1.86913102 18.53928962]
2025-02-18 11:11:37,321 - INFO - PREDICT (step=164)
2025-02-18 11:11:37,321 - DEBUG - Making prediction for time 216.29999999999907 -> 216.39999999999907
2025-02-18 11:11:37,323 - INFO - UPDATE (step=164)
2025-02-18 11:11:37,323 - DEBUG - First state in ensemble: [-8.35989397 -8.34151876 15.64317073]
2025-02-18 11:11:37,323 - DEBUG - Observation: [-4.23494035 -2.46550275 15.92358014]
2025-02-18 11:11:37,337 - INFO - PREDICT (step=165)
2025-02-18 11:11:37,337 - DEBUG - Making prediction for time 216.39999999999907 -> 216.49999999999906
2025-02-18 11:11:37,339 - INFO - UPDATE (step=165)
2025-02-18 11:11:37,339 - DEBUG - First state in ensemble: [ -8.46601482 -16.0860779    8.85948985]
2025-02-18 11:11:37,339 - DEBUG - Observation: [-5.76719604 -3.17294727 16.56701393]
2025-02-18 11:11:37,353 - INFO - PREDICT (step=166)
2025-02-18 11:11:37,353 - DEBUG - Making prediction for time 216.49999999999906 -> 216.59999999999906
2025-02-18 11:11:37,355 - INFO - UPDATE (step=166)
2025-02-18 11:11:37,355 - DEBUG - First state in ensemble: [-3.74925783 -7.52454908 13.77272822]
2025-02-18 11:11:37,355 - DEBUG - Observation: [-4.81385092 -8.3733816  13.26701622]
2025-02-18 11:11:37,369 - INFO - PREDICT (step=167)
2025-02-18 11:11:37,369 - DEBUG - Making prediction for time 216.59999999999906 -> 216.69999999999905
2025-02-18 11:11:37,371 - INFO - UPDATE (step=167)
2025-02-18 11:11:37,372 - DEBUG - First state in ensemble: [ -5.84387824 -17.50056713  21.76465836]
2025-02-18 11:11:37,372 - DEBUG - Observation: [-5.5675798  -8.03637802 15.71581968]
2025-02-18 11:11:37,386 - INFO - PREDICT (step=168)
2025-02-18 11:11:37,386 - DEBUG - Making prediction for time 216.69999999999905 -> 216.79999999999905
2025-02-18 11:11:37,389 - INFO - UPDATE (step=168)
2025-02-18 11:11:37,389 - DEBUG - First state in ensemble: [ -7.54806301 -11.91848369  17.46920845]
2025-02-18 11:11:37,389 - DEBUG - Observation: [ -7.93431933 -17.01885527  20.08888966]
2025-02-18 11:11:37,403 - INFO - PREDICT (step=169)
2025-02-18 11:11:37,403 - DEBUG - Making prediction for time 216.79999999999905 -> 216.89999999999904
2025-02-18 11:11:37,405 - INFO - UPDATE (step=169)
2025-02-18 11:11:37,405 - DEBUG - First state in ensemble: [-11.42193675 -18.23365814  21.14287142]
2025-02-18 11:11:37,405 - DEBUG - Observation: [-13.88710001 -13.43584226  21.53016326]
2025-02-18 11:11:37,419 - INFO - PREDICT (step=170)
2025-02-18 11:11:37,419 - DEBUG - Making prediction for time 216.89999999999904 -> 216.99999999999903
2025-02-18 11:11:37,421 - INFO - UPDATE (step=170)
2025-02-18 11:11:37,421 - DEBUG - First state in ensemble: [-9.41235976 -6.26285682 32.26693013]
2025-02-18 11:11:37,421 - DEBUG - Observation: [-13.04662225 -14.29780171  29.92749219]
2025-02-18 11:11:37,435 - INFO - PREDICT (step=171)
2025-02-18 11:11:37,435 - DEBUG - Making prediction for time 216.99999999999903 -> 217.09999999999903
2025-02-18 11:11:37,437 - INFO - UPDATE (step=171)
2025-02-18 11:11:37,437 - DEBUG - First state in ensemble: [-10.45988411  -7.23719803  33.12392759]
2025-02-18 11:11:37,437 - DEBUG - Observation: [-14.08754276 -10.39236863  37.4039614 ]
2025-02-18 11:11:37,451 - INFO - PREDICT (step=172)
2025-02-18 11:11:37,451 - DEBUG - Making prediction for time 217.09999999999903 -> 217.19999999999902
2025-02-18 11:11:37,453 - INFO - UPDATE (step=172)
2025-02-18 11:11:37,453 - DEBUG - First state in ensemble: [-7.21824325  8.85525062 34.21073265]
2025-02-18 11:11:37,453 - DEBUG - Observation: [-11.51708541  -7.48809443  34.49313485]
2025-02-18 11:11:37,467 - INFO - PREDICT (step=173)
2025-02-18 11:11:37,467 - DEBUG - Making prediction for time 217.19999999999902 -> 217.29999999999902
2025-02-18 11:11:37,469 - INFO - UPDATE (step=173)
2025-02-18 11:11:37,469 - DEBUG - First state in ensemble: [-6.78960474 -5.42927251 29.43346997]
2025-02-18 11:11:37,469 - DEBUG - Observation: [-9.47438902 -7.77703234 34.64085554]
2025-02-18 11:11:37,483 - INFO - PREDICT (step=174)
2025-02-18 11:11:37,483 - DEBUG - Making prediction for time 217.29999999999902 -> 217.399999999999
2025-02-18 11:11:37,485 - INFO - UPDATE (step=174)
2025-02-18 11:11:37,485 - DEBUG - First state in ensemble: [-9.8744492  -6.69970996 27.12601738]
2025-02-18 11:11:37,485 - DEBUG - Observation: [-4.80751416 -4.80964837 28.7828284 ]
2025-02-18 11:11:37,499 - INFO - PREDICT (step=175)
2025-02-18 11:11:37,499 - DEBUG - Making prediction for time 217.399999999999 -> 217.499999999999
2025-02-18 11:11:37,502 - INFO - UPDATE (step=175)
2025-02-18 11:11:37,502 - DEBUG - First state in ensemble: [-6.92467989 -6.15506706 27.78073355]
2025-02-18 11:11:37,502 - DEBUG - Observation: [-2.91014134  4.92420117 24.22536383]
2025-02-18 11:11:37,516 - INFO - PREDICT (step=176)
2025-02-18 11:11:37,516 - DEBUG - Making prediction for time 217.499999999999 -> 217.599999999999
2025-02-18 11:11:37,518 - INFO - UPDATE (step=176)
2025-02-18 11:11:37,518 - DEBUG - First state in ensemble: [-5.47657888 -6.56802921 19.93217625]
2025-02-18 11:11:37,518 - DEBUG - Observation: [ 0.40783446 -4.52307305 24.49901489]
2025-02-18 11:11:37,531 - INFO - PREDICT (step=177)
2025-02-18 11:11:37,531 - DEBUG - Making prediction for time 217.599999999999 -> 217.699999999999
2025-02-18 11:11:37,533 - INFO - UPDATE (step=177)
2025-02-18 11:11:37,533 - DEBUG - First state in ensemble: [ 1.03276055  3.05410321 18.8029503 ]
2025-02-18 11:11:37,533 - DEBUG - Observation: [-4.45599221 -1.14066907 21.94976112]
2025-02-18 11:11:37,546 - INFO - PREDICT (step=178)
2025-02-18 11:11:37,546 - DEBUG - Making prediction for time 217.699999999999 -> 217.799999999999
2025-02-18 11:11:37,548 - INFO - UPDATE (step=178)
2025-02-18 11:11:37,548 - DEBUG - First state in ensemble: [ 0.41185685  0.36076097 14.53977439]
2025-02-18 11:11:37,548 - DEBUG - Observation: [-0.9929102  -0.70449743 17.69692259]
2025-02-18 11:11:37,561 - INFO - PREDICT (step=179)
2025-02-18 11:11:37,561 - DEBUG - Making prediction for time 217.799999999999 -> 217.89999999999898
2025-02-18 11:11:37,564 - INFO - UPDATE (step=179)
2025-02-18 11:11:37,564 - DEBUG - First state in ensemble: [-0.32617211  0.06363435 15.19203515]
2025-02-18 11:11:37,564 - DEBUG - Observation: [ 1.09295676 -1.9627938  14.14937266]
2025-02-18 11:11:37,577 - INFO - PREDICT (step=180)
2025-02-18 11:11:37,577 - DEBUG - Making prediction for time 217.89999999999898 -> 217.99999999999898
2025-02-18 11:11:37,578 - INFO - UPDATE (step=180)
2025-02-18 11:11:37,578 - DEBUG - First state in ensemble: [-4.85422074 -8.96755889  9.87723517]
2025-02-18 11:11:37,579 - DEBUG - Observation: [-2.96629554 -2.67630113 13.52601   ]
2025-02-18 11:11:37,592 - INFO - PREDICT (step=181)
2025-02-18 11:11:37,592 - DEBUG - Making prediction for time 217.99999999999898 -> 218.09999999999897
2025-02-18 11:11:37,594 - INFO - UPDATE (step=181)
2025-02-18 11:11:37,594 - DEBUG - First state in ensemble: [-2.33181946 -3.28894539 10.75852682]
2025-02-18 11:11:37,594 - DEBUG - Observation: [-3.58324097 -8.00621518 13.78360649]
2025-02-18 11:11:37,607 - INFO - PREDICT (step=182)
2025-02-18 11:11:37,607 - DEBUG - Making prediction for time 218.09999999999897 -> 218.19999999999897
2025-02-18 11:11:37,610 - INFO - UPDATE (step=182)
2025-02-18 11:11:37,610 - DEBUG - First state in ensemble: [-1.5661374  -3.13446357  9.63571888]
2025-02-18 11:11:37,610 - DEBUG - Observation: [ -8.22245723 -10.62286659  14.97041   ]
2025-02-18 11:11:37,624 - INFO - PREDICT (step=183)
2025-02-18 11:11:37,624 - DEBUG - Making prediction for time 218.19999999999897 -> 218.29999999999896
2025-02-18 11:11:37,626 - INFO - UPDATE (step=183)
2025-02-18 11:11:37,626 - DEBUG - First state in ensemble: [-2.31783197 -3.89414338  9.92154496]
2025-02-18 11:11:37,626 - DEBUG - Observation: [ -6.30883353 -16.05004008  14.74699368]
2025-02-18 11:11:37,639 - INFO - PREDICT (step=184)
2025-02-18 11:11:37,639 - DEBUG - Making prediction for time 218.29999999999896 -> 218.39999999999895
2025-02-18 11:11:37,641 - INFO - UPDATE (step=184)
2025-02-18 11:11:37,641 - DEBUG - First state in ensemble: [-10.88084961 -19.21323994  16.20959862]
2025-02-18 11:11:37,641 - DEBUG - Observation: [-11.84328688 -18.24859079  22.03573975]
2025-02-18 11:11:37,654 - INFO - PREDICT (step=185)
2025-02-18 11:11:37,654 - DEBUG - Making prediction for time 218.39999999999895 -> 218.49999999999895
2025-02-18 11:11:37,656 - INFO - UPDATE (step=185)
2025-02-18 11:11:37,656 - DEBUG - First state in ensemble: [-18.80107821 -28.05448108  39.21827812]
2025-02-18 11:11:37,656 - DEBUG - Observation: [-16.89130099 -18.23519783  28.9261866 ]
2025-02-18 11:11:37,669 - INFO - PREDICT (step=186)
2025-02-18 11:11:37,670 - DEBUG - Making prediction for time 218.49999999999895 -> 218.59999999999894
2025-02-18 11:11:37,671 - INFO - UPDATE (step=186)
2025-02-18 11:11:37,671 - DEBUG - First state in ensemble: [-16.56915568 -18.21712499  34.00350225]
2025-02-18 11:11:37,671 - DEBUG - Observation: [-15.77401215 -13.48361296  38.02514897]
2025-02-18 11:11:37,684 - INFO - PREDICT (step=187)
2025-02-18 11:11:37,685 - DEBUG - Making prediction for time 218.59999999999894 -> 218.69999999999894
2025-02-18 11:11:37,686 - INFO - UPDATE (step=187)
2025-02-18 11:11:37,686 - DEBUG - First state in ensemble: [-13.62563824  -8.1180036   37.05874034]
2025-02-18 11:11:37,686 - DEBUG - Observation: [-12.49709479 -10.10757331  33.9129917 ]
2025-02-18 11:11:37,701 - INFO - PREDICT (step=188)
2025-02-18 11:11:37,701 - DEBUG - Making prediction for time 218.69999999999894 -> 218.79999999999893
2025-02-18 11:11:37,703 - INFO - UPDATE (step=188)
2025-02-18 11:11:37,703 - DEBUG - First state in ensemble: [-10.16342731  -2.38622521  35.52372161]
2025-02-18 11:11:37,703 - DEBUG - Observation: [-7.77973881 -0.91504024 34.97656869]
2025-02-18 11:11:37,717 - INFO - PREDICT (step=189)
2025-02-18 11:11:37,717 - DEBUG - Making prediction for time 218.79999999999893 -> 218.89999999999893
2025-02-18 11:11:37,721 - INFO - UPDATE (step=189)
2025-02-18 11:11:37,721 - DEBUG - First state in ensemble: [-5.77432595  1.15049348 30.14796141]
2025-02-18 11:11:37,721 - DEBUG - Observation: [-1.66887402  3.67079179 29.49323728]
2025-02-18 11:11:37,735 - INFO - PREDICT (step=190)
2025-02-18 11:11:37,735 - DEBUG - Making prediction for time 218.89999999999893 -> 218.99999999999892
2025-02-18 11:11:37,737 - INFO - UPDATE (step=190)
2025-02-18 11:11:37,737 - DEBUG - First state in ensemble: [-3.55496005  1.2667909  25.88935464]
2025-02-18 11:11:37,737 - DEBUG - Observation: [-5.06422403  4.02815335 24.85409412]
2025-02-18 11:11:37,751 - INFO - PREDICT (step=191)
2025-02-18 11:11:37,751 - DEBUG - Making prediction for time 218.99999999999892 -> 219.09999999999891
2025-02-18 11:11:37,753 - INFO - UPDATE (step=191)
2025-02-18 11:11:37,753 - DEBUG - First state in ensemble: [-1.15770815 -0.52498083 20.10562979]
2025-02-18 11:11:37,753 - DEBUG - Observation: [ 1.52373942  1.98682875 25.00378633]
2025-02-18 11:11:37,767 - INFO - PREDICT (step=192)
2025-02-18 11:11:37,767 - DEBUG - Making prediction for time 219.09999999999891 -> 219.1999999999989
2025-02-18 11:11:37,770 - INFO - UPDATE (step=192)
2025-02-18 11:11:37,770 - DEBUG - First state in ensemble: [-0.56395985  0.74687419 17.96870219]
2025-02-18 11:11:37,770 - DEBUG - Observation: [ 2.40729683 -0.9525014  19.91526022]
2025-02-18 11:11:37,784 - INFO - PREDICT (step=193)
2025-02-18 11:11:37,784 - DEBUG - Making prediction for time 219.1999999999989 -> 219.2999999999989
2025-02-18 11:11:37,786 - INFO - UPDATE (step=193)
2025-02-18 11:11:37,786 - DEBUG - First state in ensemble: [-12.26779105 -12.40626721  17.2327671 ]
2025-02-18 11:11:37,786 - DEBUG - Observation: [ 5.04408254 -0.541727   17.32241477]
2025-02-18 11:11:37,800 - INFO - PREDICT (step=194)
2025-02-18 11:11:37,800 - DEBUG - Making prediction for time 219.2999999999989 -> 219.3999999999989
2025-02-18 11:11:37,802 - INFO - UPDATE (step=194)
2025-02-18 11:11:37,802 - DEBUG - First state in ensemble: [ 0.61280894  0.58258632 14.91345861]
2025-02-18 11:11:37,802 - DEBUG - Observation: [ 2.4767231   0.75655816 16.9329891 ]
2025-02-18 11:11:37,816 - INFO - PREDICT (step=195)
2025-02-18 11:11:37,816 - DEBUG - Making prediction for time 219.3999999999989 -> 219.4999999999989
2025-02-18 11:11:37,818 - INFO - UPDATE (step=195)
2025-02-18 11:11:37,818 - DEBUG - First state in ensemble: [ 0.62205257  0.42808896 14.01693874]
2025-02-18 11:11:37,818 - DEBUG - Observation: [-0.27817097  3.40966813 11.5057204 ]
2025-02-18 11:11:37,832 - INFO - PREDICT (step=196)
2025-02-18 11:11:37,832 - DEBUG - Making prediction for time 219.4999999999989 -> 219.5999999999989
2025-02-18 11:11:37,836 - INFO - UPDATE (step=196)
2025-02-18 11:11:37,836 - DEBUG - First state in ensemble: [ 3.05478381  6.44001588 15.53332334]
2025-02-18 11:11:37,836 - DEBUG - Observation: [0.6487466  3.38101181 9.08285274]
2025-02-18 11:11:37,849 - INFO - PREDICT (step=197)
2025-02-18 11:11:37,849 - DEBUG - Making prediction for time 219.5999999999989 -> 219.69999999999888
2025-02-18 11:11:37,851 - INFO - UPDATE (step=197)
2025-02-18 11:11:37,851 - DEBUG - First state in ensemble: [ 0.27004228 -5.88266366 12.01655418]
2025-02-18 11:11:37,851 - DEBUG - Observation: [ 2.73010863  3.98624847 12.37869803]
2025-02-18 11:11:37,864 - INFO - PREDICT (step=198)
2025-02-18 11:11:37,864 - DEBUG - Making prediction for time 219.69999999999888 -> 219.79999999999887
2025-02-18 11:11:37,866 - INFO - UPDATE (step=198)
2025-02-18 11:11:37,866 - DEBUG - First state in ensemble: [ -4.46440845 -18.43810017 -13.23123019]
2025-02-18 11:11:37,866 - DEBUG - Observation: [ 2.37586562 12.03391084 10.19999346]
2025-02-18 11:11:37,879 - INFO - PREDICT (step=199)
2025-02-18 11:11:37,879 - DEBUG - Making prediction for time 219.79999999999887 -> 219.89999999999887
2025-02-18 11:11:37,881 - INFO - UPDATE (step=199)
2025-02-18 11:11:37,881 - DEBUG - First state in ensemble: [15.79311294 28.96414537 21.37809331]
2025-02-18 11:11:37,881 - DEBUG - Observation: [ 3.79962612 11.68529005 13.64537193]
2025-02-18 11:11:37,894 - INFO - PREDICT (step=200)
2025-02-18 11:11:37,894 - DEBUG - Making prediction for time 219.89999999999887 -> 219.99999999999886
2025-02-18 11:11:37,896 - INFO - UPDATE (step=200)
2025-02-18 11:11:37,896 - DEBUG - First state in ensemble: [ 6.82982097 12.77541577 13.91280997]
2025-02-18 11:11:37,896 - DEBUG - Observation: [14.6637575  15.40451941 17.24129616]
2025-02-18 11:11:37,910 - INFO - FINISHED
