2025-02-18 11:11:37,931 - INFO - MODEL=lorenz63 | FILTER=KDE | ENSEMBLE SIZE=40
2025-02-18 11:11:37,931 - DEBUG - Reference Initial State: [ 7.07143333 11.0771997  17.64386577]
2025-02-18 11:11:37,933 - INFO - PREDICT (step=1)
2025-02-18 11:11:37,933 - DEBUG - Making prediction for time 200 -> 200.1
2025-02-18 11:11:37,939 - INFO - UPDATE (step=1)
2025-02-18 11:11:37,939 - DEBUG - First state in ensemble: [ 8.56992291 13.38283655 18.96520968]
2025-02-18 11:11:37,939 - DEBUG - Observation: [ 9.4318693  15.49057949 18.73056358]
2025-02-18 11:11:37,985 - INFO - PREDICT (step=2)
2025-02-18 11:11:37,985 - DEBUG - Making prediction for time 200.1 -> 200.2
2025-02-18 11:11:37,989 - INFO - UPDATE (step=2)
2025-02-18 11:11:37,989 - DEBUG - First state in ensemble: [ 8.37498325 15.68231699 15.76334644]
2025-02-18 11:11:37,989 - DEBUG - Observation: [11.52581263 17.17414864 27.82682255]
2025-02-18 11:11:38,018 - INFO - PREDICT (step=3)
2025-02-18 11:11:38,018 - DEBUG - Making prediction for time 200.2 -> 200.29999999999998
2025-02-18 11:11:38,021 - INFO - UPDATE (step=3)
2025-02-18 11:11:38,021 - DEBUG - First state in ensemble: [ 9.50133863 12.38706994 25.78452792]
2025-02-18 11:11:38,021 - DEBUG - Observation: [14.27781695 12.86897829 32.13542009]
2025-02-18 11:11:38,050 - INFO - PREDICT (step=4)
2025-02-18 11:11:38,050 - DEBUG - Making prediction for time 200.29999999999998 -> 200.39999999999998
2025-02-18 11:11:38,055 - INFO - UPDATE (step=4)
2025-02-18 11:11:38,055 - DEBUG - First state in ensemble: [15.03413934 11.24396734 34.27097428]
2025-02-18 11:11:38,055 - DEBUG - Observation: [ 9.78482186 10.71306226 40.56365153]
2025-02-18 11:11:38,082 - INFO - PREDICT (step=5)
2025-02-18 11:11:38,082 - DEBUG - Making prediction for time 200.39999999999998 -> 200.49999999999997
2025-02-18 11:11:38,085 - INFO - UPDATE (step=5)
2025-02-18 11:11:38,085 - DEBUG - First state in ensemble: [10.89121916  3.04899518 35.51769576]
2025-02-18 11:11:38,085 - DEBUG - Observation: [13.79508052  4.5343313  36.81243177]
2025-02-18 11:11:38,113 - INFO - PREDICT (step=6)
2025-02-18 11:11:38,113 - DEBUG - Making prediction for time 200.49999999999997 -> 200.59999999999997
2025-02-18 11:11:38,116 - INFO - UPDATE (step=6)
2025-02-18 11:11:38,116 - DEBUG - First state in ensemble: [ 7.40401505  0.08723733 32.14515553]
2025-02-18 11:11:38,116 - DEBUG - Observation: [ 6.93544005  4.48649722 33.02065371]
2025-02-18 11:11:38,145 - INFO - PREDICT (step=7)
2025-02-18 11:11:38,145 - DEBUG - Making prediction for time 200.59999999999997 -> 200.69999999999996
2025-02-18 11:11:38,148 - INFO - UPDATE (step=7)
2025-02-18 11:11:38,148 - DEBUG - First state in ensemble: [ 6.73106584  3.76648013 28.54928422]
2025-02-18 11:11:38,148 - DEBUG - Observation: [ 3.82881489  2.14892782 28.36116127]
2025-02-18 11:11:38,176 - INFO - PREDICT (step=8)
2025-02-18 11:11:38,176 - DEBUG - Making prediction for time 200.69999999999996 -> 200.79999999999995
2025-02-18 11:11:38,181 - INFO - UPDATE (step=8)
2025-02-18 11:11:38,181 - DEBUG - First state in ensemble: [ 2.45245002  0.39069345 25.74564252]
2025-02-18 11:11:38,182 - DEBUG - Observation: [ 3.01278887  0.18749211 26.14305606]
2025-02-18 11:11:38,208 - INFO - PREDICT (step=9)
2025-02-18 11:11:38,208 - DEBUG - Making prediction for time 200.79999999999995 -> 200.89999999999995
2025-02-18 11:11:38,212 - INFO - UPDATE (step=9)
2025-02-18 11:11:38,212 - DEBUG - First state in ensemble: [ 3.78070921  1.13342575 25.06128956]
2025-02-18 11:11:38,212 - DEBUG - Observation: [ 3.16432356  0.29445615 23.89706196]
2025-02-18 11:11:38,239 - INFO - PREDICT (step=10)
2025-02-18 11:11:38,239 - DEBUG - Making prediction for time 200.89999999999995 -> 200.99999999999994
2025-02-18 11:11:38,242 - INFO - UPDATE (step=10)
2025-02-18 11:11:38,242 - DEBUG - First state in ensemble: [ 6.48872397 11.34836586 16.55122683]
2025-02-18 11:11:38,242 - DEBUG - Observation: [ 4.17771141  1.89622527 19.3812592 ]
2025-02-18 11:11:38,270 - INFO - PREDICT (step=11)
2025-02-18 11:11:38,270 - DEBUG - Making prediction for time 200.99999999999994 -> 201.09999999999994
2025-02-18 11:11:38,273 - INFO - UPDATE (step=11)
2025-02-18 11:11:38,273 - DEBUG - First state in ensemble: [ 2.95621943  4.00359003 15.58067445]
2025-02-18 11:11:38,273 - DEBUG - Observation: [ 1.02810129  2.84788838 16.93565433]
2025-02-18 11:11:38,300 - INFO - PREDICT (step=12)
2025-02-18 11:11:38,300 - DEBUG - Making prediction for time 201.09999999999994 -> 201.19999999999993
2025-02-18 11:11:38,305 - INFO - UPDATE (step=12)
2025-02-18 11:11:38,305 - DEBUG - First state in ensemble: [ 0.18833814  0.54962751 13.45582964]
2025-02-18 11:11:38,305 - DEBUG - Observation: [ 2.77035847  4.77195041 17.08334877]
2025-02-18 11:11:38,334 - INFO - PREDICT (step=13)
2025-02-18 11:11:38,334 - DEBUG - Making prediction for time 201.19999999999993 -> 201.29999999999993
2025-02-18 11:11:38,338 - INFO - UPDATE (step=13)
2025-02-18 11:11:38,338 - DEBUG - First state in ensemble: [16.62393814 19.02923769 34.06065027]
2025-02-18 11:11:38,338 - DEBUG - Observation: [ 8.74533087  3.08130091 16.22139997]
2025-02-18 11:11:38,367 - INFO - PREDICT (step=14)
2025-02-18 11:11:38,367 - DEBUG - Making prediction for time 201.29999999999993 -> 201.39999999999992
2025-02-18 11:11:38,371 - INFO - UPDATE (step=14)
2025-02-18 11:11:38,371 - DEBUG - First state in ensemble: [ 6.32166185  8.50493047 15.79079427]
2025-02-18 11:11:38,371 - DEBUG - Observation: [ 8.62130992  4.90991695 14.42360284]
2025-02-18 11:11:38,399 - INFO - PREDICT (step=15)
2025-02-18 11:11:38,399 - DEBUG - Making prediction for time 201.39999999999992 -> 201.49999999999991
2025-02-18 11:11:38,403 - INFO - UPDATE (step=15)
2025-02-18 11:11:38,403 - DEBUG - First state in ensemble: [10.56211738 10.32641521 30.92214485]
2025-02-18 11:11:38,403 - DEBUG - Observation: [ 7.97677855 12.21156763 11.99679166]
2025-02-18 11:11:38,432 - INFO - PREDICT (step=16)
2025-02-18 11:11:38,432 - DEBUG - Making prediction for time 201.49999999999991 -> 201.5999999999999
2025-02-18 11:11:38,437 - INFO - UPDATE (step=16)
2025-02-18 11:11:38,437 - DEBUG - First state in ensemble: [ 9.02355261 14.86702664 17.87795037]
2025-02-18 11:11:38,437 - DEBUG - Observation: [ 8.40070687 16.94622679 21.29543545]
2025-02-18 11:11:38,463 - INFO - PREDICT (step=17)
2025-02-18 11:11:38,463 - DEBUG - Making prediction for time 201.5999999999999 -> 201.6999999999999
2025-02-18 11:11:38,467 - INFO - UPDATE (step=17)
2025-02-18 11:11:38,467 - DEBUG - First state in ensemble: [14.12371458 18.46813324 29.85734128]
2025-02-18 11:11:38,467 - DEBUG - Observation: [ 8.72713541 17.94889999 22.29944849]
2025-02-18 11:11:38,494 - INFO - PREDICT (step=18)
2025-02-18 11:11:38,494 - DEBUG - Making prediction for time 201.6999999999999 -> 201.7999999999999
2025-02-18 11:11:38,497 - INFO - UPDATE (step=18)
2025-02-18 11:11:38,497 - DEBUG - First state in ensemble: [ 8.39143183  8.08314301 30.19329613]
2025-02-18 11:11:38,497 - DEBUG - Observation: [13.4297783  14.89499309 35.39026032]
2025-02-18 11:11:38,524 - INFO - PREDICT (step=19)
2025-02-18 11:11:38,524 - DEBUG - Making prediction for time 201.7999999999999 -> 201.8999999999999
2025-02-18 11:11:38,527 - INFO - UPDATE (step=19)
2025-02-18 11:11:38,527 - DEBUG - First state in ensemble: [13.88905549 12.17038792 38.47458966]
2025-02-18 11:11:38,527 - DEBUG - Observation: [12.57059693 13.86987188 36.23733048]
2025-02-18 11:11:38,555 - INFO - PREDICT (step=20)
2025-02-18 11:11:38,556 - DEBUG - Making prediction for time 201.8999999999999 -> 201.9999999999999
2025-02-18 11:11:38,561 - INFO - UPDATE (step=20)
2025-02-18 11:11:38,561 - DEBUG - First state in ensemble: [ 13.95285365 -14.21347706  28.05898358]
2025-02-18 11:11:38,561 - DEBUG - Observation: [10.65051865  3.58891156 33.059879  ]
2025-02-18 11:11:38,589 - INFO - PREDICT (step=21)
2025-02-18 11:11:38,589 - DEBUG - Making prediction for time 201.9999999999999 -> 202.09999999999988
2025-02-18 11:11:38,593 - INFO - UPDATE (step=21)
2025-02-18 11:11:38,593 - DEBUG - First state in ensemble: [10.53670878  7.03605338 28.21692394]
2025-02-18 11:11:38,593 - DEBUG - Observation: [11.65297915  2.81733299 33.15243654]
2025-02-18 11:11:38,620 - INFO - PREDICT (step=22)
2025-02-18 11:11:38,620 - DEBUG - Making prediction for time 202.09999999999988 -> 202.19999999999987
2025-02-18 11:11:38,623 - INFO - UPDATE (step=22)
2025-02-18 11:11:38,623 - DEBUG - First state in ensemble: [ 8.05414414  4.14133197 32.66842727]
2025-02-18 11:11:38,623 - DEBUG - Observation: [ 5.35137082 -1.03633225 26.22465888]
2025-02-18 11:11:38,651 - INFO - PREDICT (step=23)
2025-02-18 11:11:38,651 - DEBUG - Making prediction for time 202.19999999999987 -> 202.29999999999987
2025-02-18 11:11:38,654 - INFO - UPDATE (step=23)
2025-02-18 11:11:38,655 - DEBUG - First state in ensemble: [ 2.37225972  5.00539194 24.20994084]
2025-02-18 11:11:38,655 - DEBUG - Observation: [ 1.73147648  2.34301868 24.79121206]
2025-02-18 11:11:38,682 - INFO - PREDICT (step=24)
2025-02-18 11:11:38,682 - DEBUG - Making prediction for time 202.29999999999987 -> 202.39999999999986
2025-02-18 11:11:38,687 - INFO - UPDATE (step=24)
2025-02-18 11:11:38,687 - DEBUG - First state in ensemble: [10.45813596 17.5499909  37.48735376]
2025-02-18 11:11:38,687 - DEBUG - Observation: [-1.24898497  0.11229689 20.64312701]
2025-02-18 11:11:38,715 - INFO - PREDICT (step=25)
2025-02-18 11:11:38,715 - DEBUG - Making prediction for time 202.39999999999986 -> 202.49999999999986
2025-02-18 11:11:38,720 - INFO - UPDATE (step=25)
2025-02-18 11:11:38,720 - DEBUG - First state in ensemble: [-3.87906239 -6.00911449 16.20195756]
2025-02-18 11:11:38,720 - DEBUG - Observation: [ 0.33036869  1.48757423 21.0901742 ]
2025-02-18 11:11:38,748 - INFO - PREDICT (step=26)
2025-02-18 11:11:38,748 - DEBUG - Making prediction for time 202.49999999999986 -> 202.59999999999985
2025-02-18 11:11:38,753 - INFO - UPDATE (step=26)
2025-02-18 11:11:38,753 - DEBUG - First state in ensemble: [0.55600676 0.86818035 8.59017932]
2025-02-18 11:11:38,753 - DEBUG - Observation: [ 2.13867251  0.89748334 16.77442167]
2025-02-18 11:11:38,780 - INFO - PREDICT (step=27)
2025-02-18 11:11:38,780 - DEBUG - Making prediction for time 202.59999999999985 -> 202.69999999999985
2025-02-18 11:11:38,784 - INFO - UPDATE (step=27)
2025-02-18 11:11:38,784 - DEBUG - First state in ensemble: [ -7.59392452 -16.84680211  15.54710075]
2025-02-18 11:11:38,784 - DEBUG - Observation: [-4.6530183   4.54884386 14.66154952]
2025-02-18 11:11:38,811 - INFO - PREDICT (step=28)
2025-02-18 11:11:38,811 - DEBUG - Making prediction for time 202.69999999999985 -> 202.79999999999984
2025-02-18 11:11:38,817 - INFO - UPDATE (step=28)
2025-02-18 11:11:38,817 - DEBUG - First state in ensemble: [ 0.35730667  0.87818686 14.37074187]
2025-02-18 11:11:38,817 - DEBUG - Observation: [-0.53187611  2.4735351  11.30583428]
2025-02-18 11:11:38,845 - INFO - PREDICT (step=29)
2025-02-18 11:11:38,845 - DEBUG - Making prediction for time 202.79999999999984 -> 202.89999999999984
2025-02-18 11:11:38,849 - INFO - UPDATE (step=29)
2025-02-18 11:11:38,849 - DEBUG - First state in ensemble: [-0.36521681 -5.68863665  2.28916576]
2025-02-18 11:11:38,849 - DEBUG - Observation: [ 3.92763119  6.86035336 12.65074158]
2025-02-18 11:11:38,877 - INFO - PREDICT (step=30)
2025-02-18 11:11:38,877 - DEBUG - Making prediction for time 202.89999999999984 -> 202.99999999999983
2025-02-18 11:11:38,880 - INFO - UPDATE (step=30)
2025-02-18 11:11:38,880 - DEBUG - First state in ensemble: [ 4.9222996   8.31881383 14.43994207]
2025-02-18 11:11:38,880 - DEBUG - Observation: [ 5.10159619  9.12060854 10.46351541]
2025-02-18 11:11:38,908 - INFO - PREDICT (step=31)
2025-02-18 11:11:38,908 - DEBUG - Making prediction for time 202.99999999999983 -> 203.09999999999982
2025-02-18 11:11:38,912 - INFO - UPDATE (step=31)
2025-02-18 11:11:38,912 - DEBUG - First state in ensemble: [ 7.52505799 12.63055494  9.5019879 ]
2025-02-18 11:11:38,912 - DEBUG - Observation: [ 7.22752127 15.0843323  11.99120196]
2025-02-18 11:11:38,941 - INFO - PREDICT (step=32)
2025-02-18 11:11:38,941 - DEBUG - Making prediction for time 203.09999999999982 -> 203.19999999999982
2025-02-18 11:11:38,946 - INFO - UPDATE (step=32)
2025-02-18 11:11:38,946 - DEBUG - First state in ensemble: [ 9.66529866 16.91143539 20.23863698]
2025-02-18 11:11:38,946 - DEBUG - Observation: [10.21962825 15.99441616 14.21557926]
2025-02-18 11:11:38,975 - INFO - PREDICT (step=33)
2025-02-18 11:11:38,975 - DEBUG - Making prediction for time 203.19999999999982 -> 203.2999999999998
2025-02-18 11:11:38,978 - INFO - UPDATE (step=33)
2025-02-18 11:11:38,978 - DEBUG - First state in ensemble: [12.60068019 19.68485726 19.31312631]
2025-02-18 11:11:38,978 - DEBUG - Observation: [14.66786962 21.55398901 19.45193003]
2025-02-18 11:11:39,006 - INFO - PREDICT (step=34)
2025-02-18 11:11:39,006 - DEBUG - Making prediction for time 203.2999999999998 -> 203.3999999999998
2025-02-18 11:11:39,009 - INFO - UPDATE (step=34)
2025-02-18 11:11:39,009 - DEBUG - First state in ensemble: [15.3728299  20.64769598 30.53489479]
2025-02-18 11:11:39,009 - DEBUG - Observation: [17.83061094 17.39120308 32.27494945]
2025-02-18 11:11:39,037 - INFO - PREDICT (step=35)
2025-02-18 11:11:39,037 - DEBUG - Making prediction for time 203.3999999999998 -> 203.4999999999998
2025-02-18 11:11:39,041 - INFO - UPDATE (step=35)
2025-02-18 11:11:39,041 - DEBUG - First state in ensemble: [13.88007026 14.03717383 32.33653845]
2025-02-18 11:11:39,041 - DEBUG - Observation: [15.53528642 10.05476114 36.80891221]
2025-02-18 11:11:39,070 - INFO - PREDICT (step=36)
2025-02-18 11:11:39,070 - DEBUG - Making prediction for time 203.4999999999998 -> 203.5999999999998
2025-02-18 11:11:39,075 - INFO - UPDATE (step=36)
2025-02-18 11:11:39,076 - DEBUG - First state in ensemble: [ 9.64444383  3.4530411  34.03938532]
2025-02-18 11:11:39,076 - DEBUG - Observation: [11.18642743  1.47498685 39.82937286]
2025-02-18 11:11:39,103 - INFO - PREDICT (step=37)
2025-02-18 11:11:39,103 - DEBUG - Making prediction for time 203.5999999999998 -> 203.6999999999998
2025-02-18 11:11:39,107 - INFO - UPDATE (step=37)
2025-02-18 11:11:39,107 - DEBUG - First state in ensemble: [ 6.03104507 -2.63439808 33.19135735]
2025-02-18 11:11:39,107 - DEBUG - Observation: [ 9.4512731  -2.74399047 36.55464779]
2025-02-18 11:11:39,134 - INFO - PREDICT (step=38)
2025-02-18 11:11:39,134 - DEBUG - Making prediction for time 203.6999999999998 -> 203.79999999999978
2025-02-18 11:11:39,138 - INFO - UPDATE (step=38)
2025-02-18 11:11:39,138 - DEBUG - First state in ensemble: [ 5.07051686 -2.88690619 26.77869509]
2025-02-18 11:11:39,138 - DEBUG - Observation: [ 4.05227749 -3.98457303 29.25270089]
2025-02-18 11:11:39,166 - INFO - PREDICT (step=39)
2025-02-18 11:11:39,166 - DEBUG - Making prediction for time 203.79999999999978 -> 203.89999999999978
2025-02-18 11:11:39,170 - INFO - UPDATE (step=39)
2025-02-18 11:11:39,170 - DEBUG - First state in ensemble: [ 4.28359373 -0.20199646 22.7791347 ]
2025-02-18 11:11:39,170 - DEBUG - Observation: [ 2.1970613  -2.27192381 26.35681591]
2025-02-18 11:11:39,197 - INFO - PREDICT (step=40)
2025-02-18 11:11:39,197 - DEBUG - Making prediction for time 203.89999999999978 -> 203.99999999999977
2025-02-18 11:11:39,203 - INFO - UPDATE (step=40)
2025-02-18 11:11:39,203 - DEBUG - First state in ensemble: [-2.30017621 -3.29359951 22.07625566]
2025-02-18 11:11:39,203 - DEBUG - Observation: [-2.13349477 -4.00950524 24.78544673]
2025-02-18 11:11:39,230 - INFO - PREDICT (step=41)
2025-02-18 11:11:39,230 - DEBUG - Making prediction for time 203.99999999999977 -> 204.09999999999977
2025-02-18 11:11:39,235 - INFO - UPDATE (step=41)
2025-02-18 11:11:39,235 - DEBUG - First state in ensemble: [-2.38326194 -4.0229324  19.81242771]
2025-02-18 11:11:39,235 - DEBUG - Observation: [-4.68583189 -4.66025746 19.20330011]
2025-02-18 11:11:39,263 - INFO - PREDICT (step=42)
2025-02-18 11:11:39,263 - DEBUG - Making prediction for time 204.09999999999977 -> 204.19999999999976
2025-02-18 11:11:39,266 - INFO - UPDATE (step=42)
2025-02-18 11:11:39,267 - DEBUG - First state in ensemble: [ 3.28866931  0.35200362 12.28581827]
2025-02-18 11:11:39,267 - DEBUG - Observation: [ 0.33625424 -3.77043749 17.09079158]
2025-02-18 11:11:39,294 - INFO - PREDICT (step=43)
2025-02-18 11:11:39,294 - DEBUG - Making prediction for time 204.19999999999976 -> 204.29999999999976
2025-02-18 11:11:39,298 - INFO - UPDATE (step=43)
2025-02-18 11:11:39,298 - DEBUG - First state in ensemble: [-12.4313375  -28.11387534  18.14461183]
2025-02-18 11:11:39,298 - DEBUG - Observation: [-0.08259252 -5.9662731  17.02521526]
2025-02-18 11:11:39,326 - INFO - PREDICT (step=44)
2025-02-18 11:11:39,326 - DEBUG - Making prediction for time 204.29999999999976 -> 204.39999999999975
2025-02-18 11:11:39,332 - INFO - UPDATE (step=44)
2025-02-18 11:11:39,332 - DEBUG - First state in ensemble: [-5.9576624  -7.98562916 13.75202067]
2025-02-18 11:11:39,332 - DEBUG - Observation: [-3.39146552 -5.32067557 12.87682236]
2025-02-18 11:11:39,360 - INFO - PREDICT (step=45)
2025-02-18 11:11:39,360 - DEBUG - Making prediction for time 204.39999999999975 -> 204.49999999999974
2025-02-18 11:11:39,365 - INFO - UPDATE (step=45)
2025-02-18 11:11:39,365 - DEBUG - First state in ensemble: [ 3.69970379  1.70904181 11.87542869]
2025-02-18 11:11:39,365 - DEBUG - Observation: [-4.38968239 -8.36958851 13.26507806]
2025-02-18 11:11:39,393 - INFO - PREDICT (step=46)
2025-02-18 11:11:39,393 - DEBUG - Making prediction for time 204.49999999999974 -> 204.59999999999974
2025-02-18 11:11:39,397 - INFO - UPDATE (step=46)
2025-02-18 11:11:39,397 - DEBUG - First state in ensemble: [ 5.8109357  12.38198517  4.13356892]
2025-02-18 11:11:39,397 - DEBUG - Observation: [-10.05350121 -14.50906255  16.84645201]
2025-02-18 11:11:39,425 - INFO - PREDICT (step=47)
2025-02-18 11:11:39,425 - DEBUG - Making prediction for time 204.59999999999974 -> 204.69999999999973
2025-02-18 11:11:39,428 - INFO - UPDATE (step=47)
2025-02-18 11:11:39,428 - DEBUG - First state in ensemble: [ -8.42954444 -13.84307554  17.03886127]
2025-02-18 11:11:39,428 - DEBUG - Observation: [-10.0888949  -19.10336888  21.50650989]
2025-02-18 11:11:39,457 - INFO - PREDICT (step=48)
2025-02-18 11:11:39,457 - DEBUG - Making prediction for time 204.69999999999973 -> 204.79999999999973
2025-02-18 11:11:39,462 - INFO - UPDATE (step=48)
2025-02-18 11:11:39,462 - DEBUG - First state in ensemble: [-7.75765914 -5.54409989 23.58594019]
2025-02-18 11:11:39,462 - DEBUG - Observation: [-12.54742284 -16.00900825  28.32823774]
2025-02-18 11:11:39,490 - INFO - PREDICT (step=49)
2025-02-18 11:11:39,490 - DEBUG - Making prediction for time 204.79999999999973 -> 204.89999999999972
2025-02-18 11:11:39,493 - INFO - UPDATE (step=49)
2025-02-18 11:11:39,494 - DEBUG - First state in ensemble: [-18.83349937 -15.13179668  46.24404747]
2025-02-18 11:11:39,494 - DEBUG - Observation: [-14.99206543 -13.31558455  35.72955762]
2025-02-18 11:11:39,521 - INFO - PREDICT (step=50)
2025-02-18 11:11:39,521 - DEBUG - Making prediction for time 204.89999999999972 -> 204.99999999999972
2025-02-18 11:11:39,525 - INFO - UPDATE (step=50)
2025-02-18 11:11:39,525 - DEBUG - First state in ensemble: [-11.91922194  -7.62551369  35.78899671]
2025-02-18 11:11:39,525 - DEBUG - Observation: [-13.03351614  -7.10663293  39.67905674]
2025-02-18 11:11:39,552 - INFO - PREDICT (step=51)
2025-02-18 11:11:39,552 - DEBUG - Making prediction for time 204.99999999999972 -> 205.0999999999997
2025-02-18 11:11:39,556 - INFO - UPDATE (step=51)
2025-02-18 11:11:39,556 - DEBUG - First state in ensemble: [-9.46575837 -3.47243684 33.83249631]
2025-02-18 11:11:39,556 - DEBUG - Observation: [-10.72610836  -2.93841867  36.3293741 ]
2025-02-18 11:11:39,583 - INFO - PREDICT (step=52)
2025-02-18 11:11:39,583 - DEBUG - Making prediction for time 205.0999999999997 -> 205.1999999999997
2025-02-18 11:11:39,588 - INFO - UPDATE (step=52)
2025-02-18 11:11:39,588 - DEBUG - First state in ensemble: [-7.48160187  3.28027051 43.0146053 ]
2025-02-18 11:11:39,588 - DEBUG - Observation: [-9.04887073  5.58769179 29.28236739]
2025-02-18 11:11:39,616 - INFO - PREDICT (step=53)
2025-02-18 11:11:39,616 - DEBUG - Making prediction for time 205.1999999999997 -> 205.2999999999997
2025-02-18 11:11:39,619 - INFO - UPDATE (step=53)
2025-02-18 11:11:39,619 - DEBUG - First state in ensemble: [-1.83856813  9.41253517 24.16718334]
2025-02-18 11:11:39,619 - DEBUG - Observation: [-1.46918724  0.63482292 27.22463016]
2025-02-18 11:11:39,646 - INFO - PREDICT (step=54)
2025-02-18 11:11:39,647 - DEBUG - Making prediction for time 205.2999999999997 -> 205.3999999999997
2025-02-18 11:11:39,650 - INFO - UPDATE (step=54)
2025-02-18 11:11:39,650 - DEBUG - First state in ensemble: [-18.25327986 -11.70702848  37.30653497]
2025-02-18 11:11:39,650 - DEBUG - Observation: [-1.07806423 -1.52745588 26.49941213]
2025-02-18 11:11:39,678 - INFO - PREDICT (step=55)
2025-02-18 11:11:39,678 - DEBUG - Making prediction for time 205.3999999999997 -> 205.4999999999997
2025-02-18 11:11:39,681 - INFO - UPDATE (step=55)
2025-02-18 11:11:39,681 - DEBUG - First state in ensemble: [-6.21079749  6.12129499 15.5110537 ]
2025-02-18 11:11:39,681 - DEBUG - Observation: [-2.77584516  2.04806963 20.1454647 ]
2025-02-18 11:11:39,709 - INFO - PREDICT (step=56)
2025-02-18 11:11:39,709 - DEBUG - Making prediction for time 205.4999999999997 -> 205.59999999999968
2025-02-18 11:11:39,714 - INFO - UPDATE (step=56)
2025-02-18 11:11:39,715 - DEBUG - First state in ensemble: [ 0.92373341  0.89798919 18.82742897]
2025-02-18 11:11:39,715 - DEBUG - Observation: [-2.4734146   1.86756662 20.54744652]
2025-02-18 11:11:39,741 - INFO - PREDICT (step=57)
2025-02-18 11:11:39,742 - DEBUG - Making prediction for time 205.59999999999968 -> 205.69999999999968
2025-02-18 11:11:39,745 - INFO - UPDATE (step=57)
2025-02-18 11:11:39,745 - DEBUG - First state in ensemble: [-0.37052803 -1.55358642 24.90841732]
2025-02-18 11:11:39,745 - DEBUG - Observation: [-4.89421296  1.40289946 17.6579083 ]
2025-02-18 11:11:39,772 - INFO - PREDICT (step=58)
2025-02-18 11:11:39,772 - DEBUG - Making prediction for time 205.69999999999968 -> 205.79999999999967
2025-02-18 11:11:39,776 - INFO - UPDATE (step=58)
2025-02-18 11:11:39,776 - DEBUG - First state in ensemble: [-4.83412005 -8.21455349 14.74146721]
2025-02-18 11:11:39,776 - DEBUG - Observation: [-2.21712353  1.58511944 14.7607951 ]
2025-02-18 11:11:39,803 - INFO - PREDICT (step=59)
2025-02-18 11:11:39,803 - DEBUG - Making prediction for time 205.79999999999967 -> 205.89999999999966
2025-02-18 11:11:39,807 - INFO - UPDATE (step=59)
2025-02-18 11:11:39,807 - DEBUG - First state in ensemble: [-1.94943471 -3.54461812 12.27686871]
2025-02-18 11:11:39,807 - DEBUG - Observation: [-0.73986969 -2.65461178 10.08652967]
2025-02-18 11:11:39,835 - INFO - PREDICT (step=60)
2025-02-18 11:11:39,835 - DEBUG - Making prediction for time 205.89999999999966 -> 205.99999999999966
2025-02-18 11:11:39,840 - INFO - UPDATE (step=60)
2025-02-18 11:11:39,840 - DEBUG - First state in ensemble: [-3.35351079 -7.70585869  7.61717155]
2025-02-18 11:11:39,840 - DEBUG - Observation: [ 0.80719115 -2.13478293 11.36236055]
2025-02-18 11:11:39,868 - INFO - PREDICT (step=61)
2025-02-18 11:11:39,868 - DEBUG - Making prediction for time 205.99999999999966 -> 206.09999999999965
2025-02-18 11:11:39,872 - INFO - UPDATE (step=61)
2025-02-18 11:11:39,872 - DEBUG - First state in ensemble: [ 0.04985141 -0.22976132  5.50523238]
2025-02-18 11:11:39,872 - DEBUG - Observation: [-3.79942795 -7.55567037 10.03788005]
2025-02-18 11:11:39,900 - INFO - PREDICT (step=62)
2025-02-18 11:11:39,900 - DEBUG - Making prediction for time 206.09999999999965 -> 206.19999999999965
2025-02-18 11:11:39,904 - INFO - UPDATE (step=62)
2025-02-18 11:11:39,904 - DEBUG - First state in ensemble: [ -5.20777814 -10.06505767   8.84577687]
2025-02-18 11:11:39,904 - DEBUG - Observation: [ 0.18503965 -6.05087225  7.44836033]
2025-02-18 11:11:39,931 - INFO - PREDICT (step=63)
2025-02-18 11:11:39,931 - DEBUG - Making prediction for time 206.19999999999965 -> 206.29999999999964
2025-02-18 11:11:39,936 - INFO - UPDATE (step=63)
2025-02-18 11:11:39,936 - DEBUG - First state in ensemble: [ -6.29858227 -13.34974917   9.08906436]
2025-02-18 11:11:39,936 - DEBUG - Observation: [ -5.43452512 -12.05141379   9.52286616]
2025-02-18 11:11:39,965 - INFO - PREDICT (step=64)
2025-02-18 11:11:39,965 - DEBUG - Making prediction for time 206.29999999999964 -> 206.39999999999964
2025-02-18 11:11:39,974 - INFO - UPDATE (step=64)
2025-02-18 11:11:39,974 - DEBUG - First state in ensemble: [-37.36445154 -46.35269874  51.2406697 ]
2025-02-18 11:11:39,974 - DEBUG - Observation: [ -8.13373764 -18.42183786  14.81085736]
2025-02-18 11:11:40,016 - INFO - PREDICT (step=65)
2025-02-18 11:11:40,016 - DEBUG - Making prediction for time 206.39999999999964 -> 206.49999999999963
2025-02-18 11:11:40,021 - INFO - UPDATE (step=65)
2025-02-18 11:11:40,021 - DEBUG - First state in ensemble: [-16.76346742 -26.63312904  28.94504913]
2025-02-18 11:11:40,021 - DEBUG - Observation: [-13.03581439 -20.27023738  24.19177815]
2025-02-18 11:11:40,049 - INFO - PREDICT (step=66)
2025-02-18 11:11:40,049 - DEBUG - Making prediction for time 206.49999999999963 -> 206.59999999999962
2025-02-18 11:11:40,053 - INFO - UPDATE (step=66)
2025-02-18 11:11:40,053 - DEBUG - First state in ensemble: [-15.06273352 -18.55410651  33.25846783]
2025-02-18 11:11:40,053 - DEBUG - Observation: [-15.6110115  -17.27300946  37.37087056]
2025-02-18 11:11:40,081 - INFO - PREDICT (step=67)
2025-02-18 11:11:40,082 - DEBUG - Making prediction for time 206.59999999999962 -> 206.69999999999962
2025-02-18 11:11:40,085 - INFO - UPDATE (step=67)
2025-02-18 11:11:40,086 - DEBUG - First state in ensemble: [-15.50364734 -14.26144419  39.07343812]
2025-02-18 11:11:40,086 - DEBUG - Observation: [-15.48209101  -7.71881454  39.02128586]
2025-02-18 11:11:40,113 - INFO - PREDICT (step=68)
2025-02-18 11:11:40,113 - DEBUG - Making prediction for time 206.69999999999962 -> 206.7999999999996
2025-02-18 11:11:40,118 - INFO - UPDATE (step=68)
2025-02-18 11:11:40,118 - DEBUG - First state in ensemble: [-10.44396991  -0.67549878  38.90817002]
2025-02-18 11:11:40,118 - DEBUG - Observation: [-9.71731756  2.68812542 38.88009676]
2025-02-18 11:11:40,146 - INFO - PREDICT (step=69)
2025-02-18 11:11:40,146 - DEBUG - Making prediction for time 206.7999999999996 -> 206.8999999999996
2025-02-18 11:11:40,150 - INFO - UPDATE (step=69)
2025-02-18 11:11:40,150 - DEBUG - First state in ensemble: [-4.34290842  4.61016779 30.75998768]
2025-02-18 11:11:40,150 - DEBUG - Observation: [-6.77414363 -3.3745214  36.08153362]
2025-02-18 11:11:40,177 - INFO - PREDICT (step=70)
2025-02-18 11:11:40,177 - DEBUG - Making prediction for time 206.8999999999996 -> 206.9999999999996
2025-02-18 11:11:40,181 - INFO - UPDATE (step=70)
2025-02-18 11:11:40,181 - DEBUG - First state in ensemble: [-2.66386796  0.39023639 30.59647626]
2025-02-18 11:11:40,181 - DEBUG - Observation: [-1.72380318  2.45542645 28.33634393]
2025-02-18 11:11:40,208 - INFO - PREDICT (step=71)
2025-02-18 11:11:40,208 - DEBUG - Making prediction for time 206.9999999999996 -> 207.0999999999996
2025-02-18 11:11:40,212 - INFO - UPDATE (step=71)
2025-02-18 11:11:40,212 - DEBUG - First state in ensemble: [-10.99561933  -4.32233609  27.29397067]
2025-02-18 11:11:40,212 - DEBUG - Observation: [ 1.62045508  4.85370893 23.81175814]
2025-02-18 11:11:40,241 - INFO - PREDICT (step=72)
2025-02-18 11:11:40,241 - DEBUG - Making prediction for time 207.0999999999996 -> 207.1999999999996
2025-02-18 11:11:40,246 - INFO - UPDATE (step=72)
2025-02-18 11:11:40,246 - DEBUG - First state in ensemble: [-5.87909227  7.94903857 21.16341908]
2025-02-18 11:11:40,246 - DEBUG - Observation: [ 0.28291391  2.46775254 22.9353592 ]
2025-02-18 11:11:40,275 - INFO - PREDICT (step=73)
2025-02-18 11:11:40,275 - DEBUG - Making prediction for time 207.1999999999996 -> 207.29999999999959
2025-02-18 11:11:40,278 - INFO - UPDATE (step=73)
2025-02-18 11:11:40,279 - DEBUG - First state in ensemble: [ 6.28533512  9.21492373 13.26443968]
2025-02-18 11:11:40,279 - DEBUG - Observation: [ 6.90767921  4.98959644 17.67421228]
2025-02-18 11:11:40,307 - INFO - PREDICT (step=74)
2025-02-18 11:11:40,307 - DEBUG - Making prediction for time 207.29999999999959 -> 207.39999999999958
2025-02-18 11:11:40,311 - INFO - UPDATE (step=74)
2025-02-18 11:11:40,311 - DEBUG - First state in ensemble: [ 2.43673892  4.47270754 15.58804854]
2025-02-18 11:11:40,311 - DEBUG - Observation: [ 4.37489017  5.0624359  17.36063865]
2025-02-18 11:11:40,340 - INFO - PREDICT (step=75)
2025-02-18 11:11:40,340 - DEBUG - Making prediction for time 207.39999999999958 -> 207.49999999999957
2025-02-18 11:11:40,344 - INFO - UPDATE (step=75)
2025-02-18 11:11:40,344 - DEBUG - First state in ensemble: [ 4.0605317   7.15201917 12.20313228]
2025-02-18 11:11:40,344 - DEBUG - Observation: [ 2.31143377  6.56617136 14.36498811]
2025-02-18 11:11:40,372 - INFO - PREDICT (step=76)
2025-02-18 11:11:40,372 - DEBUG - Making prediction for time 207.49999999999957 -> 207.59999999999957
2025-02-18 11:11:40,377 - INFO - UPDATE (step=76)
2025-02-18 11:11:40,377 - DEBUG - First state in ensemble: [16.61336206 16.78075842 49.17708247]
2025-02-18 11:11:40,377 - DEBUG - Observation: [ 6.48637546  9.15260076 18.85497696]
2025-02-18 11:11:40,418 - INFO - PREDICT (step=77)
2025-02-18 11:11:40,418 - DEBUG - Making prediction for time 207.59999999999957 -> 207.69999999999956
2025-02-18 11:11:40,425 - INFO - UPDATE (step=77)
2025-02-18 11:11:40,426 - DEBUG - First state in ensemble: [ 7.94693522 11.79163932 17.12531525]
2025-02-18 11:11:40,426 - DEBUG - Observation: [ 6.06005036 11.5124276  16.55718184]
2025-02-18 11:11:40,453 - INFO - PREDICT (step=78)
2025-02-18 11:11:40,453 - DEBUG - Making prediction for time 207.69999999999956 -> 207.79999999999956
2025-02-18 11:11:40,457 - INFO - UPDATE (step=78)
2025-02-18 11:11:40,457 - DEBUG - First state in ensemble: [10.25864491  0.94533509 29.73959931]
2025-02-18 11:11:40,457 - DEBUG - Observation: [11.74633446 15.55299824 17.48687875]
2025-02-18 11:11:40,485 - INFO - PREDICT (step=79)
2025-02-18 11:11:40,485 - DEBUG - Making prediction for time 207.79999999999956 -> 207.89999999999955
2025-02-18 11:11:40,488 - INFO - UPDATE (step=79)
2025-02-18 11:11:40,488 - DEBUG - First state in ensemble: [12.48518304 15.53840499 27.55299921]
2025-02-18 11:11:40,488 - DEBUG - Observation: [15.95202039 20.3857381  25.67768928]
2025-02-18 11:11:40,516 - INFO - PREDICT (step=80)
2025-02-18 11:11:40,516 - DEBUG - Making prediction for time 207.89999999999955 -> 207.99999999999955
2025-02-18 11:11:40,521 - INFO - UPDATE (step=80)
2025-02-18 11:11:40,521 - DEBUG - First state in ensemble: [11.99857598 18.62459689 31.34994521]
2025-02-18 11:11:40,521 - DEBUG - Observation: [12.73836223 16.29563686 32.38632635]
2025-02-18 11:11:40,549 - INFO - PREDICT (step=81)
2025-02-18 11:11:40,549 - DEBUG - Making prediction for time 207.99999999999955 -> 208.09999999999954
2025-02-18 11:11:40,553 - INFO - UPDATE (step=81)
2025-02-18 11:11:40,553 - DEBUG - First state in ensemble: [13.22053102 12.43441241 35.92250835]
2025-02-18 11:11:40,553 - DEBUG - Observation: [11.61142385  8.53537584 34.43901982]
2025-02-18 11:11:40,582 - INFO - PREDICT (step=82)
2025-02-18 11:11:40,582 - DEBUG - Making prediction for time 208.09999999999954 -> 208.19999999999953
2025-02-18 11:11:40,586 - INFO - UPDATE (step=82)
2025-02-18 11:11:40,586 - DEBUG - First state in ensemble: [ 8.99413185  6.99732651 29.14925006]
2025-02-18 11:11:40,586 - DEBUG - Observation: [ 9.50140888  1.21662153 36.59621215]
2025-02-18 11:11:40,615 - INFO - PREDICT (step=83)
2025-02-18 11:11:40,615 - DEBUG - Making prediction for time 208.19999999999953 -> 208.29999999999953
2025-02-18 11:11:40,618 - INFO - UPDATE (step=83)
2025-02-18 11:11:40,618 - DEBUG - First state in ensemble: [ 7.98393868  5.7819078  27.93000766]
2025-02-18 11:11:40,618 - DEBUG - Observation: [ 7.41774834  0.44135896 32.74548473]
2025-02-18 11:11:40,647 - INFO - PREDICT (step=84)
2025-02-18 11:11:40,647 - DEBUG - Making prediction for time 208.29999999999953 -> 208.39999999999952
2025-02-18 11:11:40,652 - INFO - UPDATE (step=84)
2025-02-18 11:11:40,652 - DEBUG - First state in ensemble: [ 3.34148552 -1.86079066 28.67513447]
2025-02-18 11:11:40,652 - DEBUG - Observation: [ 6.59454754  1.64563842 26.70286944]
2025-02-18 11:11:40,681 - INFO - PREDICT (step=85)
2025-02-18 11:11:40,681 - DEBUG - Making prediction for time 208.39999999999952 -> 208.49999999999952
2025-02-18 11:11:40,685 - INFO - UPDATE (step=85)
2025-02-18 11:11:40,685 - DEBUG - First state in ensemble: [ 4.3056873   3.47774071 20.87565832]
2025-02-18 11:11:40,685 - DEBUG - Observation: [ 4.53558956 -0.18025525 24.26606815]
2025-02-18 11:11:40,713 - INFO - PREDICT (step=86)
2025-02-18 11:11:40,713 - DEBUG - Making prediction for time 208.49999999999952 -> 208.5999999999995
2025-02-18 11:11:40,717 - INFO - UPDATE (step=86)
2025-02-18 11:11:40,717 - DEBUG - First state in ensemble: [-11.20799375 -19.52063292  19.23866629]
2025-02-18 11:11:40,717 - DEBUG - Observation: [ 0.8445307   0.76104449 20.6503692 ]
2025-02-18 11:11:40,746 - INFO - PREDICT (step=87)
2025-02-18 11:11:40,746 - DEBUG - Making prediction for time 208.5999999999995 -> 208.6999999999995
2025-02-18 11:11:40,750 - INFO - UPDATE (step=87)
2025-02-18 11:11:40,750 - DEBUG - First state in ensemble: [ 0.64151218 -3.03546953 22.76474487]
2025-02-18 11:11:40,750 - DEBUG - Observation: [ 1.25120262  1.85505214 19.21538381]
2025-02-18 11:11:40,779 - INFO - PREDICT (step=88)
2025-02-18 11:11:40,779 - DEBUG - Making prediction for time 208.6999999999995 -> 208.7999999999995
2025-02-18 11:11:40,783 - INFO - UPDATE (step=88)
2025-02-18 11:11:40,784 - DEBUG - First state in ensemble: [ 8.81285713 11.08842502 17.05786926]
2025-02-18 11:11:40,784 - DEBUG - Observation: [-0.42995107 -1.78209646 15.3785387 ]
2025-02-18 11:11:40,810 - INFO - PREDICT (step=89)
2025-02-18 11:11:40,810 - DEBUG - Making prediction for time 208.7999999999995 -> 208.8999999999995
2025-02-18 11:11:40,814 - INFO - UPDATE (step=89)
2025-02-18 11:11:40,814 - DEBUG - First state in ensemble: [-2.49405756e-03  5.92044888e-01  1.72341075e+01]
2025-02-18 11:11:40,814 - DEBUG - Observation: [-0.9151449  -0.32691402 12.42966415]
2025-02-18 11:11:40,841 - INFO - PREDICT (step=90)
2025-02-18 11:11:40,841 - DEBUG - Making prediction for time 208.8999999999995 -> 208.9999999999995
2025-02-18 11:11:40,844 - INFO - UPDATE (step=90)
2025-02-18 11:11:40,844 - DEBUG - First state in ensemble: [ 5.59483676  9.14159996 12.066524  ]
2025-02-18 11:11:40,844 - DEBUG - Observation: [ 3.75891049  3.98177474 13.56355684]
2025-02-18 11:11:40,871 - INFO - PREDICT (step=91)
2025-02-18 11:11:40,871 - DEBUG - Making prediction for time 208.9999999999995 -> 209.09999999999948
2025-02-18 11:11:40,875 - INFO - UPDATE (step=91)
2025-02-18 11:11:40,875 - DEBUG - First state in ensemble: [ 8.34342058 14.23407037 14.4460852 ]
2025-02-18 11:11:40,875 - DEBUG - Observation: [ 3.66378467  3.71888212 12.81339708]
2025-02-18 11:11:40,903 - INFO - PREDICT (step=92)
2025-02-18 11:11:40,903 - DEBUG - Making prediction for time 209.09999999999948 -> 209.19999999999948
2025-02-18 11:11:40,908 - INFO - UPDATE (step=92)
2025-02-18 11:11:40,908 - DEBUG - First state in ensemble: [ 0.16764443  3.4555313  11.83780532]
2025-02-18 11:11:40,908 - DEBUG - Observation: [ 2.55257001  6.77743147 11.06677489]
2025-02-18 11:11:40,935 - INFO - PREDICT (step=93)
2025-02-18 11:11:40,935 - DEBUG - Making prediction for time 209.19999999999948 -> 209.29999999999947
2025-02-18 11:11:40,938 - INFO - UPDATE (step=93)
2025-02-18 11:11:40,938 - DEBUG - First state in ensemble: [ 3.52644448  6.48586663 12.05050043]
2025-02-18 11:11:40,938 - DEBUG - Observation: [ 5.51021589 10.0305421  11.24829059]
2025-02-18 11:11:40,966 - INFO - PREDICT (step=94)
2025-02-18 11:11:40,966 - DEBUG - Making prediction for time 209.29999999999947 -> 209.39999999999947
2025-02-18 11:11:40,970 - INFO - UPDATE (step=94)
2025-02-18 11:11:40,970 - DEBUG - First state in ensemble: [13.99014939 14.77470307  9.95953948]
2025-02-18 11:11:40,970 - DEBUG - Observation: [ 8.34632457 12.78402674 10.33994462]
2025-02-18 11:11:40,997 - INFO - PREDICT (step=95)
2025-02-18 11:11:40,997 - DEBUG - Making prediction for time 209.39999999999947 -> 209.49999999999946
2025-02-18 11:11:41,000 - INFO - UPDATE (step=95)
2025-02-18 11:11:41,000 - DEBUG - First state in ensemble: [ 8.01650591 14.6371804  12.82352276]
2025-02-18 11:11:41,000 - DEBUG - Observation: [13.5068733  22.03990998 22.42203738]
2025-02-18 11:11:41,028 - INFO - PREDICT (step=96)
2025-02-18 11:11:41,028 - DEBUG - Making prediction for time 209.49999999999946 -> 209.59999999999945
2025-02-18 11:11:41,032 - INFO - UPDATE (step=96)
2025-02-18 11:11:41,032 - DEBUG - First state in ensemble: [17.01947619 20.03859687 35.58727723]
2025-02-18 11:11:41,032 - DEBUG - Observation: [12.49079566 21.36642763 29.7021638 ]
2025-02-18 11:11:41,060 - INFO - PREDICT (step=97)
2025-02-18 11:11:41,060 - DEBUG - Making prediction for time 209.59999999999945 -> 209.69999999999945
2025-02-18 11:11:41,063 - INFO - UPDATE (step=97)
2025-02-18 11:11:41,063 - DEBUG - First state in ensemble: [10.05442302 11.78614661 31.47563562]
2025-02-18 11:11:41,063 - DEBUG - Observation: [13.64369524 14.91457928 36.22531192]
2025-02-18 11:11:41,090 - INFO - PREDICT (step=98)
2025-02-18 11:11:41,090 - DEBUG - Making prediction for time 209.69999999999945 -> 209.79999999999944
2025-02-18 11:11:41,094 - INFO - UPDATE (step=98)
2025-02-18 11:11:41,094 - DEBUG - First state in ensemble: [10.34684453  9.63120096 34.26110385]
2025-02-18 11:11:41,094 - DEBUG - Observation: [12.37030098  5.20844694 38.22733129]
2025-02-18 11:11:41,121 - INFO - PREDICT (step=99)
2025-02-18 11:11:41,122 - DEBUG - Making prediction for time 209.79999999999944 -> 209.89999999999944
2025-02-18 11:11:41,125 - INFO - UPDATE (step=99)
2025-02-18 11:11:41,125 - DEBUG - First state in ensemble: [ 8.15843623  4.30860305 30.35396958]
2025-02-18 11:11:41,125 - DEBUG - Observation: [ 7.93922157 -1.4590733  33.6171356 ]
2025-02-18 11:11:41,153 - INFO - PREDICT (step=100)
2025-02-18 11:11:41,153 - DEBUG - Making prediction for time 209.89999999999944 -> 209.99999999999943
2025-02-18 11:11:41,158 - INFO - UPDATE (step=100)
2025-02-18 11:11:41,158 - DEBUG - First state in ensemble: [ 3.87332171  0.32632747 27.64719905]
2025-02-18 11:11:41,158 - DEBUG - Observation: [ 4.6816794  -4.81988594 32.98379784]
2025-02-18 11:11:41,185 - INFO - PREDICT (step=101)
2025-02-18 11:11:41,185 - DEBUG - Making prediction for time 209.99999999999943 -> 210.09999999999943
2025-02-18 11:11:41,189 - INFO - UPDATE (step=101)
2025-02-18 11:11:41,189 - DEBUG - First state in ensemble: [ 2.03197053 -2.96708552 23.08711439]
2025-02-18 11:11:41,189 - DEBUG - Observation: [ 0.39804743 -1.49636587 25.94322149]
2025-02-18 11:11:41,216 - INFO - PREDICT (step=102)
2025-02-18 11:11:41,216 - DEBUG - Making prediction for time 210.09999999999943 -> 210.19999999999942
2025-02-18 11:11:41,220 - INFO - UPDATE (step=102)
2025-02-18 11:11:41,220 - DEBUG - First state in ensemble: [-3.7307383  -4.826962   25.54296716]
2025-02-18 11:11:41,220 - DEBUG - Observation: [ 1.53542074 -1.59415975 21.72569609]
2025-02-18 11:11:41,247 - INFO - PREDICT (step=103)
2025-02-18 11:11:41,247 - DEBUG - Making prediction for time 210.19999999999942 -> 210.29999999999941
2025-02-18 11:11:41,251 - INFO - UPDATE (step=103)
2025-02-18 11:11:41,251 - DEBUG - First state in ensemble: [-1.78764211 -3.51878426 16.65313563]
2025-02-18 11:11:41,251 - DEBUG - Observation: [-0.70272165 -2.6739801  23.72115309]
2025-02-18 11:11:41,278 - INFO - PREDICT (step=104)
2025-02-18 11:11:41,278 - DEBUG - Making prediction for time 210.29999999999941 -> 210.3999999999994
2025-02-18 11:11:41,284 - INFO - UPDATE (step=104)
2025-02-18 11:11:41,284 - DEBUG - First state in ensemble: [-0.26121918 -1.11968405 16.0532774 ]
2025-02-18 11:11:41,284 - DEBUG - Observation: [ 1.30171375 -5.63075167 18.60960981]
2025-02-18 11:11:41,311 - INFO - PREDICT (step=105)
2025-02-18 11:11:41,311 - DEBUG - Making prediction for time 210.3999999999994 -> 210.4999999999994
2025-02-18 11:11:41,315 - INFO - UPDATE (step=105)
2025-02-18 11:11:41,315 - DEBUG - First state in ensemble: [-5.40161232 -6.67155772 21.13913197]
2025-02-18 11:11:41,315 - DEBUG - Observation: [-0.31476162 -2.51935858 16.07442072]
2025-02-18 11:11:41,342 - INFO - PREDICT (step=106)
2025-02-18 11:11:41,342 - DEBUG - Making prediction for time 210.4999999999994 -> 210.5999999999994
2025-02-18 11:11:41,346 - INFO - UPDATE (step=106)
2025-02-18 11:11:41,346 - DEBUG - First state in ensemble: [-0.71284788 -0.8778989  11.1881994 ]
2025-02-18 11:11:41,346 - DEBUG - Observation: [-2.84397411 -8.94171177 12.98757796]
2025-02-18 11:11:41,374 - INFO - PREDICT (step=107)
2025-02-18 11:11:41,374 - DEBUG - Making prediction for time 210.5999999999994 -> 210.6999999999994
2025-02-18 11:11:41,377 - INFO - UPDATE (step=107)
2025-02-18 11:11:41,377 - DEBUG - First state in ensemble: [ 4.95029291 10.40282638  1.51120307]
2025-02-18 11:11:41,377 - DEBUG - Observation: [-0.49664829 -6.15577432 12.97974772]
2025-02-18 11:11:41,405 - INFO - PREDICT (step=108)
2025-02-18 11:11:41,405 - DEBUG - Making prediction for time 210.6999999999994 -> 210.7999999999994
2025-02-18 11:11:41,410 - INFO - UPDATE (step=108)
2025-02-18 11:11:41,410 - DEBUG - First state in ensemble: [ -6.93594643 -12.31874751  15.27528175]
2025-02-18 11:11:41,410 - DEBUG - Observation: [-2.34887451 -9.95882973 16.6886109 ]
2025-02-18 11:11:41,437 - INFO - PREDICT (step=109)
2025-02-18 11:11:41,437 - DEBUG - Making prediction for time 210.7999999999994 -> 210.89999999999938
2025-02-18 11:11:41,440 - INFO - UPDATE (step=109)
2025-02-18 11:11:41,440 - DEBUG - First state in ensemble: [ -7.23628792 -12.22620673  25.23091852]
2025-02-18 11:11:41,440 - DEBUG - Observation: [ -7.30245756 -14.45890061  13.23603342]
2025-02-18 11:11:41,468 - INFO - PREDICT (step=110)
2025-02-18 11:11:41,468 - DEBUG - Making prediction for time 210.89999999999938 -> 210.99999999999937
2025-02-18 11:11:41,471 - INFO - UPDATE (step=110)
2025-02-18 11:11:41,471 - DEBUG - First state in ensemble: [-10.02166827 -16.14493291  19.25295062]
2025-02-18 11:11:41,471 - DEBUG - Observation: [-11.46442236 -18.40814425  23.06936647]
2025-02-18 11:11:41,498 - INFO - PREDICT (step=111)
2025-02-18 11:11:41,498 - DEBUG - Making prediction for time 210.99999999999937 -> 211.09999999999937
2025-02-18 11:11:41,501 - INFO - UPDATE (step=111)
2025-02-18 11:11:41,502 - DEBUG - First state in ensemble: [-14.23659776 -18.00982353  29.14857406]
2025-02-18 11:11:41,502 - DEBUG - Observation: [-12.35627409 -19.91206617  27.20861063]
2025-02-18 11:11:41,529 - INFO - PREDICT (step=112)
2025-02-18 11:11:41,529 - DEBUG - Making prediction for time 211.09999999999937 -> 211.19999999999936
2025-02-18 11:11:41,534 - INFO - UPDATE (step=112)
2025-02-18 11:11:41,534 - DEBUG - First state in ensemble: [-12.92174978 -17.52931366  15.16086266]
2025-02-18 11:11:41,535 - DEBUG - Observation: [-15.87043356 -14.6397883   35.96847665]
2025-02-18 11:11:41,562 - INFO - PREDICT (step=113)
2025-02-18 11:11:41,562 - DEBUG - Making prediction for time 211.19999999999936 -> 211.29999999999936
2025-02-18 11:11:41,566 - INFO - UPDATE (step=113)
2025-02-18 11:11:41,566 - DEBUG - First state in ensemble: [-10.99808183   2.03349285  14.70091087]
2025-02-18 11:11:41,566 - DEBUG - Observation: [-12.07288982  -4.90421343  38.61198297]
2025-02-18 11:11:41,594 - INFO - PREDICT (step=114)
2025-02-18 11:11:41,594 - DEBUG - Making prediction for time 211.29999999999936 -> 211.39999999999935
2025-02-18 11:11:41,598 - INFO - UPDATE (step=114)
2025-02-18 11:11:41,598 - DEBUG - First state in ensemble: [-8.14141317 -0.61928582 35.76519199]
2025-02-18 11:11:41,598 - DEBUG - Observation: [-9.67653289e+00 -2.03588993e-02  3.32769863e+01]
2025-02-18 11:11:41,626 - INFO - PREDICT (step=115)
2025-02-18 11:11:41,626 - DEBUG - Making prediction for time 211.39999999999935 -> 211.49999999999935
2025-02-18 11:11:41,630 - INFO - UPDATE (step=115)
2025-02-18 11:11:41,630 - DEBUG - First state in ensemble: [-8.21062821 -4.0804889  28.58486649]
2025-02-18 11:11:41,630 - DEBUG - Observation: [-2.67713541  2.68885215 29.48572712]
2025-02-18 11:11:41,659 - INFO - PREDICT (step=116)
2025-02-18 11:11:41,659 - DEBUG - Making prediction for time 211.49999999999935 -> 211.59999999999934
2025-02-18 11:11:41,665 - INFO - UPDATE (step=116)
2025-02-18 11:11:41,665 - DEBUG - First state in ensemble: [-4.7751608   0.84208142 26.01898152]
2025-02-18 11:11:41,665 - DEBUG - Observation: [-4.23612029  4.97682807 25.79133076]
2025-02-18 11:11:41,692 - INFO - PREDICT (step=117)
2025-02-18 11:11:41,692 - DEBUG - Making prediction for time 211.59999999999934 -> 211.69999999999933
2025-02-18 11:11:41,696 - INFO - UPDATE (step=117)
2025-02-18 11:11:41,696 - DEBUG - First state in ensemble: [  2.06828008 -10.25400982  25.93733382]
2025-02-18 11:11:41,696 - DEBUG - Observation: [-1.18196728  2.82814349 24.59912523]
2025-02-18 11:11:41,723 - INFO - PREDICT (step=118)
2025-02-18 11:11:41,723 - DEBUG - Making prediction for time 211.69999999999933 -> 211.79999999999933
2025-02-18 11:11:41,727 - INFO - UPDATE (step=118)
2025-02-18 11:11:41,727 - DEBUG - First state in ensemble: [ 1.4028381   3.27423471 21.23364591]
2025-02-18 11:11:41,727 - DEBUG - Observation: [ 2.03798005  0.16622266 17.59618983]
2025-02-18 11:11:41,755 - INFO - PREDICT (step=119)
2025-02-18 11:11:41,755 - DEBUG - Making prediction for time 211.79999999999933 -> 211.89999999999932
2025-02-18 11:11:41,759 - INFO - UPDATE (step=119)
2025-02-18 11:11:41,759 - DEBUG - First state in ensemble: [-1.27486803 -4.08845982 11.27621927]
2025-02-18 11:11:41,759 - DEBUG - Observation: [-2.31635791  0.7043358  20.36855225]
2025-02-18 11:11:41,786 - INFO - PREDICT (step=120)
2025-02-18 11:11:41,786 - DEBUG - Making prediction for time 211.89999999999932 -> 211.99999999999932
2025-02-18 11:11:41,791 - INFO - UPDATE (step=120)
2025-02-18 11:11:41,791 - DEBUG - First state in ensemble: [ 6.95122117 15.04342842  6.77783342]
2025-02-18 11:11:41,791 - DEBUG - Observation: [ 0.08978873 -0.07262908 14.77409206]
2025-02-18 11:11:41,819 - INFO - PREDICT (step=121)
2025-02-18 11:11:41,819 - DEBUG - Making prediction for time 211.99999999999932 -> 212.0999999999993
2025-02-18 11:11:41,822 - INFO - UPDATE (step=121)
2025-02-18 11:11:41,822 - DEBUG - First state in ensemble: [ 0.49032825  3.27658661 12.83830325]
2025-02-18 11:11:41,822 - DEBUG - Observation: [-1.4137505   2.45638039 14.73222013]
2025-02-18 11:11:41,850 - INFO - PREDICT (step=122)
2025-02-18 11:11:41,850 - DEBUG - Making prediction for time 212.0999999999993 -> 212.1999999999993
2025-02-18 11:11:41,853 - INFO - UPDATE (step=122)
2025-02-18 11:11:41,853 - DEBUG - First state in ensemble: [ 3.67976271  4.74864534 14.35412031]
2025-02-18 11:11:41,853 - DEBUG - Observation: [ 1.83269224  1.67953175 11.60714161]
2025-02-18 11:11:41,881 - INFO - PREDICT (step=123)
2025-02-18 11:11:41,881 - DEBUG - Making prediction for time 212.1999999999993 -> 212.2999999999993
2025-02-18 11:11:41,885 - INFO - UPDATE (step=123)
2025-02-18 11:11:41,885 - DEBUG - First state in ensemble: [-2.45333295 -8.29557178  3.42282898]
2025-02-18 11:11:41,885 - DEBUG - Observation: [-1.02342211  0.74950834  9.77473693]
2025-02-18 11:11:41,912 - INFO - PREDICT (step=124)
2025-02-18 11:11:41,912 - DEBUG - Making prediction for time 212.2999999999993 -> 212.3999999999993
2025-02-18 11:11:41,918 - INFO - UPDATE (step=124)
2025-02-18 11:11:41,918 - DEBUG - First state in ensemble: [-1.26041157 -2.59463318  7.67093594]
2025-02-18 11:11:41,918 - DEBUG - Observation: [ 2.8436432   2.68691777 11.74137125]
2025-02-18 11:11:41,945 - INFO - PREDICT (step=125)
2025-02-18 11:11:41,945 - DEBUG - Making prediction for time 212.3999999999993 -> 212.4999999999993
2025-02-18 11:11:41,949 - INFO - UPDATE (step=125)
2025-02-18 11:11:41,949 - DEBUG - First state in ensemble: [-1.88607538  2.62833955 14.97138304]
2025-02-18 11:11:41,949 - DEBUG - Observation: [ 6.30528752 10.02165817  7.15228695]
2025-02-18 11:11:41,977 - INFO - PREDICT (step=126)
2025-02-18 11:11:41,977 - DEBUG - Making prediction for time 212.4999999999993 -> 212.59999999999928
2025-02-18 11:11:41,980 - INFO - UPDATE (step=126)
2025-02-18 11:11:41,980 - DEBUG - First state in ensemble: [10.18035554 19.81008292  9.67544911]
2025-02-18 11:11:41,980 - DEBUG - Observation: [ 3.8467046  15.59886035  9.95273203]
2025-02-18 11:11:42,007 - INFO - PREDICT (step=127)
2025-02-18 11:11:42,007 - DEBUG - Making prediction for time 212.59999999999928 -> 212.69999999999928
2025-02-18 11:11:42,011 - INFO - UPDATE (step=127)
2025-02-18 11:11:42,011 - DEBUG - First state in ensemble: [11.17060499 21.32692928 17.20242271]
2025-02-18 11:11:42,011 - DEBUG - Observation: [ 7.28708455 17.9864258  13.68761731]
2025-02-18 11:11:42,039 - INFO - PREDICT (step=128)
2025-02-18 11:11:42,039 - DEBUG - Making prediction for time 212.69999999999928 -> 212.79999999999927
2025-02-18 11:11:42,043 - INFO - UPDATE (step=128)
2025-02-18 11:11:42,043 - DEBUG - First state in ensemble: [14.02765889 20.53499275 24.16361973]
2025-02-18 11:11:42,043 - DEBUG - Observation: [11.51849146 20.22376161 22.78097759]
2025-02-18 11:11:42,071 - INFO - PREDICT (step=129)
2025-02-18 11:11:42,071 - DEBUG - Making prediction for time 212.79999999999927 -> 212.89999999999927
2025-02-18 11:11:42,074 - INFO - UPDATE (step=129)
2025-02-18 11:11:42,074 - DEBUG - First state in ensemble: [16.04424771 18.87827943 35.57648748]
2025-02-18 11:11:42,074 - DEBUG - Observation: [17.67456001 19.2134394  38.41843277]
2025-02-18 11:11:42,102 - INFO - PREDICT (step=130)
2025-02-18 11:11:42,102 - DEBUG - Making prediction for time 212.89999999999927 -> 212.99999999999926
2025-02-18 11:11:42,106 - INFO - UPDATE (step=130)
2025-02-18 11:11:42,106 - DEBUG - First state in ensemble: [24.5261083   3.74530773 49.23795844]
2025-02-18 11:11:42,106 - DEBUG - Observation: [13.37933354  8.12310321 39.76558091]
2025-02-18 11:11:42,134 - INFO - PREDICT (step=131)
2025-02-18 11:11:42,134 - DEBUG - Making prediction for time 212.99999999999926 -> 213.09999999999926
2025-02-18 11:11:42,137 - INFO - UPDATE (step=131)
2025-02-18 11:11:42,138 - DEBUG - First state in ensemble: [ 8.23391255  1.07044325 36.79055513]
2025-02-18 11:11:42,138 - DEBUG - Observation: [13.46957223 -1.88744948 39.18184645]
2025-02-18 11:11:42,165 - INFO - PREDICT (step=132)
2025-02-18 11:11:42,165 - DEBUG - Making prediction for time 213.09999999999926 -> 213.19999999999925
2025-02-18 11:11:42,170 - INFO - UPDATE (step=132)
2025-02-18 11:11:42,170 - DEBUG - First state in ensemble: [ 4.20292575 -4.11829758 29.79588406]
2025-02-18 11:11:42,170 - DEBUG - Observation: [ 5.10650681 -4.96663635 34.76216287]
2025-02-18 11:11:42,197 - INFO - PREDICT (step=133)
2025-02-18 11:11:42,197 - DEBUG - Making prediction for time 213.19999999999925 -> 213.29999999999924
2025-02-18 11:11:42,201 - INFO - UPDATE (step=133)
2025-02-18 11:11:42,201 - DEBUG - First state in ensemble: [ 3.81339533 -0.14958766 27.16810001]
2025-02-18 11:11:42,201 - DEBUG - Observation: [ 0.70044203 -4.49691229 29.84020381]
2025-02-18 11:11:42,231 - INFO - PREDICT (step=134)
2025-02-18 11:11:42,231 - DEBUG - Making prediction for time 213.29999999999924 -> 213.39999999999924
2025-02-18 11:11:42,235 - INFO - UPDATE (step=134)
2025-02-18 11:11:42,235 - DEBUG - First state in ensemble: [ 2.97062495  0.74646188 25.65429559]
2025-02-18 11:11:42,235 - DEBUG - Observation: [-0.24497516 -2.05857967 25.68409116]
2025-02-18 11:11:42,263 - INFO - PREDICT (step=135)
2025-02-18 11:11:42,263 - DEBUG - Making prediction for time 213.39999999999924 -> 213.49999999999923
2025-02-18 11:11:42,266 - INFO - UPDATE (step=135)
2025-02-18 11:11:42,266 - DEBUG - First state in ensemble: [-1.40871193 -1.94101247 20.03169018]
2025-02-18 11:11:42,266 - DEBUG - Observation: [ 0.65442309 -4.49770604 20.18850036]
2025-02-18 11:11:42,294 - INFO - PREDICT (step=136)
2025-02-18 11:11:42,294 - DEBUG - Making prediction for time 213.49999999999923 -> 213.59999999999923
2025-02-18 11:11:42,299 - INFO - UPDATE (step=136)
2025-02-18 11:11:42,299 - DEBUG - First state in ensemble: [-2.22521776 -3.31494545 21.38635634]
2025-02-18 11:11:42,299 - DEBUG - Observation: [ -2.05958612 -10.61790574  18.55429696]
2025-02-18 11:11:42,328 - INFO - PREDICT (step=137)
2025-02-18 11:11:42,328 - DEBUG - Making prediction for time 213.59999999999923 -> 213.69999999999922
2025-02-18 11:11:42,332 - INFO - UPDATE (step=137)
2025-02-18 11:11:42,332 - DEBUG - First state in ensemble: [ -6.08308673 -11.01509008  14.76676391]
2025-02-18 11:11:42,332 - DEBUG - Observation: [-6.66915737 -5.43259335 16.97357782]
2025-02-18 11:11:42,360 - INFO - PREDICT (step=138)
2025-02-18 11:11:42,360 - DEBUG - Making prediction for time 213.69999999999922 -> 213.79999999999922
2025-02-18 11:11:42,364 - INFO - UPDATE (step=138)
2025-02-18 11:11:42,364 - DEBUG - First state in ensemble: [-10.47858139 -17.75201768  19.38892908]
2025-02-18 11:11:42,364 - DEBUG - Observation: [-5.26775906 -8.35905451 15.68312653]
2025-02-18 11:11:42,392 - INFO - PREDICT (step=139)
2025-02-18 11:11:42,392 - DEBUG - Making prediction for time 213.79999999999922 -> 213.8999999999992
2025-02-18 11:11:42,396 - INFO - UPDATE (step=139)
2025-02-18 11:11:42,396 - DEBUG - First state in ensemble: [-10.09546942 -15.71869168  20.71467851]
2025-02-18 11:11:42,396 - DEBUG - Observation: [ -9.13830244 -13.76156759  14.68259349]
2025-02-18 11:11:42,423 - INFO - PREDICT (step=140)
2025-02-18 11:11:42,423 - DEBUG - Making prediction for time 213.8999999999992 -> 213.9999999999992
2025-02-18 11:11:42,428 - INFO - UPDATE (step=140)
2025-02-18 11:11:42,428 - DEBUG - First state in ensemble: [-12.97139315 -20.77086919  21.33036655]
2025-02-18 11:11:42,428 - DEBUG - Observation: [ -9.34640836 -12.26491389  22.22392048]
2025-02-18 11:11:42,456 - INFO - PREDICT (step=141)
2025-02-18 11:11:42,456 - DEBUG - Making prediction for time 213.9999999999992 -> 214.0999999999992
2025-02-18 11:11:42,459 - INFO - UPDATE (step=141)
2025-02-18 11:11:42,459 - DEBUG - First state in ensemble: [-11.5071889  -14.75647862  26.65236702]
2025-02-18 11:11:42,459 - DEBUG - Observation: [-10.33553084 -17.51740025  23.49211294]
2025-02-18 11:11:42,487 - INFO - PREDICT (step=142)
2025-02-18 11:11:42,487 - DEBUG - Making prediction for time 214.0999999999992 -> 214.1999999999992
2025-02-18 11:11:42,490 - INFO - UPDATE (step=142)
2025-02-18 11:11:42,490 - DEBUG - First state in ensemble: [-15.30541076 -15.92870755  36.26331298]
2025-02-18 11:11:42,490 - DEBUG - Observation: [-12.22049814 -13.94787661  31.14021024]
2025-02-18 11:11:42,518 - INFO - PREDICT (step=143)
2025-02-18 11:11:42,518 - DEBUG - Making prediction for time 214.1999999999992 -> 214.2999999999992
2025-02-18 11:11:42,523 - INFO - UPDATE (step=143)
2025-02-18 11:11:42,523 - DEBUG - First state in ensemble: [-10.25337836  -8.65315852  30.61442968]
2025-02-18 11:11:42,523 - DEBUG - Observation: [-11.26092863 -10.40579582  35.61471774]
2025-02-18 11:11:42,551 - INFO - PREDICT (step=144)
2025-02-18 11:11:42,551 - DEBUG - Making prediction for time 214.2999999999992 -> 214.39999999999918
2025-02-18 11:11:42,556 - INFO - UPDATE (step=144)
2025-02-18 11:11:42,556 - DEBUG - First state in ensemble: [-17.3970331   -1.80861031  34.44965071]
2025-02-18 11:11:42,556 - DEBUG - Observation: [-10.90750196  -6.53971693  33.80017256]
2025-02-18 11:11:42,584 - INFO - PREDICT (step=145)
2025-02-18 11:11:42,584 - DEBUG - Making prediction for time 214.39999999999918 -> 214.49999999999918
2025-02-18 11:11:42,588 - INFO - UPDATE (step=145)
2025-02-18 11:11:42,588 - DEBUG - First state in ensemble: [-9.99231882 -6.47563459 30.70073132]
2025-02-18 11:11:42,588 - DEBUG - Observation: [-10.45044514  -3.82588571  30.14249832]
2025-02-18 11:11:42,616 - INFO - PREDICT (step=146)
2025-02-18 11:11:42,616 - DEBUG - Making prediction for time 214.49999999999918 -> 214.59999999999917
2025-02-18 11:11:42,619 - INFO - UPDATE (step=146)
2025-02-18 11:11:42,619 - DEBUG - First state in ensemble: [-8.13817655 -4.63997828 29.40552713]
2025-02-18 11:11:42,619 - DEBUG - Observation: [-5.1325127  -5.31485309 28.92443797]
2025-02-18 11:11:42,647 - INFO - PREDICT (step=147)
2025-02-18 11:11:42,647 - DEBUG - Making prediction for time 214.59999999999917 -> 214.69999999999916
2025-02-18 11:11:42,651 - INFO - UPDATE (step=147)
2025-02-18 11:11:42,651 - DEBUG - First state in ensemble: [-8.9354516   0.81396884 18.12321974]
2025-02-18 11:11:42,651 - DEBUG - Observation: [-2.75243009 -2.62177125 23.94393646]
2025-02-18 11:11:42,678 - INFO - PREDICT (step=148)
2025-02-18 11:11:42,679 - DEBUG - Making prediction for time 214.69999999999916 -> 214.79999999999916
2025-02-18 11:11:42,684 - INFO - UPDATE (step=148)
2025-02-18 11:11:42,684 - DEBUG - First state in ensemble: [-4.70409836 -5.50982271 19.95297841]
2025-02-18 11:11:42,684 - DEBUG - Observation: [-2.05011295  0.69219789 22.37534777]
2025-02-18 11:11:42,711 - INFO - PREDICT (step=149)
2025-02-18 11:11:42,711 - DEBUG - Making prediction for time 214.79999999999916 -> 214.89999999999915
2025-02-18 11:11:42,716 - INFO - UPDATE (step=149)
2025-02-18 11:11:42,716 - DEBUG - First state in ensemble: [ -7.46667487 -11.38325827  19.81836166]
2025-02-18 11:11:42,716 - DEBUG - Observation: [-3.12973429 -6.62409504 21.68187371]
2025-02-18 11:11:42,743 - INFO - PREDICT (step=150)
2025-02-18 11:11:42,743 - DEBUG - Making prediction for time 214.89999999999915 -> 214.99999999999915
2025-02-18 11:11:42,746 - INFO - UPDATE (step=150)
2025-02-18 11:11:42,746 - DEBUG - First state in ensemble: [ -6.66405634 -14.40208832  24.81785497]
2025-02-18 11:11:42,746 - DEBUG - Observation: [-7.54308854 -4.65035929 18.61022205]
2025-02-18 11:11:42,774 - INFO - PREDICT (step=151)
2025-02-18 11:11:42,774 - DEBUG - Making prediction for time 214.99999999999915 -> 215.09999999999914
2025-02-18 11:11:42,777 - INFO - UPDATE (step=151)
2025-02-18 11:11:42,777 - DEBUG - First state in ensemble: [ -8.0412432  -10.82903344  22.28087186]
2025-02-18 11:11:42,777 - DEBUG - Observation: [-4.41224423 -6.80847118 16.6037967 ]
2025-02-18 11:11:42,805 - INFO - PREDICT (step=152)
2025-02-18 11:11:42,805 - DEBUG - Making prediction for time 215.09999999999914 -> 215.19999999999914
2025-02-18 11:11:42,810 - INFO - UPDATE (step=152)
2025-02-18 11:11:42,810 - DEBUG - First state in ensemble: [-17.38100625 -22.51955323  25.74914551]
2025-02-18 11:11:42,810 - DEBUG - Observation: [-6.01960943 -8.25787047 18.14216995]
2025-02-18 11:11:42,839 - INFO - PREDICT (step=153)
2025-02-18 11:11:42,839 - DEBUG - Making prediction for time 215.19999999999914 -> 215.29999999999913
2025-02-18 11:11:42,842 - INFO - UPDATE (step=153)
2025-02-18 11:11:42,842 - DEBUG - First state in ensemble: [ -9.84240302 -16.65286612  16.22956312]
2025-02-18 11:11:42,842 - DEBUG - Observation: [ -7.67284612 -12.85986439  17.74862766]
2025-02-18 11:11:42,871 - INFO - PREDICT (step=154)
2025-02-18 11:11:42,871 - DEBUG - Making prediction for time 215.29999999999913 -> 215.39999999999912
2025-02-18 11:11:42,874 - INFO - UPDATE (step=154)
2025-02-18 11:11:42,874 - DEBUG - First state in ensemble: [-11.29696991 -15.36778333  25.80550272]
2025-02-18 11:11:42,874 - DEBUG - Observation: [ -8.82907167 -12.54117067  21.67916027]
2025-02-18 11:11:42,902 - INFO - PREDICT (step=155)
2025-02-18 11:11:42,902 - DEBUG - Making prediction for time 215.39999999999912 -> 215.49999999999912
2025-02-18 11:11:42,905 - INFO - UPDATE (step=155)
2025-02-18 11:11:42,905 - DEBUG - First state in ensemble: [-11.80365858 -16.40747475  25.19925246]
2025-02-18 11:11:42,905 - DEBUG - Observation: [-11.0314837  -18.53083836  30.28166186]
2025-02-18 11:11:42,934 - INFO - PREDICT (step=156)
2025-02-18 11:11:42,934 - DEBUG - Making prediction for time 215.49999999999912 -> 215.5999999999991
2025-02-18 11:11:42,939 - INFO - UPDATE (step=156)
2025-02-18 11:11:42,939 - DEBUG - First state in ensemble: [-14.14608957 -13.51613676  35.96268952]
2025-02-18 11:11:42,939 - DEBUG - Observation: [-14.14606377 -13.54753798  33.50260216]
2025-02-18 11:11:42,966 - INFO - PREDICT (step=157)
2025-02-18 11:11:42,967 - DEBUG - Making prediction for time 215.5999999999991 -> 215.6999999999991
2025-02-18 11:11:42,970 - INFO - UPDATE (step=157)
2025-02-18 11:11:42,970 - DEBUG - First state in ensemble: [-17.12710388 -14.31837021  51.13738112]
2025-02-18 11:11:42,970 - DEBUG - Observation: [-13.04688808 -10.09281186  37.68725142]
2025-02-18 11:11:42,997 - INFO - PREDICT (step=158)
2025-02-18 11:11:42,997 - DEBUG - Making prediction for time 215.6999999999991 -> 215.7999999999991
2025-02-18 11:11:43,001 - INFO - UPDATE (step=158)
2025-02-18 11:11:43,001 - DEBUG - First state in ensemble: [-7.77611723 -1.06941377 33.41810406]
2025-02-18 11:11:43,001 - DEBUG - Observation: [-9.07520573 -2.38363972 31.33681571]
2025-02-18 11:11:43,028 - INFO - PREDICT (step=159)
2025-02-18 11:11:43,028 - DEBUG - Making prediction for time 215.7999999999991 -> 215.8999999999991
2025-02-18 11:11:43,032 - INFO - UPDATE (step=159)
2025-02-18 11:11:43,032 - DEBUG - First state in ensemble: [-5.0798311   3.74941003 31.46026432]
2025-02-18 11:11:43,032 - DEBUG - Observation: [-8.34214968  0.2427388  29.60297422]
2025-02-18 11:11:43,060 - INFO - PREDICT (step=160)
2025-02-18 11:11:43,060 - DEBUG - Making prediction for time 215.8999999999991 -> 215.9999999999991
2025-02-18 11:11:43,064 - INFO - UPDATE (step=160)
2025-02-18 11:11:43,064 - DEBUG - First state in ensemble: [-5.56811641 -2.00364275 24.28234427]
2025-02-18 11:11:43,064 - DEBUG - Observation: [-2.99840863 -0.56567975 29.48367853]
2025-02-18 11:11:43,092 - INFO - PREDICT (step=161)
2025-02-18 11:11:43,092 - DEBUG - Making prediction for time 215.9999999999991 -> 216.09999999999908
2025-02-18 11:11:43,096 - INFO - UPDATE (step=161)
2025-02-18 11:11:43,096 - DEBUG - First state in ensemble: [-10.11874123 -10.6794064   29.53083689]
2025-02-18 11:11:43,096 - DEBUG - Observation: [-1.45391296 -1.62201934 24.43569618]
2025-02-18 11:11:43,123 - INFO - PREDICT (step=162)
2025-02-18 11:11:43,124 - DEBUG - Making prediction for time 216.09999999999908 -> 216.19999999999908
2025-02-18 11:11:43,128 - INFO - UPDATE (step=162)
2025-02-18 11:11:43,128 - DEBUG - First state in ensemble: [ 0.70057591  1.28938997 19.8015118 ]
2025-02-18 11:11:43,128 - DEBUG - Observation: [-5.71423483 -3.5789015  20.33860149]
2025-02-18 11:11:43,155 - INFO - PREDICT (step=163)
2025-02-18 11:11:43,155 - DEBUG - Making prediction for time 216.19999999999908 -> 216.29999999999907
2025-02-18 11:11:43,159 - INFO - UPDATE (step=163)
2025-02-18 11:11:43,159 - DEBUG - First state in ensemble: [ 3.61695054  9.3144976  16.23623876]
2025-02-18 11:11:43,159 - DEBUG - Observation: [-1.83942206 -1.86913102 18.53928962]
2025-02-18 11:11:43,187 - INFO - PREDICT (step=164)
2025-02-18 11:11:43,187 - DEBUG - Making prediction for time 216.29999999999907 -> 216.39999999999907
2025-02-18 11:11:43,192 - INFO - UPDATE (step=164)
2025-02-18 11:11:43,192 - DEBUG - First state in ensemble: [-4.80547649 17.02200639 24.95107223]
2025-02-18 11:11:43,192 - DEBUG - Observation: [-4.23494035 -2.46550275 15.92358014]
2025-02-18 11:11:43,220 - INFO - PREDICT (step=165)
2025-02-18 11:11:43,220 - DEBUG - Making prediction for time 216.39999999999907 -> 216.49999999999906
2025-02-18 11:11:43,224 - INFO - UPDATE (step=165)
2025-02-18 11:11:43,224 - DEBUG - First state in ensemble: [-1.34990311 -1.97051002 15.95501284]
2025-02-18 11:11:43,224 - DEBUG - Observation: [-5.76719604 -3.17294727 16.56701393]
2025-02-18 11:11:43,252 - INFO - PREDICT (step=166)
2025-02-18 11:11:43,252 - DEBUG - Making prediction for time 216.49999999999906 -> 216.59999999999906
2025-02-18 11:11:43,255 - INFO - UPDATE (step=166)
2025-02-18 11:11:43,255 - DEBUG - First state in ensemble: [-3.19130439 -1.21273913 -1.27900202]
2025-02-18 11:11:43,255 - DEBUG - Observation: [-4.81385092 -8.3733816  13.26701622]
2025-02-18 11:11:43,283 - INFO - PREDICT (step=167)
2025-02-18 11:11:43,283 - DEBUG - Making prediction for time 216.59999999999906 -> 216.69999999999905
2025-02-18 11:11:43,286 - INFO - UPDATE (step=167)
2025-02-18 11:11:43,286 - DEBUG - First state in ensemble: [ -5.83072342 -10.19658783  13.27139598]
2025-02-18 11:11:43,286 - DEBUG - Observation: [-5.5675798  -8.03637802 15.71581968]
2025-02-18 11:11:43,314 - INFO - PREDICT (step=168)
2025-02-18 11:11:43,314 - DEBUG - Making prediction for time 216.69999999999905 -> 216.79999999999905
2025-02-18 11:11:43,320 - INFO - UPDATE (step=168)
2025-02-18 11:11:43,320 - DEBUG - First state in ensemble: [-19.96201998 -23.83629641  30.17412018]
2025-02-18 11:11:43,320 - DEBUG - Observation: [ -7.93431933 -17.01885527  20.08888966]
2025-02-18 11:11:43,347 - INFO - PREDICT (step=169)
2025-02-18 11:11:43,347 - DEBUG - Making prediction for time 216.79999999999905 -> 216.89999999999904
2025-02-18 11:11:43,351 - INFO - UPDATE (step=169)
2025-02-18 11:11:43,351 - DEBUG - First state in ensemble: [-10.42289515 -15.35324514  23.80781987]
2025-02-18 11:11:43,351 - DEBUG - Observation: [-13.88710001 -13.43584226  21.53016326]
2025-02-18 11:11:43,378 - INFO - PREDICT (step=170)
2025-02-18 11:11:43,378 - DEBUG - Making prediction for time 216.89999999999904 -> 216.99999999999903
2025-02-18 11:11:43,381 - INFO - UPDATE (step=170)
2025-02-18 11:11:43,381 - DEBUG - First state in ensemble: [-11.27453801 -14.57981779  25.54578978]
2025-02-18 11:11:43,381 - DEBUG - Observation: [-13.04662225 -14.29780171  29.92749219]
2025-02-18 11:11:43,409 - INFO - PREDICT (step=171)
2025-02-18 11:11:43,409 - DEBUG - Making prediction for time 216.99999999999903 -> 217.09999999999903
2025-02-18 11:11:43,412 - INFO - UPDATE (step=171)
2025-02-18 11:11:43,412 - DEBUG - First state in ensemble: [-12.31442542 -11.19387852  31.93316219]
2025-02-18 11:11:43,412 - DEBUG - Observation: [-14.08754276 -10.39236863  37.4039614 ]
2025-02-18 11:11:43,440 - INFO - PREDICT (step=172)
2025-02-18 11:11:43,440 - DEBUG - Making prediction for time 217.09999999999903 -> 217.19999999999902
2025-02-18 11:11:43,445 - INFO - UPDATE (step=172)
2025-02-18 11:11:43,445 - DEBUG - First state in ensemble: [-11.05638152  -5.60278781  36.03590394]
2025-02-18 11:11:43,445 - DEBUG - Observation: [-11.51708541  -7.48809443  34.49313485]
2025-02-18 11:11:43,473 - INFO - PREDICT (step=173)
2025-02-18 11:11:43,473 - DEBUG - Making prediction for time 217.19999999999902 -> 217.29999999999902
2025-02-18 11:11:43,477 - INFO - UPDATE (step=173)
2025-02-18 11:11:43,477 - DEBUG - First state in ensemble: [ -8.75316748 -10.48207046  46.84645249]
2025-02-18 11:11:43,477 - DEBUG - Observation: [-9.47438902 -7.77703234 34.64085554]
2025-02-18 11:11:43,505 - INFO - PREDICT (step=174)
2025-02-18 11:11:43,505 - DEBUG - Making prediction for time 217.29999999999902 -> 217.399999999999
2025-02-18 11:11:43,508 - INFO - UPDATE (step=174)
2025-02-18 11:11:43,508 - DEBUG - First state in ensemble: [-8.9804561  -5.63409809 31.64857791]
2025-02-18 11:11:43,508 - DEBUG - Observation: [-4.80751416 -4.80964837 28.7828284 ]
2025-02-18 11:11:43,536 - INFO - PREDICT (step=175)
2025-02-18 11:11:43,536 - DEBUG - Making prediction for time 217.399999999999 -> 217.499999999999
2025-02-18 11:11:43,539 - INFO - UPDATE (step=175)
2025-02-18 11:11:43,539 - DEBUG - First state in ensemble: [17.98865921 29.19618132 42.33338195]
2025-02-18 11:11:43,539 - DEBUG - Observation: [-2.91014134  4.92420117 24.22536383]
2025-02-18 11:11:43,567 - INFO - PREDICT (step=176)
2025-02-18 11:11:43,567 - DEBUG - Making prediction for time 217.499999999999 -> 217.599999999999
2025-02-18 11:11:43,572 - INFO - UPDATE (step=176)
2025-02-18 11:11:43,572 - DEBUG - First state in ensemble: [-3.96249217 -2.60512611 20.48136338]
2025-02-18 11:11:43,572 - DEBUG - Observation: [ 0.40783446 -4.52307305 24.49901489]
2025-02-18 11:11:43,599 - INFO - PREDICT (step=177)
2025-02-18 11:11:43,599 - DEBUG - Making prediction for time 217.599999999999 -> 217.699999999999
2025-02-18 11:11:43,603 - INFO - UPDATE (step=177)
2025-02-18 11:11:43,603 - DEBUG - First state in ensemble: [-4.56119216 -4.24785137 24.07192753]
2025-02-18 11:11:43,603 - DEBUG - Observation: [-4.45599221 -1.14066907 21.94976112]
2025-02-18 11:11:43,631 - INFO - PREDICT (step=178)
2025-02-18 11:11:43,632 - DEBUG - Making prediction for time 217.699999999999 -> 217.799999999999
2025-02-18 11:11:43,635 - INFO - UPDATE (step=178)
2025-02-18 11:11:43,635 - DEBUG - First state in ensemble: [-5.37324608 -6.23409544 21.600464  ]
2025-02-18 11:11:43,635 - DEBUG - Observation: [-0.9929102  -0.70449743 17.69692259]
2025-02-18 11:11:43,663 - INFO - PREDICT (step=179)
2025-02-18 11:11:43,663 - DEBUG - Making prediction for time 217.799999999999 -> 217.89999999999898
2025-02-18 11:11:43,666 - INFO - UPDATE (step=179)
2025-02-18 11:11:43,666 - DEBUG - First state in ensemble: [-1.03671063 -4.66116764 14.49256021]
2025-02-18 11:11:43,666 - DEBUG - Observation: [ 1.09295676 -1.9627938  14.14937266]
2025-02-18 11:11:43,694 - INFO - PREDICT (step=180)
2025-02-18 11:11:43,694 - DEBUG - Making prediction for time 217.89999999999898 -> 217.99999999999898
2025-02-18 11:11:43,701 - INFO - UPDATE (step=180)
2025-02-18 11:11:43,701 - DEBUG - First state in ensemble: [-2.55746242 -6.79720412 16.05775215]
2025-02-18 11:11:43,701 - DEBUG - Observation: [-2.96629554 -2.67630113 13.52601   ]
2025-02-18 11:11:43,728 - INFO - PREDICT (step=181)
2025-02-18 11:11:43,728 - DEBUG - Making prediction for time 217.99999999999898 -> 218.09999999999897
2025-02-18 11:11:43,732 - INFO - UPDATE (step=181)
2025-02-18 11:11:43,732 - DEBUG - First state in ensemble: [ -5.04381219 -11.51337514   1.09987422]
2025-02-18 11:11:43,732 - DEBUG - Observation: [-3.58324097 -8.00621518 13.78360649]
2025-02-18 11:11:43,760 - INFO - PREDICT (step=182)
2025-02-18 11:11:43,760 - DEBUG - Making prediction for time 218.09999999999897 -> 218.19999999999897
2025-02-18 11:11:43,763 - INFO - UPDATE (step=182)
2025-02-18 11:11:43,763 - DEBUG - First state in ensemble: [ -9.62714626 -16.13888069  16.91266322]
2025-02-18 11:11:43,763 - DEBUG - Observation: [ -8.22245723 -10.62286659  14.97041   ]
2025-02-18 11:11:43,791 - INFO - PREDICT (step=183)
2025-02-18 11:11:43,791 - DEBUG - Making prediction for time 218.19999999999897 -> 218.29999999999896
2025-02-18 11:11:43,794 - INFO - UPDATE (step=183)
2025-02-18 11:11:43,795 - DEBUG - First state in ensemble: [-6.27196916 -9.98923121 13.81783428]
2025-02-18 11:11:43,795 - DEBUG - Observation: [ -6.30883353 -16.05004008  14.74699368]
2025-02-18 11:11:43,823 - INFO - PREDICT (step=184)
2025-02-18 11:11:43,823 - DEBUG - Making prediction for time 218.29999999999896 -> 218.39999999999895
2025-02-18 11:11:43,828 - INFO - UPDATE (step=184)
2025-02-18 11:11:43,828 - DEBUG - First state in ensemble: [-15.17065873 -20.88238469  30.05184713]
2025-02-18 11:11:43,828 - DEBUG - Observation: [-11.84328688 -18.24859079  22.03573975]
2025-02-18 11:11:43,855 - INFO - PREDICT (step=185)
2025-02-18 11:11:43,855 - DEBUG - Making prediction for time 218.39999999999895 -> 218.49999999999895
2025-02-18 11:11:43,859 - INFO - UPDATE (step=185)
2025-02-18 11:11:43,859 - DEBUG - First state in ensemble: [-32.14819167  -9.60112655  47.71093207]
2025-02-18 11:11:43,859 - DEBUG - Observation: [-16.89130099 -18.23519783  28.9261866 ]
2025-02-18 11:11:43,887 - INFO - PREDICT (step=186)
2025-02-18 11:11:43,887 - DEBUG - Making prediction for time 218.49999999999895 -> 218.59999999999894
2025-02-18 11:11:43,890 - INFO - UPDATE (step=186)
2025-02-18 11:11:43,890 - DEBUG - First state in ensemble: [-17.0256779  -12.1488721   34.04590944]
2025-02-18 11:11:43,890 - DEBUG - Observation: [-15.77401215 -13.48361296  38.02514897]
2025-02-18 11:11:43,918 - INFO - PREDICT (step=187)
2025-02-18 11:11:43,918 - DEBUG - Making prediction for time 218.59999999999894 -> 218.69999999999894
2025-02-18 11:11:43,921 - INFO - UPDATE (step=187)
2025-02-18 11:11:43,921 - DEBUG - First state in ensemble: [-14.64780909  -8.38857944  38.45939799]
2025-02-18 11:11:43,921 - DEBUG - Observation: [-12.49709479 -10.10757331  33.9129917 ]
2025-02-18 11:11:43,948 - INFO - PREDICT (step=188)
2025-02-18 11:11:43,948 - DEBUG - Making prediction for time 218.69999999999894 -> 218.79999999999893
2025-02-18 11:11:43,953 - INFO - UPDATE (step=188)
2025-02-18 11:11:43,953 - DEBUG - First state in ensemble: [-11.33706193  -6.19084376  38.12908912]
2025-02-18 11:11:43,953 - DEBUG - Observation: [-7.77973881 -0.91504024 34.97656869]
2025-02-18 11:11:43,980 - INFO - PREDICT (step=189)
2025-02-18 11:11:43,980 - DEBUG - Making prediction for time 218.79999999999893 -> 218.89999999999893
2025-02-18 11:11:43,984 - INFO - UPDATE (step=189)
2025-02-18 11:11:43,984 - DEBUG - First state in ensemble: [-5.80121537 -2.15178811 30.97172538]
2025-02-18 11:11:43,984 - DEBUG - Observation: [-1.66887402  3.67079179 29.49323728]
2025-02-18 11:11:44,012 - INFO - PREDICT (step=190)
2025-02-18 11:11:44,012 - DEBUG - Making prediction for time 218.89999999999893 -> 218.99999999999892
2025-02-18 11:11:44,015 - INFO - UPDATE (step=190)
2025-02-18 11:11:44,015 - DEBUG - First state in ensemble: [-10.10203014  -8.38696285   4.78884379]
2025-02-18 11:11:44,015 - DEBUG - Observation: [-5.06422403  4.02815335 24.85409412]
2025-02-18 11:11:44,042 - INFO - PREDICT (step=191)
2025-02-18 11:11:44,042 - DEBUG - Making prediction for time 218.99999999999892 -> 219.09999999999891
2025-02-18 11:11:44,046 - INFO - UPDATE (step=191)
2025-02-18 11:11:44,046 - DEBUG - First state in ensemble: [-3.63910948 -4.60499977 21.76389232]
2025-02-18 11:11:44,046 - DEBUG - Observation: [ 1.52373942  1.98682875 25.00378633]
2025-02-18 11:11:44,074 - INFO - PREDICT (step=192)
2025-02-18 11:11:44,074 - DEBUG - Making prediction for time 219.09999999999891 -> 219.1999999999989
2025-02-18 11:11:44,079 - INFO - UPDATE (step=192)
2025-02-18 11:11:44,079 - DEBUG - First state in ensemble: [10.08754236  4.63869136 41.51399446]
2025-02-18 11:11:44,079 - DEBUG - Observation: [ 2.40729683 -0.9525014  19.91526022]
2025-02-18 11:11:44,107 - INFO - PREDICT (step=193)
2025-02-18 11:11:44,107 - DEBUG - Making prediction for time 219.1999999999989 -> 219.2999999999989
2025-02-18 11:11:44,111 - INFO - UPDATE (step=193)
2025-02-18 11:11:44,111 - DEBUG - First state in ensemble: [-3.48494381  7.70918742 21.77894119]
2025-02-18 11:11:44,111 - DEBUG - Observation: [ 5.04408254 -0.541727   17.32241477]
2025-02-18 11:11:44,138 - INFO - PREDICT (step=194)
2025-02-18 11:11:44,138 - DEBUG - Making prediction for time 219.2999999999989 -> 219.3999999999989
2025-02-18 11:11:44,142 - INFO - UPDATE (step=194)
2025-02-18 11:11:44,142 - DEBUG - First state in ensemble: [-1.68224198 -0.83074177 12.53040012]
2025-02-18 11:11:44,142 - DEBUG - Observation: [ 2.4767231   0.75655816 16.9329891 ]
2025-02-18 11:11:44,170 - INFO - PREDICT (step=195)
2025-02-18 11:11:44,170 - DEBUG - Making prediction for time 219.3999999999989 -> 219.4999999999989
2025-02-18 11:11:44,174 - INFO - UPDATE (step=195)
2025-02-18 11:11:44,174 - DEBUG - First state in ensemble: [ -9.8078716  -14.30099799  19.93106327]
2025-02-18 11:11:44,174 - DEBUG - Observation: [-0.27817097  3.40966813 11.5057204 ]
2025-02-18 11:11:44,202 - INFO - PREDICT (step=196)
2025-02-18 11:11:44,202 - DEBUG - Making prediction for time 219.4999999999989 -> 219.5999999999989
2025-02-18 11:11:44,207 - INFO - UPDATE (step=196)
2025-02-18 11:11:44,208 - DEBUG - First state in ensemble: [-1.33149882 -1.30556675  9.43945902]
2025-02-18 11:11:44,208 - DEBUG - Observation: [0.6487466  3.38101181 9.08285274]
2025-02-18 11:11:44,236 - INFO - PREDICT (step=197)
2025-02-18 11:11:44,236 - DEBUG - Making prediction for time 219.5999999999989 -> 219.69999999999888
2025-02-18 11:11:44,240 - INFO - UPDATE (step=197)
2025-02-18 11:11:44,240 - DEBUG - First state in ensemble: [ 5.62506849  9.99310561 10.07680776]
2025-02-18 11:11:44,240 - DEBUG - Observation: [ 2.73010863  3.98624847 12.37869803]
2025-02-18 11:11:44,268 - INFO - PREDICT (step=198)
2025-02-18 11:11:44,268 - DEBUG - Making prediction for time 219.69999999999888 -> 219.79999999999887
2025-02-18 11:11:44,272 - INFO - UPDATE (step=198)
2025-02-18 11:11:44,272 - DEBUG - First state in ensemble: [ 7.59732557 11.04200929 14.68847264]
2025-02-18 11:11:44,272 - DEBUG - Observation: [ 2.37586562 12.03391084 10.19999346]
2025-02-18 11:11:44,301 - INFO - PREDICT (step=199)
2025-02-18 11:11:44,301 - DEBUG - Making prediction for time 219.79999999999887 -> 219.89999999999887
2025-02-18 11:11:44,305 - INFO - UPDATE (step=199)
2025-02-18 11:11:44,305 - DEBUG - First state in ensemble: [11.14513974 18.89802695 19.11887106]
2025-02-18 11:11:44,305 - DEBUG - Observation: [ 3.79962612 11.68529005 13.64537193]
2025-02-18 11:11:44,334 - INFO - PREDICT (step=200)
2025-02-18 11:11:44,334 - DEBUG - Making prediction for time 219.89999999999887 -> 219.99999999999886
2025-02-18 11:11:44,338 - INFO - UPDATE (step=200)
2025-02-18 11:11:44,338 - DEBUG - First state in ensemble: [ 9.87629622 16.34023871 16.88056022]
2025-02-18 11:11:44,338 - DEBUG - Observation: [14.6637575  15.40451941 17.24129616]
2025-02-18 11:11:44,366 - INFO - FINISHED
