2025-02-18 11:35:31,929 - INFO - MODEL=lorenz63 | FILTER=KDE | ENSEMBLE SIZE=60
2025-02-18 11:35:31,929 - DEBUG - Reference Initial State: [ 7.07143333 11.0771997  17.64386577]
2025-02-18 11:35:31,931 - INFO - PREDICT (step=1)
2025-02-18 11:35:31,932 - DEBUG - Making prediction for time 200 -> 200.1
2025-02-18 11:35:31,940 - INFO - UPDATE (step=1)
2025-02-18 11:35:31,941 - DEBUG - First state in ensemble: [ 9.01013024 14.01854512 19.42465423]
2025-02-18 11:35:31,941 - DEBUG - Observation: [ 9.4318693  15.49057949 18.73056358]
2025-02-18 11:35:31,988 - INFO - PREDICT (step=2)
2025-02-18 11:35:31,988 - DEBUG - Making prediction for time 200.1 -> 200.2
2025-02-18 11:35:31,993 - INFO - UPDATE (step=2)
2025-02-18 11:35:31,993 - DEBUG - First state in ensemble: [12.32819193 19.59546766 22.75175569]
2025-02-18 11:35:31,993 - DEBUG - Observation: [11.52581263 17.17414864 27.82682255]
2025-02-18 11:35:32,038 - INFO - PREDICT (step=3)
2025-02-18 11:35:32,039 - DEBUG - Making prediction for time 200.2 -> 200.29999999999998
2025-02-18 11:35:32,044 - INFO - UPDATE (step=3)
2025-02-18 11:35:32,044 - DEBUG - First state in ensemble: [14.73119965 14.12056303 21.36256991]
2025-02-18 11:35:32,044 - DEBUG - Observation: [14.27781695 12.86897829 32.13542009]
2025-02-18 11:35:32,089 - INFO - PREDICT (step=4)
2025-02-18 11:35:32,089 - DEBUG - Making prediction for time 200.29999999999998 -> 200.39999999999998
2025-02-18 11:35:32,095 - INFO - UPDATE (step=4)
2025-02-18 11:35:32,095 - DEBUG - First state in ensemble: [12.00502458 12.4512426  29.87250296]
2025-02-18 11:35:32,095 - DEBUG - Observation: [ 9.78482186 10.71306226 40.56365153]
2025-02-18 11:35:32,140 - INFO - PREDICT (step=5)
2025-02-18 11:35:32,140 - DEBUG - Making prediction for time 200.39999999999998 -> 200.49999999999997
2025-02-18 11:35:32,145 - INFO - UPDATE (step=5)
2025-02-18 11:35:32,145 - DEBUG - First state in ensemble: [ 9.6241316   6.58825422 31.1700001 ]
2025-02-18 11:35:32,146 - DEBUG - Observation: [13.79508052  4.5343313  36.81243177]
2025-02-18 11:35:32,191 - INFO - PREDICT (step=6)
2025-02-18 11:35:32,191 - DEBUG - Making prediction for time 200.49999999999997 -> 200.59999999999997
2025-02-18 11:35:32,196 - INFO - UPDATE (step=6)
2025-02-18 11:35:32,196 - DEBUG - First state in ensemble: [11.46672676 -0.98481869 33.95503469]
2025-02-18 11:35:32,196 - DEBUG - Observation: [ 6.93544005  4.48649722 33.02065371]
2025-02-18 11:35:32,242 - INFO - PREDICT (step=7)
2025-02-18 11:35:32,243 - DEBUG - Making prediction for time 200.59999999999997 -> 200.69999999999996
2025-02-18 11:35:32,248 - INFO - UPDATE (step=7)
2025-02-18 11:35:32,248 - DEBUG - First state in ensemble: [ 9.0893949   6.1598072  36.30961497]
2025-02-18 11:35:32,248 - DEBUG - Observation: [ 3.82881489  2.14892782 28.36116127]
2025-02-18 11:35:32,294 - INFO - PREDICT (step=8)
2025-02-18 11:35:32,294 - DEBUG - Making prediction for time 200.69999999999996 -> 200.79999999999995
2025-02-18 11:35:32,300 - INFO - UPDATE (step=8)
2025-02-18 11:35:32,300 - DEBUG - First state in ensemble: [ 6.43862683  4.78870049 28.22204466]
2025-02-18 11:35:32,300 - DEBUG - Observation: [ 3.01278887  0.18749211 26.14305606]
2025-02-18 11:35:32,345 - INFO - PREDICT (step=9)
2025-02-18 11:35:32,345 - DEBUG - Making prediction for time 200.79999999999995 -> 200.89999999999995
2025-02-18 11:35:32,351 - INFO - UPDATE (step=9)
2025-02-18 11:35:32,351 - DEBUG - First state in ensemble: [ 1.61951022  0.57085568 20.58745085]
2025-02-18 11:35:32,351 - DEBUG - Observation: [ 3.16432356  0.29445615 23.89706196]
2025-02-18 11:35:32,397 - INFO - PREDICT (step=10)
2025-02-18 11:35:32,397 - DEBUG - Making prediction for time 200.89999999999995 -> 200.99999999999994
2025-02-18 11:35:32,402 - INFO - UPDATE (step=10)
2025-02-18 11:35:32,402 - DEBUG - First state in ensemble: [-1.14936569 -2.17430333 14.70824044]
2025-02-18 11:35:32,402 - DEBUG - Observation: [ 4.17771141  1.89622527 19.3812592 ]
2025-02-18 11:35:32,448 - INFO - PREDICT (step=11)
2025-02-18 11:35:32,448 - DEBUG - Making prediction for time 200.99999999999994 -> 201.09999999999994
2025-02-18 11:35:32,454 - INFO - UPDATE (step=11)
2025-02-18 11:35:32,454 - DEBUG - First state in ensemble: [-0.42215148  0.38201594 14.52297617]
2025-02-18 11:35:32,454 - DEBUG - Observation: [ 1.02810129  2.84788838 16.93565433]
2025-02-18 11:35:32,499 - INFO - PREDICT (step=12)
2025-02-18 11:35:32,499 - DEBUG - Making prediction for time 201.09999999999994 -> 201.19999999999993
2025-02-18 11:35:32,505 - INFO - UPDATE (step=12)
2025-02-18 11:35:32,505 - DEBUG - First state in ensemble: [ 5.98076279  6.96459914 11.2279042 ]
2025-02-18 11:35:32,505 - DEBUG - Observation: [ 2.77035847  4.77195041 17.08334877]
2025-02-18 11:35:32,550 - INFO - PREDICT (step=13)
2025-02-18 11:35:32,551 - DEBUG - Making prediction for time 201.19999999999993 -> 201.29999999999993
2025-02-18 11:35:32,557 - INFO - UPDATE (step=13)
2025-02-18 11:35:32,557 - DEBUG - First state in ensemble: [-4.47394284 -4.71477051 11.99859107]
2025-02-18 11:35:32,557 - DEBUG - Observation: [ 8.74533087  3.08130091 16.22139997]
2025-02-18 11:35:32,602 - INFO - PREDICT (step=14)
2025-02-18 11:35:32,602 - DEBUG - Making prediction for time 201.29999999999993 -> 201.39999999999992
2025-02-18 11:35:32,607 - INFO - UPDATE (step=14)
2025-02-18 11:35:32,607 - DEBUG - First state in ensemble: [ 8.21827964 13.74075811 14.48838034]
2025-02-18 11:35:32,607 - DEBUG - Observation: [ 8.62130992  4.90991695 14.42360284]
2025-02-18 11:35:32,652 - INFO - PREDICT (step=15)
2025-02-18 11:35:32,653 - DEBUG - Making prediction for time 201.39999999999992 -> 201.49999999999991
2025-02-18 11:35:32,659 - INFO - UPDATE (step=15)
2025-02-18 11:35:32,659 - DEBUG - First state in ensemble: [ 3.91068952  7.07793634 10.64639074]
2025-02-18 11:35:32,659 - DEBUG - Observation: [ 7.97677855 12.21156763 11.99679166]
2025-02-18 11:35:32,704 - INFO - PREDICT (step=16)
2025-02-18 11:35:32,704 - DEBUG - Making prediction for time 201.49999999999991 -> 201.5999999999999
2025-02-18 11:35:32,710 - INFO - UPDATE (step=16)
2025-02-18 11:35:32,710 - DEBUG - First state in ensemble: [-5.38335925 -2.91709316 13.45553589]
2025-02-18 11:35:32,710 - DEBUG - Observation: [ 8.40070687 16.94622679 21.29543545]
2025-02-18 11:35:32,755 - INFO - PREDICT (step=17)
2025-02-18 11:35:32,756 - DEBUG - Making prediction for time 201.5999999999999 -> 201.6999999999999
2025-02-18 11:35:32,761 - INFO - UPDATE (step=17)
2025-02-18 11:35:32,761 - DEBUG - First state in ensemble: [16.17029061 15.98105056 27.84540428]
2025-02-18 11:35:32,761 - DEBUG - Observation: [ 8.72713541 17.94889999 22.29944849]
2025-02-18 11:35:32,805 - INFO - PREDICT (step=18)
2025-02-18 11:35:32,805 - DEBUG - Making prediction for time 201.6999999999999 -> 201.7999999999999
2025-02-18 11:35:32,811 - INFO - UPDATE (step=18)
2025-02-18 11:35:32,811 - DEBUG - First state in ensemble: [17.99789593 26.31237515 35.33904927]
2025-02-18 11:35:32,811 - DEBUG - Observation: [13.4297783  14.89499309 35.39026032]
2025-02-18 11:35:32,856 - INFO - PREDICT (step=19)
2025-02-18 11:35:32,856 - DEBUG - Making prediction for time 201.7999999999999 -> 201.8999999999999
2025-02-18 11:35:32,862 - INFO - UPDATE (step=19)
2025-02-18 11:35:32,862 - DEBUG - First state in ensemble: [13.34124686  6.219737   40.60794967]
2025-02-18 11:35:32,862 - DEBUG - Observation: [12.57059693 13.86987188 36.23733048]
2025-02-18 11:35:32,907 - INFO - PREDICT (step=20)
2025-02-18 11:35:32,907 - DEBUG - Making prediction for time 201.8999999999999 -> 201.9999999999999
2025-02-18 11:35:32,912 - INFO - UPDATE (step=20)
2025-02-18 11:35:32,912 - DEBUG - First state in ensemble: [10.66443778  7.12342183 36.35191791]
2025-02-18 11:35:32,912 - DEBUG - Observation: [10.65051865  3.58891156 33.059879  ]
2025-02-18 11:35:32,974 - INFO - PREDICT (step=21)
2025-02-18 11:35:32,975 - DEBUG - Making prediction for time 201.9999999999999 -> 202.09999999999988
2025-02-18 11:35:32,980 - INFO - UPDATE (step=21)
2025-02-18 11:35:32,980 - DEBUG - First state in ensemble: [ 6.83245342  1.11310126 31.31214317]
2025-02-18 11:35:32,981 - DEBUG - Observation: [11.65297915  2.81733299 33.15243654]
2025-02-18 11:35:33,026 - INFO - PREDICT (step=22)
2025-02-18 11:35:33,026 - DEBUG - Making prediction for time 202.09999999999988 -> 202.19999999999987
2025-02-18 11:35:33,031 - INFO - UPDATE (step=22)
2025-02-18 11:35:33,031 - DEBUG - First state in ensemble: [ 5.2897911   1.76266616 27.40780283]
2025-02-18 11:35:33,031 - DEBUG - Observation: [ 5.35137082 -1.03633225 26.22465888]
2025-02-18 11:35:33,076 - INFO - PREDICT (step=23)
2025-02-18 11:35:33,077 - DEBUG - Making prediction for time 202.19999999999987 -> 202.29999999999987
2025-02-18 11:35:33,082 - INFO - UPDATE (step=23)
2025-02-18 11:35:33,082 - DEBUG - First state in ensemble: [16.19854239  8.52485554 18.17718425]
2025-02-18 11:35:33,082 - DEBUG - Observation: [ 1.73147648  2.34301868 24.79121206]
2025-02-18 11:35:33,127 - INFO - PREDICT (step=24)
2025-02-18 11:35:33,127 - DEBUG - Making prediction for time 202.29999999999987 -> 202.39999999999986
2025-02-18 11:35:33,132 - INFO - UPDATE (step=24)
2025-02-18 11:35:33,132 - DEBUG - First state in ensemble: [ 8.2753846  22.07749927 18.05320122]
2025-02-18 11:35:33,133 - DEBUG - Observation: [-1.24898497  0.11229689 20.64312701]
2025-02-18 11:35:33,178 - INFO - PREDICT (step=25)
2025-02-18 11:35:33,178 - DEBUG - Making prediction for time 202.39999999999986 -> 202.49999999999986
2025-02-18 11:35:33,184 - INFO - UPDATE (step=25)
2025-02-18 11:35:33,184 - DEBUG - First state in ensemble: [ 1.82091332  0.25732227 17.45371579]
2025-02-18 11:35:33,184 - DEBUG - Observation: [ 0.33036869  1.48757423 21.0901742 ]
2025-02-18 11:35:33,228 - INFO - PREDICT (step=26)
2025-02-18 11:35:33,228 - DEBUG - Making prediction for time 202.49999999999986 -> 202.59999999999985
2025-02-18 11:35:33,234 - INFO - UPDATE (step=26)
2025-02-18 11:35:33,234 - DEBUG - First state in ensemble: [ 0.83999313 -4.56882619 25.27148796]
2025-02-18 11:35:33,234 - DEBUG - Observation: [ 2.13867251  0.89748334 16.77442167]
2025-02-18 11:35:33,280 - INFO - PREDICT (step=27)
2025-02-18 11:35:33,280 - DEBUG - Making prediction for time 202.59999999999985 -> 202.69999999999985
2025-02-18 11:35:33,286 - INFO - UPDATE (step=27)
2025-02-18 11:35:33,286 - DEBUG - First state in ensemble: [ 2.0506933  -2.0463247   7.65730843]
2025-02-18 11:35:33,286 - DEBUG - Observation: [-4.6530183   4.54884386 14.66154952]
2025-02-18 11:35:33,331 - INFO - PREDICT (step=28)
2025-02-18 11:35:33,331 - DEBUG - Making prediction for time 202.69999999999985 -> 202.79999999999984
2025-02-18 11:35:33,337 - INFO - UPDATE (step=28)
2025-02-18 11:35:33,337 - DEBUG - First state in ensemble: [0.04253573 1.62660659 8.25523128]
2025-02-18 11:35:33,337 - DEBUG - Observation: [-0.53187611  2.4735351  11.30583428]
2025-02-18 11:35:33,382 - INFO - PREDICT (step=29)
2025-02-18 11:35:33,383 - DEBUG - Making prediction for time 202.79999999999984 -> 202.89999999999984
2025-02-18 11:35:33,389 - INFO - UPDATE (step=29)
2025-02-18 11:35:33,389 - DEBUG - First state in ensemble: [2.63122792 2.60366319 8.04561687]
2025-02-18 11:35:33,389 - DEBUG - Observation: [ 3.92763119  6.86035336 12.65074158]
2025-02-18 11:35:33,433 - INFO - PREDICT (step=30)
2025-02-18 11:35:33,434 - DEBUG - Making prediction for time 202.89999999999984 -> 202.99999999999983
2025-02-18 11:35:33,439 - INFO - UPDATE (step=30)
2025-02-18 11:35:33,439 - DEBUG - First state in ensemble: [ 6.04004699 13.06373687 11.03540658]
2025-02-18 11:35:33,439 - DEBUG - Observation: [ 5.10159619  9.12060854 10.46351541]
2025-02-18 11:35:33,484 - INFO - PREDICT (step=31)
2025-02-18 11:35:33,485 - DEBUG - Making prediction for time 202.99999999999983 -> 203.09999999999982
2025-02-18 11:35:33,490 - INFO - UPDATE (step=31)
2025-02-18 11:35:33,491 - DEBUG - First state in ensemble: [ 5.71413357 12.48711823  8.90985861]
2025-02-18 11:35:33,491 - DEBUG - Observation: [ 7.22752127 15.0843323  11.99120196]
2025-02-18 11:35:33,535 - INFO - PREDICT (step=32)
2025-02-18 11:35:33,535 - DEBUG - Making prediction for time 203.09999999999982 -> 203.19999999999982
2025-02-18 11:35:33,541 - INFO - UPDATE (step=32)
2025-02-18 11:35:33,541 - DEBUG - First state in ensemble: [10.86006557 19.33558582 15.52911903]
2025-02-18 11:35:33,541 - DEBUG - Observation: [10.21962825 15.99441616 14.21557926]
2025-02-18 11:35:33,586 - INFO - PREDICT (step=33)
2025-02-18 11:35:33,586 - DEBUG - Making prediction for time 203.19999999999982 -> 203.2999999999998
2025-02-18 11:35:33,592 - INFO - UPDATE (step=33)
2025-02-18 11:35:33,592 - DEBUG - First state in ensemble: [14.4210272  22.07306539 25.29930632]
2025-02-18 11:35:33,592 - DEBUG - Observation: [14.66786962 21.55398901 19.45193003]
2025-02-18 11:35:33,636 - INFO - PREDICT (step=34)
2025-02-18 11:35:33,637 - DEBUG - Making prediction for time 203.2999999999998 -> 203.3999999999998
2025-02-18 11:35:33,642 - INFO - UPDATE (step=34)
2025-02-18 11:35:33,642 - DEBUG - First state in ensemble: [13.66763732 21.81379966 27.09025391]
2025-02-18 11:35:33,642 - DEBUG - Observation: [17.83061094 17.39120308 32.27494945]
2025-02-18 11:35:33,687 - INFO - PREDICT (step=35)
2025-02-18 11:35:33,688 - DEBUG - Making prediction for time 203.3999999999998 -> 203.4999999999998
2025-02-18 11:35:33,693 - INFO - UPDATE (step=35)
2025-02-18 11:35:33,693 - DEBUG - First state in ensemble: [13.98561712 10.87783164 37.71716843]
2025-02-18 11:35:33,693 - DEBUG - Observation: [15.53528642 10.05476114 36.80891221]
2025-02-18 11:35:33,738 - INFO - PREDICT (step=36)
2025-02-18 11:35:33,738 - DEBUG - Making prediction for time 203.4999999999998 -> 203.5999999999998
2025-02-18 11:35:33,743 - INFO - UPDATE (step=36)
2025-02-18 11:35:33,743 - DEBUG - First state in ensemble: [12.81286282  9.2138759  35.40932787]
2025-02-18 11:35:33,744 - DEBUG - Observation: [11.18642743  1.47498685 39.82937286]
2025-02-18 11:35:33,789 - INFO - PREDICT (step=37)
2025-02-18 11:35:33,789 - DEBUG - Making prediction for time 203.5999999999998 -> 203.6999999999998
2025-02-18 11:35:33,795 - INFO - UPDATE (step=37)
2025-02-18 11:35:33,795 - DEBUG - First state in ensemble: [11.82228043  2.87810831 18.70314055]
2025-02-18 11:35:33,795 - DEBUG - Observation: [ 9.4512731  -2.74399047 36.55464779]
2025-02-18 11:35:33,841 - INFO - PREDICT (step=38)
2025-02-18 11:35:33,841 - DEBUG - Making prediction for time 203.6999999999998 -> 203.79999999999978
2025-02-18 11:35:33,846 - INFO - UPDATE (step=38)
2025-02-18 11:35:33,846 - DEBUG - First state in ensemble: [-0.81661437 -4.75218327 27.86686384]
2025-02-18 11:35:33,846 - DEBUG - Observation: [ 4.05227749 -3.98457303 29.25270089]
2025-02-18 11:35:33,892 - INFO - PREDICT (step=39)
2025-02-18 11:35:33,892 - DEBUG - Making prediction for time 203.79999999999978 -> 203.89999999999978
2025-02-18 11:35:33,897 - INFO - UPDATE (step=39)
2025-02-18 11:35:33,897 - DEBUG - First state in ensemble: [ 0.83121571 -1.23590713 22.51718458]
2025-02-18 11:35:33,898 - DEBUG - Observation: [ 2.1970613  -2.27192381 26.35681591]
2025-02-18 11:35:33,942 - INFO - PREDICT (step=40)
2025-02-18 11:35:33,942 - DEBUG - Making prediction for time 203.89999999999978 -> 203.99999999999977
2025-02-18 11:35:33,948 - INFO - UPDATE (step=40)
2025-02-18 11:35:33,948 - DEBUG - First state in ensemble: [-2.14775892 -5.58253673 20.42525584]
2025-02-18 11:35:33,948 - DEBUG - Observation: [-2.13349477 -4.00950524 24.78544673]
2025-02-18 11:35:33,993 - INFO - PREDICT (step=41)
2025-02-18 11:35:33,993 - DEBUG - Making prediction for time 203.99999999999977 -> 204.09999999999977
2025-02-18 11:35:33,999 - INFO - UPDATE (step=41)
2025-02-18 11:35:33,999 - DEBUG - First state in ensemble: [-3.18851951 -4.38437918 21.45871222]
2025-02-18 11:35:34,000 - DEBUG - Observation: [-4.68583189 -4.66025746 19.20330011]
2025-02-18 11:35:34,044 - INFO - PREDICT (step=42)
2025-02-18 11:35:34,044 - DEBUG - Making prediction for time 204.09999999999977 -> 204.19999999999976
2025-02-18 11:35:34,050 - INFO - UPDATE (step=42)
2025-02-18 11:35:34,050 - DEBUG - First state in ensemble: [-2.33887241 -2.8160663  16.29541426]
2025-02-18 11:35:34,050 - DEBUG - Observation: [ 0.33625424 -3.77043749 17.09079158]
2025-02-18 11:35:34,095 - INFO - PREDICT (step=43)
2025-02-18 11:35:34,096 - DEBUG - Making prediction for time 204.19999999999976 -> 204.29999999999976
2025-02-18 11:35:34,101 - INFO - UPDATE (step=43)
2025-02-18 11:35:34,101 - DEBUG - First state in ensemble: [ 1.82854666  4.92179986 20.83414644]
2025-02-18 11:35:34,101 - DEBUG - Observation: [-0.08259252 -5.9662731  17.02521526]
2025-02-18 11:35:34,146 - INFO - PREDICT (step=44)
2025-02-18 11:35:34,146 - DEBUG - Making prediction for time 204.29999999999976 -> 204.39999999999975
2025-02-18 11:35:34,151 - INFO - UPDATE (step=44)
2025-02-18 11:35:34,151 - DEBUG - First state in ensemble: [-1.32094683 -2.20881319 15.74026412]
2025-02-18 11:35:34,151 - DEBUG - Observation: [-3.39146552 -5.32067557 12.87682236]
2025-02-18 11:35:34,197 - INFO - PREDICT (step=45)
2025-02-18 11:35:34,197 - DEBUG - Making prediction for time 204.39999999999975 -> 204.49999999999974
2025-02-18 11:35:34,203 - INFO - UPDATE (step=45)
2025-02-18 11:35:34,203 - DEBUG - First state in ensemble: [-0.9330059  -0.96299859  9.98015008]
2025-02-18 11:35:34,203 - DEBUG - Observation: [-4.38968239 -8.36958851 13.26507806]
2025-02-18 11:35:34,248 - INFO - PREDICT (step=46)
2025-02-18 11:35:34,248 - DEBUG - Making prediction for time 204.49999999999974 -> 204.59999999999974
2025-02-18 11:35:34,253 - INFO - UPDATE (step=46)
2025-02-18 11:35:34,253 - DEBUG - First state in ensemble: [ -7.07387931 -11.76059317  13.51957242]
2025-02-18 11:35:34,254 - DEBUG - Observation: [-10.05350121 -14.50906255  16.84645201]
2025-02-18 11:35:34,298 - INFO - PREDICT (step=47)
2025-02-18 11:35:34,299 - DEBUG - Making prediction for time 204.59999999999974 -> 204.69999999999973
2025-02-18 11:35:34,304 - INFO - UPDATE (step=47)
2025-02-18 11:35:34,304 - DEBUG - First state in ensemble: [ -7.73308281 -17.98811711   9.51935347]
2025-02-18 11:35:34,304 - DEBUG - Observation: [-10.0888949  -19.10336888  21.50650989]
2025-02-18 11:35:34,349 - INFO - PREDICT (step=48)
2025-02-18 11:35:34,349 - DEBUG - Making prediction for time 204.69999999999973 -> 204.79999999999973
2025-02-18 11:35:34,354 - INFO - UPDATE (step=48)
2025-02-18 11:35:34,355 - DEBUG - First state in ensemble: [-11.51264883 -18.03535495  21.71046428]
2025-02-18 11:35:34,355 - DEBUG - Observation: [-12.54742284 -16.00900825  28.32823774]
2025-02-18 11:35:34,400 - INFO - PREDICT (step=49)
2025-02-18 11:35:34,400 - DEBUG - Making prediction for time 204.79999999999973 -> 204.89999999999972
2025-02-18 11:35:34,405 - INFO - UPDATE (step=49)
2025-02-18 11:35:34,405 - DEBUG - First state in ensemble: [-11.99286259 -15.68906169  28.07474918]
2025-02-18 11:35:34,405 - DEBUG - Observation: [-14.99206543 -13.31558455  35.72955762]
2025-02-18 11:35:34,451 - INFO - PREDICT (step=50)
2025-02-18 11:35:34,451 - DEBUG - Making prediction for time 204.89999999999972 -> 204.99999999999972
2025-02-18 11:35:34,457 - INFO - UPDATE (step=50)
2025-02-18 11:35:34,457 - DEBUG - First state in ensemble: [-13.07398903 -14.23545371  38.8994078 ]
2025-02-18 11:35:34,457 - DEBUG - Observation: [-13.03351614  -7.10663293  39.67905674]
2025-02-18 11:35:34,502 - INFO - PREDICT (step=51)
2025-02-18 11:35:34,503 - DEBUG - Making prediction for time 204.99999999999972 -> 205.0999999999997
2025-02-18 11:35:34,508 - INFO - UPDATE (step=51)
2025-02-18 11:35:34,508 - DEBUG - First state in ensemble: [-9.95362571 -2.80926897 35.97462158]
2025-02-18 11:35:34,508 - DEBUG - Observation: [-10.72610836  -2.93841867  36.3293741 ]
2025-02-18 11:35:34,554 - INFO - PREDICT (step=52)
2025-02-18 11:35:34,554 - DEBUG - Making prediction for time 205.0999999999997 -> 205.1999999999997
2025-02-18 11:35:34,560 - INFO - UPDATE (step=52)
2025-02-18 11:35:34,560 - DEBUG - First state in ensemble: [-10.17676047  -2.74050147  28.84834584]
2025-02-18 11:35:34,560 - DEBUG - Observation: [-9.04887073  5.58769179 29.28236739]
2025-02-18 11:35:34,606 - INFO - PREDICT (step=53)
2025-02-18 11:35:34,606 - DEBUG - Making prediction for time 205.1999999999997 -> 205.2999999999997
2025-02-18 11:35:34,612 - INFO - UPDATE (step=53)
2025-02-18 11:35:34,612 - DEBUG - First state in ensemble: [ 0.96788256  1.51826022 26.78445028]
2025-02-18 11:35:34,612 - DEBUG - Observation: [-1.46918724  0.63482292 27.22463016]
2025-02-18 11:35:34,658 - INFO - PREDICT (step=54)
2025-02-18 11:35:34,658 - DEBUG - Making prediction for time 205.2999999999997 -> 205.3999999999997
2025-02-18 11:35:34,664 - INFO - UPDATE (step=54)
2025-02-18 11:35:34,664 - DEBUG - First state in ensemble: [ 1.67308881  3.94315437 23.07265187]
2025-02-18 11:35:34,664 - DEBUG - Observation: [-1.07806423 -1.52745588 26.49941213]
2025-02-18 11:35:34,710 - INFO - PREDICT (step=55)
2025-02-18 11:35:34,710 - DEBUG - Making prediction for time 205.3999999999997 -> 205.4999999999997
2025-02-18 11:35:34,716 - INFO - UPDATE (step=55)
2025-02-18 11:35:34,716 - DEBUG - First state in ensemble: [ 0.28164751 -0.47676291 20.25748637]
2025-02-18 11:35:34,716 - DEBUG - Observation: [-2.77584516  2.04806963 20.1454647 ]
2025-02-18 11:35:34,761 - INFO - PREDICT (step=56)
2025-02-18 11:35:34,761 - DEBUG - Making prediction for time 205.4999999999997 -> 205.59999999999968
2025-02-18 11:35:34,767 - INFO - UPDATE (step=56)
2025-02-18 11:35:34,767 - DEBUG - First state in ensemble: [ 1.2629532   2.21113526 15.49332771]
2025-02-18 11:35:34,767 - DEBUG - Observation: [-2.4734146   1.86756662 20.54744652]
2025-02-18 11:35:34,813 - INFO - PREDICT (step=57)
2025-02-18 11:35:34,813 - DEBUG - Making prediction for time 205.59999999999968 -> 205.69999999999968
2025-02-18 11:35:34,819 - INFO - UPDATE (step=57)
2025-02-18 11:35:34,819 - DEBUG - First state in ensemble: [ 2.55669225  3.65983384 16.68823463]
2025-02-18 11:35:34,819 - DEBUG - Observation: [-4.89421296  1.40289946 17.6579083 ]
2025-02-18 11:35:34,865 - INFO - PREDICT (step=58)
2025-02-18 11:35:34,865 - DEBUG - Making prediction for time 205.69999999999968 -> 205.79999999999967
2025-02-18 11:35:34,871 - INFO - UPDATE (step=58)
2025-02-18 11:35:34,871 - DEBUG - First state in ensemble: [-2.57160509 -3.88648956 14.48497515]
2025-02-18 11:35:34,871 - DEBUG - Observation: [-2.21712353  1.58511944 14.7607951 ]
2025-02-18 11:35:34,916 - INFO - PREDICT (step=59)
2025-02-18 11:35:34,917 - DEBUG - Making prediction for time 205.79999999999967 -> 205.89999999999966
2025-02-18 11:35:34,923 - INFO - UPDATE (step=59)
2025-02-18 11:35:34,923 - DEBUG - First state in ensemble: [-4.84335398 -6.7277124   7.27193682]
2025-02-18 11:35:34,923 - DEBUG - Observation: [-0.73986969 -2.65461178 10.08652967]
2025-02-18 11:35:34,968 - INFO - PREDICT (step=60)
2025-02-18 11:35:34,969 - DEBUG - Making prediction for time 205.89999999999966 -> 205.99999999999966
2025-02-18 11:35:34,974 - INFO - UPDATE (step=60)
2025-02-18 11:35:34,974 - DEBUG - First state in ensemble: [-0.94039041 -2.17864261 11.64514491]
2025-02-18 11:35:34,975 - DEBUG - Observation: [ 0.80719115 -2.13478293 11.36236055]
2025-02-18 11:35:35,020 - INFO - PREDICT (step=61)
2025-02-18 11:35:35,021 - DEBUG - Making prediction for time 205.99999999999966 -> 206.09999999999965
2025-02-18 11:35:35,027 - INFO - UPDATE (step=61)
2025-02-18 11:35:35,027 - DEBUG - First state in ensemble: [-0.98758631 -3.20579598 12.72605309]
2025-02-18 11:35:35,027 - DEBUG - Observation: [-3.79942795 -7.55567037 10.03788005]
2025-02-18 11:35:35,072 - INFO - PREDICT (step=62)
2025-02-18 11:35:35,072 - DEBUG - Making prediction for time 206.09999999999965 -> 206.19999999999965
2025-02-18 11:35:35,078 - INFO - UPDATE (step=62)
2025-02-18 11:35:35,078 - DEBUG - First state in ensemble: [-1.40874724 -3.00678261 13.99888829]
2025-02-18 11:35:35,078 - DEBUG - Observation: [ 0.18503965 -6.05087225  7.44836033]
2025-02-18 11:35:35,124 - INFO - PREDICT (step=63)
2025-02-18 11:35:35,124 - DEBUG - Making prediction for time 206.19999999999965 -> 206.29999999999964
2025-02-18 11:35:35,130 - INFO - UPDATE (step=63)
2025-02-18 11:35:35,130 - DEBUG - First state in ensemble: [ -8.87031125 -15.76819502   8.81949369]
2025-02-18 11:35:35,130 - DEBUG - Observation: [ -5.43452512 -12.05141379   9.52286616]
2025-02-18 11:35:35,175 - INFO - PREDICT (step=64)
2025-02-18 11:35:35,175 - DEBUG - Making prediction for time 206.29999999999964 -> 206.39999999999964
2025-02-18 11:35:35,181 - INFO - UPDATE (step=64)
2025-02-18 11:35:35,181 - DEBUG - First state in ensemble: [-2.80447086 -4.50736781 20.43004634]
2025-02-18 11:35:35,181 - DEBUG - Observation: [ -8.13373764 -18.42183786  14.81085736]
2025-02-18 11:35:35,226 - INFO - PREDICT (step=65)
2025-02-18 11:35:35,227 - DEBUG - Making prediction for time 206.39999999999964 -> 206.49999999999963
2025-02-18 11:35:35,232 - INFO - UPDATE (step=65)
2025-02-18 11:35:35,232 - DEBUG - First state in ensemble: [-18.41750247 -24.60149295  36.71866667]
2025-02-18 11:35:35,232 - DEBUG - Observation: [-13.03581439 -20.27023738  24.19177815]
2025-02-18 11:35:35,277 - INFO - PREDICT (step=66)
2025-02-18 11:35:35,277 - DEBUG - Making prediction for time 206.49999999999963 -> 206.59999999999962
2025-02-18 11:35:35,283 - INFO - UPDATE (step=66)
2025-02-18 11:35:35,283 - DEBUG - First state in ensemble: [-14.6098871  -21.98504556  32.46406358]
2025-02-18 11:35:35,283 - DEBUG - Observation: [-15.6110115  -17.27300946  37.37087056]
2025-02-18 11:35:35,328 - INFO - PREDICT (step=67)
2025-02-18 11:35:35,328 - DEBUG - Making prediction for time 206.59999999999962 -> 206.69999999999962
2025-02-18 11:35:35,334 - INFO - UPDATE (step=67)
2025-02-18 11:35:35,334 - DEBUG - First state in ensemble: [-12.80645013  -9.43862947  35.70133017]
2025-02-18 11:35:35,334 - DEBUG - Observation: [-15.48209101  -7.71881454  39.02128586]
2025-02-18 11:35:35,379 - INFO - PREDICT (step=68)
2025-02-18 11:35:35,379 - DEBUG - Making prediction for time 206.69999999999962 -> 206.7999999999996
2025-02-18 11:35:35,384 - INFO - UPDATE (step=68)
2025-02-18 11:35:35,384 - DEBUG - First state in ensemble: [-7.77162435 13.59658981 36.89937977]
2025-02-18 11:35:35,384 - DEBUG - Observation: [-9.71731756  2.68812542 38.88009676]
2025-02-18 11:35:35,430 - INFO - PREDICT (step=69)
2025-02-18 11:35:35,430 - DEBUG - Making prediction for time 206.7999999999996 -> 206.8999999999996
2025-02-18 11:35:35,436 - INFO - UPDATE (step=69)
2025-02-18 11:35:35,436 - DEBUG - First state in ensemble: [-5.37485668  3.30651901 18.14639622]
2025-02-18 11:35:35,436 - DEBUG - Observation: [-6.77414363 -3.3745214  36.08153362]
2025-02-18 11:35:35,482 - INFO - PREDICT (step=70)
2025-02-18 11:35:35,482 - DEBUG - Making prediction for time 206.8999999999996 -> 206.9999999999996
2025-02-18 11:35:35,488 - INFO - UPDATE (step=70)
2025-02-18 11:35:35,488 - DEBUG - First state in ensemble: [-1.20163097 -6.60374296 28.70090194]
2025-02-18 11:35:35,488 - DEBUG - Observation: [-1.72380318  2.45542645 28.33634393]
2025-02-18 11:35:35,534 - INFO - PREDICT (step=71)
2025-02-18 11:35:35,534 - DEBUG - Making prediction for time 206.9999999999996 -> 207.0999999999996
2025-02-18 11:35:35,540 - INFO - UPDATE (step=71)
2025-02-18 11:35:35,540 - DEBUG - First state in ensemble: [-7.24875104 -2.70547638 23.94001576]
2025-02-18 11:35:35,540 - DEBUG - Observation: [ 1.62045508  4.85370893 23.81175814]
2025-02-18 11:35:35,585 - INFO - PREDICT (step=72)
2025-02-18 11:35:35,585 - DEBUG - Making prediction for time 207.0999999999996 -> 207.1999999999996
2025-02-18 11:35:35,591 - INFO - UPDATE (step=72)
2025-02-18 11:35:35,591 - DEBUG - First state in ensemble: [ 0.02777581  2.7539663  20.51147444]
2025-02-18 11:35:35,591 - DEBUG - Observation: [ 0.28291391  2.46775254 22.9353592 ]
2025-02-18 11:35:35,637 - INFO - PREDICT (step=73)
2025-02-18 11:35:35,637 - DEBUG - Making prediction for time 207.1999999999996 -> 207.29999999999959
2025-02-18 11:35:35,643 - INFO - UPDATE (step=73)
2025-02-18 11:35:35,643 - DEBUG - First state in ensemble: [ 0.9645459   2.82055167 19.05232983]
2025-02-18 11:35:35,643 - DEBUG - Observation: [ 6.90767921  4.98959644 17.67421228]
2025-02-18 11:35:35,688 - INFO - PREDICT (step=74)
2025-02-18 11:35:35,688 - DEBUG - Making prediction for time 207.29999999999959 -> 207.39999999999958
2025-02-18 11:35:35,694 - INFO - UPDATE (step=74)
2025-02-18 11:35:35,694 - DEBUG - First state in ensemble: [ -9.94404189 -20.33628703  30.22188365]
2025-02-18 11:35:35,694 - DEBUG - Observation: [ 4.37489017  5.0624359  17.36063865]
2025-02-18 11:35:35,738 - INFO - PREDICT (step=75)
2025-02-18 11:35:35,739 - DEBUG - Making prediction for time 207.39999999999958 -> 207.49999999999957
2025-02-18 11:35:35,745 - INFO - UPDATE (step=75)
2025-02-18 11:35:35,745 - DEBUG - First state in ensemble: [17.45690752  2.97392505 33.85621221]
2025-02-18 11:35:35,745 - DEBUG - Observation: [ 2.31143377  6.56617136 14.36498811]
2025-02-18 11:35:35,789 - INFO - PREDICT (step=76)
2025-02-18 11:35:35,789 - DEBUG - Making prediction for time 207.49999999999957 -> 207.59999999999957
2025-02-18 11:35:35,794 - INFO - UPDATE (step=76)
2025-02-18 11:35:35,794 - DEBUG - First state in ensemble: [-13.37366776 -21.90914949  13.00401882]
2025-02-18 11:35:35,794 - DEBUG - Observation: [ 6.48637546  9.15260076 18.85497696]
2025-02-18 11:35:35,840 - INFO - PREDICT (step=77)
2025-02-18 11:35:35,840 - DEBUG - Making prediction for time 207.59999999999957 -> 207.69999999999956
2025-02-18 11:35:35,846 - INFO - UPDATE (step=77)
2025-02-18 11:35:35,846 - DEBUG - First state in ensemble: [ 7.17688668  9.16317014 20.18373023]
2025-02-18 11:35:35,846 - DEBUG - Observation: [ 6.06005036 11.5124276  16.55718184]
2025-02-18 11:35:35,891 - INFO - PREDICT (step=78)
2025-02-18 11:35:35,891 - DEBUG - Making prediction for time 207.69999999999956 -> 207.79999999999956
2025-02-18 11:35:35,896 - INFO - UPDATE (step=78)
2025-02-18 11:35:35,896 - DEBUG - First state in ensemble: [ 6.90266862  7.77057882 19.58482988]
2025-02-18 11:35:35,897 - DEBUG - Observation: [11.74633446 15.55299824 17.48687875]
2025-02-18 11:35:35,943 - INFO - PREDICT (step=79)
2025-02-18 11:35:35,943 - DEBUG - Making prediction for time 207.79999999999956 -> 207.89999999999955
2025-02-18 11:35:35,949 - INFO - UPDATE (step=79)
2025-02-18 11:35:35,949 - DEBUG - First state in ensemble: [13.44233262 18.17070603 27.85002499]
2025-02-18 11:35:35,949 - DEBUG - Observation: [15.95202039 20.3857381  25.67768928]
2025-02-18 11:35:36,013 - INFO - PREDICT (step=80)
2025-02-18 11:35:36,013 - DEBUG - Making prediction for time 207.89999999999955 -> 207.99999999999955
2025-02-18 11:35:36,018 - INFO - UPDATE (step=80)
2025-02-18 11:35:36,018 - DEBUG - First state in ensemble: [16.82282528 17.25060699 36.66414306]
2025-02-18 11:35:36,018 - DEBUG - Observation: [12.73836223 16.29563686 32.38632635]
2025-02-18 11:35:36,064 - INFO - PREDICT (step=81)
2025-02-18 11:35:36,065 - DEBUG - Making prediction for time 207.99999999999955 -> 208.09999999999954
2025-02-18 11:35:36,071 - INFO - UPDATE (step=81)
2025-02-18 11:35:36,071 - DEBUG - First state in ensemble: [12.02181249 11.1114852  36.48486771]
2025-02-18 11:35:36,071 - DEBUG - Observation: [11.61142385  8.53537584 34.43901982]
2025-02-18 11:35:36,117 - INFO - PREDICT (step=82)
2025-02-18 11:35:36,117 - DEBUG - Making prediction for time 208.09999999999954 -> 208.19999999999953
2025-02-18 11:35:36,122 - INFO - UPDATE (step=82)
2025-02-18 11:35:36,122 - DEBUG - First state in ensemble: [ 8.87860963  5.80812737 33.19380665]
2025-02-18 11:35:36,122 - DEBUG - Observation: [ 9.50140888  1.21662153 36.59621215]
2025-02-18 11:35:36,168 - INFO - PREDICT (step=83)
2025-02-18 11:35:36,168 - DEBUG - Making prediction for time 208.19999999999953 -> 208.29999999999953
2025-02-18 11:35:36,175 - INFO - UPDATE (step=83)
2025-02-18 11:35:36,175 - DEBUG - First state in ensemble: [ 7.86336843 -1.59800784 33.07025848]
2025-02-18 11:35:36,175 - DEBUG - Observation: [ 7.41774834  0.44135896 32.74548473]
2025-02-18 11:35:36,220 - INFO - PREDICT (step=84)
2025-02-18 11:35:36,220 - DEBUG - Making prediction for time 208.29999999999953 -> 208.39999999999952
2025-02-18 11:35:36,226 - INFO - UPDATE (step=84)
2025-02-18 11:35:36,226 - DEBUG - First state in ensemble: [ 1.8382864  -0.85102848 26.79727449]
2025-02-18 11:35:36,226 - DEBUG - Observation: [ 6.59454754  1.64563842 26.70286944]
2025-02-18 11:35:36,272 - INFO - PREDICT (step=85)
2025-02-18 11:35:36,272 - DEBUG - Making prediction for time 208.39999999999952 -> 208.49999999999952
2025-02-18 11:35:36,278 - INFO - UPDATE (step=85)
2025-02-18 11:35:36,278 - DEBUG - First state in ensemble: [ 6.53162966 11.09618228 23.80230188]
2025-02-18 11:35:36,278 - DEBUG - Observation: [ 4.53558956 -0.18025525 24.26606815]
2025-02-18 11:35:36,324 - INFO - PREDICT (step=86)
2025-02-18 11:35:36,324 - DEBUG - Making prediction for time 208.49999999999952 -> 208.5999999999995
2025-02-18 11:35:36,330 - INFO - UPDATE (step=86)
2025-02-18 11:35:36,330 - DEBUG - First state in ensemble: [ 1.83407845  0.84779865 21.13138145]
2025-02-18 11:35:36,330 - DEBUG - Observation: [ 0.8445307   0.76104449 20.6503692 ]
2025-02-18 11:35:36,376 - INFO - PREDICT (step=87)
2025-02-18 11:35:36,376 - DEBUG - Making prediction for time 208.5999999999995 -> 208.6999999999995
2025-02-18 11:35:36,382 - INFO - UPDATE (step=87)
2025-02-18 11:35:36,382 - DEBUG - First state in ensemble: [-2.35931525 -2.16809523 19.52219291]
2025-02-18 11:35:36,382 - DEBUG - Observation: [ 1.25120262  1.85505214 19.21538381]
2025-02-18 11:35:36,428 - INFO - PREDICT (step=88)
2025-02-18 11:35:36,428 - DEBUG - Making prediction for time 208.6999999999995 -> 208.7999999999995
2025-02-18 11:35:36,434 - INFO - UPDATE (step=88)
2025-02-18 11:35:36,434 - DEBUG - First state in ensemble: [ 0.18651773 -0.91320458 13.63934578]
2025-02-18 11:35:36,434 - DEBUG - Observation: [-0.42995107 -1.78209646 15.3785387 ]
2025-02-18 11:35:36,481 - INFO - PREDICT (step=89)
2025-02-18 11:35:36,481 - DEBUG - Making prediction for time 208.7999999999995 -> 208.8999999999995
2025-02-18 11:35:36,487 - INFO - UPDATE (step=89)
2025-02-18 11:35:36,487 - DEBUG - First state in ensemble: [-3.45221132 -5.06158797 12.84474193]
2025-02-18 11:35:36,488 - DEBUG - Observation: [-0.9151449  -0.32691402 12.42966415]
2025-02-18 11:35:36,534 - INFO - PREDICT (step=90)
2025-02-18 11:35:36,534 - DEBUG - Making prediction for time 208.8999999999995 -> 208.9999999999995
2025-02-18 11:35:36,540 - INFO - UPDATE (step=90)
2025-02-18 11:35:36,540 - DEBUG - First state in ensemble: [-0.78150608 -1.89144242 10.93004367]
2025-02-18 11:35:36,540 - DEBUG - Observation: [ 3.75891049  3.98177474 13.56355684]
2025-02-18 11:35:36,586 - INFO - PREDICT (step=91)
2025-02-18 11:35:36,586 - DEBUG - Making prediction for time 208.9999999999995 -> 209.09999999999948
2025-02-18 11:35:36,593 - INFO - UPDATE (step=91)
2025-02-18 11:35:36,593 - DEBUG - First state in ensemble: [ 4.72067883  7.73664582 14.08428641]
2025-02-18 11:35:36,593 - DEBUG - Observation: [ 3.66378467  3.71888212 12.81339708]
2025-02-18 11:35:36,639 - INFO - PREDICT (step=92)
2025-02-18 11:35:36,639 - DEBUG - Making prediction for time 209.09999999999948 -> 209.19999999999948
2025-02-18 11:35:36,645 - INFO - UPDATE (step=92)
2025-02-18 11:35:36,645 - DEBUG - First state in ensemble: [ 4.04339683 11.43178009 16.08784791]
2025-02-18 11:35:36,645 - DEBUG - Observation: [ 2.55257001  6.77743147 11.06677489]
2025-02-18 11:35:36,691 - INFO - PREDICT (step=93)
2025-02-18 11:35:36,691 - DEBUG - Making prediction for time 209.19999999999948 -> 209.29999999999947
2025-02-18 11:35:36,697 - INFO - UPDATE (step=93)
2025-02-18 11:35:36,697 - DEBUG - First state in ensemble: [ 6.86226044  8.43094511 25.11470365]
2025-02-18 11:35:36,697 - DEBUG - Observation: [ 5.51021589 10.0305421  11.24829059]
2025-02-18 11:35:36,742 - INFO - PREDICT (step=94)
2025-02-18 11:35:36,742 - DEBUG - Making prediction for time 209.29999999999947 -> 209.39999999999947
2025-02-18 11:35:36,748 - INFO - UPDATE (step=94)
2025-02-18 11:35:36,748 - DEBUG - First state in ensemble: [ 7.35443445 14.8375356   7.11016525]
2025-02-18 11:35:36,748 - DEBUG - Observation: [ 8.34632457 12.78402674 10.33994462]
2025-02-18 11:35:36,794 - INFO - PREDICT (step=95)
2025-02-18 11:35:36,794 - DEBUG - Making prediction for time 209.39999999999947 -> 209.49999999999946
2025-02-18 11:35:36,800 - INFO - UPDATE (step=95)
2025-02-18 11:35:36,801 - DEBUG - First state in ensemble: [13.6860682  22.0409573  16.12394907]
2025-02-18 11:35:36,801 - DEBUG - Observation: [13.5068733  22.03990998 22.42203738]
2025-02-18 11:35:36,846 - INFO - PREDICT (step=96)
2025-02-18 11:35:36,846 - DEBUG - Making prediction for time 209.49999999999946 -> 209.59999999999945
2025-02-18 11:35:36,851 - INFO - UPDATE (step=96)
2025-02-18 11:35:36,851 - DEBUG - First state in ensemble: [15.38371898 17.71364024 33.64911898]
2025-02-18 11:35:36,851 - DEBUG - Observation: [12.49079566 21.36642763 29.7021638 ]
2025-02-18 11:35:36,896 - INFO - PREDICT (step=97)
2025-02-18 11:35:36,897 - DEBUG - Making prediction for time 209.59999999999945 -> 209.69999999999945
2025-02-18 11:35:36,902 - INFO - UPDATE (step=97)
2025-02-18 11:35:36,902 - DEBUG - First state in ensemble: [14.04913832 -7.05266905 43.75621999]
2025-02-18 11:35:36,902 - DEBUG - Observation: [13.64369524 14.91457928 36.22531192]
2025-02-18 11:35:36,947 - INFO - PREDICT (step=98)
2025-02-18 11:35:36,947 - DEBUG - Making prediction for time 209.69999999999945 -> 209.79999999999944
2025-02-18 11:35:36,953 - INFO - UPDATE (step=98)
2025-02-18 11:35:36,953 - DEBUG - First state in ensemble: [11.91979682  6.15106214 31.83481101]
2025-02-18 11:35:36,953 - DEBUG - Observation: [12.37030098  5.20844694 38.22733129]
2025-02-18 11:35:36,999 - INFO - PREDICT (step=99)
2025-02-18 11:35:36,999 - DEBUG - Making prediction for time 209.79999999999944 -> 209.89999999999944
2025-02-18 11:35:37,006 - INFO - UPDATE (step=99)
2025-02-18 11:35:37,006 - DEBUG - First state in ensemble: [11.69713265  2.20152968 34.49008705]
2025-02-18 11:35:37,006 - DEBUG - Observation: [ 7.93922157 -1.4590733  33.6171356 ]
2025-02-18 11:35:37,050 - INFO - PREDICT (step=100)
2025-02-18 11:35:37,050 - DEBUG - Making prediction for time 209.89999999999944 -> 209.99999999999943
2025-02-18 11:35:37,056 - INFO - UPDATE (step=100)
2025-02-18 11:35:37,056 - DEBUG - First state in ensemble: [ 4.65150652 -7.18020579 28.10577853]
2025-02-18 11:35:37,056 - DEBUG - Observation: [ 4.6816794  -4.81988594 32.98379784]
2025-02-18 11:35:37,101 - INFO - PREDICT (step=101)
2025-02-18 11:35:37,102 - DEBUG - Making prediction for time 209.99999999999943 -> 210.09999999999943
2025-02-18 11:35:37,107 - INFO - UPDATE (step=101)
2025-02-18 11:35:37,107 - DEBUG - First state in ensemble: [ 0.32211202 -6.24234841 24.26854114]
2025-02-18 11:35:37,108 - DEBUG - Observation: [ 0.39804743 -1.49636587 25.94322149]
2025-02-18 11:35:37,153 - INFO - PREDICT (step=102)
2025-02-18 11:35:37,153 - DEBUG - Making prediction for time 210.09999999999943 -> 210.19999999999942
2025-02-18 11:35:37,159 - INFO - UPDATE (step=102)
2025-02-18 11:35:37,159 - DEBUG - First state in ensemble: [ 0.11145929 -3.3219162  23.1153866 ]
2025-02-18 11:35:37,159 - DEBUG - Observation: [ 1.53542074 -1.59415975 21.72569609]
2025-02-18 11:35:37,204 - INFO - PREDICT (step=103)
2025-02-18 11:35:37,204 - DEBUG - Making prediction for time 210.19999999999942 -> 210.29999999999941
2025-02-18 11:35:37,211 - INFO - UPDATE (step=103)
2025-02-18 11:35:37,211 - DEBUG - First state in ensemble: [-4.83266085 -7.72826282 20.99039016]
2025-02-18 11:35:37,211 - DEBUG - Observation: [-0.70272165 -2.6739801  23.72115309]
2025-02-18 11:35:37,256 - INFO - PREDICT (step=104)
2025-02-18 11:35:37,257 - DEBUG - Making prediction for time 210.29999999999941 -> 210.3999999999994
2025-02-18 11:35:37,263 - INFO - UPDATE (step=104)
2025-02-18 11:35:37,263 - DEBUG - First state in ensemble: [ 2.58606562  0.58905006 18.74809744]
2025-02-18 11:35:37,263 - DEBUG - Observation: [ 1.30171375 -5.63075167 18.60960981]
2025-02-18 11:35:37,309 - INFO - PREDICT (step=105)
2025-02-18 11:35:37,309 - DEBUG - Making prediction for time 210.3999999999994 -> 210.4999999999994
2025-02-18 11:35:37,314 - INFO - UPDATE (step=105)
2025-02-18 11:35:37,315 - DEBUG - First state in ensemble: [-5.10860788 -9.71846806 17.44273266]
2025-02-18 11:35:37,315 - DEBUG - Observation: [-0.31476162 -2.51935858 16.07442072]
2025-02-18 11:35:37,360 - INFO - PREDICT (step=106)
2025-02-18 11:35:37,360 - DEBUG - Making prediction for time 210.4999999999994 -> 210.5999999999994
2025-02-18 11:35:37,366 - INFO - UPDATE (step=106)
2025-02-18 11:35:37,366 - DEBUG - First state in ensemble: [ 1.48196865  4.23315234 13.41416316]
2025-02-18 11:35:37,366 - DEBUG - Observation: [-2.84397411 -8.94171177 12.98757796]
2025-02-18 11:35:37,411 - INFO - PREDICT (step=107)
2025-02-18 11:35:37,412 - DEBUG - Making prediction for time 210.5999999999994 -> 210.6999999999994
2025-02-18 11:35:37,418 - INFO - UPDATE (step=107)
2025-02-18 11:35:37,418 - DEBUG - First state in ensemble: [-3.54490544 -6.95394618 12.87106747]
2025-02-18 11:35:37,418 - DEBUG - Observation: [-0.49664829 -6.15577432 12.97974772]
2025-02-18 11:35:37,464 - INFO - PREDICT (step=108)
2025-02-18 11:35:37,464 - DEBUG - Making prediction for time 210.6999999999994 -> 210.7999999999994
2025-02-18 11:35:37,470 - INFO - UPDATE (step=108)
2025-02-18 11:35:37,470 - DEBUG - First state in ensemble: [-2.43142406 -5.24660493  7.94445788]
2025-02-18 11:35:37,470 - DEBUG - Observation: [-2.34887451 -9.95882973 16.6886109 ]
2025-02-18 11:35:37,515 - INFO - PREDICT (step=109)
2025-02-18 11:35:37,515 - DEBUG - Making prediction for time 210.7999999999994 -> 210.89999999999938
2025-02-18 11:35:37,521 - INFO - UPDATE (step=109)
2025-02-18 11:35:37,521 - DEBUG - First state in ensemble: [ -9.22342269 -14.69520091  17.39532993]
2025-02-18 11:35:37,521 - DEBUG - Observation: [ -7.30245756 -14.45890061  13.23603342]
2025-02-18 11:35:37,567 - INFO - PREDICT (step=110)
2025-02-18 11:35:37,567 - DEBUG - Making prediction for time 210.89999999999938 -> 210.99999999999937
2025-02-18 11:35:37,572 - INFO - UPDATE (step=110)
2025-02-18 11:35:37,572 - DEBUG - First state in ensemble: [ -7.5384719  -14.68807845  13.43891385]
2025-02-18 11:35:37,572 - DEBUG - Observation: [-11.46442236 -18.40814425  23.06936647]
2025-02-18 11:35:37,618 - INFO - PREDICT (step=111)
2025-02-18 11:35:37,618 - DEBUG - Making prediction for time 210.99999999999937 -> 211.09999999999937
2025-02-18 11:35:37,624 - INFO - UPDATE (step=111)
2025-02-18 11:35:37,624 - DEBUG - First state in ensemble: [-13.30380304 -16.23319806  27.17731993]
2025-02-18 11:35:37,624 - DEBUG - Observation: [-12.35627409 -19.91206617  27.20861063]
2025-02-18 11:35:37,669 - INFO - PREDICT (step=112)
2025-02-18 11:35:37,669 - DEBUG - Making prediction for time 211.09999999999937 -> 211.19999999999936
2025-02-18 11:35:37,675 - INFO - UPDATE (step=112)
2025-02-18 11:35:37,675 - DEBUG - First state in ensemble: [-13.62225395 -13.22133654  37.1213068 ]
2025-02-18 11:35:37,675 - DEBUG - Observation: [-15.87043356 -14.6397883   35.96847665]
2025-02-18 11:35:37,721 - INFO - PREDICT (step=113)
2025-02-18 11:35:37,721 - DEBUG - Making prediction for time 211.19999999999936 -> 211.29999999999936
2025-02-18 11:35:37,727 - INFO - UPDATE (step=113)
2025-02-18 11:35:37,727 - DEBUG - First state in ensemble: [-8.83090575 -1.88674169 34.12465174]
2025-02-18 11:35:37,727 - DEBUG - Observation: [-12.07288982  -4.90421343  38.61198297]
2025-02-18 11:35:37,772 - INFO - PREDICT (step=114)
2025-02-18 11:35:37,772 - DEBUG - Making prediction for time 211.29999999999936 -> 211.39999999999935
2025-02-18 11:35:37,777 - INFO - UPDATE (step=114)
2025-02-18 11:35:37,777 - DEBUG - First state in ensemble: [-6.24033899 -4.20924219 33.233075  ]
2025-02-18 11:35:37,777 - DEBUG - Observation: [-9.67653289e+00 -2.03588993e-02  3.32769863e+01]
2025-02-18 11:35:37,823 - INFO - PREDICT (step=115)
2025-02-18 11:35:37,823 - DEBUG - Making prediction for time 211.39999999999935 -> 211.49999999999935
2025-02-18 11:35:37,829 - INFO - UPDATE (step=115)
2025-02-18 11:35:37,829 - DEBUG - First state in ensemble: [-9.28625786 -7.09257063 27.55775205]
2025-02-18 11:35:37,829 - DEBUG - Observation: [-2.67713541  2.68885215 29.48572712]
2025-02-18 11:35:37,874 - INFO - PREDICT (step=116)
2025-02-18 11:35:37,874 - DEBUG - Making prediction for time 211.49999999999935 -> 211.59999999999934
2025-02-18 11:35:37,879 - INFO - UPDATE (step=116)
2025-02-18 11:35:37,879 - DEBUG - First state in ensemble: [-3.18559888 -0.49435283 22.224968  ]
2025-02-18 11:35:37,879 - DEBUG - Observation: [-4.23612029  4.97682807 25.79133076]
2025-02-18 11:35:37,925 - INFO - PREDICT (step=117)
2025-02-18 11:35:37,926 - DEBUG - Making prediction for time 211.59999999999934 -> 211.69999999999933
2025-02-18 11:35:37,931 - INFO - UPDATE (step=117)
2025-02-18 11:35:37,932 - DEBUG - First state in ensemble: [-4.38742322 -5.1505248  23.56055163]
2025-02-18 11:35:37,932 - DEBUG - Observation: [-1.18196728  2.82814349 24.59912523]
2025-02-18 11:35:37,977 - INFO - PREDICT (step=118)
2025-02-18 11:35:37,977 - DEBUG - Making prediction for time 211.69999999999933 -> 211.79999999999933
2025-02-18 11:35:37,983 - INFO - UPDATE (step=118)
2025-02-18 11:35:37,983 - DEBUG - First state in ensemble: [-2.19209128  2.4177484  15.73759351]
2025-02-18 11:35:37,983 - DEBUG - Observation: [ 2.03798005  0.16622266 17.59618983]
2025-02-18 11:35:38,028 - INFO - PREDICT (step=119)
2025-02-18 11:35:38,029 - DEBUG - Making prediction for time 211.79999999999933 -> 211.89999999999932
2025-02-18 11:35:38,034 - INFO - UPDATE (step=119)
2025-02-18 11:35:38,035 - DEBUG - First state in ensemble: [-0.44933848 -1.79940985 15.08692093]
2025-02-18 11:35:38,035 - DEBUG - Observation: [-2.31635791  0.7043358  20.36855225]
2025-02-18 11:35:38,080 - INFO - PREDICT (step=120)
2025-02-18 11:35:38,080 - DEBUG - Making prediction for time 211.89999999999932 -> 211.99999999999932
2025-02-18 11:35:38,086 - INFO - UPDATE (step=120)
2025-02-18 11:35:38,086 - DEBUG - First state in ensemble: [ 1.15511043  2.83694619 16.63136117]
2025-02-18 11:35:38,086 - DEBUG - Observation: [ 0.08978873 -0.07262908 14.77409206]
2025-02-18 11:35:38,131 - INFO - PREDICT (step=121)
2025-02-18 11:35:38,131 - DEBUG - Making prediction for time 211.99999999999932 -> 212.0999999999993
2025-02-18 11:35:38,137 - INFO - UPDATE (step=121)
2025-02-18 11:35:38,137 - DEBUG - First state in ensemble: [ 3.08495733 -0.2023298  17.74101542]
2025-02-18 11:35:38,137 - DEBUG - Observation: [-1.4137505   2.45638039 14.73222013]
2025-02-18 11:35:38,183 - INFO - PREDICT (step=122)
2025-02-18 11:35:38,183 - DEBUG - Making prediction for time 212.0999999999993 -> 212.1999999999993
2025-02-18 11:35:38,188 - INFO - UPDATE (step=122)
2025-02-18 11:35:38,188 - DEBUG - First state in ensemble: [-0.27562343  0.2849733  12.79960474]
2025-02-18 11:35:38,188 - DEBUG - Observation: [ 1.83269224  1.67953175 11.60714161]
2025-02-18 11:35:38,234 - INFO - PREDICT (step=123)
2025-02-18 11:35:38,234 - DEBUG - Making prediction for time 212.1999999999993 -> 212.2999999999993
2025-02-18 11:35:38,240 - INFO - UPDATE (step=123)
2025-02-18 11:35:38,240 - DEBUG - First state in ensemble: [-2.52380473 -6.59748162  7.62596564]
2025-02-18 11:35:38,240 - DEBUG - Observation: [-1.02342211  0.74950834  9.77473693]
2025-02-18 11:35:38,286 - INFO - PREDICT (step=124)
2025-02-18 11:35:38,286 - DEBUG - Making prediction for time 212.2999999999993 -> 212.3999999999993
2025-02-18 11:35:38,292 - INFO - UPDATE (step=124)
2025-02-18 11:35:38,292 - DEBUG - First state in ensemble: [-3.24726101 -4.5467154  10.40506207]
2025-02-18 11:35:38,292 - DEBUG - Observation: [ 2.8436432   2.68691777 11.74137125]
2025-02-18 11:35:38,337 - INFO - PREDICT (step=125)
2025-02-18 11:35:38,338 - DEBUG - Making prediction for time 212.3999999999993 -> 212.4999999999993
2025-02-18 11:35:38,343 - INFO - UPDATE (step=125)
2025-02-18 11:35:38,343 - DEBUG - First state in ensemble: [18.27772807 16.81079194 36.02305501]
2025-02-18 11:35:38,343 - DEBUG - Observation: [ 6.30528752 10.02165817  7.15228695]
2025-02-18 11:35:38,388 - INFO - PREDICT (step=126)
2025-02-18 11:35:38,388 - DEBUG - Making prediction for time 212.4999999999993 -> 212.59999999999928
2025-02-18 11:35:38,393 - INFO - UPDATE (step=126)
2025-02-18 11:35:38,393 - DEBUG - First state in ensemble: [-0.88586172 -4.11271936 -0.54180114]
2025-02-18 11:35:38,393 - DEBUG - Observation: [ 3.8467046  15.59886035  9.95273203]
2025-02-18 11:35:38,439 - INFO - PREDICT (step=127)
2025-02-18 11:35:38,439 - DEBUG - Making prediction for time 212.59999999999928 -> 212.69999999999928
2025-02-18 11:35:38,444 - INFO - UPDATE (step=127)
2025-02-18 11:35:38,444 - DEBUG - First state in ensemble: [12.9378166  23.08971411 19.71180536]
2025-02-18 11:35:38,444 - DEBUG - Observation: [ 7.28708455 17.9864258  13.68761731]
2025-02-18 11:35:38,490 - INFO - PREDICT (step=128)
2025-02-18 11:35:38,490 - DEBUG - Making prediction for time 212.69999999999928 -> 212.79999999999927
2025-02-18 11:35:38,497 - INFO - UPDATE (step=128)
2025-02-18 11:35:38,497 - DEBUG - First state in ensemble: [16.34354273 24.76234129 31.66592958]
2025-02-18 11:35:38,497 - DEBUG - Observation: [11.51849146 20.22376161 22.78097759]
2025-02-18 11:35:38,543 - INFO - PREDICT (step=129)
2025-02-18 11:35:38,543 - DEBUG - Making prediction for time 212.79999999999927 -> 212.89999999999927
2025-02-18 11:35:38,548 - INFO - UPDATE (step=129)
2025-02-18 11:35:38,548 - DEBUG - First state in ensemble: [14.71541106 19.68933959 30.04822777]
2025-02-18 11:35:38,548 - DEBUG - Observation: [17.67456001 19.2134394  38.41843277]
2025-02-18 11:35:38,593 - INFO - PREDICT (step=130)
2025-02-18 11:35:38,593 - DEBUG - Making prediction for time 212.89999999999927 -> 212.99999999999926
2025-02-18 11:35:38,599 - INFO - UPDATE (step=130)
2025-02-18 11:35:38,599 - DEBUG - First state in ensemble: [13.00419553 -2.80837459 44.31771096]
2025-02-18 11:35:38,599 - DEBUG - Observation: [13.37933354  8.12310321 39.76558091]
2025-02-18 11:35:38,645 - INFO - PREDICT (step=131)
2025-02-18 11:35:38,645 - DEBUG - Making prediction for time 212.99999999999926 -> 213.09999999999926
2025-02-18 11:35:38,651 - INFO - UPDATE (step=131)
2025-02-18 11:35:38,651 - DEBUG - First state in ensemble: [12.26967084  2.93958509 37.40638082]
2025-02-18 11:35:38,651 - DEBUG - Observation: [13.46957223 -1.88744948 39.18184645]
2025-02-18 11:35:38,697 - INFO - PREDICT (step=132)
2025-02-18 11:35:38,697 - DEBUG - Making prediction for time 213.09999999999926 -> 213.19999999999925
2025-02-18 11:35:38,703 - INFO - UPDATE (step=132)
2025-02-18 11:35:38,703 - DEBUG - First state in ensemble: [ 7.51842752 -4.53694904 33.41677845]
2025-02-18 11:35:38,703 - DEBUG - Observation: [ 5.10650681 -4.96663635 34.76216287]
2025-02-18 11:35:38,750 - INFO - PREDICT (step=133)
2025-02-18 11:35:38,751 - DEBUG - Making prediction for time 213.19999999999925 -> 213.29999999999924
2025-02-18 11:35:38,757 - INFO - UPDATE (step=133)
2025-02-18 11:35:38,757 - DEBUG - First state in ensemble: [ 9.08608442 14.61896647 17.06486232]
2025-02-18 11:35:38,757 - DEBUG - Observation: [ 0.70044203 -4.49691229 29.84020381]
2025-02-18 11:35:38,822 - INFO - PREDICT (step=134)
2025-02-18 11:35:38,822 - DEBUG - Making prediction for time 213.29999999999924 -> 213.39999999999924
2025-02-18 11:35:38,828 - INFO - UPDATE (step=134)
2025-02-18 11:35:38,828 - DEBUG - First state in ensemble: [ 2.01868494 -1.64636395 23.66616527]
2025-02-18 11:35:38,828 - DEBUG - Observation: [-0.24497516 -2.05857967 25.68409116]
2025-02-18 11:35:38,875 - INFO - PREDICT (step=135)
2025-02-18 11:35:38,875 - DEBUG - Making prediction for time 213.39999999999924 -> 213.49999999999923
2025-02-18 11:35:38,882 - INFO - UPDATE (step=135)
2025-02-18 11:35:38,882 - DEBUG - First state in ensemble: [-3.40358189 -4.74928117 23.56633382]
2025-02-18 11:35:38,882 - DEBUG - Observation: [ 0.65442309 -4.49770604 20.18850036]
2025-02-18 11:35:38,928 - INFO - PREDICT (step=136)
2025-02-18 11:35:38,928 - DEBUG - Making prediction for time 213.49999999999923 -> 213.59999999999923
2025-02-18 11:35:38,934 - INFO - UPDATE (step=136)
2025-02-18 11:35:38,934 - DEBUG - First state in ensemble: [-10.29548631  -5.91387964  30.31203653]
2025-02-18 11:35:38,934 - DEBUG - Observation: [ -2.05958612 -10.61790574  18.55429696]
2025-02-18 11:35:38,982 - INFO - PREDICT (step=137)
2025-02-18 11:35:38,983 - DEBUG - Making prediction for time 213.59999999999923 -> 213.69999999999922
2025-02-18 11:35:38,990 - INFO - UPDATE (step=137)
2025-02-18 11:35:38,990 - DEBUG - First state in ensemble: [-2.47322926 -4.63145851 14.82530975]
2025-02-18 11:35:38,990 - DEBUG - Observation: [-6.66915737 -5.43259335 16.97357782]
2025-02-18 11:35:39,036 - INFO - PREDICT (step=138)
2025-02-18 11:35:39,036 - DEBUG - Making prediction for time 213.69999999999922 -> 213.79999999999922
2025-02-18 11:35:39,041 - INFO - UPDATE (step=138)
2025-02-18 11:35:39,041 - DEBUG - First state in ensemble: [ -8.51848714 -13.28626494  20.02420606]
2025-02-18 11:35:39,041 - DEBUG - Observation: [-5.26775906 -8.35905451 15.68312653]
2025-02-18 11:35:39,087 - INFO - PREDICT (step=139)
2025-02-18 11:35:39,087 - DEBUG - Making prediction for time 213.79999999999922 -> 213.8999999999992
2025-02-18 11:35:39,093 - INFO - UPDATE (step=139)
2025-02-18 11:35:39,093 - DEBUG - First state in ensemble: [ -9.66077125 -17.73366757  17.05963636]
2025-02-18 11:35:39,093 - DEBUG - Observation: [ -9.13830244 -13.76156759  14.68259349]
2025-02-18 11:35:39,138 - INFO - PREDICT (step=140)
2025-02-18 11:35:39,138 - DEBUG - Making prediction for time 213.8999999999992 -> 213.9999999999992
2025-02-18 11:35:39,143 - INFO - UPDATE (step=140)
2025-02-18 11:35:39,144 - DEBUG - First state in ensemble: [-13.5071452  -20.21673845  25.83301729]
2025-02-18 11:35:39,144 - DEBUG - Observation: [ -9.34640836 -12.26491389  22.22392048]
2025-02-18 11:35:39,190 - INFO - PREDICT (step=141)
2025-02-18 11:35:39,190 - DEBUG - Making prediction for time 213.9999999999992 -> 214.0999999999992
2025-02-18 11:35:39,196 - INFO - UPDATE (step=141)
2025-02-18 11:35:39,196 - DEBUG - First state in ensemble: [ -9.87588487 -14.14532311  21.75542835]
2025-02-18 11:35:39,196 - DEBUG - Observation: [-10.33553084 -17.51740025  23.49211294]
2025-02-18 11:35:39,241 - INFO - PREDICT (step=142)
2025-02-18 11:35:39,241 - DEBUG - Making prediction for time 214.0999999999992 -> 214.1999999999992
2025-02-18 11:35:39,246 - INFO - UPDATE (step=142)
2025-02-18 11:35:39,246 - DEBUG - First state in ensemble: [-13.83053398 -14.16642256  31.01679172]
2025-02-18 11:35:39,246 - DEBUG - Observation: [-12.22049814 -13.94787661  31.14021024]
2025-02-18 11:35:39,292 - INFO - PREDICT (step=143)
2025-02-18 11:35:39,292 - DEBUG - Making prediction for time 214.1999999999992 -> 214.2999999999992
2025-02-18 11:35:39,298 - INFO - UPDATE (step=143)
2025-02-18 11:35:39,298 - DEBUG - First state in ensemble: [-13.21244297  -9.02138196  37.42159133]
2025-02-18 11:35:39,298 - DEBUG - Observation: [-11.26092863 -10.40579582  35.61471774]
2025-02-18 11:35:39,344 - INFO - PREDICT (step=144)
2025-02-18 11:35:39,344 - DEBUG - Making prediction for time 214.2999999999992 -> 214.39999999999918
2025-02-18 11:35:39,349 - INFO - UPDATE (step=144)
2025-02-18 11:35:39,349 - DEBUG - First state in ensemble: [-10.74775162  -6.88194692  33.55521586]
2025-02-18 11:35:39,349 - DEBUG - Observation: [-10.90750196  -6.53971693  33.80017256]
2025-02-18 11:35:39,395 - INFO - PREDICT (step=145)
2025-02-18 11:35:39,395 - DEBUG - Making prediction for time 214.39999999999918 -> 214.49999999999918
2025-02-18 11:35:39,401 - INFO - UPDATE (step=145)
2025-02-18 11:35:39,401 - DEBUG - First state in ensemble: [-10.38420312 -11.24711319  29.36143115]
2025-02-18 11:35:39,401 - DEBUG - Observation: [-10.45044514  -3.82588571  30.14249832]
2025-02-18 11:35:39,446 - INFO - PREDICT (step=146)
2025-02-18 11:35:39,446 - DEBUG - Making prediction for time 214.49999999999918 -> 214.59999999999917
2025-02-18 11:35:39,451 - INFO - UPDATE (step=146)
2025-02-18 11:35:39,452 - DEBUG - First state in ensemble: [ 2.41278414 12.77995289 33.6199221 ]
2025-02-18 11:35:39,452 - DEBUG - Observation: [-5.1325127  -5.31485309 28.92443797]
2025-02-18 11:35:39,498 - INFO - PREDICT (step=147)
2025-02-18 11:35:39,498 - DEBUG - Making prediction for time 214.59999999999917 -> 214.69999999999916
2025-02-18 11:35:39,503 - INFO - UPDATE (step=147)
2025-02-18 11:35:39,503 - DEBUG - First state in ensemble: [-0.75284294  0.57550403 20.99780683]
2025-02-18 11:35:39,503 - DEBUG - Observation: [-2.75243009 -2.62177125 23.94393646]
2025-02-18 11:35:39,549 - INFO - PREDICT (step=148)
2025-02-18 11:35:39,549 - DEBUG - Making prediction for time 214.69999999999916 -> 214.79999999999916
2025-02-18 11:35:39,554 - INFO - UPDATE (step=148)
2025-02-18 11:35:39,554 - DEBUG - First state in ensemble: [10.34472554 13.2606742  26.81317868]
2025-02-18 11:35:39,554 - DEBUG - Observation: [-2.05011295  0.69219789 22.37534777]
2025-02-18 11:35:39,599 - INFO - PREDICT (step=149)
2025-02-18 11:35:39,599 - DEBUG - Making prediction for time 214.79999999999916 -> 214.89999999999915
2025-02-18 11:35:39,606 - INFO - UPDATE (step=149)
2025-02-18 11:35:39,607 - DEBUG - First state in ensemble: [ 0.04062344  0.46662788 16.36493189]
2025-02-18 11:35:39,607 - DEBUG - Observation: [-3.12973429 -6.62409504 21.68187371]
2025-02-18 11:35:39,652 - INFO - PREDICT (step=150)
2025-02-18 11:35:39,652 - DEBUG - Making prediction for time 214.89999999999915 -> 214.99999999999915
2025-02-18 11:35:39,658 - INFO - UPDATE (step=150)
2025-02-18 11:35:39,658 - DEBUG - First state in ensemble: [-5.62997842 -9.12960116 13.95514449]
2025-02-18 11:35:39,658 - DEBUG - Observation: [-7.54308854 -4.65035929 18.61022205]
2025-02-18 11:35:39,704 - INFO - PREDICT (step=151)
2025-02-18 11:35:39,705 - DEBUG - Making prediction for time 214.99999999999915 -> 215.09999999999914
2025-02-18 11:35:39,711 - INFO - UPDATE (step=151)
2025-02-18 11:35:39,711 - DEBUG - First state in ensemble: [-11.15612887 -15.3208551   17.22854041]
2025-02-18 11:35:39,711 - DEBUG - Observation: [-4.41224423 -6.80847118 16.6037967 ]
2025-02-18 11:35:39,757 - INFO - PREDICT (step=152)
2025-02-18 11:35:39,757 - DEBUG - Making prediction for time 215.09999999999914 -> 215.19999999999914
2025-02-18 11:35:39,763 - INFO - UPDATE (step=152)
2025-02-18 11:35:39,763 - DEBUG - First state in ensemble: [ -9.9547108  -16.20915536  17.66701016]
2025-02-18 11:35:39,763 - DEBUG - Observation: [-6.01960943 -8.25787047 18.14216995]
2025-02-18 11:35:39,809 - INFO - PREDICT (step=153)
2025-02-18 11:35:39,809 - DEBUG - Making prediction for time 215.19999999999914 -> 215.29999999999913
2025-02-18 11:35:39,815 - INFO - UPDATE (step=153)
2025-02-18 11:35:39,815 - DEBUG - First state in ensemble: [ 2.06353185 -0.43770846 15.80650019]
2025-02-18 11:35:39,815 - DEBUG - Observation: [ -7.67284612 -12.85986439  17.74862766]
2025-02-18 11:35:39,862 - INFO - PREDICT (step=154)
2025-02-18 11:35:39,862 - DEBUG - Making prediction for time 215.29999999999913 -> 215.39999999999912
2025-02-18 11:35:39,867 - INFO - UPDATE (step=154)
2025-02-18 11:35:39,867 - DEBUG - First state in ensemble: [ -9.2366157  -16.02295895  15.34631753]
2025-02-18 11:35:39,867 - DEBUG - Observation: [ -8.82907167 -12.54117067  21.67916027]
2025-02-18 11:35:39,914 - INFO - PREDICT (step=155)
2025-02-18 11:35:39,914 - DEBUG - Making prediction for time 215.39999999999912 -> 215.49999999999912
2025-02-18 11:35:39,919 - INFO - UPDATE (step=155)
2025-02-18 11:35:39,919 - DEBUG - First state in ensemble: [-11.73034671 -16.3470211   24.82963312]
2025-02-18 11:35:39,920 - DEBUG - Observation: [-11.0314837  -18.53083836  30.28166186]
2025-02-18 11:35:39,983 - INFO - PREDICT (step=156)
2025-02-18 11:35:39,983 - DEBUG - Making prediction for time 215.49999999999912 -> 215.5999999999991
2025-02-18 11:35:39,988 - INFO - UPDATE (step=156)
2025-02-18 11:35:39,988 - DEBUG - First state in ensemble: [-12.18445749 -13.61183254  34.31863348]
2025-02-18 11:35:39,989 - DEBUG - Observation: [-14.14606377 -13.54753798  33.50260216]
2025-02-18 11:35:40,036 - INFO - PREDICT (step=157)
2025-02-18 11:35:40,036 - DEBUG - Making prediction for time 215.5999999999991 -> 215.6999999999991
2025-02-18 11:35:40,042 - INFO - UPDATE (step=157)
2025-02-18 11:35:40,042 - DEBUG - First state in ensemble: [-10.37680316  -8.31851019  30.37212277]
2025-02-18 11:35:40,042 - DEBUG - Observation: [-13.04688808 -10.09281186  37.68725142]
2025-02-18 11:35:40,088 - INFO - PREDICT (step=158)
2025-02-18 11:35:40,088 - DEBUG - Making prediction for time 215.6999999999991 -> 215.7999999999991
2025-02-18 11:35:40,093 - INFO - UPDATE (step=158)
2025-02-18 11:35:40,093 - DEBUG - First state in ensemble: [-10.48932127 -12.62506722  44.92020181]
2025-02-18 11:35:40,093 - DEBUG - Observation: [-9.07520573 -2.38363972 31.33681571]
2025-02-18 11:35:40,138 - INFO - PREDICT (step=159)
2025-02-18 11:35:40,139 - DEBUG - Making prediction for time 215.7999999999991 -> 215.8999999999991
2025-02-18 11:35:40,144 - INFO - UPDATE (step=159)
2025-02-18 11:35:40,144 - DEBUG - First state in ensemble: [-8.24663477 -8.49124353 25.65883466]
2025-02-18 11:35:40,144 - DEBUG - Observation: [-8.34214968  0.2427388  29.60297422]
2025-02-18 11:35:40,189 - INFO - PREDICT (step=160)
2025-02-18 11:35:40,189 - DEBUG - Making prediction for time 215.8999999999991 -> 215.9999999999991
2025-02-18 11:35:40,195 - INFO - UPDATE (step=160)
2025-02-18 11:35:40,195 - DEBUG - First state in ensemble: [-4.42807355  0.17495457 24.18595754]
2025-02-18 11:35:40,195 - DEBUG - Observation: [-2.99840863 -0.56567975 29.48367853]
2025-02-18 11:35:40,240 - INFO - PREDICT (step=161)
2025-02-18 11:35:40,240 - DEBUG - Making prediction for time 215.9999999999991 -> 216.09999999999908
2025-02-18 11:35:40,246 - INFO - UPDATE (step=161)
2025-02-18 11:35:40,247 - DEBUG - First state in ensemble: [ 6.38309972  2.44745447 22.83907805]
2025-02-18 11:35:40,247 - DEBUG - Observation: [-1.45391296 -1.62201934 24.43569618]
2025-02-18 11:35:40,292 - INFO - PREDICT (step=162)
2025-02-18 11:35:40,292 - DEBUG - Making prediction for time 216.09999999999908 -> 216.19999999999908
2025-02-18 11:35:40,297 - INFO - UPDATE (step=162)
2025-02-18 11:35:40,298 - DEBUG - First state in ensemble: [-5.57351055 -6.21675416 21.91172411]
2025-02-18 11:35:40,298 - DEBUG - Observation: [-5.71423483 -3.5789015  20.33860149]
2025-02-18 11:35:40,344 - INFO - PREDICT (step=163)
2025-02-18 11:35:40,344 - DEBUG - Making prediction for time 216.19999999999908 -> 216.29999999999907
2025-02-18 11:35:40,349 - INFO - UPDATE (step=163)
2025-02-18 11:35:40,350 - DEBUG - First state in ensemble: [-2.99372492 -5.28678903 18.92117768]
2025-02-18 11:35:40,350 - DEBUG - Observation: [-1.83942206 -1.86913102 18.53928962]
2025-02-18 11:35:40,396 - INFO - PREDICT (step=164)
2025-02-18 11:35:40,396 - DEBUG - Making prediction for time 216.29999999999907 -> 216.39999999999907
2025-02-18 11:35:40,401 - INFO - UPDATE (step=164)
2025-02-18 11:35:40,402 - DEBUG - First state in ensemble: [ -7.67625005 -11.18346852  18.21264402]
2025-02-18 11:35:40,402 - DEBUG - Observation: [-4.23494035 -2.46550275 15.92358014]
2025-02-18 11:35:40,448 - INFO - PREDICT (step=165)
2025-02-18 11:35:40,448 - DEBUG - Making prediction for time 216.39999999999907 -> 216.49999999999906
2025-02-18 11:35:40,455 - INFO - UPDATE (step=165)
2025-02-18 11:35:40,455 - DEBUG - First state in ensemble: [-3.5245703  -3.79354632 10.7723768 ]
2025-02-18 11:35:40,455 - DEBUG - Observation: [-5.76719604 -3.17294727 16.56701393]
2025-02-18 11:35:40,501 - INFO - PREDICT (step=166)
2025-02-18 11:35:40,501 - DEBUG - Making prediction for time 216.49999999999906 -> 216.59999999999906
2025-02-18 11:35:40,507 - INFO - UPDATE (step=166)
2025-02-18 11:35:40,508 - DEBUG - First state in ensemble: [-3.6827064  -7.58114317 11.49464164]
2025-02-18 11:35:40,508 - DEBUG - Observation: [-4.81385092 -8.3733816  13.26701622]
2025-02-18 11:35:40,554 - INFO - PREDICT (step=167)
2025-02-18 11:35:40,554 - DEBUG - Making prediction for time 216.59999999999906 -> 216.69999999999905
2025-02-18 11:35:40,560 - INFO - UPDATE (step=167)
2025-02-18 11:35:40,560 - DEBUG - First state in ensemble: [ -6.94375691 -13.90622994   6.87153748]
2025-02-18 11:35:40,561 - DEBUG - Observation: [-5.5675798  -8.03637802 15.71581968]
2025-02-18 11:35:40,607 - INFO - PREDICT (step=168)
2025-02-18 11:35:40,607 - DEBUG - Making prediction for time 216.69999999999905 -> 216.79999999999905
2025-02-18 11:35:40,612 - INFO - UPDATE (step=168)
2025-02-18 11:35:40,612 - DEBUG - First state in ensemble: [-4.93170386 -9.50119959 10.01910531]
2025-02-18 11:35:40,612 - DEBUG - Observation: [ -7.93431933 -17.01885527  20.08888966]
2025-02-18 11:35:40,658 - INFO - PREDICT (step=169)
2025-02-18 11:35:40,659 - DEBUG - Making prediction for time 216.79999999999905 -> 216.89999999999904
2025-02-18 11:35:40,664 - INFO - UPDATE (step=169)
2025-02-18 11:35:40,665 - DEBUG - First state in ensemble: [-13.97165269 -18.54702829  28.12817298]
2025-02-18 11:35:40,665 - DEBUG - Observation: [-13.88710001 -13.43584226  21.53016326]
2025-02-18 11:35:40,710 - INFO - PREDICT (step=170)
2025-02-18 11:35:40,710 - DEBUG - Making prediction for time 216.89999999999904 -> 216.99999999999903
2025-02-18 11:35:40,716 - INFO - UPDATE (step=170)
2025-02-18 11:35:40,716 - DEBUG - First state in ensemble: [-14.14286203 -14.19926674  35.63978372]
2025-02-18 11:35:40,716 - DEBUG - Observation: [-13.04662225 -14.29780171  29.92749219]
2025-02-18 11:35:40,762 - INFO - PREDICT (step=171)
2025-02-18 11:35:40,762 - DEBUG - Making prediction for time 216.99999999999903 -> 217.09999999999903
2025-02-18 11:35:40,767 - INFO - UPDATE (step=171)
2025-02-18 11:35:40,768 - DEBUG - First state in ensemble: [ -9.8268007  -10.77602328  32.10933156]
2025-02-18 11:35:40,768 - DEBUG - Observation: [-14.08754276 -10.39236863  37.4039614 ]
2025-02-18 11:35:40,812 - INFO - PREDICT (step=172)
2025-02-18 11:35:40,812 - DEBUG - Making prediction for time 217.09999999999903 -> 217.19999999999902
2025-02-18 11:35:40,817 - INFO - UPDATE (step=172)
2025-02-18 11:35:40,818 - DEBUG - First state in ensemble: [-2.29327142 -0.28891944 41.73904828]
2025-02-18 11:35:40,818 - DEBUG - Observation: [-11.51708541  -7.48809443  34.49313485]
2025-02-18 11:35:40,864 - INFO - PREDICT (step=173)
2025-02-18 11:35:40,864 - DEBUG - Making prediction for time 217.19999999999902 -> 217.29999999999902
2025-02-18 11:35:40,870 - INFO - UPDATE (step=173)
2025-02-18 11:35:40,870 - DEBUG - First state in ensemble: [-7.32149658 -6.81411303 29.22606813]
2025-02-18 11:35:40,870 - DEBUG - Observation: [-9.47438902 -7.77703234 34.64085554]
2025-02-18 11:35:40,917 - INFO - PREDICT (step=174)
2025-02-18 11:35:40,917 - DEBUG - Making prediction for time 217.29999999999902 -> 217.399999999999
2025-02-18 11:35:40,923 - INFO - UPDATE (step=174)
2025-02-18 11:35:40,923 - DEBUG - First state in ensemble: [-8.14142128 -4.64138778 34.36452876]
2025-02-18 11:35:40,923 - DEBUG - Observation: [-4.80751416 -4.80964837 28.7828284 ]
2025-02-18 11:35:40,969 - INFO - PREDICT (step=175)
2025-02-18 11:35:40,970 - DEBUG - Making prediction for time 217.399999999999 -> 217.499999999999
2025-02-18 11:35:40,975 - INFO - UPDATE (step=175)
2025-02-18 11:35:40,975 - DEBUG - First state in ensemble: [-7.15625913 -5.29111501 27.5746312 ]
2025-02-18 11:35:40,975 - DEBUG - Observation: [-2.91014134  4.92420117 24.22536383]
2025-02-18 11:35:41,021 - INFO - PREDICT (step=176)
2025-02-18 11:35:41,021 - DEBUG - Making prediction for time 217.499999999999 -> 217.599999999999
2025-02-18 11:35:41,027 - INFO - UPDATE (step=176)
2025-02-18 11:35:41,027 - DEBUG - First state in ensemble: [-0.07127359  4.39274772 18.34523506]
2025-02-18 11:35:41,027 - DEBUG - Observation: [ 0.40783446 -4.52307305 24.49901489]
2025-02-18 11:35:41,073 - INFO - PREDICT (step=177)
2025-02-18 11:35:41,074 - DEBUG - Making prediction for time 217.599999999999 -> 217.699999999999
2025-02-18 11:35:41,079 - INFO - UPDATE (step=177)
2025-02-18 11:35:41,080 - DEBUG - First state in ensemble: [-6.66831265 -7.54828694 19.81228333]
2025-02-18 11:35:41,080 - DEBUG - Observation: [-4.45599221 -1.14066907 21.94976112]
2025-02-18 11:35:41,126 - INFO - PREDICT (step=178)
2025-02-18 11:35:41,126 - DEBUG - Making prediction for time 217.699999999999 -> 217.799999999999
2025-02-18 11:35:41,132 - INFO - UPDATE (step=178)
2025-02-18 11:35:41,132 - DEBUG - First state in ensemble: [-4.52520836 -6.73339936 16.34511845]
2025-02-18 11:35:41,132 - DEBUG - Observation: [-0.9929102  -0.70449743 17.69692259]
2025-02-18 11:35:41,178 - INFO - PREDICT (step=179)
2025-02-18 11:35:41,178 - DEBUG - Making prediction for time 217.799999999999 -> 217.89999999999898
2025-02-18 11:35:41,184 - INFO - UPDATE (step=179)
2025-02-18 11:35:41,184 - DEBUG - First state in ensemble: [-5.83375805 -9.02095402 18.93435706]
2025-02-18 11:35:41,184 - DEBUG - Observation: [ 1.09295676 -1.9627938  14.14937266]
2025-02-18 11:35:41,230 - INFO - PREDICT (step=180)
2025-02-18 11:35:41,230 - DEBUG - Making prediction for time 217.89999999999898 -> 217.99999999999898
2025-02-18 11:35:41,236 - INFO - UPDATE (step=180)
2025-02-18 11:35:41,236 - DEBUG - First state in ensemble: [ 2.41206114  4.04393206 10.94454336]
2025-02-18 11:35:41,236 - DEBUG - Observation: [-2.96629554 -2.67630113 13.52601   ]
2025-02-18 11:35:41,282 - INFO - PREDICT (step=181)
2025-02-18 11:35:41,282 - DEBUG - Making prediction for time 217.99999999999898 -> 218.09999999999897
2025-02-18 11:35:41,288 - INFO - UPDATE (step=181)
2025-02-18 11:35:41,288 - DEBUG - First state in ensemble: [-3.61043726 -2.96796801 14.87623853]
2025-02-18 11:35:41,288 - DEBUG - Observation: [-3.58324097 -8.00621518 13.78360649]
2025-02-18 11:35:41,334 - INFO - PREDICT (step=182)
2025-02-18 11:35:41,334 - DEBUG - Making prediction for time 218.09999999999897 -> 218.19999999999897
2025-02-18 11:35:41,340 - INFO - UPDATE (step=182)
2025-02-18 11:35:41,340 - DEBUG - First state in ensemble: [-0.83123304 -1.26488235 13.36701762]
2025-02-18 11:35:41,340 - DEBUG - Observation: [ -8.22245723 -10.62286659  14.97041   ]
2025-02-18 11:35:41,386 - INFO - PREDICT (step=183)
2025-02-18 11:35:41,386 - DEBUG - Making prediction for time 218.19999999999897 -> 218.29999999999896
2025-02-18 11:35:41,392 - INFO - UPDATE (step=183)
2025-02-18 11:35:41,392 - DEBUG - First state in ensemble: [-5.14561818 -8.79447488 12.36512627]
2025-02-18 11:35:41,392 - DEBUG - Observation: [ -6.30883353 -16.05004008  14.74699368]
2025-02-18 11:35:41,437 - INFO - PREDICT (step=184)
2025-02-18 11:35:41,438 - DEBUG - Making prediction for time 218.29999999999896 -> 218.39999999999895
2025-02-18 11:35:41,443 - INFO - UPDATE (step=184)
2025-02-18 11:35:41,443 - DEBUG - First state in ensemble: [-13.83395385 -21.15583027  24.5085628 ]
2025-02-18 11:35:41,443 - DEBUG - Observation: [-11.84328688 -18.24859079  22.03573975]
2025-02-18 11:35:41,507 - INFO - PREDICT (step=185)
2025-02-18 11:35:41,507 - DEBUG - Making prediction for time 218.39999999999895 -> 218.49999999999895
2025-02-18 11:35:41,513 - INFO - UPDATE (step=185)
2025-02-18 11:35:41,513 - DEBUG - First state in ensemble: [-11.48591437 -15.92489898  26.38644891]
2025-02-18 11:35:41,513 - DEBUG - Observation: [-16.89130099 -18.23519783  28.9261866 ]
2025-02-18 11:35:41,559 - INFO - PREDICT (step=186)
2025-02-18 11:35:41,559 - DEBUG - Making prediction for time 218.49999999999895 -> 218.59999999999894
2025-02-18 11:35:41,565 - INFO - UPDATE (step=186)
2025-02-18 11:35:41,565 - DEBUG - First state in ensemble: [-15.21091268 -18.68128955  32.16566297]
2025-02-18 11:35:41,565 - DEBUG - Observation: [-15.77401215 -13.48361296  38.02514897]
2025-02-18 11:35:41,611 - INFO - PREDICT (step=187)
2025-02-18 11:35:41,612 - DEBUG - Making prediction for time 218.59999999999894 -> 218.69999999999894
2025-02-18 11:35:41,617 - INFO - UPDATE (step=187)
2025-02-18 11:35:41,617 - DEBUG - First state in ensemble: [-13.00935597  -5.61335964  39.61102105]
2025-02-18 11:35:41,617 - DEBUG - Observation: [-12.49709479 -10.10757331  33.9129917 ]
2025-02-18 11:35:41,663 - INFO - PREDICT (step=188)
2025-02-18 11:35:41,664 - DEBUG - Making prediction for time 218.69999999999894 -> 218.79999999999893
2025-02-18 11:35:41,669 - INFO - UPDATE (step=188)
2025-02-18 11:35:41,669 - DEBUG - First state in ensemble: [-9.79555111 -6.34260974 31.76319322]
2025-02-18 11:35:41,669 - DEBUG - Observation: [-7.77973881 -0.91504024 34.97656869]
2025-02-18 11:35:41,715 - INFO - PREDICT (step=189)
2025-02-18 11:35:41,716 - DEBUG - Making prediction for time 218.79999999999893 -> 218.89999999999893
2025-02-18 11:35:41,722 - INFO - UPDATE (step=189)
2025-02-18 11:35:41,722 - DEBUG - First state in ensemble: [-6.47458269 -1.68251631 28.53929788]
2025-02-18 11:35:41,722 - DEBUG - Observation: [-1.66887402  3.67079179 29.49323728]
2025-02-18 11:35:41,768 - INFO - PREDICT (step=190)
2025-02-18 11:35:41,768 - DEBUG - Making prediction for time 218.89999999999893 -> 218.99999999999892
2025-02-18 11:35:41,773 - INFO - UPDATE (step=190)
2025-02-18 11:35:41,774 - DEBUG - First state in ensemble: [-4.67616293 -2.03667387 25.83242851]
2025-02-18 11:35:41,774 - DEBUG - Observation: [-5.06422403  4.02815335 24.85409412]
2025-02-18 11:35:41,820 - INFO - PREDICT (step=191)
2025-02-18 11:35:41,820 - DEBUG - Making prediction for time 218.99999999999892 -> 219.09999999999891
2025-02-18 11:35:41,827 - INFO - UPDATE (step=191)
2025-02-18 11:35:41,827 - DEBUG - First state in ensemble: [-0.51793429  3.25885678 20.79824326]
2025-02-18 11:35:41,827 - DEBUG - Observation: [ 1.52373942  1.98682875 25.00378633]
2025-02-18 11:35:41,872 - INFO - PREDICT (step=192)
2025-02-18 11:35:41,872 - DEBUG - Making prediction for time 219.09999999999891 -> 219.1999999999989
2025-02-18 11:35:41,878 - INFO - UPDATE (step=192)
2025-02-18 11:35:41,878 - DEBUG - First state in ensemble: [15.79021469 13.43481737 18.24060644]
2025-02-18 11:35:41,879 - DEBUG - Observation: [ 2.40729683 -0.9525014  19.91526022]
2025-02-18 11:35:41,925 - INFO - PREDICT (step=193)
2025-02-18 11:35:41,925 - DEBUG - Making prediction for time 219.1999999999989 -> 219.2999999999989
2025-02-18 11:35:41,931 - INFO - UPDATE (step=193)
2025-02-18 11:35:41,931 - DEBUG - First state in ensemble: [-4.9375927  -6.65411658 19.28980036]
2025-02-18 11:35:41,931 - DEBUG - Observation: [ 5.04408254 -0.541727   17.32241477]
2025-02-18 11:35:41,977 - INFO - PREDICT (step=194)
2025-02-18 11:35:41,977 - DEBUG - Making prediction for time 219.2999999999989 -> 219.3999999999989
2025-02-18 11:35:41,983 - INFO - UPDATE (step=194)
2025-02-18 11:35:41,983 - DEBUG - First state in ensemble: [ 1.81662843  3.1923239  12.02836048]
2025-02-18 11:35:41,983 - DEBUG - Observation: [ 2.4767231   0.75655816 16.9329891 ]
2025-02-18 11:35:42,029 - INFO - PREDICT (step=195)
2025-02-18 11:35:42,030 - DEBUG - Making prediction for time 219.3999999999989 -> 219.4999999999989
2025-02-18 11:35:42,036 - INFO - UPDATE (step=195)
2025-02-18 11:35:42,036 - DEBUG - First state in ensemble: [-2.27797043 -4.06872319 15.96684129]
2025-02-18 11:35:42,036 - DEBUG - Observation: [-0.27817097  3.40966813 11.5057204 ]
2025-02-18 11:35:42,082 - INFO - PREDICT (step=196)
2025-02-18 11:35:42,083 - DEBUG - Making prediction for time 219.4999999999989 -> 219.5999999999989
2025-02-18 11:35:42,089 - INFO - UPDATE (step=196)
2025-02-18 11:35:42,089 - DEBUG - First state in ensemble: [1.82008582 5.02484405 6.14475763]
2025-02-18 11:35:42,089 - DEBUG - Observation: [0.6487466  3.38101181 9.08285274]
2025-02-18 11:35:42,136 - INFO - PREDICT (step=197)
2025-02-18 11:35:42,136 - DEBUG - Making prediction for time 219.5999999999989 -> 219.69999999999888
2025-02-18 11:35:42,142 - INFO - UPDATE (step=197)
2025-02-18 11:35:42,143 - DEBUG - First state in ensemble: [ 8.90050104 12.19148742 15.2177228 ]
2025-02-18 11:35:42,143 - DEBUG - Observation: [ 2.73010863  3.98624847 12.37869803]
2025-02-18 11:35:42,188 - INFO - PREDICT (step=198)
2025-02-18 11:35:42,188 - DEBUG - Making prediction for time 219.69999999999888 -> 219.79999999999887
2025-02-18 11:35:42,194 - INFO - UPDATE (step=198)
2025-02-18 11:35:42,194 - DEBUG - First state in ensemble: [10.40417688 19.01991453 13.45066128]
2025-02-18 11:35:42,195 - DEBUG - Observation: [ 2.37586562 12.03391084 10.19999346]
2025-02-18 11:35:42,240 - INFO - PREDICT (step=199)
2025-02-18 11:35:42,241 - DEBUG - Making prediction for time 219.79999999999887 -> 219.89999999999887
2025-02-18 11:35:42,247 - INFO - UPDATE (step=199)
2025-02-18 11:35:42,247 - DEBUG - First state in ensemble: [ 9.03575349 18.21521671  8.94333175]
2025-02-18 11:35:42,248 - DEBUG - Observation: [ 3.79962612 11.68529005 13.64537193]
2025-02-18 11:35:42,293 - INFO - PREDICT (step=200)
2025-02-18 11:35:42,294 - DEBUG - Making prediction for time 219.89999999999887 -> 219.99999999999886
2025-02-18 11:35:42,299 - INFO - UPDATE (step=200)
2025-02-18 11:35:42,299 - DEBUG - First state in ensemble: [ 4.25810293  9.0751055  10.97354972]
2025-02-18 11:35:42,299 - DEBUG - Observation: [14.6637575  15.40451941 17.24129616]
2025-02-18 11:35:42,347 - INFO - FINISHED
