2025-02-18 11:35:30,197 - INFO - MODEL=lorenz63 | FILTER=KDE | ENSEMBLE SIZE=10
2025-02-18 11:35:30,197 - DEBUG - Reference Initial State: [ 7.07143333 11.0771997  17.64386577]
2025-02-18 11:35:30,199 - INFO - PREDICT (step=1)
2025-02-18 11:35:30,199 - DEBUG - Making prediction for time 200 -> 200.1
2025-02-18 11:35:30,201 - INFO - UPDATE (step=1)
2025-02-18 11:35:30,201 - DEBUG - First state in ensemble: [10.78808723 15.15301357 23.92891351]
2025-02-18 11:35:30,202 - DEBUG - Observation: [ 9.4318693  15.49057949 18.73056358]
2025-02-18 11:35:30,210 - INFO - PREDICT (step=2)
2025-02-18 11:35:30,211 - DEBUG - Making prediction for time 200.1 -> 200.2
2025-02-18 11:35:30,212 - INFO - UPDATE (step=2)
2025-02-18 11:35:30,212 - DEBUG - First state in ensemble: [11.9495352  13.38738196 28.12469798]
2025-02-18 11:35:30,212 - DEBUG - Observation: [11.52581263 17.17414864 27.82682255]
2025-02-18 11:35:30,219 - INFO - PREDICT (step=3)
2025-02-18 11:35:30,219 - DEBUG - Making prediction for time 200.2 -> 200.29999999999998
2025-02-18 11:35:30,220 - INFO - UPDATE (step=3)
2025-02-18 11:35:30,220 - DEBUG - First state in ensemble: [13.65826718 16.24715148 30.96564429]
2025-02-18 11:35:30,220 - DEBUG - Observation: [14.27781695 12.86897829 32.13542009]
2025-02-18 11:35:30,228 - INFO - PREDICT (step=4)
2025-02-18 11:35:30,228 - DEBUG - Making prediction for time 200.29999999999998 -> 200.39999999999998
2025-02-18 11:35:30,229 - INFO - UPDATE (step=4)
2025-02-18 11:35:30,229 - DEBUG - First state in ensemble: [10.80294038  7.98309775 33.7392241 ]
2025-02-18 11:35:30,229 - DEBUG - Observation: [ 9.78482186 10.71306226 40.56365153]
2025-02-18 11:35:30,236 - INFO - PREDICT (step=5)
2025-02-18 11:35:30,236 - DEBUG - Making prediction for time 200.39999999999998 -> 200.49999999999997
2025-02-18 11:35:30,237 - INFO - UPDATE (step=5)
2025-02-18 11:35:30,238 - DEBUG - First state in ensemble: [ 9.28911763  2.36545338 32.30701783]
2025-02-18 11:35:30,238 - DEBUG - Observation: [13.79508052  4.5343313  36.81243177]
2025-02-18 11:35:30,245 - INFO - PREDICT (step=6)
2025-02-18 11:35:30,245 - DEBUG - Making prediction for time 200.49999999999997 -> 200.59999999999997
2025-02-18 11:35:30,246 - INFO - UPDATE (step=6)
2025-02-18 11:35:30,246 - DEBUG - First state in ensemble: [ 7.3980991   3.41024103 30.51357855]
2025-02-18 11:35:30,246 - DEBUG - Observation: [ 6.93544005  4.48649722 33.02065371]
2025-02-18 11:35:30,254 - INFO - PREDICT (step=7)
2025-02-18 11:35:30,254 - DEBUG - Making prediction for time 200.59999999999997 -> 200.69999999999996
2025-02-18 11:35:30,255 - INFO - UPDATE (step=7)
2025-02-18 11:35:30,255 - DEBUG - First state in ensemble: [ 6.09971812  4.64426083 29.49893412]
2025-02-18 11:35:30,255 - DEBUG - Observation: [ 3.82881489  2.14892782 28.36116127]
2025-02-18 11:35:30,262 - INFO - PREDICT (step=8)
2025-02-18 11:35:30,262 - DEBUG - Making prediction for time 200.69999999999996 -> 200.79999999999995
2025-02-18 11:35:30,263 - INFO - UPDATE (step=8)
2025-02-18 11:35:30,263 - DEBUG - First state in ensemble: [ 0.96563799  0.87805366 20.73246144]
2025-02-18 11:35:30,263 - DEBUG - Observation: [ 3.01278887  0.18749211 26.14305606]
2025-02-18 11:35:30,271 - INFO - PREDICT (step=9)
2025-02-18 11:35:30,271 - DEBUG - Making prediction for time 200.79999999999995 -> 200.89999999999995
2025-02-18 11:35:30,272 - INFO - UPDATE (step=9)
2025-02-18 11:35:30,272 - DEBUG - First state in ensemble: [ 0.83607324  0.46943474 12.78504747]
2025-02-18 11:35:30,272 - DEBUG - Observation: [ 3.16432356  0.29445615 23.89706196]
2025-02-18 11:35:30,279 - INFO - PREDICT (step=10)
2025-02-18 11:35:30,279 - DEBUG - Making prediction for time 200.89999999999995 -> 200.99999999999994
2025-02-18 11:35:30,280 - INFO - UPDATE (step=10)
2025-02-18 11:35:30,280 - DEBUG - First state in ensemble: [23.83930106 28.52752932 42.00458221]
2025-02-18 11:35:30,280 - DEBUG - Observation: [ 4.17771141  1.89622527 19.3812592 ]
2025-02-18 11:35:30,288 - INFO - PREDICT (step=11)
2025-02-18 11:35:30,288 - DEBUG - Making prediction for time 200.99999999999994 -> 201.09999999999994
2025-02-18 11:35:30,289 - INFO - UPDATE (step=11)
2025-02-18 11:35:30,289 - DEBUG - First state in ensemble: [ 4.2428435   6.88011175 16.04442896]
2025-02-18 11:35:30,289 - DEBUG - Observation: [ 1.02810129  2.84788838 16.93565433]
2025-02-18 11:35:30,296 - INFO - PREDICT (step=12)
2025-02-18 11:35:30,296 - DEBUG - Making prediction for time 201.09999999999994 -> 201.19999999999993
2025-02-18 11:35:30,297 - INFO - UPDATE (step=12)
2025-02-18 11:35:30,297 - DEBUG - First state in ensemble: [ 2.03530237  3.70859406 10.71715961]
2025-02-18 11:35:30,297 - DEBUG - Observation: [ 2.77035847  4.77195041 17.08334877]
2025-02-18 11:35:30,305 - INFO - PREDICT (step=13)
2025-02-18 11:35:30,305 - DEBUG - Making prediction for time 201.19999999999993 -> 201.29999999999993
2025-02-18 11:35:30,307 - INFO - UPDATE (step=13)
2025-02-18 11:35:30,307 - DEBUG - First state in ensemble: [ 4.27190098  7.60167177 13.13515335]
2025-02-18 11:35:30,307 - DEBUG - Observation: [ 8.74533087  3.08130091 16.22139997]
2025-02-18 11:35:30,314 - INFO - PREDICT (step=14)
2025-02-18 11:35:30,314 - DEBUG - Making prediction for time 201.29999999999993 -> 201.39999999999992
2025-02-18 11:35:30,315 - INFO - UPDATE (step=14)
2025-02-18 11:35:30,315 - DEBUG - First state in ensemble: [ 7.83305179 12.60196105 15.64654426]
2025-02-18 11:35:30,315 - DEBUG - Observation: [ 8.62130992  4.90991695 14.42360284]
2025-02-18 11:35:30,323 - INFO - PREDICT (step=15)
2025-02-18 11:35:30,323 - DEBUG - Making prediction for time 201.39999999999992 -> 201.49999999999991
2025-02-18 11:35:30,323 - INFO - UPDATE (step=15)
2025-02-18 11:35:30,324 - DEBUG - First state in ensemble: [12.05366423 20.13066466 31.46056106]
2025-02-18 11:35:30,324 - DEBUG - Observation: [ 7.97677855 12.21156763 11.99679166]
2025-02-18 11:35:30,331 - INFO - PREDICT (step=16)
2025-02-18 11:35:30,331 - DEBUG - Making prediction for time 201.49999999999991 -> 201.5999999999999
2025-02-18 11:35:30,332 - INFO - UPDATE (step=16)
2025-02-18 11:35:30,332 - DEBUG - First state in ensemble: [10.84127112 19.26857461 16.79396827]
2025-02-18 11:35:30,332 - DEBUG - Observation: [ 8.40070687 16.94622679 21.29543545]
2025-02-18 11:35:30,339 - INFO - PREDICT (step=17)
2025-02-18 11:35:30,339 - DEBUG - Making prediction for time 201.5999999999999 -> 201.6999999999999
2025-02-18 11:35:30,340 - INFO - UPDATE (step=17)
2025-02-18 11:35:30,340 - DEBUG - First state in ensemble: [13.39910804 19.01361071 24.47856374]
2025-02-18 11:35:30,340 - DEBUG - Observation: [ 8.72713541 17.94889999 22.29944849]
2025-02-18 11:35:30,348 - INFO - PREDICT (step=18)
2025-02-18 11:35:30,348 - DEBUG - Making prediction for time 201.6999999999999 -> 201.7999999999999
2025-02-18 11:35:30,349 - INFO - UPDATE (step=18)
2025-02-18 11:35:30,349 - DEBUG - First state in ensemble: [15.08571868 17.36464814 33.33497448]
2025-02-18 11:35:30,349 - DEBUG - Observation: [13.4297783  14.89499309 35.39026032]
2025-02-18 11:35:30,356 - INFO - PREDICT (step=19)
2025-02-18 11:35:30,356 - DEBUG - Making prediction for time 201.7999999999999 -> 201.8999999999999
2025-02-18 11:35:30,357 - INFO - UPDATE (step=19)
2025-02-18 11:35:30,357 - DEBUG - First state in ensemble: [15.57049073 14.0993504  39.76532731]
2025-02-18 11:35:30,357 - DEBUG - Observation: [12.57059693 13.86987188 36.23733048]
2025-02-18 11:35:30,365 - INFO - PREDICT (step=20)
2025-02-18 11:35:30,365 - DEBUG - Making prediction for time 201.8999999999999 -> 201.9999999999999
2025-02-18 11:35:30,366 - INFO - UPDATE (step=20)
2025-02-18 11:35:30,366 - DEBUG - First state in ensemble: [ 7.10938619  2.96948177 32.56370988]
2025-02-18 11:35:30,366 - DEBUG - Observation: [10.65051865  3.58891156 33.059879  ]
2025-02-18 11:35:30,373 - INFO - PREDICT (step=21)
2025-02-18 11:35:30,373 - DEBUG - Making prediction for time 201.9999999999999 -> 202.09999999999988
2025-02-18 11:35:30,374 - INFO - UPDATE (step=21)
2025-02-18 11:35:30,374 - DEBUG - First state in ensemble: [ 7.04912304 -0.8371298  32.71495741]
2025-02-18 11:35:30,374 - DEBUG - Observation: [11.65297915  2.81733299 33.15243654]
2025-02-18 11:35:30,382 - INFO - PREDICT (step=22)
2025-02-18 11:35:30,382 - DEBUG - Making prediction for time 202.09999999999988 -> 202.19999999999987
2025-02-18 11:35:30,383 - INFO - UPDATE (step=22)
2025-02-18 11:35:30,383 - DEBUG - First state in ensemble: [ 4.18946145 -1.23949549 28.1004381 ]
2025-02-18 11:35:30,383 - DEBUG - Observation: [ 5.35137082 -1.03633225 26.22465888]
2025-02-18 11:35:30,390 - INFO - PREDICT (step=23)
2025-02-18 11:35:30,390 - DEBUG - Making prediction for time 202.19999999999987 -> 202.29999999999987
2025-02-18 11:35:30,391 - INFO - UPDATE (step=23)
2025-02-18 11:35:30,391 - DEBUG - First state in ensemble: [ 7.16750043  4.03778037 27.57466468]
2025-02-18 11:35:30,391 - DEBUG - Observation: [ 1.73147648  2.34301868 24.79121206]
2025-02-18 11:35:30,398 - INFO - PREDICT (step=24)
2025-02-18 11:35:30,398 - DEBUG - Making prediction for time 202.29999999999987 -> 202.39999999999986
2025-02-18 11:35:30,399 - INFO - UPDATE (step=24)
2025-02-18 11:35:30,400 - DEBUG - First state in ensemble: [ 2.08971527  1.76836712 20.99413024]
2025-02-18 11:35:30,400 - DEBUG - Observation: [-1.24898497  0.11229689 20.64312701]
2025-02-18 11:35:30,407 - INFO - PREDICT (step=25)
2025-02-18 11:35:30,407 - DEBUG - Making prediction for time 202.39999999999986 -> 202.49999999999986
2025-02-18 11:35:30,409 - INFO - UPDATE (step=25)
2025-02-18 11:35:30,409 - DEBUG - First state in ensemble: [-0.58165208 -0.68104116 16.48712395]
2025-02-18 11:35:30,409 - DEBUG - Observation: [ 0.33036869  1.48757423 21.0901742 ]
2025-02-18 11:35:30,416 - INFO - PREDICT (step=26)
2025-02-18 11:35:30,416 - DEBUG - Making prediction for time 202.49999999999986 -> 202.59999999999985
2025-02-18 11:35:30,417 - INFO - UPDATE (step=26)
2025-02-18 11:35:30,417 - DEBUG - First state in ensemble: [-1.36803487 -3.2686849  17.47954196]
2025-02-18 11:35:30,417 - DEBUG - Observation: [ 2.13867251  0.89748334 16.77442167]
2025-02-18 11:35:30,424 - INFO - PREDICT (step=27)
2025-02-18 11:35:30,424 - DEBUG - Making prediction for time 202.59999999999985 -> 202.69999999999985
2025-02-18 11:35:30,425 - INFO - UPDATE (step=27)
2025-02-18 11:35:30,425 - DEBUG - First state in ensemble: [ 1.1720606   0.74340169 14.58197395]
2025-02-18 11:35:30,426 - DEBUG - Observation: [-4.6530183   4.54884386 14.66154952]
2025-02-18 11:35:30,433 - INFO - PREDICT (step=28)
2025-02-18 11:35:30,433 - DEBUG - Making prediction for time 202.69999999999985 -> 202.79999999999984
2025-02-18 11:35:30,434 - INFO - UPDATE (step=28)
2025-02-18 11:35:30,434 - DEBUG - First state in ensemble: [-0.41896651 -0.37929766 10.72223262]
2025-02-18 11:35:30,434 - DEBUG - Observation: [-0.53187611  2.4735351  11.30583428]
2025-02-18 11:35:30,441 - INFO - PREDICT (step=29)
2025-02-18 11:35:30,441 - DEBUG - Making prediction for time 202.79999999999984 -> 202.89999999999984
2025-02-18 11:35:30,443 - INFO - UPDATE (step=29)
2025-02-18 11:35:30,443 - DEBUG - First state in ensemble: [-1.51068899 -3.29659141 11.64851182]
2025-02-18 11:35:30,443 - DEBUG - Observation: [ 3.92763119  6.86035336 12.65074158]
2025-02-18 11:35:30,450 - INFO - PREDICT (step=30)
2025-02-18 11:35:30,450 - DEBUG - Making prediction for time 202.89999999999984 -> 202.99999999999983
2025-02-18 11:35:30,451 - INFO - UPDATE (step=30)
2025-02-18 11:35:30,451 - DEBUG - First state in ensemble: [4.72691522 8.65387953 9.39262542]
2025-02-18 11:35:30,451 - DEBUG - Observation: [ 5.10159619  9.12060854 10.46351541]
2025-02-18 11:35:30,459 - INFO - PREDICT (step=31)
2025-02-18 11:35:30,459 - DEBUG - Making prediction for time 202.99999999999983 -> 203.09999999999982
2025-02-18 11:35:30,460 - INFO - UPDATE (step=31)
2025-02-18 11:35:30,460 - DEBUG - First state in ensemble: [2.48616946 3.37431591 2.34645786]
2025-02-18 11:35:30,460 - DEBUG - Observation: [ 7.22752127 15.0843323  11.99120196]
2025-02-18 11:35:30,467 - INFO - PREDICT (step=32)
2025-02-18 11:35:30,467 - DEBUG - Making prediction for time 203.09999999999982 -> 203.19999999999982
2025-02-18 11:35:30,468 - INFO - UPDATE (step=32)
2025-02-18 11:35:30,468 - DEBUG - First state in ensemble: [12.01043523 20.99045905 17.07276419]
2025-02-18 11:35:30,468 - DEBUG - Observation: [10.21962825 15.99441616 14.21557926]
2025-02-18 11:35:30,475 - INFO - PREDICT (step=33)
2025-02-18 11:35:30,476 - DEBUG - Making prediction for time 203.19999999999982 -> 203.2999999999998
2025-02-18 11:35:30,476 - INFO - UPDATE (step=33)
2025-02-18 11:35:30,477 - DEBUG - First state in ensemble: [13.78292138 22.06802256 27.78597664]
2025-02-18 11:35:30,477 - DEBUG - Observation: [14.66786962 21.55398901 19.45193003]
2025-02-18 11:35:30,484 - INFO - PREDICT (step=34)
2025-02-18 11:35:30,484 - DEBUG - Making prediction for time 203.2999999999998 -> 203.3999999999998
2025-02-18 11:35:30,485 - INFO - UPDATE (step=34)
2025-02-18 11:35:30,485 - DEBUG - First state in ensemble: [17.1940633  18.99017698 36.57396268]
2025-02-18 11:35:30,485 - DEBUG - Observation: [17.83061094 17.39120308 32.27494945]
2025-02-18 11:35:30,492 - INFO - PREDICT (step=35)
2025-02-18 11:35:30,492 - DEBUG - Making prediction for time 203.3999999999998 -> 203.4999999999998
2025-02-18 11:35:30,493 - INFO - UPDATE (step=35)
2025-02-18 11:35:30,493 - DEBUG - First state in ensemble: [15.96786014 14.49217751 40.33344549]
2025-02-18 11:35:30,493 - DEBUG - Observation: [15.53528642 10.05476114 36.80891221]
2025-02-18 11:35:30,500 - INFO - PREDICT (step=36)
2025-02-18 11:35:30,500 - DEBUG - Making prediction for time 203.4999999999998 -> 203.5999999999998
2025-02-18 11:35:30,501 - INFO - UPDATE (step=36)
2025-02-18 11:35:30,501 - DEBUG - First state in ensemble: [12.69137998  5.35530584 38.15868348]
2025-02-18 11:35:30,502 - DEBUG - Observation: [11.18642743  1.47498685 39.82937286]
2025-02-18 11:35:30,509 - INFO - PREDICT (step=37)
2025-02-18 11:35:30,509 - DEBUG - Making prediction for time 203.5999999999998 -> 203.6999999999998
2025-02-18 11:35:30,511 - INFO - UPDATE (step=37)
2025-02-18 11:35:30,511 - DEBUG - First state in ensemble: [16.84331368  1.24401992 21.99609861]
2025-02-18 11:35:30,511 - DEBUG - Observation: [ 9.4512731  -2.74399047 36.55464779]
2025-02-18 11:35:30,518 - INFO - PREDICT (step=38)
2025-02-18 11:35:30,518 - DEBUG - Making prediction for time 203.6999999999998 -> 203.79999999999978
2025-02-18 11:35:30,519 - INFO - UPDATE (step=38)
2025-02-18 11:35:30,519 - DEBUG - First state in ensemble: [ 6.65339245  0.9390066  29.1339003 ]
2025-02-18 11:35:30,519 - DEBUG - Observation: [ 4.05227749 -3.98457303 29.25270089]
2025-02-18 11:35:30,526 - INFO - PREDICT (step=39)
2025-02-18 11:35:30,526 - DEBUG - Making prediction for time 203.79999999999978 -> 203.89999999999978
2025-02-18 11:35:30,527 - INFO - UPDATE (step=39)
2025-02-18 11:35:30,527 - DEBUG - First state in ensemble: [ 2.16777919 -1.72232352 25.42123707]
2025-02-18 11:35:30,527 - DEBUG - Observation: [ 2.1970613  -2.27192381 26.35681591]
2025-02-18 11:35:30,535 - INFO - PREDICT (step=40)
2025-02-18 11:35:30,535 - DEBUG - Making prediction for time 203.89999999999978 -> 203.99999999999977
2025-02-18 11:35:30,536 - INFO - UPDATE (step=40)
2025-02-18 11:35:30,536 - DEBUG - First state in ensemble: [ 4.74350671  3.68479376 20.7213233 ]
2025-02-18 11:35:30,536 - DEBUG - Observation: [-2.13349477 -4.00950524 24.78544673]
2025-02-18 11:35:30,543 - INFO - PREDICT (step=41)
2025-02-18 11:35:30,543 - DEBUG - Making prediction for time 203.99999999999977 -> 204.09999999999977
2025-02-18 11:35:30,544 - INFO - UPDATE (step=41)
2025-02-18 11:35:30,544 - DEBUG - First state in ensemble: [-3.47382906 -4.58201006 21.19983597]
2025-02-18 11:35:30,544 - DEBUG - Observation: [-4.68583189 -4.66025746 19.20330011]
2025-02-18 11:35:30,551 - INFO - PREDICT (step=42)
2025-02-18 11:35:30,551 - DEBUG - Making prediction for time 204.09999999999977 -> 204.19999999999976
2025-02-18 11:35:30,552 - INFO - UPDATE (step=42)
2025-02-18 11:35:30,552 - DEBUG - First state in ensemble: [-3.33409406 -6.50388946 14.40137442]
2025-02-18 11:35:30,552 - DEBUG - Observation: [ 0.33625424 -3.77043749 17.09079158]
2025-02-18 11:35:30,560 - INFO - PREDICT (step=43)
2025-02-18 11:35:30,560 - DEBUG - Making prediction for time 204.19999999999976 -> 204.29999999999976
2025-02-18 11:35:30,561 - INFO - UPDATE (step=43)
2025-02-18 11:35:30,561 - DEBUG - First state in ensemble: [ -9.34249999 -13.58180205  14.78957725]
2025-02-18 11:35:30,561 - DEBUG - Observation: [-0.08259252 -5.9662731  17.02521526]
2025-02-18 11:35:30,568 - INFO - PREDICT (step=44)
2025-02-18 11:35:30,568 - DEBUG - Making prediction for time 204.29999999999976 -> 204.39999999999975
2025-02-18 11:35:30,569 - INFO - UPDATE (step=44)
2025-02-18 11:35:30,569 - DEBUG - First state in ensemble: [ -8.96238661 -14.94400144  17.83990722]
2025-02-18 11:35:30,569 - DEBUG - Observation: [-3.39146552 -5.32067557 12.87682236]
2025-02-18 11:35:30,576 - INFO - PREDICT (step=45)
2025-02-18 11:35:30,576 - DEBUG - Making prediction for time 204.39999999999975 -> 204.49999999999974
2025-02-18 11:35:30,577 - INFO - UPDATE (step=45)
2025-02-18 11:35:30,577 - DEBUG - First state in ensemble: [-3.08364724 -5.42741658  8.46590709]
2025-02-18 11:35:30,577 - DEBUG - Observation: [-4.38968239 -8.36958851 13.26507806]
2025-02-18 11:35:30,585 - INFO - PREDICT (step=46)
2025-02-18 11:35:30,585 - DEBUG - Making prediction for time 204.49999999999974 -> 204.59999999999974
2025-02-18 11:35:30,586 - INFO - UPDATE (step=46)
2025-02-18 11:35:30,586 - DEBUG - First state in ensemble: [ -7.93515612 -11.91905955  17.17926967]
2025-02-18 11:35:30,586 - DEBUG - Observation: [-10.05350121 -14.50906255  16.84645201]
2025-02-18 11:35:30,593 - INFO - PREDICT (step=47)
2025-02-18 11:35:30,593 - DEBUG - Making prediction for time 204.59999999999974 -> 204.69999999999973
2025-02-18 11:35:30,594 - INFO - UPDATE (step=47)
2025-02-18 11:35:30,594 - DEBUG - First state in ensemble: [-12.95063877 -22.02202605  24.96070404]
2025-02-18 11:35:30,594 - DEBUG - Observation: [-10.0888949  -19.10336888  21.50650989]
2025-02-18 11:35:30,601 - INFO - PREDICT (step=48)
2025-02-18 11:35:30,601 - DEBUG - Making prediction for time 204.69999999999973 -> 204.79999999999973
2025-02-18 11:35:30,602 - INFO - UPDATE (step=48)
2025-02-18 11:35:30,602 - DEBUG - First state in ensemble: [-16.51118632 -20.67891522  33.36465345]
2025-02-18 11:35:30,602 - DEBUG - Observation: [-12.54742284 -16.00900825  28.32823774]
2025-02-18 11:35:30,610 - INFO - PREDICT (step=49)
2025-02-18 11:35:30,610 - DEBUG - Making prediction for time 204.79999999999973 -> 204.89999999999972
2025-02-18 11:35:30,611 - INFO - UPDATE (step=49)
2025-02-18 11:35:30,611 - DEBUG - First state in ensemble: [-13.24841994 -13.17096346  33.03539609]
2025-02-18 11:35:30,611 - DEBUG - Observation: [-14.99206543 -13.31558455  35.72955762]
2025-02-18 11:35:30,618 - INFO - PREDICT (step=50)
2025-02-18 11:35:30,618 - DEBUG - Making prediction for time 204.89999999999972 -> 204.99999999999972
2025-02-18 11:35:30,619 - INFO - UPDATE (step=50)
2025-02-18 11:35:30,620 - DEBUG - First state in ensemble: [ -4.51831566 -14.63305089  21.67170772]
2025-02-18 11:35:30,620 - DEBUG - Observation: [-13.03351614  -7.10663293  39.67905674]
2025-02-18 11:35:30,627 - INFO - PREDICT (step=51)
2025-02-18 11:35:30,627 - DEBUG - Making prediction for time 204.99999999999972 -> 205.0999999999997
2025-02-18 11:35:30,628 - INFO - UPDATE (step=51)
2025-02-18 11:35:30,628 - DEBUG - First state in ensemble: [-11.77721173  -4.54332109  38.01155825]
2025-02-18 11:35:30,628 - DEBUG - Observation: [-10.72610836  -2.93841867  36.3293741 ]
2025-02-18 11:35:30,635 - INFO - PREDICT (step=52)
2025-02-18 11:35:30,635 - DEBUG - Making prediction for time 205.0999999999997 -> 205.1999999999997
2025-02-18 11:35:30,636 - INFO - UPDATE (step=52)
2025-02-18 11:35:30,636 - DEBUG - First state in ensemble: [-9.30134748 -1.53472801 34.72231539]
2025-02-18 11:35:30,636 - DEBUG - Observation: [-9.04887073  5.58769179 29.28236739]
2025-02-18 11:35:30,644 - INFO - PREDICT (step=53)
2025-02-18 11:35:30,644 - DEBUG - Making prediction for time 205.1999999999997 -> 205.2999999999997
2025-02-18 11:35:30,644 - INFO - UPDATE (step=53)
2025-02-18 11:35:30,645 - DEBUG - First state in ensemble: [-6.84265217 -2.57525886 27.27570921]
2025-02-18 11:35:30,645 - DEBUG - Observation: [-1.46918724  0.63482292 27.22463016]
2025-02-18 11:35:30,652 - INFO - PREDICT (step=54)
2025-02-18 11:35:30,652 - DEBUG - Making prediction for time 205.2999999999997 -> 205.3999999999997
2025-02-18 11:35:30,653 - INFO - UPDATE (step=54)
2025-02-18 11:35:30,653 - DEBUG - First state in ensemble: [-6.89615848 -6.44313355 22.91468878]
2025-02-18 11:35:30,653 - DEBUG - Observation: [-1.07806423 -1.52745588 26.49941213]
2025-02-18 11:35:30,661 - INFO - PREDICT (step=55)
2025-02-18 11:35:30,661 - DEBUG - Making prediction for time 205.3999999999997 -> 205.4999999999997
2025-02-18 11:35:30,662 - INFO - UPDATE (step=55)
2025-02-18 11:35:30,662 - DEBUG - First state in ensemble: [-14.00075141  -5.30014592  34.47226646]
2025-02-18 11:35:30,662 - DEBUG - Observation: [-2.77584516  2.04806963 20.1454647 ]
2025-02-18 11:35:30,669 - INFO - PREDICT (step=56)
2025-02-18 11:35:30,669 - DEBUG - Making prediction for time 205.4999999999997 -> 205.59999999999968
2025-02-18 11:35:30,670 - INFO - UPDATE (step=56)
2025-02-18 11:35:30,670 - DEBUG - First state in ensemble: [-4.07101116 -4.01127504 20.11254164]
2025-02-18 11:35:30,670 - DEBUG - Observation: [-2.4734146   1.86756662 20.54744652]
2025-02-18 11:35:30,677 - INFO - PREDICT (step=57)
2025-02-18 11:35:30,677 - DEBUG - Making prediction for time 205.59999999999968 -> 205.69999999999968
2025-02-18 11:35:30,678 - INFO - UPDATE (step=57)
2025-02-18 11:35:30,678 - DEBUG - First state in ensemble: [-1.75295582  0.64230642  9.79217858]
2025-02-18 11:35:30,678 - DEBUG - Observation: [-4.89421296  1.40289946 17.6579083 ]
2025-02-18 11:35:30,685 - INFO - PREDICT (step=58)
2025-02-18 11:35:30,686 - DEBUG - Making prediction for time 205.69999999999968 -> 205.79999999999967
2025-02-18 11:35:30,686 - INFO - UPDATE (step=58)
2025-02-18 11:35:30,687 - DEBUG - First state in ensemble: [-2.50000514 -4.07728116 16.68946431]
2025-02-18 11:35:30,687 - DEBUG - Observation: [-2.21712353  1.58511944 14.7607951 ]
2025-02-18 11:35:30,694 - INFO - PREDICT (step=59)
2025-02-18 11:35:30,694 - DEBUG - Making prediction for time 205.79999999999967 -> 205.89999999999966
2025-02-18 11:35:30,695 - INFO - UPDATE (step=59)
2025-02-18 11:35:30,695 - DEBUG - First state in ensemble: [-1.00232657 -1.36141189  7.03565315]
2025-02-18 11:35:30,695 - DEBUG - Observation: [-0.73986969 -2.65461178 10.08652967]
2025-02-18 11:35:30,702 - INFO - PREDICT (step=60)
2025-02-18 11:35:30,702 - DEBUG - Making prediction for time 205.89999999999966 -> 205.99999999999966
2025-02-18 11:35:30,703 - INFO - UPDATE (step=60)
2025-02-18 11:35:30,703 - DEBUG - First state in ensemble: [-0.33465349 -5.680486    8.42521413]
2025-02-18 11:35:30,703 - DEBUG - Observation: [ 0.80719115 -2.13478293 11.36236055]
2025-02-18 11:35:30,711 - INFO - PREDICT (step=61)
2025-02-18 11:35:30,711 - DEBUG - Making prediction for time 205.99999999999966 -> 206.09999999999965
2025-02-18 11:35:30,713 - INFO - UPDATE (step=61)
2025-02-18 11:35:30,713 - DEBUG - First state in ensemble: [-2.76550147 -7.03296133  8.31159509]
2025-02-18 11:35:30,713 - DEBUG - Observation: [-3.79942795 -7.55567037 10.03788005]
2025-02-18 11:35:30,720 - INFO - PREDICT (step=62)
2025-02-18 11:35:30,720 - DEBUG - Making prediction for time 206.09999999999965 -> 206.19999999999965
2025-02-18 11:35:30,721 - INFO - UPDATE (step=62)
2025-02-18 11:35:30,721 - DEBUG - First state in ensemble: [-3.39777472 -6.37887094  5.32061127]
2025-02-18 11:35:30,721 - DEBUG - Observation: [ 0.18503965 -6.05087225  7.44836033]
2025-02-18 11:35:30,729 - INFO - PREDICT (step=63)
2025-02-18 11:35:30,729 - DEBUG - Making prediction for time 206.19999999999965 -> 206.29999999999964
2025-02-18 11:35:30,730 - INFO - UPDATE (step=63)
2025-02-18 11:35:30,730 - DEBUG - First state in ensemble: [-4.78428008 -9.90364967  9.58647889]
2025-02-18 11:35:30,730 - DEBUG - Observation: [ -5.43452512 -12.05141379   9.52286616]
2025-02-18 11:35:30,737 - INFO - PREDICT (step=64)
2025-02-18 11:35:30,737 - DEBUG - Making prediction for time 206.29999999999964 -> 206.39999999999964
2025-02-18 11:35:30,738 - INFO - UPDATE (step=64)
2025-02-18 11:35:30,738 - DEBUG - First state in ensemble: [-10.13721545 -19.44146427  10.59100941]
2025-02-18 11:35:30,738 - DEBUG - Observation: [ -8.13373764 -18.42183786  14.81085736]
2025-02-18 11:35:30,746 - INFO - PREDICT (step=65)
2025-02-18 11:35:30,746 - DEBUG - Making prediction for time 206.39999999999964 -> 206.49999999999963
2025-02-18 11:35:30,747 - INFO - UPDATE (step=65)
2025-02-18 11:35:30,747 - DEBUG - First state in ensemble: [-11.3595479  -17.99597167  20.45045181]
2025-02-18 11:35:30,747 - DEBUG - Observation: [-13.03581439 -20.27023738  24.19177815]
2025-02-18 11:35:30,754 - INFO - PREDICT (step=66)
2025-02-18 11:35:30,754 - DEBUG - Making prediction for time 206.49999999999963 -> 206.59999999999962
2025-02-18 11:35:30,755 - INFO - UPDATE (step=66)
2025-02-18 11:35:30,755 - DEBUG - First state in ensemble: [-15.934579   -16.96745094  35.17878944]
2025-02-18 11:35:30,755 - DEBUG - Observation: [-15.6110115  -17.27300946  37.37087056]
2025-02-18 11:35:30,762 - INFO - PREDICT (step=67)
2025-02-18 11:35:30,762 - DEBUG - Making prediction for time 206.59999999999962 -> 206.69999999999962
2025-02-18 11:35:30,763 - INFO - UPDATE (step=67)
2025-02-18 11:35:30,763 - DEBUG - First state in ensemble: [-15.65561401  -7.61937181  45.28492045]
2025-02-18 11:35:30,763 - DEBUG - Observation: [-15.48209101  -7.71881454  39.02128586]
2025-02-18 11:35:30,771 - INFO - PREDICT (step=68)
2025-02-18 11:35:30,771 - DEBUG - Making prediction for time 206.69999999999962 -> 206.7999999999996
2025-02-18 11:35:30,772 - INFO - UPDATE (step=68)
2025-02-18 11:35:30,772 - DEBUG - First state in ensemble: [-9.72898109  0.67743132 36.69049047]
2025-02-18 11:35:30,772 - DEBUG - Observation: [-9.71731756  2.68812542 38.88009676]
2025-02-18 11:35:30,779 - INFO - PREDICT (step=69)
2025-02-18 11:35:30,779 - DEBUG - Making prediction for time 206.7999999999996 -> 206.8999999999996
2025-02-18 11:35:30,780 - INFO - UPDATE (step=69)
2025-02-18 11:35:30,780 - DEBUG - First state in ensemble: [-4.52038784  3.66500865 30.61930165]
2025-02-18 11:35:30,780 - DEBUG - Observation: [-6.77414363 -3.3745214  36.08153362]
2025-02-18 11:35:30,788 - INFO - PREDICT (step=70)
2025-02-18 11:35:30,788 - DEBUG - Making prediction for time 206.8999999999996 -> 206.9999999999996
2025-02-18 11:35:30,789 - INFO - UPDATE (step=70)
2025-02-18 11:35:30,789 - DEBUG - First state in ensemble: [ 0.02665856  6.52455821 25.20509948]
2025-02-18 11:35:30,789 - DEBUG - Observation: [-1.72380318  2.45542645 28.33634393]
2025-02-18 11:35:30,796 - INFO - PREDICT (step=71)
2025-02-18 11:35:30,796 - DEBUG - Making prediction for time 206.9999999999996 -> 207.0999999999996
2025-02-18 11:35:30,797 - INFO - UPDATE (step=71)
2025-02-18 11:35:30,797 - DEBUG - First state in ensemble: [ 0.34439024  3.61830495 24.23503396]
2025-02-18 11:35:30,797 - DEBUG - Observation: [ 1.62045508  4.85370893 23.81175814]
2025-02-18 11:35:30,804 - INFO - PREDICT (step=72)
2025-02-18 11:35:30,804 - DEBUG - Making prediction for time 207.0999999999996 -> 207.1999999999996
2025-02-18 11:35:30,805 - INFO - UPDATE (step=72)
2025-02-18 11:35:30,806 - DEBUG - First state in ensemble: [-0.43132352 -1.71129539 17.07850718]
2025-02-18 11:35:30,806 - DEBUG - Observation: [ 0.28291391  2.46775254 22.9353592 ]
2025-02-18 11:35:30,813 - INFO - PREDICT (step=73)
2025-02-18 11:35:30,813 - DEBUG - Making prediction for time 207.1999999999996 -> 207.29999999999959
2025-02-18 11:35:30,815 - INFO - UPDATE (step=73)
2025-02-18 11:35:30,815 - DEBUG - First state in ensemble: [ 1.37776118  5.01048769 18.49361548]
2025-02-18 11:35:30,815 - DEBUG - Observation: [ 6.90767921  4.98959644 17.67421228]
2025-02-18 11:35:30,822 - INFO - PREDICT (step=74)
2025-02-18 11:35:30,822 - DEBUG - Making prediction for time 207.29999999999959 -> 207.39999999999958
2025-02-18 11:35:30,823 - INFO - UPDATE (step=74)
2025-02-18 11:35:30,823 - DEBUG - First state in ensemble: [-1.79547583 -3.33152271 12.99509805]
2025-02-18 11:35:30,823 - DEBUG - Observation: [ 4.37489017  5.0624359  17.36063865]
2025-02-18 11:35:30,830 - INFO - PREDICT (step=75)
2025-02-18 11:35:30,830 - DEBUG - Making prediction for time 207.39999999999958 -> 207.49999999999957
2025-02-18 11:35:30,831 - INFO - UPDATE (step=75)
2025-02-18 11:35:30,831 - DEBUG - First state in ensemble: [ 6.50214394  5.16806267 20.71886834]
2025-02-18 11:35:30,831 - DEBUG - Observation: [ 2.31143377  6.56617136 14.36498811]
2025-02-18 11:35:30,839 - INFO - PREDICT (step=76)
2025-02-18 11:35:30,839 - DEBUG - Making prediction for time 207.49999999999957 -> 207.59999999999957
2025-02-18 11:35:30,840 - INFO - UPDATE (step=76)
2025-02-18 11:35:30,840 - DEBUG - First state in ensemble: [ 5.67347507  9.12665212 16.31100199]
2025-02-18 11:35:30,840 - DEBUG - Observation: [ 6.48637546  9.15260076 18.85497696]
2025-02-18 11:35:30,847 - INFO - PREDICT (step=77)
2025-02-18 11:35:30,847 - DEBUG - Making prediction for time 207.59999999999957 -> 207.69999999999956
2025-02-18 11:35:30,848 - INFO - UPDATE (step=77)
2025-02-18 11:35:30,849 - DEBUG - First state in ensemble: [ 9.98570054 18.56426756 16.69304593]
2025-02-18 11:35:30,849 - DEBUG - Observation: [ 6.06005036 11.5124276  16.55718184]
2025-02-18 11:35:30,856 - INFO - PREDICT (step=78)
2025-02-18 11:35:30,856 - DEBUG - Making prediction for time 207.69999999999956 -> 207.79999999999956
2025-02-18 11:35:30,857 - INFO - UPDATE (step=78)
2025-02-18 11:35:30,857 - DEBUG - First state in ensemble: [ 8.46483278 13.2353886  19.46370693]
2025-02-18 11:35:30,857 - DEBUG - Observation: [11.74633446 15.55299824 17.48687875]
2025-02-18 11:35:30,864 - INFO - PREDICT (step=79)
2025-02-18 11:35:30,864 - DEBUG - Making prediction for time 207.79999999999956 -> 207.89999999999955
2025-02-18 11:35:30,865 - INFO - UPDATE (step=79)
2025-02-18 11:35:30,865 - DEBUG - First state in ensemble: [11.74268468 15.9545923  25.67125733]
2025-02-18 11:35:30,865 - DEBUG - Observation: [15.95202039 20.3857381  25.67768928]
2025-02-18 11:35:30,872 - INFO - PREDICT (step=80)
2025-02-18 11:35:30,872 - DEBUG - Making prediction for time 207.89999999999955 -> 207.99999999999955
2025-02-18 11:35:30,873 - INFO - UPDATE (step=80)
2025-02-18 11:35:30,873 - DEBUG - First state in ensemble: [12.1163036  16.10147546 26.46304833]
2025-02-18 11:35:30,873 - DEBUG - Observation: [12.73836223 16.29563686 32.38632635]
2025-02-18 11:35:30,881 - INFO - PREDICT (step=81)
2025-02-18 11:35:30,881 - DEBUG - Making prediction for time 207.99999999999955 -> 208.09999999999954
2025-02-18 11:35:30,882 - INFO - UPDATE (step=81)
2025-02-18 11:35:30,882 - DEBUG - First state in ensemble: [15.30473408  7.9965067  42.12160191]
2025-02-18 11:35:30,882 - DEBUG - Observation: [11.61142385  8.53537584 34.43901982]
2025-02-18 11:35:30,889 - INFO - PREDICT (step=82)
2025-02-18 11:35:30,889 - DEBUG - Making prediction for time 208.09999999999954 -> 208.19999999999953
2025-02-18 11:35:30,890 - INFO - UPDATE (step=82)
2025-02-18 11:35:30,890 - DEBUG - First state in ensemble: [ 9.18788482  5.59325932 32.35762619]
2025-02-18 11:35:30,890 - DEBUG - Observation: [ 9.50140888  1.21662153 36.59621215]
2025-02-18 11:35:30,897 - INFO - PREDICT (step=83)
2025-02-18 11:35:30,897 - DEBUG - Making prediction for time 208.19999999999953 -> 208.29999999999953
2025-02-18 11:35:30,898 - INFO - UPDATE (step=83)
2025-02-18 11:35:30,898 - DEBUG - First state in ensemble: [ 7.41566102  4.67751979 30.01691308]
2025-02-18 11:35:30,898 - DEBUG - Observation: [ 7.41774834  0.44135896 32.74548473]
2025-02-18 11:35:30,906 - INFO - PREDICT (step=84)
2025-02-18 11:35:30,906 - DEBUG - Making prediction for time 208.29999999999953 -> 208.39999999999952
2025-02-18 11:35:30,907 - INFO - UPDATE (step=84)
2025-02-18 11:35:30,907 - DEBUG - First state in ensemble: [  4.87885806 -11.71248305  28.61318556]
2025-02-18 11:35:30,907 - DEBUG - Observation: [ 6.59454754  1.64563842 26.70286944]
2025-02-18 11:35:30,914 - INFO - PREDICT (step=85)
2025-02-18 11:35:30,914 - DEBUG - Making prediction for time 208.39999999999952 -> 208.49999999999952
2025-02-18 11:35:30,916 - INFO - UPDATE (step=85)
2025-02-18 11:35:30,916 - DEBUG - First state in ensemble: [ 4.22227541  1.35505468 25.49864229]
2025-02-18 11:35:30,916 - DEBUG - Observation: [ 4.53558956 -0.18025525 24.26606815]
2025-02-18 11:35:30,929 - INFO - PREDICT (step=86)
2025-02-18 11:35:30,929 - DEBUG - Making prediction for time 208.49999999999952 -> 208.5999999999995
2025-02-18 11:35:30,933 - INFO - UPDATE (step=86)
2025-02-18 11:35:30,933 - DEBUG - First state in ensemble: [ 5.63836082  6.02963394 22.74962004]
2025-02-18 11:35:30,933 - DEBUG - Observation: [ 0.8445307   0.76104449 20.6503692 ]
2025-02-18 11:35:30,948 - INFO - PREDICT (step=87)
2025-02-18 11:35:30,948 - DEBUG - Making prediction for time 208.5999999999995 -> 208.6999999999995
2025-02-18 11:35:30,949 - INFO - UPDATE (step=87)
2025-02-18 11:35:30,949 - DEBUG - First state in ensemble: [ 7.53936734  8.00487606 28.70709225]
2025-02-18 11:35:30,949 - DEBUG - Observation: [ 1.25120262  1.85505214 19.21538381]
2025-02-18 11:35:30,956 - INFO - PREDICT (step=88)
2025-02-18 11:35:30,956 - DEBUG - Making prediction for time 208.6999999999995 -> 208.7999999999995
2025-02-18 11:35:30,957 - INFO - UPDATE (step=88)
2025-02-18 11:35:30,958 - DEBUG - First state in ensemble: [ 2.49627879  5.73519432 20.23474457]
2025-02-18 11:35:30,958 - DEBUG - Observation: [-0.42995107 -1.78209646 15.3785387 ]
2025-02-18 11:35:30,965 - INFO - PREDICT (step=89)
2025-02-18 11:35:30,965 - DEBUG - Making prediction for time 208.7999999999995 -> 208.8999999999995
2025-02-18 11:35:30,966 - INFO - UPDATE (step=89)
2025-02-18 11:35:30,966 - DEBUG - First state in ensemble: [-2.12210601 -7.07295737 11.41535449]
2025-02-18 11:35:30,966 - DEBUG - Observation: [-0.9151449  -0.32691402 12.42966415]
2025-02-18 11:35:30,973 - INFO - PREDICT (step=90)
2025-02-18 11:35:30,973 - DEBUG - Making prediction for time 208.8999999999995 -> 208.9999999999995
2025-02-18 11:35:30,974 - INFO - UPDATE (step=90)
2025-02-18 11:35:30,974 - DEBUG - First state in ensemble: [ -6.00650246 -11.5657733   10.85874616]
2025-02-18 11:35:30,974 - DEBUG - Observation: [ 3.75891049  3.98177474 13.56355684]
2025-02-18 11:35:30,982 - INFO - PREDICT (step=91)
2025-02-18 11:35:30,982 - DEBUG - Making prediction for time 208.9999999999995 -> 209.09999999999948
2025-02-18 11:35:30,983 - INFO - UPDATE (step=91)
2025-02-18 11:35:30,983 - DEBUG - First state in ensemble: [-3.40626967 -5.23593295 16.51179297]
2025-02-18 11:35:30,983 - DEBUG - Observation: [ 3.66378467  3.71888212 12.81339708]
2025-02-18 11:35:30,990 - INFO - PREDICT (step=92)
2025-02-18 11:35:30,990 - DEBUG - Making prediction for time 209.09999999999948 -> 209.19999999999948
2025-02-18 11:35:30,991 - INFO - UPDATE (step=92)
2025-02-18 11:35:30,991 - DEBUG - First state in ensemble: [-3.07000422 -4.91876637 12.58174441]
2025-02-18 11:35:30,991 - DEBUG - Observation: [ 2.55257001  6.77743147 11.06677489]
2025-02-18 11:35:30,998 - INFO - PREDICT (step=93)
2025-02-18 11:35:30,998 - DEBUG - Making prediction for time 209.19999999999948 -> 209.29999999999947
2025-02-18 11:35:30,999 - INFO - UPDATE (step=93)
2025-02-18 11:35:30,999 - DEBUG - First state in ensemble: [-3.96517516 -7.2592343  11.3433474 ]
2025-02-18 11:35:30,999 - DEBUG - Observation: [ 5.51021589 10.0305421  11.24829059]
2025-02-18 11:35:31,006 - INFO - PREDICT (step=94)
2025-02-18 11:35:31,006 - DEBUG - Making prediction for time 209.29999999999947 -> 209.39999999999947
2025-02-18 11:35:31,007 - INFO - UPDATE (step=94)
2025-02-18 11:35:31,007 - DEBUG - First state in ensemble: [ -6.99894985 -11.81238595  12.77379895]
2025-02-18 11:35:31,007 - DEBUG - Observation: [ 8.34632457 12.78402674 10.33994462]
2025-02-18 11:35:31,015 - INFO - PREDICT (step=95)
2025-02-18 11:35:31,015 - DEBUG - Making prediction for time 209.39999999999947 -> 209.49999999999946
2025-02-18 11:35:31,016 - INFO - UPDATE (step=95)
2025-02-18 11:35:31,016 - DEBUG - First state in ensemble: [ 1.02046523  2.31947239 12.2489662 ]
2025-02-18 11:35:31,016 - DEBUG - Observation: [13.5068733  22.03990998 22.42203738]
2025-02-18 11:35:31,023 - INFO - PREDICT (step=96)
2025-02-18 11:35:31,023 - DEBUG - Making prediction for time 209.49999999999946 -> 209.59999999999945
2025-02-18 11:35:31,024 - INFO - UPDATE (step=96)
2025-02-18 11:35:31,024 - DEBUG - First state in ensemble: [ 0.81313332  2.3512201  10.50133131]
2025-02-18 11:35:31,024 - DEBUG - Observation: [12.49079566 21.36642763 29.7021638 ]
2025-02-18 11:35:31,032 - INFO - PREDICT (step=97)
2025-02-18 11:35:31,032 - DEBUG - Making prediction for time 209.59999999999945 -> 209.69999999999945
2025-02-18 11:35:31,033 - INFO - UPDATE (step=97)
2025-02-18 11:35:31,033 - DEBUG - First state in ensemble: [2.7159405  5.6467056  8.57768257]
2025-02-18 11:35:31,033 - DEBUG - Observation: [13.64369524 14.91457928 36.22531192]
2025-02-18 11:35:31,040 - INFO - PREDICT (step=98)
2025-02-18 11:35:31,040 - DEBUG - Making prediction for time 209.69999999999945 -> 209.79999999999944
2025-02-18 11:35:31,041 - INFO - UPDATE (step=98)
2025-02-18 11:35:31,041 - DEBUG - First state in ensemble: [ 7.18077223  9.37102428 19.46982109]
2025-02-18 11:35:31,041 - DEBUG - Observation: [12.37030098  5.20844694 38.22733129]
2025-02-18 11:35:31,049 - INFO - PREDICT (step=99)
2025-02-18 11:35:31,049 - DEBUG - Making prediction for time 209.79999999999944 -> 209.89999999999944
2025-02-18 11:35:31,049 - INFO - UPDATE (step=99)
2025-02-18 11:35:31,050 - DEBUG - First state in ensemble: [ 9.33691568 12.55022665 21.977443  ]
2025-02-18 11:35:31,050 - DEBUG - Observation: [ 7.93922157 -1.4590733  33.6171356 ]
2025-02-18 11:35:31,057 - INFO - PREDICT (step=100)
2025-02-18 11:35:31,057 - DEBUG - Making prediction for time 209.89999999999944 -> 209.99999999999943
2025-02-18 11:35:31,058 - INFO - UPDATE (step=100)
2025-02-18 11:35:31,058 - DEBUG - First state in ensemble: [10.99339048 11.95158845 29.75909293]
2025-02-18 11:35:31,058 - DEBUG - Observation: [ 4.6816794  -4.81988594 32.98379784]
2025-02-18 11:35:31,065 - INFO - PREDICT (step=101)
2025-02-18 11:35:31,065 - DEBUG - Making prediction for time 209.99999999999943 -> 210.09999999999943
2025-02-18 11:35:31,066 - INFO - UPDATE (step=101)
2025-02-18 11:35:31,066 - DEBUG - First state in ensemble: [ 9.25596093  6.63193305 32.63777517]
2025-02-18 11:35:31,066 - DEBUG - Observation: [ 0.39804743 -1.49636587 25.94322149]
2025-02-18 11:35:31,074 - INFO - PREDICT (step=102)
2025-02-18 11:35:31,074 - DEBUG - Making prediction for time 210.09999999999943 -> 210.19999999999942
2025-02-18 11:35:31,074 - INFO - UPDATE (step=102)
2025-02-18 11:35:31,075 - DEBUG - First state in ensemble: [ 8.61869578  5.23455133 32.30867666]
2025-02-18 11:35:31,075 - DEBUG - Observation: [ 1.53542074 -1.59415975 21.72569609]
2025-02-18 11:35:31,082 - INFO - PREDICT (step=103)
2025-02-18 11:35:31,082 - DEBUG - Making prediction for time 210.19999999999942 -> 210.29999999999941
2025-02-18 11:35:31,083 - INFO - UPDATE (step=103)
2025-02-18 11:35:31,083 - DEBUG - First state in ensemble: [11.55820249 13.20340056 32.96517559]
2025-02-18 11:35:31,083 - DEBUG - Observation: [-0.70272165 -2.6739801  23.72115309]
2025-02-18 11:35:31,090 - INFO - PREDICT (step=104)
2025-02-18 11:35:31,090 - DEBUG - Making prediction for time 210.29999999999941 -> 210.3999999999994
2025-02-18 11:35:31,091 - INFO - UPDATE (step=104)
2025-02-18 11:35:31,091 - DEBUG - First state in ensemble: [ 3.01583765  1.51867448 22.93597336]
2025-02-18 11:35:31,091 - DEBUG - Observation: [ 1.30171375 -5.63075167 18.60960981]
2025-02-18 11:35:31,098 - INFO - PREDICT (step=105)
2025-02-18 11:35:31,098 - DEBUG - Making prediction for time 210.3999999999994 -> 210.4999999999994
2025-02-18 11:35:31,099 - INFO - UPDATE (step=105)
2025-02-18 11:35:31,099 - DEBUG - First state in ensemble: [ 0.28747347 -2.64498141 22.04650219]
2025-02-18 11:35:31,099 - DEBUG - Observation: [-0.31476162 -2.51935858 16.07442072]
2025-02-18 11:35:31,107 - INFO - PREDICT (step=106)
2025-02-18 11:35:31,107 - DEBUG - Making prediction for time 210.4999999999994 -> 210.5999999999994
2025-02-18 11:35:31,108 - INFO - UPDATE (step=106)
2025-02-18 11:35:31,108 - DEBUG - First state in ensemble: [-1.29389758 -3.25414936 18.98619334]
2025-02-18 11:35:31,108 - DEBUG - Observation: [-2.84397411 -8.94171177 12.98757796]
2025-02-18 11:35:31,115 - INFO - PREDICT (step=107)
2025-02-18 11:35:31,115 - DEBUG - Making prediction for time 210.5999999999994 -> 210.6999999999994
2025-02-18 11:35:31,116 - INFO - UPDATE (step=107)
2025-02-18 11:35:31,116 - DEBUG - First state in ensemble: [-4.99276101 -8.7848321  17.15052004]
2025-02-18 11:35:31,116 - DEBUG - Observation: [-0.49664829 -6.15577432 12.97974772]
2025-02-18 11:35:31,123 - INFO - PREDICT (step=108)
2025-02-18 11:35:31,123 - DEBUG - Making prediction for time 210.6999999999994 -> 210.7999999999994
2025-02-18 11:35:31,124 - INFO - UPDATE (step=108)
2025-02-18 11:35:31,124 - DEBUG - First state in ensemble: [-4.66757736 -6.63271676 11.36499071]
2025-02-18 11:35:31,124 - DEBUG - Observation: [-2.34887451 -9.95882973 16.6886109 ]
2025-02-18 11:35:31,131 - INFO - PREDICT (step=109)
2025-02-18 11:35:31,131 - DEBUG - Making prediction for time 210.7999999999994 -> 210.89999999999938
2025-02-18 11:35:31,132 - INFO - UPDATE (step=109)
2025-02-18 11:35:31,132 - DEBUG - First state in ensemble: [ -6.67654926 -12.34044116  11.78687451]
2025-02-18 11:35:31,132 - DEBUG - Observation: [ -7.30245756 -14.45890061  13.23603342]
2025-02-18 11:35:31,140 - INFO - PREDICT (step=110)
2025-02-18 11:35:31,140 - DEBUG - Making prediction for time 210.89999999999938 -> 210.99999999999937
2025-02-18 11:35:31,142 - INFO - UPDATE (step=110)
2025-02-18 11:35:31,142 - DEBUG - First state in ensemble: [-5.65215783 -8.79495263 13.674848  ]
2025-02-18 11:35:31,142 - DEBUG - Observation: [-11.46442236 -18.40814425  23.06936647]
2025-02-18 11:35:31,149 - INFO - PREDICT (step=111)
2025-02-18 11:35:31,149 - DEBUG - Making prediction for time 210.99999999999937 -> 211.09999999999937
2025-02-18 11:35:31,150 - INFO - UPDATE (step=111)
2025-02-18 11:35:31,150 - DEBUG - First state in ensemble: [-15.36447196 -25.9079412   25.01882735]
2025-02-18 11:35:31,150 - DEBUG - Observation: [-12.35627409 -19.91206617  27.20861063]
2025-02-18 11:35:31,157 - INFO - PREDICT (step=112)
2025-02-18 11:35:31,157 - DEBUG - Making prediction for time 211.09999999999937 -> 211.19999999999936
2025-02-18 11:35:31,158 - INFO - UPDATE (step=112)
2025-02-18 11:35:31,158 - DEBUG - First state in ensemble: [-18.98098845 -19.52494412  41.7664161 ]
2025-02-18 11:35:31,158 - DEBUG - Observation: [-15.87043356 -14.6397883   35.96847665]
2025-02-18 11:35:31,165 - INFO - PREDICT (step=113)
2025-02-18 11:35:31,165 - DEBUG - Making prediction for time 211.19999999999936 -> 211.29999999999936
2025-02-18 11:35:31,166 - INFO - UPDATE (step=113)
2025-02-18 11:35:31,167 - DEBUG - First state in ensemble: [-14.47724746 -13.8102805   33.05473525]
2025-02-18 11:35:31,167 - DEBUG - Observation: [-12.07288982  -4.90421343  38.61198297]
2025-02-18 11:35:31,174 - INFO - PREDICT (step=114)
2025-02-18 11:35:31,174 - DEBUG - Making prediction for time 211.29999999999936 -> 211.39999999999935
2025-02-18 11:35:31,175 - INFO - UPDATE (step=114)
2025-02-18 11:35:31,175 - DEBUG - First state in ensemble: [-9.78433374 -0.61682504 37.89318686]
2025-02-18 11:35:31,175 - DEBUG - Observation: [-9.67653289e+00 -2.03588993e-02  3.32769863e+01]
2025-02-18 11:35:31,182 - INFO - PREDICT (step=115)
2025-02-18 11:35:31,182 - DEBUG - Making prediction for time 211.39999999999935 -> 211.49999999999935
2025-02-18 11:35:31,183 - INFO - UPDATE (step=115)
2025-02-18 11:35:31,183 - DEBUG - First state in ensemble: [-3.25836937  5.08723244 31.50768311]
2025-02-18 11:35:31,183 - DEBUG - Observation: [-2.67713541  2.68885215 29.48572712]
2025-02-18 11:35:31,191 - INFO - PREDICT (step=116)
2025-02-18 11:35:31,191 - DEBUG - Making prediction for time 211.49999999999935 -> 211.59999999999934
2025-02-18 11:35:31,192 - INFO - UPDATE (step=116)
2025-02-18 11:35:31,192 - DEBUG - First state in ensemble: [-0.28138867  1.71282263 24.24705882]
2025-02-18 11:35:31,192 - DEBUG - Observation: [-4.23612029  4.97682807 25.79133076]
2025-02-18 11:35:31,199 - INFO - PREDICT (step=117)
2025-02-18 11:35:31,199 - DEBUG - Making prediction for time 211.59999999999934 -> 211.69999999999933
2025-02-18 11:35:31,200 - INFO - UPDATE (step=117)
2025-02-18 11:35:31,200 - DEBUG - First state in ensemble: [-2.3429154   0.06388111 22.99238987]
2025-02-18 11:35:31,200 - DEBUG - Observation: [-1.18196728  2.82814349 24.59912523]
2025-02-18 11:35:31,207 - INFO - PREDICT (step=118)
2025-02-18 11:35:31,207 - DEBUG - Making prediction for time 211.69999999999933 -> 211.79999999999933
2025-02-18 11:35:31,208 - INFO - UPDATE (step=118)
2025-02-18 11:35:31,208 - DEBUG - First state in ensemble: [ 1.32937009  2.85535766 17.05230979]
2025-02-18 11:35:31,208 - DEBUG - Observation: [ 2.03798005  0.16622266 17.59618983]
2025-02-18 11:35:31,216 - INFO - PREDICT (step=119)
2025-02-18 11:35:31,217 - DEBUG - Making prediction for time 211.79999999999933 -> 211.89999999999932
2025-02-18 11:35:31,218 - INFO - UPDATE (step=119)
2025-02-18 11:35:31,218 - DEBUG - First state in ensemble: [ 4.29269771  7.26991006 15.15221498]
2025-02-18 11:35:31,219 - DEBUG - Observation: [-2.31635791  0.7043358  20.36855225]
2025-02-18 11:35:31,226 - INFO - PREDICT (step=120)
2025-02-18 11:35:31,226 - DEBUG - Making prediction for time 211.89999999999932 -> 211.99999999999932
2025-02-18 11:35:31,227 - INFO - UPDATE (step=120)
2025-02-18 11:35:31,227 - DEBUG - First state in ensemble: [ 0.92325974  1.89582232 12.63490858]
2025-02-18 11:35:31,227 - DEBUG - Observation: [ 0.08978873 -0.07262908 14.77409206]
2025-02-18 11:35:31,234 - INFO - PREDICT (step=121)
2025-02-18 11:35:31,234 - DEBUG - Making prediction for time 211.99999999999932 -> 212.0999999999993
2025-02-18 11:35:31,235 - INFO - UPDATE (step=121)
2025-02-18 11:35:31,235 - DEBUG - First state in ensemble: [-0.94258772 -1.74862135 14.30377494]
2025-02-18 11:35:31,236 - DEBUG - Observation: [-1.4137505   2.45638039 14.73222013]
2025-02-18 11:35:31,243 - INFO - PREDICT (step=122)
2025-02-18 11:35:31,243 - DEBUG - Making prediction for time 212.0999999999993 -> 212.1999999999993
2025-02-18 11:35:31,245 - INFO - UPDATE (step=122)
2025-02-18 11:35:31,245 - DEBUG - First state in ensemble: [ 9.12433771  9.54612511 10.80714642]
2025-02-18 11:35:31,245 - DEBUG - Observation: [ 1.83269224  1.67953175 11.60714161]
2025-02-18 11:35:31,252 - INFO - PREDICT (step=123)
2025-02-18 11:35:31,252 - DEBUG - Making prediction for time 212.1999999999993 -> 212.2999999999993
2025-02-18 11:35:31,253 - INFO - UPDATE (step=123)
2025-02-18 11:35:31,253 - DEBUG - First state in ensemble: [-1.64174902 -3.27432999 10.41911815]
2025-02-18 11:35:31,253 - DEBUG - Observation: [-1.02342211  0.74950834  9.77473693]
2025-02-18 11:35:31,260 - INFO - PREDICT (step=124)
2025-02-18 11:35:31,260 - DEBUG - Making prediction for time 212.2999999999993 -> 212.3999999999993
2025-02-18 11:35:31,261 - INFO - UPDATE (step=124)
2025-02-18 11:35:31,261 - DEBUG - First state in ensemble: [-1.78985532 -3.11394561 10.71337444]
2025-02-18 11:35:31,262 - DEBUG - Observation: [ 2.8436432   2.68691777 11.74137125]
2025-02-18 11:35:31,269 - INFO - PREDICT (step=125)
2025-02-18 11:35:31,269 - DEBUG - Making prediction for time 212.3999999999993 -> 212.4999999999993
2025-02-18 11:35:31,270 - INFO - UPDATE (step=125)
2025-02-18 11:35:31,270 - DEBUG - First state in ensemble: [1.43417156 2.30802011 5.89509499]
2025-02-18 11:35:31,270 - DEBUG - Observation: [ 6.30528752 10.02165817  7.15228695]
2025-02-18 11:35:31,277 - INFO - PREDICT (step=126)
2025-02-18 11:35:31,277 - DEBUG - Making prediction for time 212.4999999999993 -> 212.59999999999928
2025-02-18 11:35:31,279 - INFO - UPDATE (step=126)
2025-02-18 11:35:31,279 - DEBUG - First state in ensemble: [2.98206071 6.0499542  6.43934693]
2025-02-18 11:35:31,279 - DEBUG - Observation: [ 3.8467046  15.59886035  9.95273203]
2025-02-18 11:35:31,286 - INFO - PREDICT (step=127)
2025-02-18 11:35:31,286 - DEBUG - Making prediction for time 212.59999999999928 -> 212.69999999999928
2025-02-18 11:35:31,287 - INFO - UPDATE (step=127)
2025-02-18 11:35:31,287 - DEBUG - First state in ensemble: [3.70554107 7.61018958 6.81984649]
2025-02-18 11:35:31,287 - DEBUG - Observation: [ 7.28708455 17.9864258  13.68761731]
2025-02-18 11:35:31,294 - INFO - PREDICT (step=128)
2025-02-18 11:35:31,294 - DEBUG - Making prediction for time 212.69999999999928 -> 212.79999999999927
2025-02-18 11:35:31,295 - INFO - UPDATE (step=128)
2025-02-18 11:35:31,295 - DEBUG - First state in ensemble: [ 9.95270716 18.11522161 13.30143583]
2025-02-18 11:35:31,295 - DEBUG - Observation: [11.51849146 20.22376161 22.78097759]
2025-02-18 11:35:31,302 - INFO - PREDICT (step=129)
2025-02-18 11:35:31,302 - DEBUG - Making prediction for time 212.79999999999927 -> 212.89999999999927
2025-02-18 11:35:31,303 - INFO - UPDATE (step=129)
2025-02-18 11:35:31,303 - DEBUG - First state in ensemble: [16.35007204 18.46686033 35.94002493]
2025-02-18 11:35:31,303 - DEBUG - Observation: [17.67456001 19.2134394  38.41843277]
2025-02-18 11:35:31,311 - INFO - PREDICT (step=130)
2025-02-18 11:35:31,311 - DEBUG - Making prediction for time 212.89999999999927 -> 212.99999999999926
2025-02-18 11:35:31,312 - INFO - UPDATE (step=130)
2025-02-18 11:35:31,312 - DEBUG - First state in ensemble: [16.11093596  9.81831763 41.98219069]
2025-02-18 11:35:31,312 - DEBUG - Observation: [13.37933354  8.12310321 39.76558091]
2025-02-18 11:35:31,319 - INFO - PREDICT (step=131)
2025-02-18 11:35:31,319 - DEBUG - Making prediction for time 212.99999999999926 -> 213.09999999999926
2025-02-18 11:35:31,320 - INFO - UPDATE (step=131)
2025-02-18 11:35:31,320 - DEBUG - First state in ensemble: [11.6659019   1.92250016 43.3838412 ]
2025-02-18 11:35:31,320 - DEBUG - Observation: [13.46957223 -1.88744948 39.18184645]
2025-02-18 11:35:31,328 - INFO - PREDICT (step=132)
2025-02-18 11:35:31,328 - DEBUG - Making prediction for time 213.09999999999926 -> 213.19999999999925
2025-02-18 11:35:31,329 - INFO - UPDATE (step=132)
2025-02-18 11:35:31,329 - DEBUG - First state in ensemble: [ 4.28524453 -2.89313568 31.43764926]
2025-02-18 11:35:31,329 - DEBUG - Observation: [ 5.10650681 -4.96663635 34.76216287]
2025-02-18 11:35:31,336 - INFO - PREDICT (step=133)
2025-02-18 11:35:31,336 - DEBUG - Making prediction for time 213.19999999999925 -> 213.29999999999924
2025-02-18 11:35:31,337 - INFO - UPDATE (step=133)
2025-02-18 11:35:31,337 - DEBUG - First state in ensemble: [ 1.9332746  -2.60614329 26.92264441]
2025-02-18 11:35:31,337 - DEBUG - Observation: [ 0.70044203 -4.49691229 29.84020381]
2025-02-18 11:35:31,345 - INFO - PREDICT (step=134)
2025-02-18 11:35:31,345 - DEBUG - Making prediction for time 213.29999999999924 -> 213.39999999999924
2025-02-18 11:35:31,346 - INFO - UPDATE (step=134)
2025-02-18 11:35:31,346 - DEBUG - First state in ensemble: [-3.0314521  -6.10581527 27.76631235]
2025-02-18 11:35:31,346 - DEBUG - Observation: [-0.24497516 -2.05857967 25.68409116]
2025-02-18 11:35:31,353 - INFO - PREDICT (step=135)
2025-02-18 11:35:31,353 - DEBUG - Making prediction for time 213.39999999999924 -> 213.49999999999923
2025-02-18 11:35:31,354 - INFO - UPDATE (step=135)
2025-02-18 11:35:31,354 - DEBUG - First state in ensemble: [-4.91146894 -8.56049297 24.81102334]
2025-02-18 11:35:31,354 - DEBUG - Observation: [ 0.65442309 -4.49770604 20.18850036]
2025-02-18 11:35:31,362 - INFO - PREDICT (step=136)
2025-02-18 11:35:31,362 - DEBUG - Making prediction for time 213.49999999999923 -> 213.59999999999923
2025-02-18 11:35:31,363 - INFO - UPDATE (step=136)
2025-02-18 11:35:31,363 - DEBUG - First state in ensemble: [-4.9990052  -7.94939194 14.20302444]
2025-02-18 11:35:31,363 - DEBUG - Observation: [ -2.05958612 -10.61790574  18.55429696]
2025-02-18 11:35:31,370 - INFO - PREDICT (step=137)
2025-02-18 11:35:31,370 - DEBUG - Making prediction for time 213.59999999999923 -> 213.69999999999922
2025-02-18 11:35:31,371 - INFO - UPDATE (step=137)
2025-02-18 11:35:31,371 - DEBUG - First state in ensemble: [ -7.9035166  -14.43601731  18.17422988]
2025-02-18 11:35:31,371 - DEBUG - Observation: [-6.66915737 -5.43259335 16.97357782]
2025-02-18 11:35:31,378 - INFO - PREDICT (step=138)
2025-02-18 11:35:31,378 - DEBUG - Making prediction for time 213.69999999999922 -> 213.79999999999922
2025-02-18 11:35:31,379 - INFO - UPDATE (step=138)
2025-02-18 11:35:31,379 - DEBUG - First state in ensemble: [ -6.4491669  -10.60348473  18.7768905 ]
2025-02-18 11:35:31,379 - DEBUG - Observation: [-5.26775906 -8.35905451 15.68312653]
2025-02-18 11:35:31,387 - INFO - PREDICT (step=139)
2025-02-18 11:35:31,387 - DEBUG - Making prediction for time 213.79999999999922 -> 213.8999999999992
2025-02-18 11:35:31,388 - INFO - UPDATE (step=139)
2025-02-18 11:35:31,388 - DEBUG - First state in ensemble: [ -8.62141747 -13.01025907  20.20210873]
2025-02-18 11:35:31,388 - DEBUG - Observation: [ -9.13830244 -13.76156759  14.68259349]
2025-02-18 11:35:31,395 - INFO - PREDICT (step=140)
2025-02-18 11:35:31,395 - DEBUG - Making prediction for time 213.8999999999992 -> 213.9999999999992
2025-02-18 11:35:31,396 - INFO - UPDATE (step=140)
2025-02-18 11:35:31,396 - DEBUG - First state in ensemble: [ -6.81016606 -11.88491144  18.95186294]
2025-02-18 11:35:31,396 - DEBUG - Observation: [ -9.34640836 -12.26491389  22.22392048]
2025-02-18 11:35:31,403 - INFO - PREDICT (step=141)
2025-02-18 11:35:31,403 - DEBUG - Making prediction for time 213.9999999999992 -> 214.0999999999992
2025-02-18 11:35:31,404 - INFO - UPDATE (step=141)
2025-02-18 11:35:31,404 - DEBUG - First state in ensemble: [ -6.9117029  -10.25497653  17.62405451]
2025-02-18 11:35:31,404 - DEBUG - Observation: [-10.33553084 -17.51740025  23.49211294]
2025-02-18 11:35:31,411 - INFO - PREDICT (step=142)
2025-02-18 11:35:31,411 - DEBUG - Making prediction for time 214.0999999999992 -> 214.1999999999992
2025-02-18 11:35:31,412 - INFO - UPDATE (step=142)
2025-02-18 11:35:31,412 - DEBUG - First state in ensemble: [-11.74839    -20.23119619  15.93716963]
2025-02-18 11:35:31,412 - DEBUG - Observation: [-12.22049814 -13.94787661  31.14021024]
2025-02-18 11:35:31,420 - INFO - PREDICT (step=143)
2025-02-18 11:35:31,420 - DEBUG - Making prediction for time 214.1999999999992 -> 214.2999999999992
2025-02-18 11:35:31,421 - INFO - UPDATE (step=143)
2025-02-18 11:35:31,421 - DEBUG - First state in ensemble: [-9.76681702 -7.27575562 33.48794829]
2025-02-18 11:35:31,421 - DEBUG - Observation: [-11.26092863 -10.40579582  35.61471774]
2025-02-18 11:35:31,428 - INFO - PREDICT (step=144)
2025-02-18 11:35:31,428 - DEBUG - Making prediction for time 214.2999999999992 -> 214.39999999999918
2025-02-18 11:35:31,429 - INFO - UPDATE (step=144)
2025-02-18 11:35:31,429 - DEBUG - First state in ensemble: [-10.44446002  -8.20094449  30.80400212]
2025-02-18 11:35:31,429 - DEBUG - Observation: [-10.90750196  -6.53971693  33.80017256]
2025-02-18 11:35:31,436 - INFO - PREDICT (step=145)
2025-02-18 11:35:31,436 - DEBUG - Making prediction for time 214.39999999999918 -> 214.49999999999918
2025-02-18 11:35:31,437 - INFO - UPDATE (step=145)
2025-02-18 11:35:31,437 - DEBUG - First state in ensemble: [-5.91164951 -2.42352681 30.50304491]
2025-02-18 11:35:31,437 - DEBUG - Observation: [-10.45044514  -3.82588571  30.14249832]
2025-02-18 11:35:31,445 - INFO - PREDICT (step=146)
2025-02-18 11:35:31,445 - DEBUG - Making prediction for time 214.49999999999918 -> 214.59999999999917
2025-02-18 11:35:31,446 - INFO - UPDATE (step=146)
2025-02-18 11:35:31,446 - DEBUG - First state in ensemble: [-8.4009154  -6.18247358 29.99599183]
2025-02-18 11:35:31,446 - DEBUG - Observation: [-5.1325127  -5.31485309 28.92443797]
2025-02-18 11:35:31,454 - INFO - PREDICT (step=147)
2025-02-18 11:35:31,454 - DEBUG - Making prediction for time 214.59999999999917 -> 214.69999999999916
2025-02-18 11:35:31,455 - INFO - UPDATE (step=147)
2025-02-18 11:35:31,455 - DEBUG - First state in ensemble: [-6.28366858 -5.55514556 25.83779494]
2025-02-18 11:35:31,455 - DEBUG - Observation: [-2.75243009 -2.62177125 23.94393646]
2025-02-18 11:35:31,462 - INFO - PREDICT (step=148)
2025-02-18 11:35:31,462 - DEBUG - Making prediction for time 214.69999999999916 -> 214.79999999999916
2025-02-18 11:35:31,463 - INFO - UPDATE (step=148)
2025-02-18 11:35:31,463 - DEBUG - First state in ensemble: [-1.58631482  0.31434328 21.56469674]
2025-02-18 11:35:31,463 - DEBUG - Observation: [-2.05011295  0.69219789 22.37534777]
2025-02-18 11:35:31,470 - INFO - PREDICT (step=149)
2025-02-18 11:35:31,470 - DEBUG - Making prediction for time 214.79999999999916 -> 214.89999999999915
2025-02-18 11:35:31,471 - INFO - UPDATE (step=149)
2025-02-18 11:35:31,471 - DEBUG - First state in ensemble: [-0.75766014 -0.12420304 18.70549924]
2025-02-18 11:35:31,471 - DEBUG - Observation: [-3.12973429 -6.62409504 21.68187371]
2025-02-18 11:35:31,479 - INFO - PREDICT (step=150)
2025-02-18 11:35:31,479 - DEBUG - Making prediction for time 214.89999999999915 -> 214.99999999999915
2025-02-18 11:35:31,480 - INFO - UPDATE (step=150)
2025-02-18 11:35:31,480 - DEBUG - First state in ensemble: [ -6.60698819 -10.36659084  18.30574204]
2025-02-18 11:35:31,480 - DEBUG - Observation: [-7.54308854 -4.65035929 18.61022205]
2025-02-18 11:35:31,487 - INFO - PREDICT (step=151)
2025-02-18 11:35:31,487 - DEBUG - Making prediction for time 214.99999999999915 -> 215.09999999999914
2025-02-18 11:35:31,488 - INFO - UPDATE (step=151)
2025-02-18 11:35:31,488 - DEBUG - First state in ensemble: [-10.57211359 -10.30941158  26.27274791]
2025-02-18 11:35:31,488 - DEBUG - Observation: [-4.41224423 -6.80847118 16.6037967 ]
2025-02-18 11:35:31,496 - INFO - PREDICT (step=152)
2025-02-18 11:35:31,496 - DEBUG - Making prediction for time 215.09999999999914 -> 215.19999999999914
2025-02-18 11:35:31,497 - INFO - UPDATE (step=152)
2025-02-18 11:35:31,497 - DEBUG - First state in ensemble: [ -7.22471702 -11.02187209  17.46316355]
2025-02-18 11:35:31,497 - DEBUG - Observation: [-6.01960943 -8.25787047 18.14216995]
2025-02-18 11:35:31,504 - INFO - PREDICT (step=153)
2025-02-18 11:35:31,504 - DEBUG - Making prediction for time 215.19999999999914 -> 215.29999999999913
2025-02-18 11:35:31,505 - INFO - UPDATE (step=153)
2025-02-18 11:35:31,505 - DEBUG - First state in ensemble: [-10.46162402 -13.51725856  22.79196535]
2025-02-18 11:35:31,505 - DEBUG - Observation: [ -7.67284612 -12.85986439  17.74862766]
2025-02-18 11:35:31,512 - INFO - PREDICT (step=154)
2025-02-18 11:35:31,512 - DEBUG - Making prediction for time 215.29999999999913 -> 215.39999999999912
2025-02-18 11:35:31,513 - INFO - UPDATE (step=154)
2025-02-18 11:35:31,513 - DEBUG - First state in ensemble: [-10.13923622 -12.64763667  18.85342081]
2025-02-18 11:35:31,513 - DEBUG - Observation: [ -8.82907167 -12.54117067  21.67916027]
2025-02-18 11:35:31,520 - INFO - PREDICT (step=155)
2025-02-18 11:35:31,520 - DEBUG - Making prediction for time 215.39999999999912 -> 215.49999999999912
2025-02-18 11:35:31,521 - INFO - UPDATE (step=155)
2025-02-18 11:35:31,521 - DEBUG - First state in ensemble: [-11.49490507 -16.34225144  23.38462359]
2025-02-18 11:35:31,521 - DEBUG - Observation: [-11.0314837  -18.53083836  30.28166186]
2025-02-18 11:35:31,529 - INFO - PREDICT (step=156)
2025-02-18 11:35:31,529 - DEBUG - Making prediction for time 215.49999999999912 -> 215.5999999999991
2025-02-18 11:35:31,530 - INFO - UPDATE (step=156)
2025-02-18 11:35:31,530 - DEBUG - First state in ensemble: [-13.73348525 -12.59769375  35.50691592]
2025-02-18 11:35:31,530 - DEBUG - Observation: [-14.14606377 -13.54753798  33.50260216]
2025-02-18 11:35:31,537 - INFO - PREDICT (step=157)
2025-02-18 11:35:31,537 - DEBUG - Making prediction for time 215.5999999999991 -> 215.6999999999991
2025-02-18 11:35:31,538 - INFO - UPDATE (step=157)
2025-02-18 11:35:31,538 - DEBUG - First state in ensemble: [-12.42297689  -9.59304703  31.55524497]
2025-02-18 11:35:31,538 - DEBUG - Observation: [-13.04688808 -10.09281186  37.68725142]
2025-02-18 11:35:31,545 - INFO - PREDICT (step=158)
2025-02-18 11:35:31,546 - DEBUG - Making prediction for time 215.6999999999991 -> 215.7999999999991
2025-02-18 11:35:31,547 - INFO - UPDATE (step=158)
2025-02-18 11:35:31,547 - DEBUG - First state in ensemble: [-10.57928496  -7.04929285  32.3881528 ]
2025-02-18 11:35:31,547 - DEBUG - Observation: [-9.07520573 -2.38363972 31.33681571]
2025-02-18 11:35:31,554 - INFO - PREDICT (step=159)
2025-02-18 11:35:31,554 - DEBUG - Making prediction for time 215.7999999999991 -> 215.8999999999991
2025-02-18 11:35:31,555 - INFO - UPDATE (step=159)
2025-02-18 11:35:31,555 - DEBUG - First state in ensemble: [-9.42131258 -7.85240764 27.39484196]
2025-02-18 11:35:31,555 - DEBUG - Observation: [-8.34214968  0.2427388  29.60297422]
2025-02-18 11:35:31,563 - INFO - PREDICT (step=160)
2025-02-18 11:35:31,563 - DEBUG - Making prediction for time 215.8999999999991 -> 215.9999999999991
2025-02-18 11:35:31,564 - INFO - UPDATE (step=160)
2025-02-18 11:35:31,564 - DEBUG - First state in ensemble: [-2.41710662 -0.10791539 25.40408438]
2025-02-18 11:35:31,564 - DEBUG - Observation: [-2.99840863 -0.56567975 29.48367853]
2025-02-18 11:35:31,571 - INFO - PREDICT (step=161)
2025-02-18 11:35:31,571 - DEBUG - Making prediction for time 215.9999999999991 -> 216.09999999999908
2025-02-18 11:35:31,572 - INFO - UPDATE (step=161)
2025-02-18 11:35:31,572 - DEBUG - First state in ensemble: [ 4.96999707  8.55566791 22.70309342]
2025-02-18 11:35:31,572 - DEBUG - Observation: [-1.45391296 -1.62201934 24.43569618]
2025-02-18 11:35:31,579 - INFO - PREDICT (step=162)
2025-02-18 11:35:31,579 - DEBUG - Making prediction for time 216.09999999999908 -> 216.19999999999908
2025-02-18 11:35:31,580 - INFO - UPDATE (step=162)
2025-02-18 11:35:31,580 - DEBUG - First state in ensemble: [-2.75255705 -3.03164883 18.92602996]
2025-02-18 11:35:31,580 - DEBUG - Observation: [-5.71423483 -3.5789015  20.33860149]
2025-02-18 11:35:31,588 - INFO - PREDICT (step=163)
2025-02-18 11:35:31,588 - DEBUG - Making prediction for time 216.19999999999908 -> 216.29999999999907
2025-02-18 11:35:31,589 - INFO - UPDATE (step=163)
2025-02-18 11:35:31,589 - DEBUG - First state in ensemble: [-11.30980672 -15.9314606   23.95416018]
2025-02-18 11:35:31,589 - DEBUG - Observation: [-1.83942206 -1.86913102 18.53928962]
2025-02-18 11:35:31,596 - INFO - PREDICT (step=164)
2025-02-18 11:35:31,596 - DEBUG - Making prediction for time 216.29999999999907 -> 216.39999999999907
2025-02-18 11:35:31,597 - INFO - UPDATE (step=164)
2025-02-18 11:35:31,597 - DEBUG - First state in ensemble: [-1.95960951 -3.1747556  15.27376068]
2025-02-18 11:35:31,597 - DEBUG - Observation: [-4.23494035 -2.46550275 15.92358014]
2025-02-18 11:35:31,604 - INFO - PREDICT (step=165)
2025-02-18 11:35:31,604 - DEBUG - Making prediction for time 216.39999999999907 -> 216.49999999999906
2025-02-18 11:35:31,605 - INFO - UPDATE (step=165)
2025-02-18 11:35:31,605 - DEBUG - First state in ensemble: [ -5.87466285 -14.79150814  16.9982556 ]
2025-02-18 11:35:31,605 - DEBUG - Observation: [-5.76719604 -3.17294727 16.56701393]
2025-02-18 11:35:31,613 - INFO - PREDICT (step=166)
2025-02-18 11:35:31,613 - DEBUG - Making prediction for time 216.49999999999906 -> 216.59999999999906
2025-02-18 11:35:31,614 - INFO - UPDATE (step=166)
2025-02-18 11:35:31,614 - DEBUG - First state in ensemble: [-3.8851052  -5.7770174  14.90288206]
2025-02-18 11:35:31,614 - DEBUG - Observation: [-4.81385092 -8.3733816  13.26701622]
2025-02-18 11:35:31,621 - INFO - PREDICT (step=167)
2025-02-18 11:35:31,621 - DEBUG - Making prediction for time 216.59999999999906 -> 216.69999999999905
2025-02-18 11:35:31,622 - INFO - UPDATE (step=167)
2025-02-18 11:35:31,622 - DEBUG - First state in ensemble: [ -6.02440102 -12.50677064  14.9908765 ]
2025-02-18 11:35:31,622 - DEBUG - Observation: [-5.5675798  -8.03637802 15.71581968]
2025-02-18 11:35:31,630 - INFO - PREDICT (step=168)
2025-02-18 11:35:31,630 - DEBUG - Making prediction for time 216.69999999999905 -> 216.79999999999905
2025-02-18 11:35:31,630 - INFO - UPDATE (step=168)
2025-02-18 11:35:31,630 - DEBUG - First state in ensemble: [-14.1666182  -21.45999539  22.21321733]
2025-02-18 11:35:31,631 - DEBUG - Observation: [ -7.93431933 -17.01885527  20.08888966]
2025-02-18 11:35:31,638 - INFO - PREDICT (step=169)
2025-02-18 11:35:31,638 - DEBUG - Making prediction for time 216.79999999999905 -> 216.89999999999904
2025-02-18 11:35:31,639 - INFO - UPDATE (step=169)
2025-02-18 11:35:31,639 - DEBUG - First state in ensemble: [-13.36268839 -18.79088296  28.94851838]
2025-02-18 11:35:31,639 - DEBUG - Observation: [-13.88710001 -13.43584226  21.53016326]
2025-02-18 11:35:31,647 - INFO - PREDICT (step=170)
2025-02-18 11:35:31,647 - DEBUG - Making prediction for time 216.89999999999904 -> 216.99999999999903
2025-02-18 11:35:31,648 - INFO - UPDATE (step=170)
2025-02-18 11:35:31,648 - DEBUG - First state in ensemble: [-15.2482872  -16.69279656  35.02330974]
2025-02-18 11:35:31,648 - DEBUG - Observation: [-13.04662225 -14.29780171  29.92749219]
2025-02-18 11:35:31,655 - INFO - PREDICT (step=171)
2025-02-18 11:35:31,655 - DEBUG - Making prediction for time 216.99999999999903 -> 217.09999999999903
2025-02-18 11:35:31,656 - INFO - UPDATE (step=171)
2025-02-18 11:35:31,656 - DEBUG - First state in ensemble: [-13.18926856 -11.28121253  36.6663621 ]
2025-02-18 11:35:31,656 - DEBUG - Observation: [-14.08754276 -10.39236863  37.4039614 ]
2025-02-18 11:35:31,664 - INFO - PREDICT (step=172)
2025-02-18 11:35:31,664 - DEBUG - Making prediction for time 217.09999999999903 -> 217.19999999999902
2025-02-18 11:35:31,665 - INFO - UPDATE (step=172)
2025-02-18 11:35:31,665 - DEBUG - First state in ensemble: [-9.45830068 -9.80216518 24.52654759]
2025-02-18 11:35:31,665 - DEBUG - Observation: [-11.51708541  -7.48809443  34.49313485]
2025-02-18 11:35:31,672 - INFO - PREDICT (step=173)
2025-02-18 11:35:31,672 - DEBUG - Making prediction for time 217.19999999999902 -> 217.29999999999902
2025-02-18 11:35:31,673 - INFO - UPDATE (step=173)
2025-02-18 11:35:31,673 - DEBUG - First state in ensemble: [-7.87231102 -2.62430647 32.82798057]
2025-02-18 11:35:31,673 - DEBUG - Observation: [-9.47438902 -7.77703234 34.64085554]
2025-02-18 11:35:31,680 - INFO - PREDICT (step=174)
2025-02-18 11:35:31,680 - DEBUG - Making prediction for time 217.29999999999902 -> 217.399999999999
2025-02-18 11:35:31,682 - INFO - UPDATE (step=174)
2025-02-18 11:35:31,682 - DEBUG - First state in ensemble: [-6.76813037 -2.44546875 36.5657819 ]
2025-02-18 11:35:31,682 - DEBUG - Observation: [-4.80751416 -4.80964837 28.7828284 ]
2025-02-18 11:35:31,689 - INFO - PREDICT (step=175)
2025-02-18 11:35:31,689 - DEBUG - Making prediction for time 217.399999999999 -> 217.499999999999
2025-02-18 11:35:31,690 - INFO - UPDATE (step=175)
2025-02-18 11:35:31,690 - DEBUG - First state in ensemble: [-3.95772992 -0.79696784 24.81809442]
2025-02-18 11:35:31,690 - DEBUG - Observation: [-2.91014134  4.92420117 24.22536383]
2025-02-18 11:35:31,698 - INFO - PREDICT (step=176)
2025-02-18 11:35:31,698 - DEBUG - Making prediction for time 217.499999999999 -> 217.599999999999
2025-02-18 11:35:31,699 - INFO - UPDATE (step=176)
2025-02-18 11:35:31,699 - DEBUG - First state in ensemble: [ 1.26636855  4.11260587 22.84747567]
2025-02-18 11:35:31,699 - DEBUG - Observation: [ 0.40783446 -4.52307305 24.49901489]
2025-02-18 11:35:31,706 - INFO - PREDICT (step=177)
2025-02-18 11:35:31,706 - DEBUG - Making prediction for time 217.599999999999 -> 217.699999999999
2025-02-18 11:35:31,707 - INFO - UPDATE (step=177)
2025-02-18 11:35:31,707 - DEBUG - First state in ensemble: [-2.59458939 -2.40016358 20.45335661]
2025-02-18 11:35:31,707 - DEBUG - Observation: [-4.45599221 -1.14066907 21.94976112]
2025-02-18 11:35:31,714 - INFO - PREDICT (step=178)
2025-02-18 11:35:31,714 - DEBUG - Making prediction for time 217.699999999999 -> 217.799999999999
2025-02-18 11:35:31,715 - INFO - UPDATE (step=178)
2025-02-18 11:35:31,715 - DEBUG - First state in ensemble: [ 1.07787415  2.49469413 16.43115826]
2025-02-18 11:35:31,716 - DEBUG - Observation: [-0.9929102  -0.70449743 17.69692259]
2025-02-18 11:35:31,723 - INFO - PREDICT (step=179)
2025-02-18 11:35:31,723 - DEBUG - Making prediction for time 217.799999999999 -> 217.89999999999898
2025-02-18 11:35:31,724 - INFO - UPDATE (step=179)
2025-02-18 11:35:31,724 - DEBUG - First state in ensemble: [-3.55814173 -6.26162166 16.40015342]
2025-02-18 11:35:31,724 - DEBUG - Observation: [ 1.09295676 -1.9627938  14.14937266]
2025-02-18 11:35:31,731 - INFO - PREDICT (step=180)
2025-02-18 11:35:31,731 - DEBUG - Making prediction for time 217.89999999999898 -> 217.99999999999898
2025-02-18 11:35:31,732 - INFO - UPDATE (step=180)
2025-02-18 11:35:31,732 - DEBUG - First state in ensemble: [ -6.89049137 -10.94442916  20.12554859]
2025-02-18 11:35:31,732 - DEBUG - Observation: [-2.96629554 -2.67630113 13.52601   ]
2025-02-18 11:35:31,740 - INFO - PREDICT (step=181)
2025-02-18 11:35:31,740 - DEBUG - Making prediction for time 217.99999999999898 -> 218.09999999999897
2025-02-18 11:35:31,741 - INFO - UPDATE (step=181)
2025-02-18 11:35:31,741 - DEBUG - First state in ensemble: [-1.55521313 -2.61701687 14.42992166]
2025-02-18 11:35:31,741 - DEBUG - Observation: [-3.58324097 -8.00621518 13.78360649]
2025-02-18 11:35:31,748 - INFO - PREDICT (step=182)
2025-02-18 11:35:31,748 - DEBUG - Making prediction for time 218.09999999999897 -> 218.19999999999897
2025-02-18 11:35:31,750 - INFO - UPDATE (step=182)
2025-02-18 11:35:31,750 - DEBUG - First state in ensemble: [-2.82064492 -2.93124875  9.73237504]
2025-02-18 11:35:31,750 - DEBUG - Observation: [ -8.22245723 -10.62286659  14.97041   ]
2025-02-18 11:35:31,757 - INFO - PREDICT (step=183)
2025-02-18 11:35:31,757 - DEBUG - Making prediction for time 218.19999999999897 -> 218.29999999999896
2025-02-18 11:35:31,758 - INFO - UPDATE (step=183)
2025-02-18 11:35:31,758 - DEBUG - First state in ensemble: [-10.81001534 -17.96128124  19.2554306 ]
2025-02-18 11:35:31,758 - DEBUG - Observation: [ -6.30883353 -16.05004008  14.74699368]
2025-02-18 11:35:31,765 - INFO - PREDICT (step=184)
2025-02-18 11:35:31,765 - DEBUG - Making prediction for time 218.29999999999896 -> 218.39999999999895
2025-02-18 11:35:31,766 - INFO - UPDATE (step=184)
2025-02-18 11:35:31,766 - DEBUG - First state in ensemble: [-11.89348701 -20.87631383  19.01562305]
2025-02-18 11:35:31,766 - DEBUG - Observation: [-11.84328688 -18.24859079  22.03573975]
2025-02-18 11:35:31,773 - INFO - PREDICT (step=185)
2025-02-18 11:35:31,773 - DEBUG - Making prediction for time 218.39999999999895 -> 218.49999999999895
2025-02-18 11:35:31,774 - INFO - UPDATE (step=185)
2025-02-18 11:35:31,774 - DEBUG - First state in ensemble: [-16.1325686  -21.06919166  32.27764303]
2025-02-18 11:35:31,774 - DEBUG - Observation: [-16.89130099 -18.23519783  28.9261866 ]
2025-02-18 11:35:31,782 - INFO - PREDICT (step=186)
2025-02-18 11:35:31,782 - DEBUG - Making prediction for time 218.49999999999895 -> 218.59999999999894
2025-02-18 11:35:31,783 - INFO - UPDATE (step=186)
2025-02-18 11:35:31,783 - DEBUG - First state in ensemble: [-15.75554643 -13.04099465  39.43555813]
2025-02-18 11:35:31,783 - DEBUG - Observation: [-15.77401215 -13.48361296  38.02514897]
2025-02-18 11:35:31,790 - INFO - PREDICT (step=187)
2025-02-18 11:35:31,790 - DEBUG - Making prediction for time 218.59999999999894 -> 218.69999999999894
2025-02-18 11:35:31,791 - INFO - UPDATE (step=187)
2025-02-18 11:35:31,791 - DEBUG - First state in ensemble: [-12.19787968  -5.71744719  39.6720644 ]
2025-02-18 11:35:31,791 - DEBUG - Observation: [-12.49709479 -10.10757331  33.9129917 ]
2025-02-18 11:35:31,798 - INFO - PREDICT (step=188)
2025-02-18 11:35:31,798 - DEBUG - Making prediction for time 218.69999999999894 -> 218.79999999999893
2025-02-18 11:35:31,799 - INFO - UPDATE (step=188)
2025-02-18 11:35:31,799 - DEBUG - First state in ensemble: [-8.07285364 -0.19410671 35.89639173]
2025-02-18 11:35:31,799 - DEBUG - Observation: [-7.77973881 -0.91504024 34.97656869]
2025-02-18 11:35:31,807 - INFO - PREDICT (step=189)
2025-02-18 11:35:31,807 - DEBUG - Making prediction for time 218.79999999999893 -> 218.89999999999893
2025-02-18 11:35:31,808 - INFO - UPDATE (step=189)
2025-02-18 11:35:31,808 - DEBUG - First state in ensemble: [-3.4958943   3.42017395 29.53485583]
2025-02-18 11:35:31,808 - DEBUG - Observation: [-1.66887402  3.67079179 29.49323728]
2025-02-18 11:35:31,815 - INFO - PREDICT (step=190)
2025-02-18 11:35:31,815 - DEBUG - Making prediction for time 218.89999999999893 -> 218.99999999999892
2025-02-18 11:35:31,816 - INFO - UPDATE (step=190)
2025-02-18 11:35:31,816 - DEBUG - First state in ensemble: [-3.76329044  1.66264502 26.83357431]
2025-02-18 11:35:31,816 - DEBUG - Observation: [-5.06422403  4.02815335 24.85409412]
2025-02-18 11:35:31,823 - INFO - PREDICT (step=191)
2025-02-18 11:35:31,823 - DEBUG - Making prediction for time 218.99999999999892 -> 219.09999999999891
2025-02-18 11:35:31,824 - INFO - UPDATE (step=191)
2025-02-18 11:35:31,824 - DEBUG - First state in ensemble: [-1.50781875  0.97959564 23.8536597 ]
2025-02-18 11:35:31,824 - DEBUG - Observation: [ 1.52373942  1.98682875 25.00378633]
2025-02-18 11:35:31,831 - INFO - PREDICT (step=192)
2025-02-18 11:35:31,831 - DEBUG - Making prediction for time 219.09999999999891 -> 219.1999999999989
2025-02-18 11:35:31,832 - INFO - UPDATE (step=192)
2025-02-18 11:35:31,832 - DEBUG - First state in ensemble: [-0.09905725  0.62417948 18.30997689]
2025-02-18 11:35:31,833 - DEBUG - Observation: [ 2.40729683 -0.9525014  19.91526022]
2025-02-18 11:35:31,840 - INFO - PREDICT (step=193)
2025-02-18 11:35:31,840 - DEBUG - Making prediction for time 219.1999999999989 -> 219.2999999999989
2025-02-18 11:35:31,841 - INFO - UPDATE (step=193)
2025-02-18 11:35:31,841 - DEBUG - First state in ensemble: [-0.61509909 -1.27022694 17.3341786 ]
2025-02-18 11:35:31,841 - DEBUG - Observation: [ 5.04408254 -0.541727   17.32241477]
2025-02-18 11:35:31,848 - INFO - PREDICT (step=194)
2025-02-18 11:35:31,849 - DEBUG - Making prediction for time 219.2999999999989 -> 219.3999999999989
2025-02-18 11:35:31,850 - INFO - UPDATE (step=194)
2025-02-18 11:35:31,850 - DEBUG - First state in ensemble: [-1.03827057 -1.66296019 15.75650864]
2025-02-18 11:35:31,850 - DEBUG - Observation: [ 2.4767231   0.75655816 16.9329891 ]
2025-02-18 11:35:31,857 - INFO - PREDICT (step=195)
2025-02-18 11:35:31,857 - DEBUG - Making prediction for time 219.3999999999989 -> 219.4999999999989
2025-02-18 11:35:31,858 - INFO - UPDATE (step=195)
2025-02-18 11:35:31,858 - DEBUG - First state in ensemble: [-1.90730446 -2.30687558 13.78755769]
2025-02-18 11:35:31,858 - DEBUG - Observation: [-0.27817097  3.40966813 11.5057204 ]
2025-02-18 11:35:31,865 - INFO - PREDICT (step=196)
2025-02-18 11:35:31,865 - DEBUG - Making prediction for time 219.4999999999989 -> 219.5999999999989
2025-02-18 11:35:31,867 - INFO - UPDATE (step=196)
2025-02-18 11:35:31,867 - DEBUG - First state in ensemble: [-1.04386581 -3.25471674 15.65966482]
2025-02-18 11:35:31,867 - DEBUG - Observation: [0.6487466  3.38101181 9.08285274]
2025-02-18 11:35:31,874 - INFO - PREDICT (step=197)
2025-02-18 11:35:31,874 - DEBUG - Making prediction for time 219.5999999999989 -> 219.69999999999888
2025-02-18 11:35:31,875 - INFO - UPDATE (step=197)
2025-02-18 11:35:31,875 - DEBUG - First state in ensemble: [-1.72513053 -2.1220452   9.27856229]
2025-02-18 11:35:31,875 - DEBUG - Observation: [ 2.73010863  3.98624847 12.37869803]
2025-02-18 11:35:31,882 - INFO - PREDICT (step=198)
2025-02-18 11:35:31,882 - DEBUG - Making prediction for time 219.69999999999888 -> 219.79999999999887
2025-02-18 11:35:31,883 - INFO - UPDATE (step=198)
2025-02-18 11:35:31,884 - DEBUG - First state in ensemble: [0.97146918 1.65008981 8.21779144]
2025-02-18 11:35:31,884 - DEBUG - Observation: [ 2.37586562 12.03391084 10.19999346]
2025-02-18 11:35:31,891 - INFO - PREDICT (step=199)
2025-02-18 11:35:31,891 - DEBUG - Making prediction for time 219.79999999999887 -> 219.89999999999887
2025-02-18 11:35:31,892 - INFO - UPDATE (step=199)
2025-02-18 11:35:31,892 - DEBUG - First state in ensemble: [2.90237742 5.56968987 9.16441731]
2025-02-18 11:35:31,892 - DEBUG - Observation: [ 3.79962612 11.68529005 13.64537193]
2025-02-18 11:35:31,900 - INFO - PREDICT (step=200)
2025-02-18 11:35:31,900 - DEBUG - Making prediction for time 219.89999999999887 -> 219.99999999999886
2025-02-18 11:35:31,901 - INFO - UPDATE (step=200)
2025-02-18 11:35:31,901 - DEBUG - First state in ensemble: [11.82069759 18.51417298  8.78786149]
2025-02-18 11:35:31,901 - DEBUG - Observation: [14.6637575  15.40451941 17.24129616]
2025-02-18 11:35:31,909 - INFO - FINISHED
